 ---------------------------------------------------------
                                                          
                      Using Pyscf:
                                                          
 ---------------------------------------------------------
                                                          
converged SCF energy = -1.57561647670187

System and Method:
[('H', (0, 0, 2.0)), ('H', (0, 0, 4.0)), ('H', (0, 0, 6.0)), ('H', (0, 0, 8.0))]
Basis set                                      :      sto-3g
Number of Orbitals                             :         4
Number of electrons                            :         4
Nuclear Repulsion                              :    1.1465506237 
Electronic SCF energy                          :   -2.7221671004 
SCF Energy                                     :   -1.5756164767
 AO->MO
 NElectrons:    2    2
 ecore:   0.00000000
 ERIs in the active-space:
(4, 4, 4, 4)    0.00204800 Mb
 n_orb:    4
 n_a  :    2
 n_b  :    2
 HF Energy:  -1.57561648
 Build reference state with    2 alpha and    2 beta electrons [0, 2, 1, 3]
 State    0:  -1.89778065 au  <S2>:   0.00000000
 Form Pauli operators
 Number of operators:  90
 Reference Energy:  -1.57561648
 Generate Sparse Matrices for operators in pool
 Start ADAPT-VQE algorithm
 Now start to grow the ansatz




 --------------------------------------------------------------------------
                         ADAPT-VQE iteration:  0
 --------------------------------------------------------------------------
 Check each new operator for coupling
 Measure Operator Pool Gradients:
 Variance:      0.12632012
 Uncertainty:   0.35541542
 Norm of <[H,A]> =   0.71083084
 Max  of <[H,A]> =   0.00000000
 Add operator   72
 Add operator   28
 Iter:   0 Current Energy =  -1.6684334991409500 Gradient Norm    1.3e-01 Gradient Max    1.3e-01
 Iter:   1 Current Energy =  -1.6797162995590904 Gradient Norm    1.4e-02 Gradient Max    1.0e-02
 Iter:   2 Current Energy =  -1.6798301651359986 Gradient Norm    1.3e-03 Gradient Max    1.3e-03
 Iter:   3 Current Energy =  -1.6798310437089035 Gradient Norm    6.3e-05 Gradient Max    4.9e-05
 Iter:   4 Current Energy =  -1.6798310458728420 Gradient Norm    6.4e-07 Gradient Max    6.4e-07
 Iter:   5 Current Energy =  -1.6798310458731291 Gradient Norm    6.0e-09 Gradient Max    4.5e-09
 Finished:      -1.679831045873
 -----------New ansatz----------- 
    #        Coeff               Term
    0   0.25560882 0.125j [X0 X1 X6 Y7] +
0.125j [X0 X1 Y6 X7] +
-0.125j [X0 Y1 X6 X7] +
0.125j [X0 Y1 Y6 Y7] +
(-0-0.125j) [Y0 X1 X6 X7] +
0.125j [Y0 X1 Y6 Y7] +
-0.125j [Y0 Y1 X6 Y7] +
-0.125j [Y0 Y1 Y6 X7]
    1   0.47028976 0.125j [X2 X3 X4 Y5] +
0.125j [X2 X3 Y4 X5] +
-0.125j [X2 Y3 X4 X5] +
0.125j [X2 Y3 Y4 Y5] +
(-0-0.125j) [Y2 X3 X4 X5] +
0.125j [Y2 X3 Y4 Y5] +
-0.125j [Y2 Y3 X4 Y5] +
-0.125j [Y2 Y3 Y4 X5]




 --------------------------------------------------------------------------
                         ADAPT-VQE iteration:  1
 --------------------------------------------------------------------------
 Check each new operator for coupling
 Measure Operator Pool Gradients:
 Variance:      0.18149977
 Uncertainty:   0.42602790
 Norm of <[H,A]> =   0.65860736
 Max  of <[H,A]> =   0.00000000
 Add operator   41
 Add operator   59
 Iter:   0 Current Energy =  -1.8556490064723208 Gradient Norm    1.8e-01 Gradient Max    1.2e-01
 Iter:   1 Current Energy =  -1.8699616908830206 Gradient Norm    1.3e-01 Gradient Max    8.8e-02
 Iter:   2 Current Energy =  -1.8736107522615468 Gradient Norm    6.1e-02 Gradient Max    5.4e-02
 Iter:   3 Current Energy =  -1.8745382852035983 Gradient Norm    8.1e-03 Gradient Max    5.3e-03
 Iter:   4 Current Energy =  -1.8745749106289211 Gradient Norm    1.0e-03 Gradient Max    7.4e-04
 Iter:   5 Current Energy =  -1.8745753407612098 Gradient Norm    4.9e-05 Gradient Max    3.8e-05
 Iter:   6 Current Energy =  -1.8745753413365109 Gradient Norm    1.0e-06 Gradient Max    8.7e-07
 Iter:   7 Current Energy =  -1.8745753413368231 Gradient Norm    8.3e-09 Gradient Max    5.7e-09
 Finished:      -1.874575341337
 -----------New ansatz----------- 
    #        Coeff               Term
    0   0.50809552 0.125j [X1 X2 X5 Y6] +
0.125j [X1 X2 Y5 X6] +
-0.125j [X1 Y2 X5 X6] +
0.125j [X1 Y2 Y5 Y6] +
(-0-0.125j) [Y1 X2 X5 X6] +
0.125j [Y1 X2 Y5 Y6] +
-0.125j [Y1 Y2 X5 Y6] +
-0.125j [Y1 Y2 Y5 X6]
    1   0.50809552 0.125j [X0 X3 X4 Y7] +
0.125j [X0 X3 Y4 X7] +
-0.125j [X0 Y3 X4 X7] +
0.125j [X0 Y3 Y4 Y7] +
(-0-0.125j) [Y0 X3 X4 X7] +
0.125j [Y0 X3 Y4 Y7] +
-0.125j [Y0 Y3 X4 Y7] +
-0.125j [Y0 Y3 Y4 X7]
    2   0.27483642 0.125j [X0 X1 X6 Y7] +
0.125j [X0 X1 Y6 X7] +
-0.125j [X0 Y1 X6 X7] +
0.125j [X0 Y1 Y6 Y7] +
(-0-0.125j) [Y0 X1 X6 X7] +
0.125j [Y0 X1 Y6 Y7] +
-0.125j [Y0 Y1 X6 Y7] +
-0.125j [Y0 Y1 Y6 X7]
    3   0.44662471 0.125j [X2 X3 X4 Y5] +
0.125j [X2 X3 Y4 X5] +
-0.125j [X2 Y3 X4 X5] +
0.125j [X2 Y3 Y4 Y5] +
(-0-0.125j) [Y2 X3 X4 X5] +
0.125j [Y2 X3 Y4 Y5] +
-0.125j [Y2 Y3 X4 Y5] +
-0.125j [Y2 Y3 Y4 X5]




 --------------------------------------------------------------------------
                         ADAPT-VQE iteration:  2
 --------------------------------------------------------------------------
 Check each new operator for coupling
 Measure Operator Pool Gradients:
 Variance:      0.01995485
 Uncertainty:   0.14126162
 Norm of <[H,A]> =   0.11271768
 Max  of <[H,A]> =   0.00000000
 Add operator    9
 Add operator    8
 Add operator    2
 Add operator    3
 Iter:   0 Current Energy =  -1.8759046955519141 Gradient Norm    3.9e-02 Gradient Max    1.8e-02
 Iter:   1 Current Energy =  -1.8763763632826556 Gradient Norm    1.0e-03 Gradient Max    5.5e-04
 Iter:   2 Current Energy =  -1.8763770490772653 Gradient Norm    5.2e-04 Gradient Max    2.3e-04
 Iter:   3 Current Energy =  -1.8763773652903240 Gradient Norm    5.4e-04 Gradient Max    2.3e-04
 Iter:   4 Current Energy =  -1.8763776235938583 Gradient Norm    4.9e-04 Gradient Max    2.5e-04
 Iter:   5 Current Energy =  -1.8763779153917666 Gradient Norm    3.3e-04 Gradient Max    1.8e-04
 Iter:   6 Current Energy =  -1.8763780064503321 Gradient Norm    5.1e-05 Gradient Max    3.0e-05
 Iter:   7 Current Energy =  -1.8763780077820986 Gradient Norm    4.9e-06 Gradient Max    2.9e-06
 Iter:   8 Current Energy =  -1.8763780078016303 Gradient Norm    6.8e-08 Gradient Max    3.8e-08
 Iter:   9 Current Energy =  -1.8763780078016468 Gradient Norm    3.3e-09 Gradient Max    1.7e-09
 Finished:      -1.876378007802
 -----------New ansatz----------- 
    #        Coeff               Term
    0  -0.02177581 (-0-0.5j) [X1 Y5] +
0.5j [Y1 X5]
    1   0.02177581 (-0-0.5j) [X0 Y4] +
0.5j [Y0 X4]
    2  -0.02773301 (-0-0.5j) [X2 Y6] +
0.5j [Y2 X6]
    3   0.02773301 (-0-0.5j) [X3 Y7] +
0.5j [Y3 X7]
    4   0.50963678 0.125j [X1 X2 X5 Y6] +
0.125j [X1 X2 Y5 X6] +
-0.125j [X1 Y2 X5 X6] +
0.125j [X1 Y2 Y5 Y6] +
(-0-0.125j) [Y1 X2 X5 X6] +
0.125j [Y1 X2 Y5 Y6] +
-0.125j [Y1 Y2 X5 Y6] +
-0.125j [Y1 Y2 Y5 X6]
    5   0.50963678 0.125j [X0 X3 X4 Y7] +
0.125j [X0 X3 Y4 X7] +
-0.125j [X0 Y3 X4 X7] +
0.125j [X0 Y3 Y4 Y7] +
(-0-0.125j) [Y0 X3 X4 X7] +
0.125j [Y0 X3 Y4 Y7] +
-0.125j [Y0 Y3 X4 Y7] +
-0.125j [Y0 Y3 Y4 X7]
    6   0.27050165 0.125j [X0 X1 X6 Y7] +
0.125j [X0 X1 Y6 X7] +
-0.125j [X0 Y1 X6 X7] +
0.125j [X0 Y1 Y6 Y7] +
(-0-0.125j) [Y0 X1 X6 X7] +
0.125j [Y0 X1 Y6 Y7] +
-0.125j [Y0 Y1 X6 Y7] +
-0.125j [Y0 Y1 Y6 X7]
    7   0.45423217 0.125j [X2 X3 X4 Y5] +
0.125j [X2 X3 Y4 X5] +
-0.125j [X2 Y3 X4 X5] +
0.125j [X2 Y3 Y4 Y5] +
(-0-0.125j) [Y2 X3 X4 X5] +
0.125j [Y2 X3 Y4 Y5] +
-0.125j [Y2 Y3 X4 Y5] +
-0.125j [Y2 Y3 Y4 X5]




 --------------------------------------------------------------------------
                         ADAPT-VQE iteration:  3
 --------------------------------------------------------------------------
 Check each new operator for coupling
 Measure Operator Pool Gradients:
 Variance:      0.01803745
 Uncertainty:   0.13430356
 Norm of <[H,A]> =   0.07570130
 Max  of <[H,A]> =   0.00000000
 Add operator   22
 Add operator   78
 Iter:   0 Current Energy =  -1.8778656662646160 Gradient Norm    3.2e-02 Gradient Max    2.2e-02
 Iter:   1 Current Energy =  -1.8798163299611239 Gradient Norm    1.9e-02 Gradient Max    1.2e-02
 Iter:   2 Current Energy =  -1.8800573327824479 Gradient Norm    1.6e-02 Gradient Max    1.2e-02
 Iter:   3 Current Energy =  -1.8801313434563027 Gradient Norm    1.6e-03 Gradient Max    8.7e-04
 Iter:   4 Current Energy =  -1.8801319924854645 Gradient Norm    5.8e-04 Gradient Max    2.7e-04
 Iter:   5 Current Energy =  -1.8801321070785142 Gradient Norm    1.0e-04 Gradient Max    7.7e-05
 Iter:   6 Current Energy =  -1.8801321107142963 Gradient Norm    2.9e-05 Gradient Max    1.4e-05
 Iter:   7 Current Energy =  -1.8801321114787948 Gradient Norm    2.2e-05 Gradient Max    1.2e-05
 Iter:   8 Current Energy =  -1.8801321125294184 Gradient Norm    1.6e-05 Gradient Max    8.4e-06
 Iter:   9 Current Energy =  -1.8801321129090549 Gradient Norm    1.1e-05 Gradient Max    5.6e-06
 Iter:  10 Current Energy =  -1.8801321129988962 Gradient Norm    3.9e-06 Gradient Max    2.3e-06
 Iter:  11 Current Energy =  -1.8801321130102555 Gradient Norm    4.7e-07 Gradient Max    2.5e-07
 Iter:  12 Current Energy =  -1.8801321130105229 Gradient Norm    3.0e-08 Gradient Max    1.7e-08
 Iter:  13 Current Energy =  -1.8801321130105266 Gradient Norm    2.3e-09 Gradient Max    1.5e-09
 Iter:  14 Current Energy =  -1.8801321130105269 Gradient Norm    1.1e-09 Gradient Max    6.1e-10
 Iter:  15 Current Energy =  -1.8801321130105271 Gradient Norm    5.4e-10 Gradient Max    3.2e-10
 Iter:  16 Current Energy =  -1.8801321130105280 Gradient Norm    2.7e-10 Gradient Max    1.6e-10
 Finished:      -1.880132113011
 -----------New ansatz----------- 
    #        Coeff               Term
    0   0.12245660 0.125j [X2 X3 X6 Y7] +
0.125j [X2 X3 Y6 X7] +
-0.125j [X2 Y3 X6 X7] +
0.125j [X2 Y3 Y6 Y7] +
(-0-0.125j) [Y2 X3 X6 X7] +
0.125j [Y2 X3 Y6 Y7] +
-0.125j [Y2 Y3 X6 Y7] +
-0.125j [Y2 Y3 Y6 X7]
    1   0.12696331 0.125j [X0 X1 X4 Y5] +
0.125j [X0 X1 Y4 X5] +
-0.125j [X0 Y1 X4 X5] +
0.125j [X0 Y1 Y4 Y5] +
(-0-0.125j) [Y0 X1 X4 X5] +
0.125j [Y0 X1 Y4 Y5] +
-0.125j [Y0 Y1 X4 Y5] +
-0.125j [Y0 Y1 Y4 X5]
    2  -0.01463566 (-0-0.5j) [X1 Y5] +
0.5j [Y1 X5]
    3   0.01463566 (-0-0.5j) [X0 Y4] +
0.5j [Y0 X4]
    4  -0.02098866 (-0-0.5j) [X2 Y6] +
0.5j [Y2 X6]
    5   0.02098866 (-0-0.5j) [X3 Y7] +
0.5j [Y3 X7]
    6   0.50071908 0.125j [X1 X2 X5 Y6] +
0.125j [X1 X2 Y5 X6] +
-0.125j [X1 Y2 X5 X6] +
0.125j [X1 Y2 Y5 Y6] +
(-0-0.125j) [Y1 X2 X5 X6] +
0.125j [Y1 X2 Y5 Y6] +
-0.125j [Y1 Y2 X5 Y6] +
-0.125j [Y1 Y2 Y5 X6]
    7   0.50071908 0.125j [X0 X3 X4 Y7] +
0.125j [X0 X3 Y4 X7] +
-0.125j [X0 Y3 X4 X7] +
0.125j [X0 Y3 Y4 Y7] +
(-0-0.125j) [Y0 X3 X4 X7] +
0.125j [Y0 X3 Y4 Y7] +
-0.125j [Y0 Y3 X4 Y7] +
-0.125j [Y0 Y3 Y4 X7]
    8   0.26149681 0.125j [X0 X1 X6 Y7] +
0.125j [X0 X1 Y6 X7] +
-0.125j [X0 Y1 X6 X7] +
0.125j [X0 Y1 Y6 Y7] +
(-0-0.125j) [Y0 X1 X6 X7] +
0.125j [Y0 X1 Y6 Y7] +
-0.125j [Y0 Y1 X6 Y7] +
-0.125j [Y0 Y1 Y6 X7]
    9   0.42829224 0.125j [X2 X3 X4 Y5] +
0.125j [X2 X3 Y4 X5] +
-0.125j [X2 Y3 X4 X5] +
0.125j [X2 Y3 Y4 Y5] +
(-0-0.125j) [Y2 X3 X4 X5] +
0.125j [Y2 X3 Y4 Y5] +
-0.125j [Y2 Y3 X4 Y5] +
-0.125j [Y2 Y3 Y4 X5]




 --------------------------------------------------------------------------
                         ADAPT-VQE iteration:  4
 --------------------------------------------------------------------------
 Check each new operator for coupling
 Measure Operator Pool Gradients:
 Variance:      0.01348562
 Uncertainty:   0.11612759
 Norm of <[H,A]> =   0.06701168
 Max  of <[H,A]> =   0.00000000
 Add operator   43
 Add operator   57
 Iter:   0 Current Energy =  -1.8827932204751994 Gradient Norm    4.5e-02 Gradient Max    2.9e-02
 Iter:   1 Current Energy =  -1.8869225246049119 Gradient Norm    3.2e-02 Gradient Max    1.5e-02
 Iter:   2 Current Energy =  -1.8889694341927834 Gradient Norm    4.4e-02 Gradient Max    2.0e-02
 Iter:   3 Current Energy =  -1.8897141312071937 Gradient Norm    2.3e-02 Gradient Max    1.1e-02
 Iter:   4 Current Energy =  -1.8902835221417646 Gradient Norm    1.6e-02 Gradient Max    1.0e-02
 Iter:   5 Current Energy =  -1.8905704215320043 Gradient Norm    1.0e-02 Gradient Max    7.0e-03
 Iter:   6 Current Energy =  -1.8906092101796768 Gradient Norm    2.1e-03 Gradient Max    9.6e-04
 Iter:   7 Current Energy =  -1.8906129334251260 Gradient Norm    7.5e-04 Gradient Max    4.4e-04
 Iter:   8 Current Energy =  -1.8906133484405900 Gradient Norm    4.0e-04 Gradient Max    2.1e-04
 Iter:   9 Current Energy =  -1.8906134279988036 Gradient Norm    9.9e-05 Gradient Max    5.7e-05
 Iter:  10 Current Energy =  -1.8906134316517791 Gradient Norm    4.1e-05 Gradient Max    2.6e-05
 Iter:  11 Current Energy =  -1.8906134324225565 Gradient Norm    1.8e-05 Gradient Max    1.1e-05
 Iter:  12 Current Energy =  -1.8906134328819162 Gradient Norm    1.1e-05 Gradient Max    7.4e-06
 Iter:  13 Current Energy =  -1.8906134330248734 Gradient Norm    5.2e-06 Gradient Max    2.8e-06
 Iter:  14 Current Energy =  -1.8906134330366036 Gradient Norm    9.5e-07 Gradient Max    4.6e-07
 Iter:  15 Current Energy =  -1.8906134330369246 Gradient Norm    8.5e-08 Gradient Max    5.3e-08
 Iter:  16 Current Energy =  -1.8906134330369289 Gradient Norm    2.7e-08 Gradient Max    1.8e-08
 Iter:  17 Current Energy =  -1.8906134330369293 Gradient Norm    2.3e-08 Gradient Max    1.6e-08
 Iter:  18 Current Energy =  -1.8906134330369297 Gradient Norm    1.8e-11 Gradient Max    1.1e-11
 Finished:      -1.890613433037
 -----------New ansatz----------- 
    #        Coeff               Term
    0  -0.25302596 0.125j [X1 X2 X4 Y7] +
0.125j [X1 X2 Y4 X7] +
-0.125j [X1 Y2 X4 X7] +
0.125j [X1 Y2 Y4 Y7] +
(-0-0.125j) [Y1 X2 X4 X7] +
0.125j [Y1 X2 Y4 Y7] +
-0.125j [Y1 Y2 X4 Y7] +
-0.125j [Y1 Y2 Y4 X7]
    1  -0.25302596 0.125j [X0 X3 X5 Y6] +
0.125j [X0 X3 Y5 X6] +
-0.125j [X0 Y3 X5 X6] +
0.125j [X0 Y3 Y5 Y6] +
(-0-0.125j) [Y0 X3 X5 X6] +
0.125j [Y0 X3 Y5 Y6] +
-0.125j [Y0 Y3 X5 Y6] +
-0.125j [Y0 Y3 Y5 X6]
    2   0.21332720 0.125j [X2 X3 X6 Y7] +
0.125j [X2 X3 Y6 X7] +
-0.125j [X2 Y3 X6 X7] +
0.125j [X2 Y3 Y6 Y7] +
(-0-0.125j) [Y2 X3 X6 X7] +
0.125j [Y2 X3 Y6 Y7] +
-0.125j [Y2 Y3 X6 Y7] +
-0.125j [Y2 Y3 Y6 X7]
    3   0.22077013 0.125j [X0 X1 X4 Y5] +
0.125j [X0 X1 Y4 X5] +
-0.125j [X0 Y1 X4 X5] +
0.125j [X0 Y1 Y4 Y5] +
(-0-0.125j) [Y0 X1 X4 X5] +
0.125j [Y0 X1 Y4 Y5] +
-0.125j [Y0 Y1 X4 Y5] +
-0.125j [Y0 Y1 Y4 X5]
    4   0.00949937 (-0-0.5j) [X1 Y5] +
0.5j [Y1 X5]
    5  -0.00949937 (-0-0.5j) [X0 Y4] +
0.5j [Y0 X4]
    6   0.00044311 (-0-0.5j) [X2 Y6] +
0.5j [Y2 X6]
    7  -0.00044311 (-0-0.5j) [X3 Y7] +
0.5j [Y3 X7]
    8   0.40712890 0.125j [X1 X2 X5 Y6] +
0.125j [X1 X2 Y5 X6] +
-0.125j [X1 Y2 X5 X6] +
0.125j [X1 Y2 Y5 Y6] +
(-0-0.125j) [Y1 X2 X5 X6] +
0.125j [Y1 X2 Y5 Y6] +
-0.125j [Y1 Y2 X5 Y6] +
-0.125j [Y1 Y2 Y5 X6]
    9   0.40712890 0.125j [X0 X3 X4 Y7] +
0.125j [X0 X3 Y4 X7] +
-0.125j [X0 Y3 X4 X7] +
0.125j [X0 Y3 Y4 Y7] +
(-0-0.125j) [Y0 X3 X4 X7] +
0.125j [Y0 X3 Y4 Y7] +
-0.125j [Y0 Y3 X4 Y7] +
-0.125j [Y0 Y3 Y4 X7]
   10   0.25940231 0.125j [X0 X1 X6 Y7] +
0.125j [X0 X1 Y6 X7] +
-0.125j [X0 Y1 X6 X7] +
0.125j [X0 Y1 Y6 Y7] +
(-0-0.125j) [Y0 X1 X6 X7] +
0.125j [Y0 X1 Y6 Y7] +
-0.125j [Y0 Y1 X6 Y7] +
-0.125j [Y0 Y1 Y6 X7]
   11   0.39603115 0.125j [X2 X3 X4 Y5] +
0.125j [X2 X3 Y4 X5] +
-0.125j [X2 Y3 X4 X5] +
0.125j [X2 Y3 Y4 Y5] +
(-0-0.125j) [Y2 X3 X4 X5] +
0.125j [Y2 X3 Y4 Y5] +
-0.125j [Y2 Y3 X4 Y5] +
-0.125j [Y2 Y3 Y4 X5]




 --------------------------------------------------------------------------
                         ADAPT-VQE iteration:  5
 --------------------------------------------------------------------------
 Check each new operator for coupling
 Measure Operator Pool Gradients:
 Variance:      0.00522750
 Uncertainty:   0.07230148
 Norm of <[H,A]> =   0.05261538
 Max  of <[H,A]> =   0.00000000
 Add operator   49
 Add operator   52
 Iter:   0 Current Energy =  -1.8909047141034285 Gradient Norm    1.3e-02 Gradient Max    1.0e-02
 Iter:   1 Current Energy =  -1.8911848624491259 Gradient Norm    1.1e-02 Gradient Max    5.5e-03
 Iter:   2 Current Energy =  -1.8912699067976351 Gradient Norm    1.0e-02 Gradient Max    6.4e-03
 Iter:   3 Current Energy =  -1.8914013727838372 Gradient Norm    9.4e-03 Gradient Max    5.6e-03
 Iter:   4 Current Energy =  -1.8915381528021546 Gradient Norm    8.2e-03 Gradient Max    6.1e-03
 Iter:   5 Current Energy =  -1.8916245330379009 Gradient Norm    9.3e-03 Gradient Max    6.7e-03
 Iter:   6 Current Energy =  -1.8917858528003006 Gradient Norm    1.2e-02 Gradient Max    7.2e-03
 Iter:   7 Current Energy =  -1.8920612596247037 Gradient Norm    1.8e-02 Gradient Max    8.2e-03
 Iter:   8 Current Energy =  -1.8922627688338138 Gradient Norm    2.5e-02 Gradient Max    1.6e-02
 Iter:   9 Current Energy =  -1.8925078546161049 Gradient Norm    1.6e-02 Gradient Max    8.6e-03
 Iter:  10 Current Energy =  -1.8926891891011910 Gradient Norm    1.0e-02 Gradient Max    4.7e-03
 Iter:  11 Current Energy =  -1.8927983085149775 Gradient Norm    3.1e-03 Gradient Max    1.7e-03
 Iter:  12 Current Energy =  -1.8928085127004932 Gradient Norm    1.9e-03 Gradient Max    1.1e-03
 Iter:  13 Current Energy =  -1.8928135136670172 Gradient Norm    1.6e-03 Gradient Max    1.1e-03
 Iter:  14 Current Energy =  -1.8928172090484829 Gradient Norm    1.7e-03 Gradient Max    1.0e-03
 Iter:  15 Current Energy =  -1.8928231390850030 Gradient Norm    2.0e-03 Gradient Max    9.6e-04
 Iter:  16 Current Energy =  -1.8928318940841058 Gradient Norm    2.2e-03 Gradient Max    1.1e-03
 Iter:  17 Current Energy =  -1.8928399308536539 Gradient Norm    2.2e-03 Gradient Max    1.2e-03
 Iter:  18 Current Energy =  -1.8928474585089510 Gradient Norm    2.1e-03 Gradient Max    9.4e-04
 Iter:  19 Current Energy =  -1.8928572311872682 Gradient Norm    2.4e-03 Gradient Max    1.2e-03
 Iter:  20 Current Energy =  -1.8928701820539062 Gradient Norm    3.0e-03 Gradient Max    1.4e-03
 Iter:  21 Current Energy =  -1.8928871898839961 Gradient Norm    3.4e-03 Gradient Max    1.7e-03
 Iter:  22 Current Energy =  -1.8929028607900702 Gradient Norm    2.7e-03 Gradient Max    1.6e-03
 Iter:  23 Current Energy =  -1.8929108195636106 Gradient Norm    1.2e-03 Gradient Max    9.1e-04
 Iter:  24 Current Energy =  -1.8929125314591111 Gradient Norm    5.4e-04 Gradient Max    3.6e-04
 Iter:  25 Current Energy =  -1.8929128584253316 Gradient Norm    3.1e-04 Gradient Max    1.6e-04
 Iter:  26 Current Energy =  -1.8929129588600400 Gradient Norm    1.2e-04 Gradient Max    5.7e-05
 Iter:  27 Current Energy =  -1.8929129728439404 Gradient Norm    2.7e-05 Gradient Max    1.1e-05
 Iter:  28 Current Energy =  -1.8929129736727319 Gradient Norm    8.4e-06 Gradient Max    6.2e-06
 Iter:  29 Current Energy =  -1.8929129737069650 Gradient Norm    2.4e-06 Gradient Max    1.4e-06
 Iter:  30 Current Energy =  -1.8929129737111510 Gradient Norm    5.9e-07 Gradient Max    2.9e-07
 Iter:  31 Current Energy =  -1.8929129737115582 Gradient Norm    1.4e-07 Gradient Max    9.5e-08
 Iter:  32 Current Energy =  -1.8929129737115769 Gradient Norm    4.0e-08 Gradient Max    2.4e-08
 Iter:  33 Current Energy =  -1.8929129737115789 Gradient Norm    1.1e-08 Gradient Max    8.0e-09
 Finished:      -1.892912973712
 -----------New ansatz----------- 
    #        Coeff               Term
    0   0.24937120 -0.125j [X1 X2 X3 Y4] +
0.125j [X1 X2 Y3 X4] +
0.125j [X1 Y2 X3 X4] +
0.125j [X1 Y2 Y3 Y4] +
(-0-0.125j) [Y1 X2 X3 X4] +
-0.125j [Y1 X2 Y3 Y4] +
-0.125j [Y1 Y2 X3 Y4] +
0.125j [Y1 Y2 Y3 X4]
    1   0.27317225 0.125j [X0 X5 X6 Y7] +
0.125j [X0 X5 Y6 X7] +
-0.125j [X0 Y5 X6 X7] +
0.125j [X0 Y5 Y6 Y7] +
(-0-0.125j) [Y0 X5 X6 X7] +
0.125j [Y0 X5 Y6 Y7] +
-0.125j [Y0 Y5 X6 Y7] +
-0.125j [Y0 Y5 Y6 X7]
    2  -0.29239097 0.125j [X1 X2 X4 Y7] +
0.125j [X1 X2 Y4 X7] +
-0.125j [X1 Y2 X4 X7] +
0.125j [X1 Y2 Y4 Y7] +
(-0-0.125j) [Y1 X2 X4 X7] +
0.125j [Y1 X2 Y4 Y7] +
-0.125j [Y1 Y2 X4 Y7] +
-0.125j [Y1 Y2 Y4 X7]
    3  -0.29474037 0.125j [X0 X3 X5 Y6] +
0.125j [X0 X3 Y5 X6] +
-0.125j [X0 Y3 X5 X6] +
0.125j [X0 Y3 Y5 Y6] +
(-0-0.125j) [Y0 X3 X5 X6] +
0.125j [Y0 X3 Y5 Y6] +
-0.125j [Y0 Y3 X5 Y6] +
-0.125j [Y0 Y3 Y5 X6]
    4   0.25408442 0.125j [X2 X3 X6 Y7] +
0.125j [X2 X3 Y6 X7] +
-0.125j [X2 Y3 X6 X7] +
0.125j [X2 Y3 Y6 Y7] +
(-0-0.125j) [Y2 X3 X6 X7] +
0.125j [Y2 X3 Y6 Y7] +
-0.125j [Y2 Y3 X6 Y7] +
-0.125j [Y2 Y3 Y6 X7]
    5   0.25298851 0.125j [X0 X1 X4 Y5] +
0.125j [X0 X1 Y4 X5] +
-0.125j [X0 Y1 X4 X5] +
0.125j [X0 Y1 Y4 Y5] +
(-0-0.125j) [Y0 X1 X4 X5] +
0.125j [Y0 X1 Y4 Y5] +
-0.125j [Y0 Y1 X4 Y5] +
-0.125j [Y0 Y1 Y4 X5]
    6   0.08539001 (-0-0.5j) [X1 Y5] +
0.5j [Y1 X5]
    7   0.10542456 (-0-0.5j) [X0 Y4] +
0.5j [Y0 X4]
    8   0.13265207 (-0-0.5j) [X2 Y6] +
0.5j [Y2 X6]
    9   0.09393413 (-0-0.5j) [X3 Y7] +
0.5j [Y3 X7]
   10   0.44828184 0.125j [X1 X2 X5 Y6] +
0.125j [X1 X2 Y5 X6] +
-0.125j [X1 Y2 X5 X6] +
0.125j [X1 Y2 Y5 Y6] +
(-0-0.125j) [Y1 X2 X5 X6] +
0.125j [Y1 X2 Y5 Y6] +
-0.125j [Y1 Y2 X5 Y6] +
-0.125j [Y1 Y2 Y5 X6]
   11   0.34240440 0.125j [X0 X3 X4 Y7] +
0.125j [X0 X3 Y4 X7] +
-0.125j [X0 Y3 X4 X7] +
0.125j [X0 Y3 Y4 Y7] +
(-0-0.125j) [Y0 X3 X4 X7] +
0.125j [Y0 X3 Y4 Y7] +
-0.125j [Y0 Y3 X4 Y7] +
-0.125j [Y0 Y3 Y4 X7]
   12   0.22923794 0.125j [X0 X1 X6 Y7] +
0.125j [X0 X1 Y6 X7] +
-0.125j [X0 Y1 X6 X7] +
0.125j [X0 Y1 Y6 Y7] +
(-0-0.125j) [Y0 X1 X6 X7] +
0.125j [Y0 X1 Y6 Y7] +
-0.125j [Y0 Y1 X6 Y7] +
-0.125j [Y0 Y1 Y6 X7]
   13   0.39019656 0.125j [X2 X3 X4 Y5] +
0.125j [X2 X3 Y4 X5] +
-0.125j [X2 Y3 X4 X5] +
0.125j [X2 Y3 Y4 Y5] +
(-0-0.125j) [Y2 X3 X4 X5] +
0.125j [Y2 X3 Y4 Y5] +
-0.125j [Y2 Y3 X4 Y5] +
-0.125j [Y2 Y3 Y4 X5]




 --------------------------------------------------------------------------
                         ADAPT-VQE iteration:  6
 --------------------------------------------------------------------------
 Check each new operator for coupling
 Measure Operator Pool Gradients:
 Variance:      0.00205506
 Uncertainty:   0.04533272
 Norm of <[H,A]> =   0.04289558
 Max  of <[H,A]> =   0.00000000
 Add operator   16
 Add operator   85
 Iter:   0 Current Energy =  -1.8936314197612052 Gradient Norm    2.1e-02 Gradient Max    1.4e-02
 Iter:   1 Current Energy =  -1.8944902505687871 Gradient Norm    2.0e-02 Gradient Max    1.2e-02
 Iter:   2 Current Energy =  -1.8949871967347638 Gradient Norm    2.0e-02 Gradient Max    9.8e-03
 Iter:   3 Current Energy =  -1.8954874612967312 Gradient Norm    1.5e-02 Gradient Max    5.9e-03
 Iter:   4 Current Energy =  -1.8955863156796324 Gradient Norm    1.6e-02 Gradient Max    9.8e-03
 Iter:   5 Current Energy =  -1.8956690008927253 Gradient Norm    6.7e-03 Gradient Max    3.4e-03
 Iter:   6 Current Energy =  -1.8957240302745197 Gradient Norm    6.8e-03 Gradient Max    3.8e-03
 Iter:   7 Current Energy =  -1.8958148329364151 Gradient Norm    7.6e-03 Gradient Max    3.6e-03
 Iter:   8 Current Energy =  -1.8959177899899726 Gradient Norm    6.8e-03 Gradient Max    3.1e-03
 Iter:   9 Current Energy =  -1.8959462327003673 Gradient Norm    4.9e-03 Gradient Max    2.3e-03
 Iter:  10 Current Energy =  -1.8959904668858383 Gradient Norm    5.0e-03 Gradient Max    2.2e-03
 Iter:  11 Current Energy =  -1.8960491947913369 Gradient Norm    9.1e-03 Gradient Max    4.1e-03
 Iter:  12 Current Energy =  -1.8961317228486145 Gradient Norm    1.3e-02 Gradient Max    6.7e-03
 Iter:  13 Current Energy =  -1.8962597566785813 Gradient Norm    1.4e-02 Gradient Max    7.9e-03
 Iter:  14 Current Energy =  -1.8964146474415289 Gradient Norm    1.0e-02 Gradient Max    6.4e-03
 Iter:  15 Current Energy =  -1.8965011334819724 Gradient Norm    4.1e-03 Gradient Max    2.6e-03
 Iter:  16 Current Energy =  -1.8965240213681049 Gradient Norm    2.6e-03 Gradient Max    1.3e-03
 Iter:  17 Current Energy =  -1.8965334135543848 Gradient Norm    2.8e-03 Gradient Max    1.7e-03
 Iter:  18 Current Energy =  -1.8965431330850746 Gradient Norm    2.6e-03 Gradient Max    1.7e-03
 Iter:  19 Current Energy =  -1.8965494577435134 Gradient Norm    2.0e-03 Gradient Max    1.6e-03
 Iter:  20 Current Energy =  -1.8965526836893103 Gradient Norm    9.0e-04 Gradient Max    5.9e-04
 Iter:  21 Current Energy =  -1.8965538348010784 Gradient Norm    4.7e-04 Gradient Max    2.4e-04
 Iter:  22 Current Energy =  -1.8965541188048909 Gradient Norm    3.5e-04 Gradient Max    1.9e-04
 Iter:  23 Current Energy =  -1.8965542859276017 Gradient Norm    3.1e-04 Gradient Max    1.6e-04
 Iter:  24 Current Energy =  -1.8965545268925743 Gradient Norm    3.8e-04 Gradient Max    1.9e-04
 Iter:  25 Current Energy =  -1.8965549269493969 Gradient Norm    5.5e-04 Gradient Max    3.7e-04
 Iter:  26 Current Energy =  -1.8965555995630825 Gradient Norm    7.3e-04 Gradient Max    5.1e-04
 Iter:  27 Current Energy =  -1.8965566934173053 Gradient Norm    9.0e-04 Gradient Max    5.9e-04
 Iter:  28 Current Energy =  -1.8965583210131665 Gradient Norm    1.0e-03 Gradient Max    5.2e-04
 Iter:  29 Current Energy =  -1.8965600971250827 Gradient Norm    1.1e-03 Gradient Max    5.4e-04
 Iter:  30 Current Energy =  -1.8965625469759120 Gradient Norm    1.2e-03 Gradient Max    5.8e-04
 Iter:  31 Current Energy =  -1.8965656896047205 Gradient Norm    1.4e-03 Gradient Max    6.6e-04
 Iter:  32 Current Energy =  -1.8965692964464282 Gradient Norm    1.5e-03 Gradient Max    7.6e-04
 Iter:  33 Current Energy =  -1.8965728557301411 Gradient Norm    1.4e-03 Gradient Max    8.8e-04
 Iter:  34 Current Energy =  -1.8965755032937501 Gradient Norm    9.9e-04 Gradient Max    6.8e-04
 Iter:  35 Current Energy =  -1.8965768911374483 Gradient Norm    6.0e-04 Gradient Max    3.9e-04
 Iter:  36 Current Energy =  -1.8965773731112492 Gradient Norm    3.1e-04 Gradient Max    2.0e-04
 Iter:  37 Current Energy =  -1.8965774735101890 Gradient Norm    1.2e-04 Gradient Max    8.9e-05
 Iter:  38 Current Energy =  -1.8965774871495948 Gradient Norm    3.2e-05 Gradient Max    2.1e-05
 Iter:  39 Current Energy =  -1.8965774889970715 Gradient Norm    8.7e-06 Gradient Max    4.7e-06
 Iter:  40 Current Energy =  -1.8965774892322300 Gradient Norm    3.8e-06 Gradient Max    1.9e-06
 Iter:  41 Current Energy =  -1.8965774892502627 Gradient Norm    7.6e-07 Gradient Max    3.4e-07
 Iter:  42 Current Energy =  -1.8965774892512466 Gradient Norm    2.8e-07 Gradient Max    1.9e-07
 Iter:  43 Current Energy =  -1.8965774892513143 Gradient Norm    8.7e-08 Gradient Max    6.6e-08
 Iter:  44 Current Energy =  -1.8965774892513203 Gradient Norm    1.1e-08 Gradient Max    6.7e-09
 Iter:  45 Current Energy =  -1.8965774892513207 Gradient Norm    9.8e-09 Gradient Max    5.9e-09
 Iter:  46 Current Energy =  -1.8965774892513216 Gradient Norm    7.4e-09 Gradient Max    4.4e-09
 Finished:      -1.896577489251
 -----------New ansatz----------- 
    #        Coeff               Term
    0   0.26493327 -0.125j [X3 X4 X5 Y6] +
0.125j [X3 X4 Y5 X6] +
0.125j [X3 Y4 X5 X6] +
0.125j [X3 Y4 Y5 Y6] +
(-0-0.125j) [Y3 X4 X5 X6] +
-0.125j [Y3 X4 Y5 Y6] +
-0.125j [Y3 Y4 X5 Y6] +
0.125j [Y3 Y4 Y5 X6]
    1   0.12517095 0.125j [X0 X1 X2 Y7] +
0.125j [X0 X1 Y2 X7] +
-0.125j [X0 Y1 X2 X7] +
0.125j [X0 Y1 Y2 Y7] +
(-0-0.125j) [Y0 X1 X2 X7] +
0.125j [Y0 X1 Y2 Y7] +
-0.125j [Y0 Y1 X2 Y7] +
-0.125j [Y0 Y1 Y2 X7]
    2  -0.31416807 -0.125j [X1 X2 X3 Y4] +
0.125j [X1 X2 Y3 X4] +
0.125j [X1 Y2 X3 X4] +
0.125j [X1 Y2 Y3 Y4] +
(-0-0.125j) [Y1 X2 X3 X4] +
-0.125j [Y1 X2 Y3 Y4] +
-0.125j [Y1 Y2 X3 Y4] +
0.125j [Y1 Y2 Y3 X4]
    3   0.12162439 0.125j [X0 X5 X6 Y7] +
0.125j [X0 X5 Y6 X7] +
-0.125j [X0 Y5 X6 X7] +
0.125j [X0 Y5 Y6 Y7] +
(-0-0.125j) [Y0 X5 X6 X7] +
0.125j [Y0 X5 Y6 Y7] +
-0.125j [Y0 Y5 X6 Y7] +
-0.125j [Y0 Y5 Y6 X7]
    4  -0.29617331 0.125j [X1 X2 X4 Y7] +
0.125j [X1 X2 Y4 X7] +
-0.125j [X1 Y2 X4 X7] +
0.125j [X1 Y2 Y4 Y7] +
(-0-0.125j) [Y1 X2 X4 X7] +
0.125j [Y1 X2 Y4 Y7] +
-0.125j [Y1 Y2 X4 Y7] +
-0.125j [Y1 Y2 Y4 X7]
    5  -0.29601126 0.125j [X0 X3 X5 Y6] +
0.125j [X0 X3 Y5 X6] +
-0.125j [X0 Y3 X5 X6] +
0.125j [X0 Y3 Y5 Y6] +
(-0-0.125j) [Y0 X3 X5 X6] +
0.125j [Y0 X3 Y5 Y6] +
-0.125j [Y0 Y3 X5 Y6] +
-0.125j [Y0 Y3 Y5 X6]
    6   0.24671021 0.125j [X2 X3 X6 Y7] +
0.125j [X2 X3 Y6 X7] +
-0.125j [X2 Y3 X6 X7] +
0.125j [X2 Y3 Y6 Y7] +
(-0-0.125j) [Y2 X3 X6 X7] +
0.125j [Y2 X3 Y6 Y7] +
-0.125j [Y2 Y3 X6 Y7] +
-0.125j [Y2 Y3 Y6 X7]
    7   0.25448623 0.125j [X0 X1 X4 Y5] +
0.125j [X0 X1 Y4 X5] +
-0.125j [X0 Y1 X4 X5] +
0.125j [X0 Y1 Y4 Y5] +
(-0-0.125j) [Y0 X1 X4 X5] +
0.125j [Y0 X1 Y4 Y5] +
-0.125j [Y0 Y1 X4 Y5] +
-0.125j [Y0 Y1 Y4 X5]
    8   0.16531266 (-0-0.5j) [X1 Y5] +
0.5j [Y1 X5]
    9   0.00763997 (-0-0.5j) [X0 Y4] +
0.5j [Y0 X4]
   10   0.14681198 (-0-0.5j) [X2 Y6] +
0.5j [Y2 X6]
   11   0.01806507 (-0-0.5j) [X3 Y7] +
0.5j [Y3 X7]
   12   0.41768648 0.125j [X1 X2 X5 Y6] +
0.125j [X1 X2 Y5 X6] +
-0.125j [X1 Y2 X5 X6] +
0.125j [X1 Y2 Y5 Y6] +
(-0-0.125j) [Y1 X2 X5 X6] +
0.125j [Y1 X2 Y5 Y6] +
-0.125j [Y1 Y2 X5 Y6] +
-0.125j [Y1 Y2 Y5 X6]
   13   0.38520097 0.125j [X0 X3 X4 Y7] +
0.125j [X0 X3 Y4 X7] +
-0.125j [X0 Y3 X4 X7] +
0.125j [X0 Y3 Y4 Y7] +
(-0-0.125j) [Y0 X3 X4 X7] +
0.125j [Y0 X3 Y4 Y7] +
-0.125j [Y0 Y3 X4 Y7] +
-0.125j [Y0 Y3 Y4 X7]
   14   0.19804287 0.125j [X0 X1 X6 Y7] +
0.125j [X0 X1 Y6 X7] +
-0.125j [X0 Y1 X6 X7] +
0.125j [X0 Y1 Y6 Y7] +
(-0-0.125j) [Y0 X1 X6 X7] +
0.125j [Y0 X1 Y6 Y7] +
-0.125j [Y0 Y1 X6 Y7] +
-0.125j [Y0 Y1 Y6 X7]
   15   0.29730925 0.125j [X2 X3 X4 Y5] +
0.125j [X2 X3 Y4 X5] +
-0.125j [X2 Y3 X4 X5] +
0.125j [X2 Y3 Y4 Y5] +
(-0-0.125j) [Y2 X3 X4 X5] +
0.125j [Y2 X3 Y4 Y5] +
-0.125j [Y2 Y3 X4 Y5] +
-0.125j [Y2 Y3 Y4 X5]




 --------------------------------------------------------------------------
                         ADAPT-VQE iteration:  7
 --------------------------------------------------------------------------
 Check each new operator for coupling
 Measure Operator Pool Gradients:
 Variance:      0.00013578
 Uncertainty:   0.01165246
 Norm of <[H,A]> =   0.01181266
 Max  of <[H,A]> =   0.00000000
 Add operator   34
 Add operator   65
 Iter:   0 Current Energy =  -1.8966641860807698 Gradient Norm    8.3e-03 Gradient Max    5.4e-03
 Iter:   1 Current Energy =  -1.8968109585255930 Gradient Norm    8.2e-03 Gradient Max    3.9e-03
 Iter:   2 Current Energy =  -1.8970160922810297 Gradient Norm    1.3e-02 Gradient Max    6.2e-03
 Iter:   3 Current Energy =  -1.8971962097825221 Gradient Norm    1.6e-02 Gradient Max    6.7e-03
 Iter:   4 Current Energy =  -1.8973143528994734 Gradient Norm    9.9e-03 Gradient Max    4.0e-03
 Iter:   5 Current Energy =  -1.8974330094663041 Gradient Norm    6.9e-03 Gradient Max    3.6e-03
 Iter:   6 Current Energy =  -1.8974693312989981 Gradient Norm    6.0e-03 Gradient Max    2.5e-03
 Iter:   7 Current Energy =  -1.8975205852368175 Gradient Norm    5.4e-03 Gradient Max    2.1e-03
 Iter:   8 Current Energy =  -1.8975482962492782 Gradient Norm    3.7e-03 Gradient Max    2.0e-03
 Iter:   9 Current Energy =  -1.8975556388015524 Gradient Norm    1.8e-03 Gradient Max    7.0e-04
 Iter:  10 Current Energy =  -1.8975600153358381 Gradient Norm    1.9e-03 Gradient Max    7.7e-04
 Iter:  11 Current Energy =  -1.8975668591568293 Gradient Norm    2.9e-03 Gradient Max    1.3e-03
 Iter:  12 Current Energy =  -1.8975769645093166 Gradient Norm    3.7e-03 Gradient Max    1.7e-03
 Iter:  13 Current Energy =  -1.8975879497418988 Gradient Norm    3.3e-03 Gradient Max    1.4e-03
 Iter:  14 Current Energy =  -1.8975999000233204 Gradient Norm    2.6e-03 Gradient Max    1.1e-03
 Iter:  15 Current Energy =  -1.8976132912381054 Gradient Norm    3.3e-03 Gradient Max    1.6e-03
 Iter:  16 Current Energy =  -1.8976331201865166 Gradient Norm    5.0e-03 Gradient Max    2.8e-03
 Iter:  17 Current Energy =  -1.8976615348581052 Gradient Norm    6.2e-03 Gradient Max    3.4e-03
 Iter:  18 Current Energy =  -1.8976931741695167 Gradient Norm    5.4e-03 Gradient Max    2.9e-03
 Iter:  19 Current Energy =  -1.8977182626415481 Gradient Norm    3.3e-03 Gradient Max    1.9e-03
 Iter:  20 Current Energy =  -1.8977335122902959 Gradient Norm    2.3e-03 Gradient Max    1.2e-03
 Iter:  21 Current Energy =  -1.8977430278689140 Gradient Norm    2.2e-03 Gradient Max    1.3e-03
 Iter:  22 Current Energy =  -1.8977518342921145 Gradient Norm    1.8e-03 Gradient Max    1.0e-03
 Iter:  23 Current Energy =  -1.8977578323827771 Gradient Norm    1.2e-03 Gradient Max    6.3e-04
 Iter:  24 Current Energy =  -1.8977598711499593 Gradient Norm    8.0e-04 Gradient Max    4.1e-04
 Iter:  25 Current Energy =  -1.8977605766670065 Gradient Norm    5.3e-04 Gradient Max    3.0e-04
 Iter:  26 Current Energy =  -1.8977610350011571 Gradient Norm    3.9e-04 Gradient Max    1.7e-04
 Iter:  27 Current Energy =  -1.8977613014786239 Gradient Norm    4.4e-04 Gradient Max    2.4e-04
 Iter:  28 Current Energy =  -1.8977615684903928 Gradient Norm    4.3e-04 Gradient Max    2.5e-04
 Iter:  29 Current Energy =  -1.8977618562610581 Gradient Norm    4.5e-04 Gradient Max    2.4e-04
 Iter:  30 Current Energy =  -1.8977621366515569 Gradient Norm    3.5e-04 Gradient Max    1.4e-04
 Iter:  31 Current Energy =  -1.8977623100838834 Gradient Norm    2.6e-04 Gradient Max    1.1e-04
 Iter:  32 Current Energy =  -1.8977624123463110 Gradient Norm    2.2e-04 Gradient Max    1.1e-04
 Iter:  33 Current Energy =  -1.8977624994870350 Gradient Norm    2.3e-04 Gradient Max    1.2e-04
 Iter:  34 Current Energy =  -1.8977626113124513 Gradient Norm    2.8e-04 Gradient Max    1.2e-04
 Iter:  35 Current Energy =  -1.8977627918213813 Gradient Norm    3.5e-04 Gradient Max    1.4e-04
 Iter:  36 Current Energy =  -1.8977630975491515 Gradient Norm    4.4e-04 Gradient Max    2.3e-04
 Iter:  37 Current Energy =  -1.8977636294180353 Gradient Norm    5.5e-04 Gradient Max    3.6e-04
 Iter:  38 Current Energy =  -1.8977645553609153 Gradient Norm    7.2e-04 Gradient Max    5.1e-04
 Iter:  39 Current Energy =  -1.8977661232241387 Gradient Norm    9.5e-04 Gradient Max    7.0e-04
 Iter:  40 Current Energy =  -1.8977686140666230 Gradient Norm    1.2e-03 Gradient Max    8.8e-04
 Iter:  41 Current Energy =  -1.8977722020418382 Gradient Norm    1.4e-03 Gradient Max    8.9e-04
 Iter:  42 Current Energy =  -1.8977754620240870 Gradient Norm    1.0e-03 Gradient Max    5.4e-04
 Iter:  43 Current Energy =  -1.8977771156117127 Gradient Norm    2.2e-04 Gradient Max    8.6e-05
 Iter:  44 Current Energy =  -1.8977773115975496 Gradient Norm    2.4e-04 Gradient Max    1.4e-04
 Iter:  45 Current Energy =  -1.8977774404140253 Gradient Norm    2.0e-04 Gradient Max    1.1e-04
 Iter:  46 Current Energy =  -1.8977775527582672 Gradient Norm    2.2e-04 Gradient Max    1.1e-04
 Iter:  47 Current Energy =  -1.8977776497840659 Gradient Norm    1.1e-04 Gradient Max    7.5e-05
 Iter:  48 Current Energy =  -1.8977776749679234 Gradient Norm    1.5e-04 Gradient Max    1.4e-04
 Iter:  49 Current Energy =  -1.8977776841930396 Gradient Norm    5.1e-05 Gradient Max    4.3e-05
 Iter:  50 Current Energy =  -1.8977776864134224 Gradient Norm    1.2e-05 Gradient Max    5.8e-06
 Iter:  51 Current Energy =  -1.8977776868100658 Gradient Norm    7.1e-06 Gradient Max    3.2e-06
 Iter:  52 Current Energy =  -1.8977776868716378 Gradient Norm    2.2e-06 Gradient Max    1.0e-06
 Iter:  53 Current Energy =  -1.8977776868776437 Gradient Norm    6.8e-07 Gradient Max    3.8e-07
 Iter:  54 Current Energy =  -1.8977776868779435 Gradient Norm    1.9e-07 Gradient Max    9.0e-08
 Iter:  55 Current Energy =  -1.8977776868779692 Gradient Norm    3.7e-08 Gradient Max    2.1e-08
 Iter:  56 Current Energy =  -1.8977776868779710 Gradient Norm    7.3e-09 Gradient Max    3.7e-09
 Finished:      -1.897777686878
 -----------New ansatz----------- 
    #        Coeff               Term
    0  -0.15854198 0.125j [X1 X3 X5 Y7] +
0.125j [X1 X3 Y5 X7] +
-0.125j [X1 Y3 X5 X7] +
0.125j [X1 Y3 Y5 Y7] +
(-0-0.125j) [Y1 X3 X5 X7] +
0.125j [Y1 X3 Y5 Y7] +
-0.125j [Y1 Y3 X5 Y7] +
-0.125j [Y1 Y3 Y5 X7]
    1  -0.15976605 0.125j [X0 X2 X4 Y6] +
0.125j [X0 X2 Y4 X6] +
-0.125j [X0 Y2 X4 X6] +
0.125j [X0 Y2 Y4 Y6] +
(-0-0.125j) [Y0 X2 X4 X6] +
0.125j [Y0 X2 Y4 Y6] +
-0.125j [Y0 Y2 X4 Y6] +
-0.125j [Y0 Y2 Y4 X6]
    2   0.46557169 -0.125j [X3 X4 X5 Y6] +
0.125j [X3 X4 Y5 X6] +
0.125j [X3 Y4 X5 X6] +
0.125j [X3 Y4 Y5 Y6] +
(-0-0.125j) [Y3 X4 X5 X6] +
-0.125j [Y3 X4 Y5 Y6] +
-0.125j [Y3 Y4 X5 Y6] +
0.125j [Y3 Y4 Y5 X6]
    3  -0.02338130 0.125j [X0 X1 X2 Y7] +
0.125j [X0 X1 Y2 X7] +
-0.125j [X0 Y1 X2 X7] +
0.125j [X0 Y1 Y2 Y7] +
(-0-0.125j) [Y0 X1 X2 X7] +
0.125j [Y0 X1 Y2 Y7] +
-0.125j [Y0 Y1 X2 Y7] +
-0.125j [Y0 Y1 Y2 X7]
    4  -0.80551398 -0.125j [X1 X2 X3 Y4] +
0.125j [X1 X2 Y3 X4] +
0.125j [X1 Y2 X3 X4] +
0.125j [X1 Y2 Y3 Y4] +
(-0-0.125j) [Y1 X2 X3 X4] +
-0.125j [Y1 X2 Y3 Y4] +
-0.125j [Y1 Y2 X3 Y4] +
0.125j [Y1 Y2 Y3 X4]
    5  -0.31607388 0.125j [X0 X5 X6 Y7] +
0.125j [X0 X5 Y6 X7] +
-0.125j [X0 Y5 X6 X7] +
0.125j [X0 Y5 Y6 Y7] +
(-0-0.125j) [Y0 X5 X6 X7] +
0.125j [Y0 X5 Y6 Y7] +
-0.125j [Y0 Y5 X6 Y7] +
-0.125j [Y0 Y5 Y6 X7]
    6  -0.33451910 0.125j [X1 X2 X4 Y7] +
0.125j [X1 X2 Y4 X7] +
-0.125j [X1 Y2 X4 X7] +
0.125j [X1 Y2 Y4 Y7] +
(-0-0.125j) [Y1 X2 X4 X7] +
0.125j [Y1 X2 Y4 Y7] +
-0.125j [Y1 Y2 X4 Y7] +
-0.125j [Y1 Y2 Y4 X7]
    7  -0.33451864 0.125j [X0 X3 X5 Y6] +
0.125j [X0 X3 Y5 X6] +
-0.125j [X0 Y3 X5 X6] +
0.125j [X0 Y3 Y5 Y6] +
(-0-0.125j) [Y0 X3 X5 X6] +
0.125j [Y0 X3 Y5 Y6] +
-0.125j [Y0 Y3 X5 Y6] +
-0.125j [Y0 Y3 Y5 X6]
    8   0.18220507 0.125j [X2 X3 X6 Y7] +
0.125j [X2 X3 Y6 X7] +
-0.125j [X2 Y3 X6 X7] +
0.125j [X2 Y3 Y6 Y7] +
(-0-0.125j) [Y2 X3 X6 X7] +
0.125j [Y2 X3 Y6 Y7] +
-0.125j [Y2 Y3 X6 Y7] +
-0.125j [Y2 Y3 Y6 X7]
    9   0.18811545 0.125j [X0 X1 X4 Y5] +
0.125j [X0 X1 Y4 X5] +
-0.125j [X0 Y1 X4 X5] +
0.125j [X0 Y1 Y4 Y5] +
(-0-0.125j) [Y0 X1 X4 X5] +
0.125j [Y0 X1 Y4 Y5] +
-0.125j [Y0 Y1 X4 Y5] +
-0.125j [Y0 Y1 Y4 X5]
   10   0.17752827 (-0-0.5j) [X1 Y5] +
0.5j [Y1 X5]
   11  -0.00143993 (-0-0.5j) [X0 Y4] +
0.5j [Y0 X4]
   12   0.16242076 (-0-0.5j) [X2 Y6] +
0.5j [Y2 X6]
   13   0.00859083 (-0-0.5j) [X3 Y7] +
0.5j [Y3 X7]
   14   0.36562064 0.125j [X1 X2 X5 Y6] +
0.125j [X1 X2 Y5 X6] +
-0.125j [X1 Y2 X5 X6] +
0.125j [X1 Y2 Y5 Y6] +
(-0-0.125j) [Y1 X2 X5 X6] +
0.125j [Y1 X2 Y5 Y6] +
-0.125j [Y1 Y2 X5 Y6] +
-0.125j [Y1 Y2 Y5 X6]
   15   0.34576283 0.125j [X0 X3 X4 Y7] +
0.125j [X0 X3 Y4 X7] +
-0.125j [X0 Y3 X4 X7] +
0.125j [X0 Y3 Y4 Y7] +
(-0-0.125j) [Y0 X3 X4 X7] +
0.125j [Y0 X3 Y4 Y7] +
-0.125j [Y0 Y3 X4 Y7] +
-0.125j [Y0 Y3 Y4 X7]
   16   0.27667503 0.125j [X0 X1 X6 Y7] +
0.125j [X0 X1 Y6 X7] +
-0.125j [X0 Y1 X6 X7] +
0.125j [X0 Y1 Y6 Y7] +
(-0-0.125j) [Y0 X1 X6 X7] +
0.125j [Y0 X1 Y6 Y7] +
-0.125j [Y0 Y1 X6 Y7] +
-0.125j [Y0 Y1 Y6 X7]
   17   0.27667501 0.125j [X2 X3 X4 Y5] +
0.125j [X2 X3 Y4 X5] +
-0.125j [X2 Y3 X4 X5] +
0.125j [X2 Y3 Y4 Y5] +
(-0-0.125j) [Y2 X3 X4 X5] +
0.125j [Y2 X3 Y4 Y5] +
-0.125j [Y2 Y3 X4 Y5] +
-0.125j [Y2 Y3 Y4 X5]




 --------------------------------------------------------------------------
                         ADAPT-VQE iteration:  8
 --------------------------------------------------------------------------
 Check each new operator for coupling
 Measure Operator Pool Gradients:
 Variance:      0.00000194
 Uncertainty:   0.00139302
 Norm of <[H,A]> =   0.00137986
 Max  of <[H,A]> =   0.00000000
 Add operator   72
 Add operator   28
 Iter:   0 Current Energy =  -1.8977779525744176 Gradient Norm    7.6e-04 Gradient Max    3.9e-04
 Iter:   1 Current Energy =  -1.8977781416893194 Gradient Norm    4.0e-04 Gradient Max    1.7e-04
 Iter:   2 Current Energy =  -1.8977782241722732 Gradient Norm    4.1e-04 Gradient Max    2.1e-04
 Iter:   3 Current Energy =  -1.8977783513704660 Gradient Norm    3.4e-04 Gradient Max    1.7e-04
 Iter:   4 Current Energy =  -1.8977785450800519 Gradient Norm    2.9e-04 Gradient Max    1.3e-04
 Iter:   5 Current Energy =  -1.8977786798561742 Gradient Norm    2.0e-04 Gradient Max    9.5e-05
 Iter:   6 Current Energy =  -1.8977787210712027 Gradient Norm    1.7e-04 Gradient Max    7.6e-05
 Iter:   7 Current Energy =  -1.8977787875730561 Gradient Norm    1.8e-04 Gradient Max    7.7e-05
 Iter:   8 Current Energy =  -1.8977788755317972 Gradient Norm    2.2e-04 Gradient Max    9.9e-05
 Iter:   9 Current Energy =  -1.8977789177283304 Gradient Norm    1.6e-04 Gradient Max    7.9e-05
 Iter:  10 Current Energy =  -1.8977789416166289 Gradient Norm    7.6e-05 Gradient Max    3.3e-05
 Iter:  11 Current Energy =  -1.8977789483707739 Gradient Norm    5.4e-05 Gradient Max    2.3e-05
 Iter:  12 Current Energy =  -1.8977789527132058 Gradient Norm    5.0e-05 Gradient Max    2.5e-05
 Iter:  13 Current Energy =  -1.8977789561430225 Gradient Norm    4.6e-05 Gradient Max    1.9e-05
 Iter:  14 Current Energy =  -1.8977789596695218 Gradient Norm    4.5e-05 Gradient Max    2.6e-05
 Iter:  15 Current Energy =  -1.8977789636691196 Gradient Norm    5.1e-05 Gradient Max    2.8e-05
 Iter:  16 Current Energy =  -1.8977789679262058 Gradient Norm    5.1e-05 Gradient Max    1.8e-05
 Iter:  17 Current Energy =  -1.8977789711070181 Gradient Norm    4.0e-05 Gradient Max    1.8e-05
 Iter:  18 Current Energy =  -1.8977789732312671 Gradient Norm    3.4e-05 Gradient Max    1.6e-05
 Iter:  19 Current Energy =  -1.8977789756387933 Gradient Norm    4.4e-05 Gradient Max    1.9e-05
 Iter:  20 Current Energy =  -1.8977789797088476 Gradient Norm    6.5e-05 Gradient Max    3.3e-05
 Iter:  21 Current Energy =  -1.8977789868704744 Gradient Norm    9.2e-05 Gradient Max    4.6e-05
 Iter:  22 Current Energy =  -1.8977789996153971 Gradient Norm    1.2e-04 Gradient Max    6.0e-05
 Iter:  23 Current Energy =  -1.8977790220867135 Gradient Norm    1.6e-04 Gradient Max    7.5e-05
 Iter:  24 Current Energy =  -1.8977790606052263 Gradient Norm    2.1e-04 Gradient Max    9.1e-05
 Iter:  25 Current Energy =  -1.8977791232190251 Gradient Norm    2.8e-04 Gradient Max    1.3e-04
 Iter:  26 Current Energy =  -1.8977792162190370 Gradient Norm    3.5e-04 Gradient Max    2.0e-04
 Iter:  27 Current Energy =  -1.8977793363769813 Gradient Norm    3.9e-04 Gradient Max    2.3e-04
 Iter:  28 Current Energy =  -1.8977795156669863 Gradient Norm    3.1e-04 Gradient Max    1.6e-04
 Iter:  29 Current Energy =  -1.8977796642100293 Gradient Norm    2.2e-04 Gradient Max    8.6e-05
 Iter:  30 Current Energy =  -1.8977797173523852 Gradient Norm    2.9e-04 Gradient Max    2.1e-04
 Iter:  31 Current Energy =  -1.8977797899021080 Gradient Norm    2.3e-04 Gradient Max    1.0e-04
 Iter:  32 Current Energy =  -1.8977798831835533 Gradient Norm    2.2e-04 Gradient Max    1.0e-04
 Iter:  33 Current Energy =  -1.8977800188659617 Gradient Norm    2.7e-04 Gradient Max    1.3e-04
 Iter:  34 Current Energy =  -1.8977801233848670 Gradient Norm    3.2e-04 Gradient Max    1.5e-04
 Iter:  35 Current Energy =  -1.8977802059480497 Gradient Norm    2.9e-04 Gradient Max    1.2e-04
 Iter:  36 Current Energy =  -1.8977802720011281 Gradient Norm    2.9e-04 Gradient Max    1.5e-04
 Iter:  37 Current Energy =  -1.8977803099930761 Gradient Norm    1.6e-04 Gradient Max    8.0e-05
 Iter:  38 Current Energy =  -1.8977803359160905 Gradient Norm    3.0e-04 Gradient Max    1.6e-04
 Iter:  39 Current Energy =  -1.8977803779503057 Gradient Norm    3.3e-04 Gradient Max    1.9e-04
 Iter:  40 Current Energy =  -1.8977804397570703 Gradient Norm    2.3e-04 Gradient Max    1.4e-04
 Iter:  41 Current Energy =  -1.8977804845488069 Gradient Norm    1.4e-04 Gradient Max    8.2e-05
 Iter:  42 Current Energy =  -1.8977805174306412 Gradient Norm    1.4e-04 Gradient Max    6.7e-05
 Iter:  43 Current Energy =  -1.8977805436421151 Gradient Norm    2.0e-04 Gradient Max    1.2e-04
 Iter:  44 Current Energy =  -1.8977805736456892 Gradient Norm    2.1e-04 Gradient Max    1.1e-04
 Iter:  45 Current Energy =  -1.8977805836754349 Gradient Norm    6.1e-05 Gradient Max    2.6e-05
 Iter:  46 Current Energy =  -1.8977805957718463 Gradient Norm    1.1e-04 Gradient Max    7.0e-05
 Iter:  47 Current Energy =  -1.8977806018350469 Gradient Norm    1.1e-04 Gradient Max    7.1e-05
 Iter:  48 Current Energy =  -1.8977806117067029 Gradient Norm    8.0e-05 Gradient Max    4.7e-05
 Iter:  49 Current Energy =  -1.8977806204829033 Gradient Norm    1.5e-04 Gradient Max    8.8e-05
 Iter:  50 Current Energy =  -1.8977806295600144 Gradient Norm    3.6e-05 Gradient Max    1.7e-05
 Iter:  51 Current Energy =  -1.8977806330110540 Gradient Norm    4.5e-05 Gradient Max    2.2e-05
 Iter:  52 Current Energy =  -1.8977806350651711 Gradient Norm    6.4e-05 Gradient Max    3.3e-05
 Iter:  53 Current Energy =  -1.8977806377588669 Gradient Norm    5.9e-05 Gradient Max    3.3e-05
 Iter:  54 Current Energy =  -1.8977806397405128 Gradient Norm    3.5e-05 Gradient Max    2.1e-05
 Iter:  55 Current Energy =  -1.8977806406919491 Gradient Norm    9.1e-05 Gradient Max    5.6e-05
 Iter:  56 Current Energy =  -1.8977806421767947 Gradient Norm    4.9e-05 Gradient Max    2.9e-05
 Iter:  57 Current Energy =  -1.8977806433720605 Gradient Norm    1.0e-05 Gradient Max    5.9e-06
 Iter:  58 Current Energy =  -1.8977806436993996 Gradient Norm    1.1e-05 Gradient Max    6.1e-06
 Iter:  59 Current Energy =  -1.8977806438680003 Gradient Norm    3.4e-06 Gradient Max    1.7e-06
 Iter:  60 Current Energy =  -1.8977806438926472 Gradient Norm    3.7e-06 Gradient Max    2.2e-06
 Iter:  61 Current Energy =  -1.8977806439072635 Gradient Norm    4.7e-06 Gradient Max    2.7e-06
 Iter:  62 Current Energy =  -1.8977806439138429 Gradient Norm    3.9e-06 Gradient Max    2.2e-06
 Iter:  63 Current Energy =  -1.8977806439258476 Gradient Norm    3.5e-06 Gradient Max    1.6e-06
 Iter:  64 Current Energy =  -1.8977806439479195 Gradient Norm    3.4e-06 Gradient Max    1.7e-06
 Iter:  65 Current Energy =  -1.8977806439881792 Gradient Norm    4.0e-06 Gradient Max    2.1e-06
 Iter:  66 Current Energy =  -1.8977806440601814 Gradient Norm    5.6e-06 Gradient Max    2.6e-06
 Iter:  67 Current Energy =  -1.8977806441848408 Gradient Norm    8.5e-06 Gradient Max    3.8e-06
 Iter:  68 Current Energy =  -1.8977806443903731 Gradient Norm    1.3e-05 Gradient Max    7.0e-06
 Iter:  69 Current Energy =  -1.8977806447031411 Gradient Norm    2.0e-05 Gradient Max    1.2e-05
 Iter:  70 Current Energy =  -1.8977806450803019 Gradient Norm    2.5e-05 Gradient Max    1.7e-05
 Iter:  71 Current Energy =  -1.8977806455001396 Gradient Norm    1.7e-05 Gradient Max    1.2e-05
 Iter:  72 Current Energy =  -1.8977806457629125 Gradient Norm    2.6e-05 Gradient Max    1.5e-05
 Iter:  73 Current Energy =  -1.8977806458167437 Gradient Norm    1.5e-05 Gradient Max    9.6e-06
 Iter:  74 Current Energy =  -1.8977806459037005 Gradient Norm    7.3e-06 Gradient Max    4.9e-06
 Iter:  75 Current Energy =  -1.8977806459656117 Gradient Norm    5.0e-06 Gradient Max    3.0e-06
 Iter:  76 Current Energy =  -1.8977806459743616 Gradient Norm    3.8e-06 Gradient Max    2.3e-06
 Iter:  77 Current Energy =  -1.8977806459865643 Gradient Norm    1.8e-06 Gradient Max    1.0e-06
 Iter:  78 Current Energy =  -1.8977806459897300 Gradient Norm    3.5e-07 Gradient Max    2.0e-07
 Iter:  79 Current Energy =  -1.8977806459898690 Gradient Norm    8.0e-08 Gradient Max    3.2e-08
 Iter:  80 Current Energy =  -1.8977806459898727 Gradient Norm    2.7e-08 Gradient Max    1.3e-08
 Iter:  81 Current Energy =  -1.8977806459898745 Gradient Norm    4.4e-09 Gradient Max    1.9e-09
 Iter:  82 Current Energy =  -1.8977806459898754 Gradient Norm    3.3e-09 Gradient Max    1.4e-09
 Finished:      -1.897780645990
 -----------New ansatz----------- 
    #        Coeff               Term
    0   0.11106604 0.125j [X0 X1 X6 Y7] +
0.125j [X0 X1 Y6 X7] +
-0.125j [X0 Y1 X6 X7] +
0.125j [X0 Y1 Y6 Y7] +
(-0-0.125j) [Y0 X1 X6 X7] +
0.125j [Y0 X1 Y6 Y7] +
-0.125j [Y0 Y1 X6 Y7] +
-0.125j [Y0 Y1 Y6 X7]
    1   0.06605114 0.125j [X2 X3 X4 Y5] +
0.125j [X2 X3 Y4 X5] +
-0.125j [X2 Y3 X4 X5] +
0.125j [X2 Y3 Y4 Y5] +
(-0-0.125j) [Y2 X3 X4 X5] +
0.125j [Y2 X3 Y4 Y5] +
-0.125j [Y2 Y3 X4 Y5] +
-0.125j [Y2 Y3 Y4 X5]
    2  -0.13300760 0.125j [X1 X3 X5 Y7] +
0.125j [X1 X3 Y5 X7] +
-0.125j [X1 Y3 X5 X7] +
0.125j [X1 Y3 Y5 Y7] +
(-0-0.125j) [Y1 X3 X5 X7] +
0.125j [Y1 X3 Y5 Y7] +
-0.125j [Y1 Y3 X5 Y7] +
-0.125j [Y1 Y3 Y5 X7]
    3  -0.13437611 0.125j [X0 X2 X4 Y6] +
0.125j [X0 X2 Y4 X6] +
-0.125j [X0 Y2 X4 X6] +
0.125j [X0 Y2 Y4 Y6] +
(-0-0.125j) [Y0 X2 X4 X6] +
0.125j [Y0 X2 Y4 Y6] +
-0.125j [Y0 Y2 X4 Y6] +
-0.125j [Y0 Y2 Y4 X6]
    4   0.55132311 -0.125j [X3 X4 X5 Y6] +
0.125j [X3 X4 Y5 X6] +
0.125j [X3 Y4 X5 X6] +
0.125j [X3 Y4 Y5 Y6] +
(-0-0.125j) [Y3 X4 X5 X6] +
-0.125j [Y3 X4 Y5 Y6] +
-0.125j [Y3 Y4 X5 Y6] +
0.125j [Y3 Y4 Y5 X6]
    5   0.01284990 0.125j [X0 X1 X2 Y7] +
0.125j [X0 X1 Y2 X7] +
-0.125j [X0 Y1 X2 X7] +
0.125j [X0 Y1 Y2 Y7] +
(-0-0.125j) [Y0 X1 X2 X7] +
0.125j [Y0 X1 Y2 Y7] +
-0.125j [Y0 Y1 X2 Y7] +
-0.125j [Y0 Y1 Y2 X7]
    6  -0.89714815 -0.125j [X1 X2 X3 Y4] +
0.125j [X1 X2 Y3 X4] +
0.125j [X1 Y2 X3 X4] +
0.125j [X1 Y2 Y3 Y4] +
(-0-0.125j) [Y1 X2 X3 X4] +
-0.125j [Y1 X2 Y3 Y4] +
-0.125j [Y1 Y2 X3 Y4] +
0.125j [Y1 Y2 Y3 X4]
    7  -0.22587189 0.125j [X0 X5 X6 Y7] +
0.125j [X0 X5 Y6 X7] +
-0.125j [X0 Y5 X6 X7] +
0.125j [X0 Y5 Y6 Y7] +
(-0-0.125j) [Y0 X5 X6 X7] +
0.125j [Y0 X5 Y6 Y7] +
-0.125j [Y0 Y5 X6 Y7] +
-0.125j [Y0 Y5 Y6 X7]
    8  -0.28683392 0.125j [X1 X2 X4 Y7] +
0.125j [X1 X2 Y4 X7] +
-0.125j [X1 Y2 X4 X7] +
0.125j [X1 Y2 Y4 Y7] +
(-0-0.125j) [Y1 X2 X4 X7] +
0.125j [Y1 X2 Y4 Y7] +
-0.125j [Y1 Y2 X4 Y7] +
-0.125j [Y1 Y2 Y4 X7]
    9  -0.28683392 0.125j [X0 X3 X5 Y6] +
0.125j [X0 X3 Y5 X6] +
-0.125j [X0 Y3 X5 X6] +
0.125j [X0 Y3 Y5 Y6] +
(-0-0.125j) [Y0 X3 X5 X6] +
0.125j [Y0 X3 Y5 Y6] +
-0.125j [Y0 Y3 X5 Y6] +
-0.125j [Y0 Y3 Y5 X6]
   10   0.15756481 0.125j [X2 X3 X6 Y7] +
0.125j [X2 X3 Y6 X7] +
-0.125j [X2 Y3 X6 X7] +
0.125j [X2 Y3 Y6 Y7] +
(-0-0.125j) [Y2 X3 X6 X7] +
0.125j [Y2 X3 Y6 Y7] +
-0.125j [Y2 Y3 X6 Y7] +
-0.125j [Y2 Y3 Y6 X7]
   11   0.16320100 0.125j [X0 X1 X4 Y5] +
0.125j [X0 X1 Y4 X5] +
-0.125j [X0 Y1 X4 X5] +
0.125j [X0 Y1 Y4 Y5] +
(-0-0.125j) [Y0 X1 X4 X5] +
0.125j [Y0 X1 Y4 Y5] +
-0.125j [Y0 Y1 X4 Y5] +
-0.125j [Y0 Y1 Y4 X5]
   12   0.19368321 (-0-0.5j) [X1 Y5] +
0.5j [Y1 X5]
   13  -0.00458363 (-0-0.5j) [X0 Y4] +
0.5j [Y0 X4]
   14   0.17691478 (-0-0.5j) [X2 Y6] +
0.5j [Y2 X6]
   15   0.00488373 (-0-0.5j) [X3 Y7] +
0.5j [Y3 X7]
   16   0.34181325 0.125j [X1 X2 X5 Y6] +
0.125j [X1 X2 Y5 X6] +
-0.125j [X1 Y2 X5 X6] +
0.125j [X1 Y2 Y5 Y6] +
(-0-0.125j) [Y1 X2 X5 X6] +
0.125j [Y1 X2 Y5 Y6] +
-0.125j [Y1 Y2 X5 Y6] +
-0.125j [Y1 Y2 Y5 X6]
   17   0.31623127 0.125j [X0 X3 X4 Y7] +
0.125j [X0 X3 Y4 X7] +
-0.125j [X0 Y3 X4 X7] +
0.125j [X0 Y3 Y4 Y7] +
(-0-0.125j) [Y0 X3 X4 X7] +
0.125j [Y0 X3 Y4 Y7] +
-0.125j [Y0 Y3 X4 Y7] +
-0.125j [Y0 Y3 Y4 X7]
   18   0.19256406 0.125j [X0 X1 X6 Y7] +
0.125j [X0 X1 Y6 X7] +
-0.125j [X0 Y1 X6 X7] +
0.125j [X0 Y1 Y6 Y7] +
(-0-0.125j) [Y0 X1 X6 X7] +
0.125j [Y0 X1 Y6 Y7] +
-0.125j [Y0 Y1 X6 Y7] +
-0.125j [Y0 Y1 Y6 X7]
   19   0.20690582 0.125j [X2 X3 X4 Y5] +
0.125j [X2 X3 Y4 X5] +
-0.125j [X2 Y3 X4 X5] +
0.125j [X2 Y3 Y4 Y5] +
(-0-0.125j) [Y2 X3 X4 X5] +
0.125j [Y2 X3 Y4 Y5] +
-0.125j [Y2 Y3 X4 Y5] +
-0.125j [Y2 Y3 Y4 X5]




 --------------------------------------------------------------------------
                         ADAPT-VQE iteration:  9
 --------------------------------------------------------------------------
 Check each new operator for coupling
 Measure Operator Pool Gradients:
 Variance:     -0.00000000
 Uncertainty:          nan
 Norm of <[H,A]> =   0.00000000
 Max  of <[H,A]> =   0.00000000
 Ansatz Growth Converged!
 Number of operators in ansatz:  20
 *Finished:      -1.897780645990
 -----------Final ansatz----------- 
    #        Coeff               Term
    0   0.11106604 0.125j [X0 X1 X6 Y7] +
0.125j [X0 X1 Y6 X7] +
-0.125j [X0 Y1 X6 X7] +
0.125j [X0 Y1 Y6 Y7] +
(-0-0.125j) [Y0 X1 X6 X7] +
0.125j [Y0 X1 Y6 Y7] +
-0.125j [Y0 Y1 X6 Y7] +
-0.125j [Y0 Y1 Y6 X7]
    1   0.06605114 0.125j [X2 X3 X4 Y5] +
0.125j [X2 X3 Y4 X5] +
-0.125j [X2 Y3 X4 X5] +
0.125j [X2 Y3 Y4 Y5] +
(-0-0.125j) [Y2 X3 X4 X5] +
0.125j [Y2 X3 Y4 Y5] +
-0.125j [Y2 Y3 X4 Y5] +
-0.125j [Y2 Y3 Y4 X5]
    2  -0.13300760 0.125j [X1 X3 X5 Y7] +
0.125j [X1 X3 Y5 X7] +
-0.125j [X1 Y3 X5 X7] +
0.125j [X1 Y3 Y5 Y7] +
(-0-0.125j) [Y1 X3 X5 X7] +
0.125j [Y1 X3 Y5 Y7] +
-0.125j [Y1 Y3 X5 Y7] +
-0.125j [Y1 Y3 Y5 X7]
    3  -0.13437611 0.125j [X0 X2 X4 Y6] +
0.125j [X0 X2 Y4 X6] +
-0.125j [X0 Y2 X4 X6] +
0.125j [X0 Y2 Y4 Y6] +
(-0-0.125j) [Y0 X2 X4 X6] +
0.125j [Y0 X2 Y4 Y6] +
-0.125j [Y0 Y2 X4 Y6] +
-0.125j [Y0 Y2 Y4 X6]
    4   0.55132311 -0.125j [X3 X4 X5 Y6] +
0.125j [X3 X4 Y5 X6] +
0.125j [X3 Y4 X5 X6] +
0.125j [X3 Y4 Y5 Y6] +
(-0-0.125j) [Y3 X4 X5 X6] +
-0.125j [Y3 X4 Y5 Y6] +
-0.125j [Y3 Y4 X5 Y6] +
0.125j [Y3 Y4 Y5 X6]
    5   0.01284990 0.125j [X0 X1 X2 Y7] +
0.125j [X0 X1 Y2 X7] +
-0.125j [X0 Y1 X2 X7] +
0.125j [X0 Y1 Y2 Y7] +
(-0-0.125j) [Y0 X1 X2 X7] +
0.125j [Y0 X1 Y2 Y7] +
-0.125j [Y0 Y1 X2 Y7] +
-0.125j [Y0 Y1 Y2 X7]
    6  -0.89714815 -0.125j [X1 X2 X3 Y4] +
0.125j [X1 X2 Y3 X4] +
0.125j [X1 Y2 X3 X4] +
0.125j [X1 Y2 Y3 Y4] +
(-0-0.125j) [Y1 X2 X3 X4] +
-0.125j [Y1 X2 Y3 Y4] +
-0.125j [Y1 Y2 X3 Y4] +
0.125j [Y1 Y2 Y3 X4]
    7  -0.22587189 0.125j [X0 X5 X6 Y7] +
0.125j [X0 X5 Y6 X7] +
-0.125j [X0 Y5 X6 X7] +
0.125j [X0 Y5 Y6 Y7] +
(-0-0.125j) [Y0 X5 X6 X7] +
0.125j [Y0 X5 Y6 Y7] +
-0.125j [Y0 Y5 X6 Y7] +
-0.125j [Y0 Y5 Y6 X7]
    8  -0.28683392 0.125j [X1 X2 X4 Y7] +
0.125j [X1 X2 Y4 X7] +
-0.125j [X1 Y2 X4 X7] +
0.125j [X1 Y2 Y4 Y7] +
(-0-0.125j) [Y1 X2 X4 X7] +
0.125j [Y1 X2 Y4 Y7] +
-0.125j [Y1 Y2 X4 Y7] +
-0.125j [Y1 Y2 Y4 X7]
    9  -0.28683392 0.125j [X0 X3 X5 Y6] +
0.125j [X0 X3 Y5 X6] +
-0.125j [X0 Y3 X5 X6] +
0.125j [X0 Y3 Y5 Y6] +
(-0-0.125j) [Y0 X3 X5 X6] +
0.125j [Y0 X3 Y5 Y6] +
-0.125j [Y0 Y3 X5 Y6] +
-0.125j [Y0 Y3 Y5 X6]
   10   0.15756481 0.125j [X2 X3 X6 Y7] +
0.125j [X2 X3 Y6 X7] +
-0.125j [X2 Y3 X6 X7] +
0.125j [X2 Y3 Y6 Y7] +
(-0-0.125j) [Y2 X3 X6 X7] +
0.125j [Y2 X3 Y6 Y7] +
-0.125j [Y2 Y3 X6 Y7] +
-0.125j [Y2 Y3 Y6 X7]
   11   0.16320100 0.125j [X0 X1 X4 Y5] +
0.125j [X0 X1 Y4 X5] +
-0.125j [X0 Y1 X4 X5] +
0.125j [X0 Y1 Y4 Y5] +
(-0-0.125j) [Y0 X1 X4 X5] +
0.125j [Y0 X1 Y4 Y5] +
-0.125j [Y0 Y1 X4 Y5] +
-0.125j [Y0 Y1 Y4 X5]
   12   0.19368321 (-0-0.5j) [X1 Y5] +
0.5j [Y1 X5]
   13  -0.00458363 (-0-0.5j) [X0 Y4] +
0.5j [Y0 X4]
   14   0.17691478 (-0-0.5j) [X2 Y6] +
0.5j [Y2 X6]
   15   0.00488373 (-0-0.5j) [X3 Y7] +
0.5j [Y3 X7]
   16   0.34181325 0.125j [X1 X2 X5 Y6] +
0.125j [X1 X2 Y5 X6] +
-0.125j [X1 Y2 X5 X6] +
0.125j [X1 Y2 Y5 Y6] +
(-0-0.125j) [Y1 X2 X5 X6] +
0.125j [Y1 X2 Y5 Y6] +
-0.125j [Y1 Y2 X5 Y6] +
-0.125j [Y1 Y2 Y5 X6]
   17   0.31623127 0.125j [X0 X3 X4 Y7] +
0.125j [X0 X3 Y4 X7] +
-0.125j [X0 Y3 X4 X7] +
0.125j [X0 Y3 Y4 Y7] +
(-0-0.125j) [Y0 X3 X4 X7] +
0.125j [Y0 X3 Y4 Y7] +
-0.125j [Y0 Y3 X4 Y7] +
-0.125j [Y0 Y3 Y4 X7]
   18   0.19256406 0.125j [X0 X1 X6 Y7] +
0.125j [X0 X1 Y6 X7] +
-0.125j [X0 Y1 X6 X7] +
0.125j [X0 Y1 Y6 Y7] +
(-0-0.125j) [Y0 X1 X6 X7] +
0.125j [Y0 X1 Y6 Y7] +
-0.125j [Y0 Y1 X6 Y7] +
-0.125j [Y0 Y1 Y6 X7]
   19   0.20690582 0.125j [X2 X3 X4 Y5] +
0.125j [X2 X3 Y4 X5] +
-0.125j [X2 Y3 X4 X5] +
0.125j [X2 Y3 Y4 Y5] +
(-0-0.125j) [Y2 X3 X4 X5] +
0.125j [Y2 X3 Y4 Y5] +
-0.125j [Y2 Y3 X4 Y5] +
-0.125j [Y2 Y3 Y4 X5]
 Final ADAPT-VQE energy:  -1.89778065
 <S^2> of final state  :   0.00000000
