 ---------------------------------------------------------
                                                          
                      Using Pyscf:
                                                          
 ---------------------------------------------------------
                                                          
converged SCF energy = -1.57561647670187

System and Method:
[('H', (0, 0, 2.0)), ('H', (0, 0, 4.0)), ('H', (0, 0, 6.0)), ('H', (0, 0, 8.0))]
Basis set                                      :      sto-3g
Number of Orbitals                             :         4
Number of electrons                            :         4
Nuclear Repulsion                              :    1.1465506237 
Electronic SCF energy                          :   -2.7221671004 
SCF Energy                                     :   -1.5756164767
 AO->MO
 NElectrons:    2    2
 ecore:   0.00000000
 ERIs in the active-space:
(4, 4, 4, 4)    0.00204800 Mb
 n_orb:    4
 n_a  :    2
 n_b  :    2
 HF Energy:  -1.57561648
 Build reference state with    2 alpha and    2 beta electrons [0, 2, 1, 3]
 State    0:  -1.89778065 au  <S2>:   0.00000000
 Form Pauli operators
 Number of operators:  90
 Reference Energy:  -1.57561648
 Generate Sparse Matrices for operators in pool
 Start ADAPT-VQE algorithm
 Now start to grow the ansatz




 --------------------------------------------------------------------------
                         ADAPT-VQE iteration:  0
 --------------------------------------------------------------------------
 Check each new operator for coupling
 Measure Operator Pool Gradients:
 Variance:      0.12632012
 Uncertainty:   0.35541542
 Norm of <[H,A]> =   0.71083084
 Max  of <[H,A]> =   0.00000000
 Add operator   72
 Iter:   0 Current Energy =  -1.6373721342454659 Gradient Norm    1.2e-01 Gradient Max    1.2e-01
 Iter:   1 Current Energy =  -1.6470948081749941 Gradient Norm    2.8e-02 Gradient Max    2.8e-02
 Iter:   2 Current Energy =  -1.6476407297249303 Gradient Norm    4.2e-04 Gradient Max    4.2e-04
 Iter:   3 Current Energy =  -1.6476408473684163 Gradient Norm    4.1e-07 Gradient Max    4.1e-07
 Iter:   4 Current Energy =  -1.6476408473685300 Gradient Norm    8.7e-14 Gradient Max    8.7e-14
 Finished:      -1.647640847369
 -----------New ansatz----------- 
    #        Coeff               Term
    0   0.45940126 0.125j [X2 X3 X4 Y5] +
0.125j [X2 X3 Y4 X5] +
-0.125j [X2 Y3 X4 X5] +
0.125j [X2 Y3 Y4 Y5] +
(-0-0.125j) [Y2 X3 X4 X5] +
0.125j [Y2 X3 Y4 Y5] +
-0.125j [Y2 Y3 X4 Y5] +
-0.125j [Y2 Y3 Y4 X5]




 --------------------------------------------------------------------------
                         ADAPT-VQE iteration:  1
 --------------------------------------------------------------------------
 Check each new operator for coupling
 Measure Operator Pool Gradients:
 Variance:      0.13476653
 Uncertainty:   0.36710561
 Norm of <[H,A]> =   0.73262794
 Max  of <[H,A]> =   0.00000000
 Add operator   41
 Iter:   0 Current Energy =  -1.7209908538451417 Gradient Norm    8.2e-02 Gradient Max    7.9e-02
 Iter:   1 Current Energy =  -1.7254532930146578 Gradient Norm    1.2e-02 Gradient Max    1.1e-02
 Iter:   2 Current Energy =  -1.7255197423599717 Gradient Norm    1.9e-04 Gradient Max    1.7e-04
 Iter:   3 Current Energy =  -1.7255197619806883 Gradient Norm    5.1e-06 Gradient Max    5.1e-06
 Iter:   4 Current Energy =  -1.7255197619979434 Gradient Norm    2.5e-08 Gradient Max    2.4e-08
 Iter:   5 Current Energy =  -1.7255197619979434 Gradient Norm    1.7e-10 Gradient Max    1.6e-10
 Finished:      -1.725519761998
 -----------New ansatz----------- 
    #        Coeff               Term
    0   0.44506588 0.125j [X0 X3 X4 Y7] +
0.125j [X0 X3 Y4 X7] +
-0.125j [X0 Y3 X4 X7] +
0.125j [X0 Y3 Y4 Y7] +
(-0-0.125j) [Y0 X3 X4 X7] +
0.125j [Y0 X3 Y4 Y7] +
-0.125j [Y0 Y3 X4 Y7] +
-0.125j [Y0 Y3 Y4 X7]
    1   0.50114441 0.125j [X2 X3 X4 Y5] +
0.125j [X2 X3 Y4 X5] +
-0.125j [X2 Y3 X4 X5] +
0.125j [X2 Y3 Y4 Y5] +
(-0-0.125j) [Y2 X3 X4 X5] +
0.125j [Y2 X3 Y4 Y5] +
-0.125j [Y2 Y3 X4 Y5] +
-0.125j [Y2 Y3 Y4 X5]




 --------------------------------------------------------------------------
                         ADAPT-VQE iteration:  2
 --------------------------------------------------------------------------
 Check each new operator for coupling
 Measure Operator Pool Gradients:
 Variance:      0.08336949
 Uncertainty:   0.28873776
 Norm of <[H,A]> =   0.63460904
 Max  of <[H,A]> =   0.00000000
 Add operator   59
 Iter:   0 Current Energy =  -1.8121537081109316 Gradient Norm    8.9e-02 Gradient Max    8.3e-02
 Iter:   1 Current Energy =  -1.8174339181489214 Gradient Norm    1.3e-02 Gradient Max    1.1e-02
 Iter:   2 Current Energy =  -1.8175296327183947 Gradient Norm    2.8e-03 Gradient Max    2.8e-03
 Iter:   3 Current Energy =  -1.8175343095497845 Gradient Norm    5.5e-04 Gradient Max    4.7e-04
 Iter:   4 Current Energy =  -1.8175344221076508 Gradient Norm    7.9e-05 Gradient Max    7.5e-05
 Iter:   5 Current Energy =  -1.8175344245022298 Gradient Norm    1.7e-06 Gradient Max    1.4e-06
 Iter:   6 Current Energy =  -1.8175344245039884 Gradient Norm    5.1e-08 Gradient Max    5.0e-08
 Iter:   7 Current Energy =  -1.8175344245039899 Gradient Norm    3.5e-10 Gradient Max    3.2e-10
 Iter:   8 Current Energy =  -1.8175344245039906 Gradient Norm    2.3e-12 Gradient Max    1.7e-12
 Finished:      -1.817534424504
 -----------New ansatz----------- 
    #        Coeff               Term
    0   0.48154817 0.125j [X1 X2 X5 Y6] +
0.125j [X1 X2 Y5 X6] +
-0.125j [X1 Y2 X5 X6] +
0.125j [X1 Y2 Y5 Y6] +
(-0-0.125j) [Y1 X2 X5 X6] +
0.125j [Y1 X2 Y5 Y6] +
-0.125j [Y1 Y2 X5 Y6] +
-0.125j [Y1 Y2 Y5 X6]
    1   0.48154817 0.125j [X0 X3 X4 Y7] +
0.125j [X0 X3 Y4 X7] +
-0.125j [X0 Y3 X4 X7] +
0.125j [X0 Y3 Y4 Y7] +
(-0-0.125j) [Y0 X3 X4 X7] +
0.125j [Y0 X3 Y4 Y7] +
-0.125j [Y0 Y3 X4 Y7] +
-0.125j [Y0 Y3 Y4 X7]
    2   0.54120105 0.125j [X2 X3 X4 Y5] +
0.125j [X2 X3 Y4 X5] +
-0.125j [X2 Y3 X4 X5] +
0.125j [X2 Y3 Y4 Y5] +
(-0-0.125j) [Y2 X3 X4 X5] +
0.125j [Y2 X3 Y4 Y5] +
-0.125j [Y2 Y3 X4 Y5] +
-0.125j [Y2 Y3 Y4 X5]




 --------------------------------------------------------------------------
                         ADAPT-VQE iteration:  3
 --------------------------------------------------------------------------
 Check each new operator for coupling
 Measure Operator Pool Gradients:
 Variance:      0.06086446
 Uncertainty:   0.24670723
 Norm of <[H,A]> =   0.42411291
 Max  of <[H,A]> =   0.00000000
 Add operator   28
 Iter:   0 Current Energy =  -1.8688084981098023 Gradient Norm    1.1e-01 Gradient Max    7.8e-02
 Iter:   1 Current Energy =  -1.8740867099228480 Gradient Norm    3.6e-02 Gradient Max    2.7e-02
 Iter:   2 Current Energy =  -1.8745632987019860 Gradient Norm    5.7e-03 Gradient Max    5.5e-03
 Iter:   3 Current Energy =  -1.8745752470094836 Gradient Norm    4.2e-04 Gradient Max    2.8e-04
 Iter:   4 Current Energy =  -1.8745753399320795 Gradient Norm    5.2e-05 Gradient Max    3.5e-05
 Iter:   5 Current Energy =  -1.8745753413364827 Gradient Norm    9.6e-07 Gradient Max    7.7e-07
 Iter:   6 Current Energy =  -1.8745753413368229 Gradient Norm    2.0e-08 Gradient Max    2.0e-08
 Finished:      -1.874575341337
 -----------New ansatz----------- 
    #        Coeff               Term
    0   0.34073403 0.125j [X0 X1 X6 Y7] +
0.125j [X0 X1 Y6 X7] +
-0.125j [X0 Y1 X6 X7] +
0.125j [X0 Y1 Y6 Y7] +
(-0-0.125j) [Y0 X1 X6 X7] +
0.125j [Y0 X1 Y6 Y7] +
-0.125j [Y0 Y1 X6 Y7] +
-0.125j [Y0 Y1 Y6 X7]
    1   0.41092212 0.125j [X1 X2 X5 Y6] +
0.125j [X1 X2 Y5 X6] +
-0.125j [X1 Y2 X5 X6] +
0.125j [X1 Y2 Y5 Y6] +
(-0-0.125j) [Y1 X2 X5 X6] +
0.125j [Y1 X2 Y5 Y6] +
-0.125j [Y1 Y2 X5 Y6] +
-0.125j [Y1 Y2 Y5 X6]
    2   0.41092212 0.125j [X0 X3 X4 Y7] +
0.125j [X0 X3 Y4 X7] +
-0.125j [X0 Y3 X4 X7] +
0.125j [X0 Y3 Y4 Y7] +
(-0-0.125j) [Y0 X3 X4 X7] +
0.125j [Y0 X3 Y4 Y7] +
-0.125j [Y0 Y3 X4 Y7] +
-0.125j [Y0 Y3 Y4 X7]
    3   0.51252234 0.125j [X2 X3 X4 Y5] +
0.125j [X2 X3 Y4 X5] +
-0.125j [X2 Y3 X4 X5] +
0.125j [X2 Y3 Y4 Y5] +
(-0-0.125j) [Y2 X3 X4 X5] +
0.125j [Y2 X3 Y4 Y5] +
-0.125j [Y2 Y3 X4 Y5] +
-0.125j [Y2 Y3 Y4 X5]




 --------------------------------------------------------------------------
                         ADAPT-VQE iteration:  4
 --------------------------------------------------------------------------
 Check each new operator for coupling
 Measure Operator Pool Gradients:
 Variance:      0.01995485
 Uncertainty:   0.14126162
 Norm of <[H,A]> =   0.11271769
 Max  of <[H,A]> =   0.00000000
 Add operator    9
 Iter:   0 Current Energy =  -1.8755941432625822 Gradient Norm    2.0e-02 Gradient Max    1.9e-02
 Iter:   1 Current Energy =  -1.8760717304245875 Gradient Norm    4.3e-03 Gradient Max    4.0e-03
 Iter:   2 Current Energy =  -1.8760803399187724 Gradient Norm    1.6e-03 Gradient Max    1.1e-03
 Iter:   3 Current Energy =  -1.8760812804272580 Gradient Norm    1.0e-04 Gradient Max    7.1e-05
 Iter:   4 Current Energy =  -1.8760812869957402 Gradient Norm    9.2e-06 Gradient Max    6.8e-06
 Iter:   5 Current Energy =  -1.8760812870399728 Gradient Norm    9.4e-07 Gradient Max    7.2e-07
 Iter:   6 Current Energy =  -1.8760812870404280 Gradient Norm    6.7e-08 Gradient Max    6.0e-08
 Iter:   7 Current Energy =  -1.8760812870404300 Gradient Norm    1.3e-10 Gradient Max    9.8e-11
 Finished:      -1.876081287040
 -----------New ansatz----------- 
    #        Coeff               Term
    0   0.08166598 (-0-0.5j) [X3 Y7] +
0.5j [Y3 X7]
    1   0.33718590 0.125j [X0 X1 X6 Y7] +
0.125j [X0 X1 Y6 X7] +
-0.125j [X0 Y1 X6 X7] +
0.125j [X0 Y1 Y6 Y7] +
(-0-0.125j) [Y0 X1 X6 X7] +
0.125j [Y0 X1 Y6 Y7] +
-0.125j [Y0 Y1 X6 Y7] +
-0.125j [Y0 Y1 Y6 X7]
    2   0.42441768 0.125j [X1 X2 X5 Y6] +
0.125j [X1 X2 Y5 X6] +
-0.125j [X1 Y2 X5 X6] +
0.125j [X1 Y2 Y5 Y6] +
(-0-0.125j) [Y1 X2 X5 X6] +
0.125j [Y1 X2 Y5 Y6] +
-0.125j [Y1 Y2 X5 Y6] +
-0.125j [Y1 Y2 Y5 X6]
    3   0.40108203 0.125j [X0 X3 X4 Y7] +
0.125j [X0 X3 Y4 X7] +
-0.125j [X0 Y3 X4 X7] +
0.125j [X0 Y3 Y4 Y7] +
(-0-0.125j) [Y0 X3 X4 X7] +
0.125j [Y0 X3 Y4 Y7] +
-0.125j [Y0 Y3 X4 Y7] +
-0.125j [Y0 Y3 Y4 X7]
    4   0.51882120 0.125j [X2 X3 X4 Y5] +
0.125j [X2 X3 Y4 X5] +
-0.125j [X2 Y3 X4 X5] +
0.125j [X2 Y3 Y4 Y5] +
(-0-0.125j) [Y2 X3 X4 X5] +
0.125j [Y2 X3 Y4 Y5] +
-0.125j [Y2 Y3 X4 Y5] +
-0.125j [Y2 Y3 Y4 X5]




 --------------------------------------------------------------------------
                         ADAPT-VQE iteration:  5
 --------------------------------------------------------------------------
 Check each new operator for coupling
 Measure Operator Pool Gradients:
 Variance:      0.01834106
 Uncertainty:   0.13542918
 Norm of <[H,A]> =   0.07887778
 Max  of <[H,A]> =   0.00000000
 Add operator   22
 Iter:   0 Current Energy =  -1.8767616340773257 Gradient Norm    1.1e-02 Gradient Max    9.2e-03
 Iter:   1 Current Energy =  -1.8768420900503024 Gradient Norm    1.9e-03 Gradient Max    1.7e-03
 Iter:   2 Current Energy =  -1.8768433782670646 Gradient Norm    6.3e-04 Gradient Max    3.7e-04
 Iter:   3 Current Energy =  -1.8768435079008818 Gradient Norm    6.3e-05 Gradient Max    4.1e-05
 Iter:   4 Current Energy =  -1.8768435097610880 Gradient Norm    8.6e-06 Gradient Max    5.2e-06
 Iter:   5 Current Energy =  -1.8768435098083285 Gradient Norm    3.9e-06 Gradient Max    3.5e-06
 Iter:   6 Current Energy =  -1.8768435098256244 Gradient Norm    1.2e-06 Gradient Max    8.0e-07
 Iter:   7 Current Energy =  -1.8768435098266243 Gradient Norm    2.3e-07 Gradient Max    1.7e-07
 Iter:   8 Current Energy =  -1.8768435098266489 Gradient Norm    1.4e-08 Gradient Max    9.1e-09
 Iter:   9 Current Energy =  -1.8768435098266489 Gradient Norm    6.8e-10 Gradient Max    4.6e-10
 Finished:      -1.876843509827
 -----------New ansatz----------- 
    #        Coeff               Term
    0   0.04661638 0.125j [X0 X1 X4 Y5] +
0.125j [X0 X1 Y4 X5] +
-0.125j [X0 Y1 X4 X5] +
0.125j [X0 Y1 Y4 Y5] +
(-0-0.125j) [Y0 X1 X4 X5] +
0.125j [Y0 X1 Y4 Y5] +
-0.125j [Y0 Y1 X4 Y5] +
-0.125j [Y0 Y1 Y4 X5]
    1   0.08205538 (-0-0.5j) [X3 Y7] +
0.5j [Y3 X7]
    2   0.33374704 0.125j [X0 X1 X6 Y7] +
0.125j [X0 X1 Y6 X7] +
-0.125j [X0 Y1 X6 X7] +
0.125j [X0 Y1 Y6 Y7] +
(-0-0.125j) [Y0 X1 X6 X7] +
0.125j [Y0 X1 Y6 Y7] +
-0.125j [Y0 Y1 X6 Y7] +
-0.125j [Y0 Y1 Y6 X7]
    3   0.42432150 0.125j [X1 X2 X5 Y6] +
0.125j [X1 X2 Y5 X6] +
-0.125j [X1 Y2 X5 X6] +
0.125j [X1 Y2 Y5 Y6] +
(-0-0.125j) [Y1 X2 X5 X6] +
0.125j [Y1 X2 Y5 Y6] +
-0.125j [Y1 Y2 X5 Y6] +
-0.125j [Y1 Y2 Y5 X6]
    4   0.40034609 0.125j [X0 X3 X4 Y7] +
0.125j [X0 X3 Y4 X7] +
-0.125j [X0 Y3 X4 X7] +
0.125j [X0 Y3 Y4 Y7] +
(-0-0.125j) [Y0 X3 X4 X7] +
0.125j [Y0 X3 Y4 Y7] +
-0.125j [Y0 Y3 X4 Y7] +
-0.125j [Y0 Y3 Y4 X7]
    5   0.51366434 0.125j [X2 X3 X4 Y5] +
0.125j [X2 X3 Y4 X5] +
-0.125j [X2 Y3 X4 X5] +
0.125j [X2 Y3 Y4 Y5] +
(-0-0.125j) [Y2 X3 X4 X5] +
0.125j [Y2 X3 Y4 Y5] +
-0.125j [Y2 Y3 X4 Y5] +
-0.125j [Y2 Y3 Y4 X5]




 --------------------------------------------------------------------------
                         ADAPT-VQE iteration:  6
 --------------------------------------------------------------------------
 Check each new operator for coupling
 Measure Operator Pool Gradients:
 Variance:      0.01704683
 Uncertainty:   0.13056352
 Norm of <[H,A]> =   0.09393571
 Max  of <[H,A]> =   0.00000000
 Add operator   78
 Iter:   0 Current Energy =  -1.8784039050332000 Gradient Norm    2.8e-02 Gradient Max    2.3e-02
 Iter:   1 Current Energy =  -1.8794016165222605 Gradient Norm    2.1e-02 Gradient Max    2.0e-02
 Iter:   2 Current Energy =  -1.8799750893522309 Gradient Norm    7.2e-03 Gradient Max    4.2e-03
 Iter:   3 Current Energy =  -1.8799980402619265 Gradient Norm    3.0e-03 Gradient Max    2.0e-03
 Iter:   4 Current Energy =  -1.8800033825874622 Gradient Norm    1.2e-03 Gradient Max    7.1e-04
 Iter:   5 Current Energy =  -1.8800044800855231 Gradient Norm    4.2e-04 Gradient Max    2.5e-04
 Iter:   6 Current Energy =  -1.8800045825482870 Gradient Norm    2.8e-05 Gradient Max    1.9e-05
 Iter:   7 Current Energy =  -1.8800045829540275 Gradient Norm    2.1e-06 Gradient Max    1.2e-06
 Iter:   8 Current Energy =  -1.8800045829566465 Gradient Norm    6.7e-08 Gradient Max    3.6e-08
 Iter:   9 Current Energy =  -1.8800045829566496 Gradient Norm    4.6e-09 Gradient Max    2.6e-09
 Finished:      -1.880004582957
 -----------New ansatz----------- 
    #        Coeff               Term
    0   0.12406957 0.125j [X2 X3 X6 Y7] +
0.125j [X2 X3 Y6 X7] +
-0.125j [X2 Y3 X6 X7] +
0.125j [X2 Y3 Y6 Y7] +
(-0-0.125j) [Y2 X3 X6 X7] +
0.125j [Y2 X3 Y6 Y7] +
-0.125j [Y2 Y3 X6 Y7] +
-0.125j [Y2 Y3 Y6 X7]
    1   0.13010977 0.125j [X0 X1 X4 Y5] +
0.125j [X0 X1 Y4 X5] +
-0.125j [X0 Y1 X4 X5] +
0.125j [X0 Y1 Y4 Y5] +
(-0-0.125j) [Y0 X1 X4 X5] +
0.125j [Y0 X1 Y4 Y5] +
-0.125j [Y0 Y1 X4 Y5] +
-0.125j [Y0 Y1 Y4 X5]
    2   0.05996801 (-0-0.5j) [X3 Y7] +
0.5j [Y3 X7]
    3   0.32388576 0.125j [X0 X1 X6 Y7] +
0.125j [X0 X1 Y6 X7] +
-0.125j [X0 Y1 X6 X7] +
0.125j [X0 Y1 Y6 Y7] +
(-0-0.125j) [Y0 X1 X6 X7] +
0.125j [Y0 X1 Y6 Y7] +
-0.125j [Y0 Y1 X6 Y7] +
-0.125j [Y0 Y1 Y6 X7]
    4   0.42345997 0.125j [X1 X2 X5 Y6] +
0.125j [X1 X2 Y5 X6] +
-0.125j [X1 Y2 X5 X6] +
0.125j [X1 Y2 Y5 Y6] +
(-0-0.125j) [Y1 X2 X5 X6] +
0.125j [Y1 X2 Y5 Y6] +
-0.125j [Y1 Y2 X5 Y6] +
-0.125j [Y1 Y2 Y5 X6]
    5   0.40474149 0.125j [X0 X3 X4 Y7] +
0.125j [X0 X3 Y4 X7] +
-0.125j [X0 Y3 X4 X7] +
0.125j [X0 Y3 Y4 Y7] +
(-0-0.125j) [Y0 X3 X4 X7] +
0.125j [Y0 X3 Y4 Y7] +
-0.125j [Y0 Y3 X4 Y7] +
-0.125j [Y0 Y3 Y4 X7]
    6   0.48909729 0.125j [X2 X3 X4 Y5] +
0.125j [X2 X3 Y4 X5] +
-0.125j [X2 Y3 X4 X5] +
0.125j [X2 Y3 Y4 Y5] +
(-0-0.125j) [Y2 X3 X4 X5] +
0.125j [Y2 X3 Y4 Y5] +
-0.125j [Y2 Y3 X4 Y5] +
-0.125j [Y2 Y3 Y4 X5]




 --------------------------------------------------------------------------
                         ADAPT-VQE iteration:  7
 --------------------------------------------------------------------------
 Check each new operator for coupling
 Measure Operator Pool Gradients:
 Variance:      0.01362533
 Uncertainty:   0.11672759
 Norm of <[H,A]> =   0.07003913
 Max  of <[H,A]> =   0.00000000
 Add operator   43
 Iter:   0 Current Energy =  -1.8810869271913777 Gradient Norm    1.7e-02 Gradient Max    1.3e-02
 Iter:   1 Current Energy =  -1.8813031164617167 Gradient Norm    6.4e-03 Gradient Max    4.7e-03
 Iter:   2 Current Energy =  -1.8813192250320072 Gradient Norm    2.6e-03 Gradient Max    1.5e-03
 Iter:   3 Current Energy =  -1.8813238899089111 Gradient Norm    1.6e-03 Gradient Max    9.7e-04
 Iter:   4 Current Energy =  -1.8813282010690000 Gradient Norm    3.6e-04 Gradient Max    2.6e-04
 Iter:   5 Current Energy =  -1.8813283149984679 Gradient Norm    7.1e-05 Gradient Max    5.1e-05
 Iter:   6 Current Energy =  -1.8813283177817652 Gradient Norm    8.1e-06 Gradient Max    7.2e-06
 Iter:   7 Current Energy =  -1.8813283178335158 Gradient Norm    4.2e-06 Gradient Max    3.3e-06
 Iter:   8 Current Energy =  -1.8813283178524207 Gradient Norm    8.2e-07 Gradient Max    4.8e-07
 Iter:   9 Current Energy =  -1.8813283178528253 Gradient Norm    1.4e-07 Gradient Max    7.7e-08
 Iter:  10 Current Energy =  -1.8813283178528339 Gradient Norm    1.7e-08 Gradient Max    1.2e-08
 Iter:  11 Current Energy =  -1.8813283178528346 Gradient Norm    1.4e-09 Gradient Max    1.1e-09
 Iter:  12 Current Energy =  -1.8813283178528351 Gradient Norm    1.9e-11 Gradient Max    1.1e-11
 Finished:      -1.881328317853
 -----------New ansatz----------- 
    #        Coeff               Term
    0  -0.06523365 0.125j [X0 X3 X5 Y6] +
0.125j [X0 X3 Y5 X6] +
-0.125j [X0 Y3 X5 X6] +
0.125j [X0 Y3 Y5 Y6] +
(-0-0.125j) [Y0 X3 X5 X6] +
0.125j [Y0 X3 Y5 Y6] +
-0.125j [Y0 Y3 X5 Y6] +
-0.125j [Y0 Y3 Y5 X6]
    1   0.13301510 0.125j [X2 X3 X6 Y7] +
0.125j [X2 X3 Y6 X7] +
-0.125j [X2 Y3 X6 X7] +
0.125j [X2 Y3 Y6 Y7] +
(-0-0.125j) [Y2 X3 X6 X7] +
0.125j [Y2 X3 Y6 Y7] +
-0.125j [Y2 Y3 X6 Y7] +
-0.125j [Y2 Y3 Y6 X7]
    2   0.13911837 0.125j [X0 X1 X4 Y5] +
0.125j [X0 X1 Y4 X5] +
-0.125j [X0 Y1 X4 X5] +
0.125j [X0 Y1 Y4 Y5] +
(-0-0.125j) [Y0 X1 X4 X5] +
0.125j [Y0 X1 Y4 Y5] +
-0.125j [Y0 Y1 X4 Y5] +
-0.125j [Y0 Y1 Y4 X5]
    3   0.05550467 (-0-0.5j) [X3 Y7] +
0.5j [Y3 X7]
    4   0.32184018 0.125j [X0 X1 X6 Y7] +
0.125j [X0 X1 Y6 X7] +
-0.125j [X0 Y1 X6 X7] +
0.125j [X0 Y1 Y6 Y7] +
(-0-0.125j) [Y0 X1 X6 X7] +
0.125j [Y0 X1 Y6 Y7] +
-0.125j [Y0 Y1 X6 Y7] +
-0.125j [Y0 Y1 Y6 X7]
    5   0.41528226 0.125j [X1 X2 X5 Y6] +
0.125j [X1 X2 Y5 X6] +
-0.125j [X1 Y2 X5 X6] +
0.125j [X1 Y2 Y5 Y6] +
(-0-0.125j) [Y1 X2 X5 X6] +
0.125j [Y1 X2 Y5 Y6] +
-0.125j [Y1 Y2 X5 Y6] +
-0.125j [Y1 Y2 Y5 X6]
    6   0.39652833 0.125j [X0 X3 X4 Y7] +
0.125j [X0 X3 Y4 X7] +
-0.125j [X0 Y3 X4 X7] +
0.125j [X0 Y3 Y4 Y7] +
(-0-0.125j) [Y0 X3 X4 X7] +
0.125j [Y0 X3 Y4 Y7] +
-0.125j [Y0 Y3 X4 Y7] +
-0.125j [Y0 Y3 Y4 X7]
    7   0.48446850 0.125j [X2 X3 X4 Y5] +
0.125j [X2 X3 Y4 X5] +
-0.125j [X2 Y3 X4 X5] +
0.125j [X2 Y3 Y4 Y5] +
(-0-0.125j) [Y2 X3 X4 X5] +
0.125j [Y2 X3 Y4 Y5] +
-0.125j [Y2 Y3 X4 Y5] +
-0.125j [Y2 Y3 Y4 X5]




 --------------------------------------------------------------------------
                         ADAPT-VQE iteration:  8
 --------------------------------------------------------------------------
 Check each new operator for coupling
 Measure Operator Pool Gradients:
 Variance:      0.01199586
 Uncertainty:   0.10952561
 Norm of <[H,A]> =   0.09946282
 Max  of <[H,A]> =   0.00000000
 Add operator   57
 Iter:   0 Current Energy =  -1.8845521583520228 Gradient Norm    4.1e-02 Gradient Max    2.9e-02
 Iter:   1 Current Energy =  -1.8870773061906978 Gradient Norm    3.8e-02 Gradient Max    3.5e-02
 Iter:   2 Current Energy =  -1.8893337061963134 Gradient Norm    3.2e-02 Gradient Max    1.8e-02
 Iter:   3 Current Energy =  -1.8899599033604821 Gradient Norm    1.9e-02 Gradient Max    1.0e-02
 Iter:   4 Current Energy =  -1.8904022867458483 Gradient Norm    1.3e-02 Gradient Max    8.6e-03
 Iter:   5 Current Energy =  -1.8905372431403453 Gradient Norm    8.0e-03 Gradient Max    4.6e-03
 Iter:   6 Current Energy =  -1.8905749853794958 Gradient Norm    1.6e-03 Gradient Max    9.4e-04
 Iter:   7 Current Energy =  -1.8905766530945096 Gradient Norm    5.1e-04 Gradient Max    3.2e-04
 Iter:   8 Current Energy =  -1.8905768614238607 Gradient Norm    1.7e-04 Gradient Max    1.0e-04
 Iter:   9 Current Energy =  -1.8905768784915677 Gradient Norm    4.0e-05 Gradient Max    2.2e-05
 Iter:  10 Current Energy =  -1.8905768794232385 Gradient Norm    6.2e-06 Gradient Max    4.3e-06
 Iter:  11 Current Energy =  -1.8905768794507010 Gradient Norm    1.1e-06 Gradient Max    5.6e-07
 Iter:  12 Current Energy =  -1.8905768794513349 Gradient Norm    1.4e-07 Gradient Max    7.9e-08
 Iter:  13 Current Energy =  -1.8905768794513416 Gradient Norm    2.7e-08 Gradient Max    1.9e-08
 Iter:  14 Current Energy =  -1.8905768794513433 Gradient Norm    3.7e-09 Gradient Max    2.5e-09
 Iter:  15 Current Energy =  -1.8905768794513436 Gradient Norm    1.7e-09 Gradient Max    1.2e-09
 Iter:  16 Current Energy =  -1.8905768794513449 Gradient Norm    1.3e-09 Gradient Max    8.8e-10
 Finished:      -1.890576879451
 -----------New ansatz----------- 
    #        Coeff               Term
    0  -0.24990262 0.125j [X1 X2 X4 Y7] +
0.125j [X1 X2 Y4 X7] +
-0.125j [X1 Y2 X4 X7] +
0.125j [X1 Y2 Y4 Y7] +
(-0-0.125j) [Y1 X2 X4 X7] +
0.125j [Y1 X2 Y4 Y7] +
-0.125j [Y1 Y2 X4 Y7] +
-0.125j [Y1 Y2 Y4 X7]
    1  -0.24952866 0.125j [X0 X3 X5 Y6] +
0.125j [X0 X3 Y5 X6] +
-0.125j [X0 Y3 X5 X6] +
0.125j [X0 Y3 Y5 Y6] +
(-0-0.125j) [Y0 X3 X5 X6] +
0.125j [Y0 X3 Y5 Y6] +
-0.125j [Y0 Y3 X5 Y6] +
-0.125j [Y0 Y3 Y5 X6]
    2   0.21060896 0.125j [X2 X3 X6 Y7] +
0.125j [X2 X3 Y6 X7] +
-0.125j [X2 Y3 X6 X7] +
0.125j [X2 Y3 Y6 Y7] +
(-0-0.125j) [Y2 X3 X6 X7] +
0.125j [Y2 X3 Y6 Y7] +
-0.125j [Y2 Y3 X6 Y7] +
-0.125j [Y2 Y3 Y6 X7]
    3   0.21736462 0.125j [X0 X1 X4 Y5] +
0.125j [X0 X1 Y4 X5] +
-0.125j [X0 Y1 X4 X5] +
0.125j [X0 Y1 Y4 Y5] +
(-0-0.125j) [Y0 X1 X4 X5] +
0.125j [Y0 X1 Y4 Y5] +
-0.125j [Y0 Y1 X4 Y5] +
-0.125j [Y0 Y1 Y4 X5]
    4  -0.01042954 (-0-0.5j) [X3 Y7] +
0.5j [Y3 X7]
    5   0.30078431 0.125j [X0 X1 X6 Y7] +
0.125j [X0 X1 Y6 X7] +
-0.125j [X0 Y1 X6 X7] +
0.125j [X0 Y1 Y6 Y7] +
(-0-0.125j) [Y0 X1 X6 X7] +
0.125j [Y0 X1 Y6 Y7] +
-0.125j [Y0 Y1 X6 Y7] +
-0.125j [Y0 Y1 Y6 X7]
    6   0.34448190 0.125j [X1 X2 X5 Y6] +
0.125j [X1 X2 Y5 X6] +
-0.125j [X1 Y2 X5 X6] +
0.125j [X1 Y2 Y5 Y6] +
(-0-0.125j) [Y1 X2 X5 X6] +
0.125j [Y1 X2 Y5 Y6] +
-0.125j [Y1 Y2 X5 Y6] +
-0.125j [Y1 Y2 Y5 X6]
    7   0.34798208 0.125j [X0 X3 X4 Y7] +
0.125j [X0 X3 Y4 X7] +
-0.125j [X0 Y3 X4 X7] +
0.125j [X0 Y3 Y4 Y7] +
(-0-0.125j) [Y0 X3 X4 X7] +
0.125j [Y0 X3 Y4 Y7] +
-0.125j [Y0 Y3 X4 Y7] +
-0.125j [Y0 Y3 Y4 X7]
    8   0.43905344 0.125j [X2 X3 X4 Y5] +
0.125j [X2 X3 Y4 X5] +
-0.125j [X2 Y3 X4 X5] +
0.125j [X2 Y3 Y4 Y5] +
(-0-0.125j) [Y2 X3 X4 X5] +
0.125j [Y2 X3 Y4 Y5] +
-0.125j [Y2 Y3 X4 Y5] +
-0.125j [Y2 Y3 Y4 X5]




 --------------------------------------------------------------------------
                         ADAPT-VQE iteration:  9
 --------------------------------------------------------------------------
 Check each new operator for coupling
 Measure Operator Pool Gradients:
 Variance:      0.00522704
 Uncertainty:   0.07229824
 Norm of <[H,A]> =   0.04868907
 Max  of <[H,A]> =   0.00000000
 Add operator   20
 Iter:   0 Current Energy =  -1.8908232103570746 Gradient Norm    1.3e-02 Gradient Max    1.2e-02
 Iter:   1 Current Energy =  -1.8911711703885385 Gradient Norm    7.8e-03 Gradient Max    6.3e-03
 Iter:   2 Current Energy =  -1.8913029220025350 Gradient Norm    7.0e-03 Gradient Max    5.7e-03
 Iter:   3 Current Energy =  -1.8913570546205594 Gradient Norm    5.6e-03 Gradient Max    3.1e-03
 Iter:   4 Current Energy =  -1.8914056571533882 Gradient Norm    3.8e-03 Gradient Max    1.6e-03
 Iter:   5 Current Energy =  -1.8914238521823719 Gradient Norm    3.2e-03 Gradient Max    1.7e-03
 Iter:   6 Current Energy =  -1.8914377269583558 Gradient Norm    2.2e-03 Gradient Max    1.2e-03
 Iter:   7 Current Energy =  -1.8914427339469622 Gradient Norm    1.1e-03 Gradient Max    5.3e-04
 Iter:   8 Current Energy =  -1.8914440517033975 Gradient Norm    3.3e-04 Gradient Max    2.1e-04
 Iter:   9 Current Energy =  -1.8914441675833451 Gradient Norm    1.2e-04 Gradient Max    7.9e-05
 Iter:  10 Current Energy =  -1.8914441784392451 Gradient Norm    3.7e-05 Gradient Max    2.3e-05
 Iter:  11 Current Energy =  -1.8914441796500301 Gradient Norm    7.2e-06 Gradient Max    4.9e-06
 Iter:  12 Current Energy =  -1.8914441797100074 Gradient Norm    1.7e-06 Gradient Max    1.4e-06
 Iter:  13 Current Energy =  -1.8914441797116495 Gradient Norm    2.9e-07 Gradient Max    2.2e-07
 Iter:  14 Current Energy =  -1.8914441797116852 Gradient Norm    3.0e-08 Gradient Max    1.9e-08
 Iter:  15 Current Energy =  -1.8914441797116863 Gradient Norm    7.4e-09 Gradient Max    3.7e-09
 Iter:  16 Current Energy =  -1.8914441797116863 Gradient Norm    4.4e-10 Gradient Max    3.2e-10
 Finished:      -1.891444179712
 -----------New ansatz----------- 
    #        Coeff               Term
    0  -0.10185195 0.125j [X0 X1 X3 Y6] +
0.125j [X0 X1 Y3 X6] +
-0.125j [X0 Y1 X3 X6] +
0.125j [X0 Y1 Y3 Y6] +
(-0-0.125j) [Y0 X1 X3 X6] +
0.125j [Y0 X1 Y3 Y6] +
-0.125j [Y0 Y1 X3 Y6] +
-0.125j [Y0 Y1 Y3 X6]
    1  -0.26728420 0.125j [X1 X2 X4 Y7] +
0.125j [X1 X2 Y4 X7] +
-0.125j [X1 Y2 X4 X7] +
0.125j [X1 Y2 Y4 Y7] +
(-0-0.125j) [Y1 X2 X4 X7] +
0.125j [Y1 X2 Y4 Y7] +
-0.125j [Y1 Y2 X4 Y7] +
-0.125j [Y1 Y2 Y4 X7]
    2  -0.26901740 0.125j [X0 X3 X5 Y6] +
0.125j [X0 X3 Y5 X6] +
-0.125j [X0 Y3 X5 X6] +
0.125j [X0 Y3 Y5 Y6] +
(-0-0.125j) [Y0 X3 X5 X6] +
0.125j [Y0 X3 Y5 Y6] +
-0.125j [Y0 Y3 X5 Y6] +
-0.125j [Y0 Y3 Y5 X6]
    3   0.22444668 0.125j [X2 X3 X6 Y7] +
0.125j [X2 X3 Y6 X7] +
-0.125j [X2 Y3 X6 X7] +
0.125j [X2 Y3 Y6 Y7] +
(-0-0.125j) [Y2 X3 X6 X7] +
0.125j [Y2 X3 Y6 Y7] +
-0.125j [Y2 Y3 X6 Y7] +
-0.125j [Y2 Y3 Y6 X7]
    4   0.23549841 0.125j [X0 X1 X4 Y5] +
0.125j [X0 X1 Y4 X5] +
-0.125j [X0 Y1 X4 X5] +
0.125j [X0 Y1 Y4 Y5] +
(-0-0.125j) [Y0 X1 X4 X5] +
0.125j [Y0 X1 Y4 Y5] +
-0.125j [Y0 Y1 X4 Y5] +
-0.125j [Y0 Y1 Y4 X5]
    5  -0.06288194 (-0-0.5j) [X3 Y7] +
0.5j [Y3 X7]
    6   0.28600158 0.125j [X0 X1 X6 Y7] +
0.125j [X0 X1 Y6 X7] +
-0.125j [X0 Y1 X6 X7] +
0.125j [X0 Y1 Y6 Y7] +
(-0-0.125j) [Y0 X1 X6 X7] +
0.125j [Y0 X1 Y6 Y7] +
-0.125j [Y0 Y1 X6 Y7] +
-0.125j [Y0 Y1 Y6 X7]
    7   0.33497996 0.125j [X1 X2 X5 Y6] +
0.125j [X1 X2 Y5 X6] +
-0.125j [X1 Y2 X5 X6] +
0.125j [X1 Y2 Y5 Y6] +
(-0-0.125j) [Y1 X2 X5 X6] +
0.125j [Y1 X2 Y5 Y6] +
-0.125j [Y1 Y2 X5 Y6] +
-0.125j [Y1 Y2 Y5 X6]
    8   0.34699067 0.125j [X0 X3 X4 Y7] +
0.125j [X0 X3 Y4 X7] +
-0.125j [X0 Y3 X4 X7] +
0.125j [X0 Y3 Y4 Y7] +
(-0-0.125j) [Y0 X3 X4 X7] +
0.125j [Y0 X3 Y4 Y7] +
-0.125j [Y0 Y3 X4 Y7] +
-0.125j [Y0 Y3 Y4 X7]
    9   0.42420922 0.125j [X2 X3 X4 Y5] +
0.125j [X2 X3 Y4 X5] +
-0.125j [X2 Y3 X4 X5] +
0.125j [X2 Y3 Y4 Y5] +
(-0-0.125j) [Y2 X3 X4 X5] +
0.125j [Y2 X3 Y4 Y5] +
-0.125j [Y2 Y3 X4 Y5] +
-0.125j [Y2 Y3 Y4 X5]




 --------------------------------------------------------------------------
                         ADAPT-VQE iteration:  10
 --------------------------------------------------------------------------
 Check each new operator for coupling
 Measure Operator Pool Gradients:
 Variance:      0.00463665
 Uncertainty:   0.06809293
 Norm of <[H,A]> =   0.05535582
 Max  of <[H,A]> =   0.00000000
 Add operator   70
 Iter:   0 Current Energy =  -1.8921459894746890 Gradient Norm    2.1e-02 Gradient Max    2.1e-02
 Iter:   1 Current Energy =  -1.8930656485658734 Gradient Norm    1.1e-02 Gradient Max    8.3e-03
 Iter:   2 Current Energy =  -1.8932813126291401 Gradient Norm    1.1e-02 Gradient Max    9.1e-03
 Iter:   3 Current Energy =  -1.8934592343096843 Gradient Norm    1.0e-02 Gradient Max    7.7e-03
 Iter:   4 Current Energy =  -1.8936908057137092 Gradient Norm    7.4e-03 Gradient Max    4.7e-03
 Iter:   5 Current Energy =  -1.8937621277331957 Gradient Norm    4.3e-03 Gradient Max    2.2e-03
 Iter:   6 Current Energy =  -1.8937811696760958 Gradient Norm    2.8e-03 Gradient Max    1.3e-03
 Iter:   7 Current Energy =  -1.8937877512147727 Gradient Norm    1.8e-03 Gradient Max    9.4e-04
 Iter:   8 Current Energy =  -1.8937933355533210 Gradient Norm    1.2e-03 Gradient Max    6.7e-04
 Iter:   9 Current Energy =  -1.8937960474831210 Gradient Norm    5.2e-04 Gradient Max    2.7e-04
 Iter:  10 Current Energy =  -1.8937963625291772 Gradient Norm    1.3e-04 Gradient Max    8.0e-05
 Iter:  11 Current Energy =  -1.8937963799797073 Gradient Norm    3.0e-05 Gradient Max    1.9e-05
 Iter:  12 Current Energy =  -1.8937963806876799 Gradient Norm    1.1e-05 Gradient Max    5.6e-06
 Iter:  13 Current Energy =  -1.8937963807846985 Gradient Norm    3.0e-06 Gradient Max    1.5e-06
 Iter:  14 Current Energy =  -1.8937963807946241 Gradient Norm    1.2e-06 Gradient Max    6.3e-07
 Iter:  15 Current Energy =  -1.8937963807958984 Gradient Norm    4.4e-07 Gradient Max    2.8e-07
 Iter:  16 Current Energy =  -1.8937963807960805 Gradient Norm    7.0e-08 Gradient Max    4.0e-08
 Iter:  17 Current Energy =  -1.8937963807960863 Gradient Norm    6.9e-09 Gradient Max    4.5e-09
 Iter:  18 Current Energy =  -1.8937963807960869 Gradient Norm    6.5e-10 Gradient Max    3.7e-10
 Iter:  19 Current Energy =  -1.8937963807960876 Gradient Norm    3.5e-10 Gradient Max    2.1e-10
 Finished:      -1.893796380796
 -----------New ansatz----------- 
    #        Coeff               Term
    0  -0.16612753 0.125j [X1 X4 X6 Y7] +
0.125j [X1 X4 Y6 X7] +
-0.125j [X1 Y4 X6 X7] +
0.125j [X1 Y4 Y6 Y7] +
(-0-0.125j) [Y1 X4 X6 X7] +
0.125j [Y1 X4 Y6 Y7] +
-0.125j [Y1 Y4 X6 Y7] +
-0.125j [Y1 Y4 Y6 X7]
    1  -0.20606758 0.125j [X0 X1 X3 Y6] +
0.125j [X0 X1 Y3 X6] +
-0.125j [X0 Y1 X3 X6] +
0.125j [X0 Y1 Y3 Y6] +
(-0-0.125j) [Y0 X1 X3 X6] +
0.125j [Y0 X1 Y3 Y6] +
-0.125j [Y0 Y1 X3 Y6] +
-0.125j [Y0 Y1 Y3 X6]
    2  -0.28368848 0.125j [X1 X2 X4 Y7] +
0.125j [X1 X2 Y4 X7] +
-0.125j [X1 Y2 X4 X7] +
0.125j [X1 Y2 Y4 Y7] +
(-0-0.125j) [Y1 X2 X4 X7] +
0.125j [Y1 X2 Y4 Y7] +
-0.125j [Y1 Y2 X4 Y7] +
-0.125j [Y1 Y2 Y4 X7]
    3  -0.28081580 0.125j [X0 X3 X5 Y6] +
0.125j [X0 X3 Y5 X6] +
-0.125j [X0 Y3 X5 X6] +
0.125j [X0 Y3 Y5 Y6] +
(-0-0.125j) [Y0 X3 X5 X6] +
0.125j [Y0 X3 Y5 Y6] +
-0.125j [Y0 Y3 X5 Y6] +
-0.125j [Y0 Y3 Y5 X6]
    4   0.24049608 0.125j [X2 X3 X6 Y7] +
0.125j [X2 X3 Y6 X7] +
-0.125j [X2 Y3 X6 X7] +
0.125j [X2 Y3 Y6 Y7] +
(-0-0.125j) [Y2 X3 X6 X7] +
0.125j [Y2 X3 Y6 Y7] +
-0.125j [Y2 Y3 X6 Y7] +
-0.125j [Y2 Y3 Y6 X7]
    5   0.24688396 0.125j [X0 X1 X4 Y5] +
0.125j [X0 X1 Y4 X5] +
-0.125j [X0 Y1 X4 X5] +
0.125j [X0 Y1 Y4 Y5] +
(-0-0.125j) [Y0 X1 X4 X5] +
0.125j [Y0 X1 Y4 Y5] +
-0.125j [Y0 Y1 X4 Y5] +
-0.125j [Y0 Y1 Y4 X5]
    6  -0.12295106 (-0-0.5j) [X3 Y7] +
0.5j [Y3 X7]
    7   0.26123283 0.125j [X0 X1 X6 Y7] +
0.125j [X0 X1 Y6 X7] +
-0.125j [X0 Y1 X6 X7] +
0.125j [X0 Y1 Y6 Y7] +
(-0-0.125j) [Y0 X1 X6 X7] +
0.125j [Y0 X1 Y6 Y7] +
-0.125j [Y0 Y1 X6 Y7] +
-0.125j [Y0 Y1 Y6 X7]
    8   0.34740130 0.125j [X1 X2 X5 Y6] +
0.125j [X1 X2 Y5 X6] +
-0.125j [X1 Y2 X5 X6] +
0.125j [X1 Y2 Y5 Y6] +
(-0-0.125j) [Y1 X2 X5 X6] +
0.125j [Y1 X2 Y5 Y6] +
-0.125j [Y1 Y2 X5 Y6] +
-0.125j [Y1 Y2 Y5 X6]
    9   0.35014866 0.125j [X0 X3 X4 Y7] +
0.125j [X0 X3 Y4 X7] +
-0.125j [X0 Y3 X4 X7] +
0.125j [X0 Y3 Y4 Y7] +
(-0-0.125j) [Y0 X3 X4 X7] +
0.125j [Y0 X3 Y4 Y7] +
-0.125j [Y0 Y3 X4 Y7] +
-0.125j [Y0 Y3 Y4 X7]
   10   0.41303199 0.125j [X2 X3 X4 Y5] +
0.125j [X2 X3 Y4 X5] +
-0.125j [X2 Y3 X4 X5] +
0.125j [X2 Y3 Y4 Y5] +
(-0-0.125j) [Y2 X3 X4 X5] +
0.125j [Y2 X3 Y4 Y5] +
-0.125j [Y2 Y3 X4 Y5] +
-0.125j [Y2 Y3 Y4 X5]




 --------------------------------------------------------------------------
                         ADAPT-VQE iteration:  11
 --------------------------------------------------------------------------
 Check each new operator for coupling
 Measure Operator Pool Gradients:
 Variance:      0.00216694
 Uncertainty:   0.04655040
 Norm of <[H,A]> =   0.02983914
 Max  of <[H,A]> =   0.00000000
 Add operator    2
 Iter:   0 Current Energy =  -1.8939685093855891 Gradient Norm    1.0e-02 Gradient Max    8.0e-03
 Iter:   1 Current Energy =  -1.8941685229856233 Gradient Norm    7.2e-03 Gradient Max    5.0e-03
 Iter:   2 Current Energy =  -1.8942290999018725 Gradient Norm    5.9e-03 Gradient Max    4.6e-03
 Iter:   3 Current Energy =  -1.8942818672329969 Gradient Norm    4.9e-03 Gradient Max    3.1e-03
 Iter:   4 Current Energy =  -1.8943180229788070 Gradient Norm    4.8e-03 Gradient Max    3.1e-03
 Iter:   5 Current Energy =  -1.8943559025714793 Gradient Norm    4.7e-03 Gradient Max    3.9e-03
 Iter:   6 Current Energy =  -1.8943849926407834 Gradient Norm    4.0e-03 Gradient Max    2.2e-03
 Iter:   7 Current Energy =  -1.8944048784651240 Gradient Norm    2.7e-03 Gradient Max    1.8e-03
 Iter:   8 Current Energy =  -1.8944138128310439 Gradient Norm    1.5e-03 Gradient Max    9.8e-04
 Iter:   9 Current Energy =  -1.8944160310392422 Gradient Norm    6.4e-04 Gradient Max    3.5e-04
 Iter:  10 Current Energy =  -1.8944163697889929 Gradient Norm    2.7e-04 Gradient Max    1.1e-04
 Iter:  11 Current Energy =  -1.8944164489701709 Gradient Norm    1.7e-04 Gradient Max    7.6e-05
 Iter:  12 Current Energy =  -1.8944164878207792 Gradient Norm    1.3e-04 Gradient Max    6.5e-05
 Iter:  13 Current Energy =  -1.8944165088846598 Gradient Norm    8.2e-05 Gradient Max    4.3e-05
 Iter:  14 Current Energy =  -1.8944165160454269 Gradient Norm    3.9e-05 Gradient Max    1.9e-05
 Iter:  15 Current Energy =  -1.8944165175927847 Gradient Norm    1.6e-05 Gradient Max    7.1e-06
 Iter:  16 Current Energy =  -1.8944165178115764 Gradient Norm    5.2e-06 Gradient Max    2.4e-06
 Iter:  17 Current Energy =  -1.8944165178310988 Gradient Norm    1.1e-06 Gradient Max    5.6e-07
 Iter:  18 Current Energy =  -1.8944165178320227 Gradient Norm    2.1e-07 Gradient Max    1.7e-07
 Iter:  19 Current Energy =  -1.8944165178320507 Gradient Norm    3.3e-08 Gradient Max    3.0e-08
 Iter:  20 Current Energy =  -1.8944165178320507 Gradient Norm    5.8e-09 Gradient Max    3.0e-09
 Finished:      -1.894416517832
 -----------New ansatz----------- 
    #        Coeff               Term
    0  -0.08213871 (-0-0.5j) [X0 Y4] +
0.5j [Y0 X4]
    1  -0.23751895 0.125j [X1 X4 X6 Y7] +
0.125j [X1 X4 Y6 X7] +
-0.125j [X1 Y4 X6 X7] +
0.125j [X1 Y4 Y6 Y7] +
(-0-0.125j) [Y1 X4 X6 X7] +
0.125j [Y1 X4 Y6 Y7] +
-0.125j [Y1 Y4 X6 Y7] +
-0.125j [Y1 Y4 Y6 X7]
    2  -0.25845558 0.125j [X0 X1 X3 Y6] +
0.125j [X0 X1 Y3 X6] +
-0.125j [X0 Y1 X3 X6] +
0.125j [X0 Y1 Y3 Y6] +
(-0-0.125j) [Y0 X1 X3 X6] +
0.125j [Y0 X1 Y3 Y6] +
-0.125j [Y0 Y1 X3 Y6] +
-0.125j [Y0 Y1 Y3 X6]
    3  -0.30019954 0.125j [X1 X2 X4 Y7] +
0.125j [X1 X2 Y4 X7] +
-0.125j [X1 Y2 X4 X7] +
0.125j [X1 Y2 Y4 Y7] +
(-0-0.125j) [Y1 X2 X4 X7] +
0.125j [Y1 X2 Y4 Y7] +
-0.125j [Y1 Y2 X4 Y7] +
-0.125j [Y1 Y2 Y4 X7]
    4  -0.30020895 0.125j [X0 X3 X5 Y6] +
0.125j [X0 X3 Y5 X6] +
-0.125j [X0 Y3 X5 X6] +
0.125j [X0 Y3 Y5 Y6] +
(-0-0.125j) [Y0 X3 X5 X6] +
0.125j [Y0 X3 Y5 Y6] +
-0.125j [Y0 Y3 X5 Y6] +
-0.125j [Y0 Y3 Y5 X6]
    5   0.25540833 0.125j [X2 X3 X6 Y7] +
0.125j [X2 X3 Y6 X7] +
-0.125j [X2 Y3 X6 X7] +
0.125j [X2 Y3 Y6 Y7] +
(-0-0.125j) [Y2 X3 X6 X7] +
0.125j [Y2 X3 Y6 Y7] +
-0.125j [Y2 Y3 X6 Y7] +
-0.125j [Y2 Y3 Y6 X7]
    6   0.25844806 0.125j [X0 X1 X4 Y5] +
0.125j [X0 X1 Y4 X5] +
-0.125j [X0 Y1 X4 X5] +
0.125j [X0 Y1 Y4 Y5] +
(-0-0.125j) [Y0 X1 X4 X5] +
0.125j [Y0 X1 Y4 Y5] +
-0.125j [Y0 Y1 X4 Y5] +
-0.125j [Y0 Y1 Y4 X5]
    7  -0.12342535 (-0-0.5j) [X3 Y7] +
0.5j [Y3 X7]
    8   0.24772522 0.125j [X0 X1 X6 Y7] +
0.125j [X0 X1 Y6 X7] +
-0.125j [X0 Y1 X6 X7] +
0.125j [X0 Y1 Y6 Y7] +
(-0-0.125j) [Y0 X1 X6 X7] +
0.125j [Y0 X1 Y6 Y7] +
-0.125j [Y0 Y1 X6 Y7] +
-0.125j [Y0 Y1 Y6 X7]
    9   0.32657575 0.125j [X1 X2 X5 Y6] +
0.125j [X1 X2 Y5 X6] +
-0.125j [X1 Y2 X5 X6] +
0.125j [X1 Y2 Y5 Y6] +
(-0-0.125j) [Y1 X2 X5 X6] +
0.125j [Y1 X2 Y5 Y6] +
-0.125j [Y1 Y2 X5 Y6] +
-0.125j [Y1 Y2 Y5 X6]
   10   0.34509097 0.125j [X0 X3 X4 Y7] +
0.125j [X0 X3 Y4 X7] +
-0.125j [X0 Y3 X4 X7] +
0.125j [X0 Y3 Y4 Y7] +
(-0-0.125j) [Y0 X3 X4 X7] +
0.125j [Y0 X3 Y4 Y7] +
-0.125j [Y0 Y3 X4 Y7] +
-0.125j [Y0 Y3 Y4 X7]
   11   0.39552598 0.125j [X2 X3 X4 Y5] +
0.125j [X2 X3 Y4 X5] +
-0.125j [X2 Y3 X4 X5] +
0.125j [X2 Y3 Y4 Y5] +
(-0-0.125j) [Y2 X3 X4 X5] +
0.125j [Y2 X3 Y4 Y5] +
-0.125j [Y2 Y3 X4 Y5] +
-0.125j [Y2 Y3 Y4 X5]




 --------------------------------------------------------------------------
                         ADAPT-VQE iteration:  12
 --------------------------------------------------------------------------
 Check each new operator for coupling
 Measure Operator Pool Gradients:
 Variance:      0.00174784
 Uncertainty:   0.04180712
 Norm of <[H,A]> =   0.02264025
 Max  of <[H,A]> =   0.00000000
 Add operator    9
 Iter:   0 Current Energy =  -1.8945183983912277 Gradient Norm    9.7e-03 Gradient Max    6.0e-03
 Iter:   1 Current Energy =  -1.8946933139959214 Gradient Norm    1.1e-02 Gradient Max    8.3e-03
 Iter:   2 Current Energy =  -1.8949726062135728 Gradient Norm    1.2e-02 Gradient Max    1.1e-02
 Iter:   3 Current Energy =  -1.8952793946070474 Gradient Norm    1.2e-02 Gradient Max    8.0e-03
 Iter:   4 Current Energy =  -1.8954024053694269 Gradient Norm    9.1e-03 Gradient Max    6.1e-03
 Iter:   5 Current Energy =  -1.8954846676044150 Gradient Norm    5.5e-03 Gradient Max    4.6e-03
 Iter:   6 Current Energy =  -1.8955209699832236 Gradient Norm    4.2e-03 Gradient Max    3.0e-03
 Iter:   7 Current Energy =  -1.8955429825541812 Gradient Norm    3.0e-03 Gradient Max    1.7e-03
 Iter:   8 Current Energy =  -1.8955530799388078 Gradient Norm    2.4e-03 Gradient Max    1.5e-03
 Iter:   9 Current Energy =  -1.8955643929668138 Gradient Norm    2.4e-03 Gradient Max    1.5e-03
 Iter:  10 Current Energy =  -1.8955744683883340 Gradient Norm    2.6e-03 Gradient Max    1.8e-03
 Iter:  11 Current Energy =  -1.8955832475692354 Gradient Norm    2.0e-03 Gradient Max    1.5e-03
 Iter:  12 Current Energy =  -1.8955873696505623 Gradient Norm    1.1e-03 Gradient Max    7.5e-04
 Iter:  13 Current Energy =  -1.8955887358126864 Gradient Norm    5.5e-04 Gradient Max    3.0e-04
 Iter:  14 Current Energy =  -1.8955890834769620 Gradient Norm    3.0e-04 Gradient Max    1.5e-04
 Iter:  15 Current Energy =  -1.8955891638516047 Gradient Norm    1.5e-04 Gradient Max    6.3e-05
 Iter:  16 Current Energy =  -1.8955891886667060 Gradient Norm    1.0e-04 Gradient Max    4.6e-05
 Iter:  17 Current Energy =  -1.8955892047201415 Gradient Norm    9.7e-05 Gradient Max    4.1e-05
 Iter:  18 Current Energy =  -1.8955892176045421 Gradient Norm    7.8e-05 Gradient Max    3.9e-05
 Iter:  19 Current Energy =  -1.8955892229293867 Gradient Norm    3.4e-05 Gradient Max    1.6e-05
 Iter:  20 Current Energy =  -1.8955892238278889 Gradient Norm    7.8e-06 Gradient Max    4.3e-06
 Iter:  21 Current Energy =  -1.8955892238963341 Gradient Norm    2.9e-06 Gradient Max    1.5e-06
 Iter:  22 Current Energy =  -1.8955892239041057 Gradient Norm    1.4e-06 Gradient Max    7.0e-07
 Iter:  23 Current Energy =  -1.8955892239057153 Gradient Norm    3.3e-07 Gradient Max    1.5e-07
 Iter:  24 Current Energy =  -1.8955892239058258 Gradient Norm    4.9e-08 Gradient Max    2.4e-08
 Iter:  25 Current Energy =  -1.8955892239058290 Gradient Norm    1.3e-08 Gradient Max    6.9e-09
 Iter:  26 Current Energy =  -1.8955892239058301 Gradient Norm    2.6e-09 Gradient Max    1.7e-09
 Iter:  27 Current Energy =  -1.8955892239058305 Gradient Norm    2.3e-09 Gradient Max    1.5e-09
 Iter:  28 Current Energy =  -1.8955892239058305 Gradient Norm    8.0e-11 Gradient Max    3.9e-11
 Finished:      -1.895589223906
 -----------New ansatz----------- 
    #        Coeff               Term
    0   0.21779656 (-0-0.5j) [X3 Y7] +
0.5j [Y3 X7]
    1  -0.06288331 (-0-0.5j) [X0 Y4] +
0.5j [Y0 X4]
    2  -0.18063423 0.125j [X1 X4 X6 Y7] +
0.125j [X1 X4 Y6 X7] +
-0.125j [X1 Y4 X6 X7] +
0.125j [X1 Y4 Y6 Y7] +
(-0-0.125j) [Y1 X4 X6 X7] +
0.125j [Y1 X4 Y6 Y7] +
-0.125j [Y1 Y4 X6 Y7] +
-0.125j [Y1 Y4 Y6 X7]
    3  -0.18796572 0.125j [X0 X1 X3 Y6] +
0.125j [X0 X1 Y3 X6] +
-0.125j [X0 Y1 X3 X6] +
0.125j [X0 Y1 Y3 Y6] +
(-0-0.125j) [Y0 X1 X3 X6] +
0.125j [Y0 X1 Y3 Y6] +
-0.125j [Y0 Y1 X3 Y6] +
-0.125j [Y0 Y1 Y3 X6]
    4  -0.29503595 0.125j [X1 X2 X4 Y7] +
0.125j [X1 X2 Y4 X7] +
-0.125j [X1 Y2 X4 X7] +
0.125j [X1 Y2 Y4 Y7] +
(-0-0.125j) [Y1 X2 X4 X7] +
0.125j [Y1 X2 Y4 Y7] +
-0.125j [Y1 Y2 X4 Y7] +
-0.125j [Y1 Y2 Y4 X7]
    5  -0.29776826 0.125j [X0 X3 X5 Y6] +
0.125j [X0 X3 Y5 X6] +
-0.125j [X0 Y3 X5 X6] +
0.125j [X0 Y3 Y5 Y6] +
(-0-0.125j) [Y0 X3 X5 X6] +
0.125j [Y0 X3 Y5 Y6] +
-0.125j [Y0 Y3 X5 Y6] +
-0.125j [Y0 Y3 Y5 X6]
    6   0.25742212 0.125j [X2 X3 X6 Y7] +
0.125j [X2 X3 Y6 X7] +
-0.125j [X2 Y3 X6 X7] +
0.125j [X2 Y3 Y6 Y7] +
(-0-0.125j) [Y2 X3 X6 X7] +
0.125j [Y2 X3 Y6 Y7] +
-0.125j [Y2 Y3 X6 Y7] +
-0.125j [Y2 Y3 Y6 X7]
    7   0.24399957 0.125j [X0 X1 X4 Y5] +
0.125j [X0 X1 Y4 X5] +
-0.125j [X0 Y1 X4 X5] +
0.125j [X0 Y1 Y4 Y5] +
(-0-0.125j) [Y0 X1 X4 X5] +
0.125j [Y0 X1 Y4 Y5] +
-0.125j [Y0 Y1 X4 Y5] +
-0.125j [Y0 Y1 Y4 X5]
    8  -0.26091669 (-0-0.5j) [X3 Y7] +
0.5j [Y3 X7]
    9   0.23247163 0.125j [X0 X1 X6 Y7] +
0.125j [X0 X1 Y6 X7] +
-0.125j [X0 Y1 X6 X7] +
0.125j [X0 Y1 Y6 Y7] +
(-0-0.125j) [Y0 X1 X6 X7] +
0.125j [Y0 X1 Y6 Y7] +
-0.125j [Y0 Y1 X6 Y7] +
-0.125j [Y0 Y1 Y6 X7]
   10   0.37187525 0.125j [X1 X2 X5 Y6] +
0.125j [X1 X2 Y5 X6] +
-0.125j [X1 Y2 X5 X6] +
0.125j [X1 Y2 Y5 Y6] +
(-0-0.125j) [Y1 X2 X5 X6] +
0.125j [Y1 X2 Y5 Y6] +
-0.125j [Y1 Y2 X5 Y6] +
-0.125j [Y1 Y2 Y5 X6]
   11   0.36048716 0.125j [X0 X3 X4 Y7] +
0.125j [X0 X3 Y4 X7] +
-0.125j [X0 Y3 X4 X7] +
0.125j [X0 Y3 Y4 Y7] +
(-0-0.125j) [Y0 X3 X4 X7] +
0.125j [Y0 X3 Y4 Y7] +
-0.125j [Y0 Y3 X4 Y7] +
-0.125j [Y0 Y3 Y4 X7]
   12   0.39226960 0.125j [X2 X3 X4 Y5] +
0.125j [X2 X3 Y4 X5] +
-0.125j [X2 Y3 X4 X5] +
0.125j [X2 Y3 Y4 Y5] +
(-0-0.125j) [Y2 X3 X4 X5] +
0.125j [Y2 X3 Y4 Y5] +
-0.125j [Y2 Y3 X4 Y5] +
-0.125j [Y2 Y3 Y4 X5]




 --------------------------------------------------------------------------
                         ADAPT-VQE iteration:  13
 --------------------------------------------------------------------------
 Check each new operator for coupling
 Measure Operator Pool Gradients:
 Variance:      0.00077806
 Uncertainty:   0.02789377
 Norm of <[H,A]> =   0.03060907
 Max  of <[H,A]> =   0.00000000
 Add operator   34
 Iter:   0 Current Energy =  -1.8957525739474954 Gradient Norm    6.4e-03 Gradient Max    5.5e-03
 Iter:   1 Current Energy =  -1.8957921922000016 Gradient Norm    3.5e-03 Gradient Max    1.7e-03
 Iter:   2 Current Energy =  -1.8957998799297178 Gradient Norm    2.4e-03 Gradient Max    1.2e-03
 Iter:   3 Current Energy =  -1.8958042109893345 Gradient Norm    1.2e-03 Gradient Max    8.4e-04
 Iter:   4 Current Energy =  -1.8958060385797393 Gradient Norm    1.1e-03 Gradient Max    5.5e-04
 Iter:   5 Current Energy =  -1.8958080828680197 Gradient Norm    1.3e-03 Gradient Max    6.2e-04
 Iter:   6 Current Energy =  -1.8958112554644815 Gradient Norm    1.5e-03 Gradient Max    7.0e-04
 Iter:   7 Current Energy =  -1.8958148614371844 Gradient Norm    1.3e-03 Gradient Max    6.6e-04
 Iter:   8 Current Energy =  -1.8958166641056120 Gradient Norm    9.4e-04 Gradient Max    5.7e-04
 Iter:   9 Current Energy =  -1.8958180515034277 Gradient Norm    8.1e-04 Gradient Max    3.7e-04
 Iter:  10 Current Energy =  -1.8958191159928415 Gradient Norm    8.1e-04 Gradient Max    5.0e-04
 Iter:  11 Current Energy =  -1.8958200041483000 Gradient Norm    6.6e-04 Gradient Max    4.1e-04
 Iter:  12 Current Energy =  -1.8958205214910144 Gradient Norm    4.6e-04 Gradient Max    2.3e-04
 Iter:  13 Current Energy =  -1.8958208395463940 Gradient Norm    3.8e-04 Gradient Max    2.5e-04
 Iter:  14 Current Energy =  -1.8958210667219710 Gradient Norm    3.4e-04 Gradient Max    2.0e-04
 Iter:  15 Current Energy =  -1.8958212089282989 Gradient Norm    2.4e-04 Gradient Max    1.2e-04
 Iter:  16 Current Energy =  -1.8958212719181551 Gradient Norm    1.5e-04 Gradient Max    9.9e-05
 Iter:  17 Current Energy =  -1.8958213058761215 Gradient Norm    1.4e-04 Gradient Max    7.8e-05
 Iter:  18 Current Energy =  -1.8958213382867430 Gradient Norm    1.4e-04 Gradient Max    6.3e-05
 Iter:  19 Current Energy =  -1.8958213645666993 Gradient Norm    1.1e-04 Gradient Max    5.7e-05
 Iter:  20 Current Energy =  -1.8958213753360429 Gradient Norm    4.6e-05 Gradient Max    2.2e-05
 Iter:  21 Current Energy =  -1.8958213773358301 Gradient Norm    1.6e-05 Gradient Max    9.6e-06
 Iter:  22 Current Energy =  -1.8958213776048940 Gradient Norm    7.9e-06 Gradient Max    4.6e-06
 Iter:  23 Current Energy =  -1.8958213776640389 Gradient Norm    3.2e-06 Gradient Max    1.8e-06
 Iter:  24 Current Energy =  -1.8958213776737698 Gradient Norm    6.9e-07 Gradient Max    3.9e-07
 Iter:  25 Current Energy =  -1.8958213776743285 Gradient Norm    1.1e-07 Gradient Max    5.4e-08
 Iter:  26 Current Energy =  -1.8958213776743436 Gradient Norm    2.6e-08 Gradient Max    1.4e-08
 Finished:      -1.895821377674
 -----------New ansatz----------- 
    #        Coeff               Term
    0  -0.02995743 0.125j [X0 X2 X4 Y6] +
0.125j [X0 X2 Y4 X6] +
-0.125j [X0 Y2 X4 X6] +
0.125j [X0 Y2 Y4 Y6] +
(-0-0.125j) [Y0 X2 X4 X6] +
0.125j [Y0 X2 Y4 Y6] +
-0.125j [Y0 Y2 X4 Y6] +
-0.125j [Y0 Y2 Y4 X6]
    1   0.25184945 (-0-0.5j) [X3 Y7] +
0.5j [Y3 X7]
    2  -0.06149570 (-0-0.5j) [X0 Y4] +
0.5j [Y0 X4]
    3  -0.17341052 0.125j [X1 X4 X6 Y7] +
0.125j [X1 X4 Y6 X7] +
-0.125j [X1 Y4 X6 X7] +
0.125j [X1 Y4 Y6 Y7] +
(-0-0.125j) [Y1 X4 X6 X7] +
0.125j [Y1 X4 Y6 Y7] +
-0.125j [Y1 Y4 X6 Y7] +
-0.125j [Y1 Y4 Y6 X7]
    4  -0.17690763 0.125j [X0 X1 X3 Y6] +
0.125j [X0 X1 Y3 X6] +
-0.125j [X0 Y1 X3 X6] +
0.125j [X0 Y1 Y3 Y6] +
(-0-0.125j) [Y0 X1 X3 X6] +
0.125j [Y0 X1 Y3 Y6] +
-0.125j [Y0 Y1 X3 Y6] +
-0.125j [Y0 Y1 Y3 X6]
    5  -0.30199430 0.125j [X1 X2 X4 Y7] +
0.125j [X1 X2 Y4 X7] +
-0.125j [X1 Y2 X4 X7] +
0.125j [X1 Y2 Y4 Y7] +
(-0-0.125j) [Y1 X2 X4 X7] +
0.125j [Y1 X2 Y4 Y7] +
-0.125j [Y1 Y2 X4 Y7] +
-0.125j [Y1 Y2 Y4 X7]
    6  -0.30591531 0.125j [X0 X3 X5 Y6] +
0.125j [X0 X3 Y5 X6] +
-0.125j [X0 Y3 X5 X6] +
0.125j [X0 Y3 Y5 Y6] +
(-0-0.125j) [Y0 X3 X5 X6] +
0.125j [Y0 X3 Y5 Y6] +
-0.125j [Y0 Y3 X5 Y6] +
-0.125j [Y0 Y3 Y5 X6]
    7   0.25496692 0.125j [X2 X3 X6 Y7] +
0.125j [X2 X3 Y6 X7] +
-0.125j [X2 Y3 X6 X7] +
0.125j [X2 Y3 Y6 Y7] +
(-0-0.125j) [Y2 X3 X6 X7] +
0.125j [Y2 X3 Y6 Y7] +
-0.125j [Y2 Y3 X6 Y7] +
-0.125j [Y2 Y3 Y6 X7]
    8   0.23814965 0.125j [X0 X1 X4 Y5] +
0.125j [X0 X1 Y4 X5] +
-0.125j [X0 Y1 X4 X5] +
0.125j [X0 Y1 Y4 Y5] +
(-0-0.125j) [Y0 X1 X4 X5] +
0.125j [Y0 X1 Y4 Y5] +
-0.125j [Y0 Y1 X4 Y5] +
-0.125j [Y0 Y1 Y4 X5]
    9  -0.28243532 (-0-0.5j) [X3 Y7] +
0.5j [Y3 X7]
   10   0.23317064 0.125j [X0 X1 X6 Y7] +
0.125j [X0 X1 Y6 X7] +
-0.125j [X0 Y1 X6 X7] +
0.125j [X0 Y1 Y6 Y7] +
(-0-0.125j) [Y0 X1 X6 X7] +
0.125j [Y0 X1 Y6 Y7] +
-0.125j [Y0 Y1 X6 Y7] +
-0.125j [Y0 Y1 Y6 X7]
   11   0.37244583 0.125j [X1 X2 X5 Y6] +
0.125j [X1 X2 Y5 X6] +
-0.125j [X1 Y2 X5 X6] +
0.125j [X1 Y2 Y5 Y6] +
(-0-0.125j) [Y1 X2 X5 X6] +
0.125j [Y1 X2 Y5 Y6] +
-0.125j [Y1 Y2 X5 Y6] +
-0.125j [Y1 Y2 Y5 X6]
   12   0.35653081 0.125j [X0 X3 X4 Y7] +
0.125j [X0 X3 Y4 X7] +
-0.125j [X0 Y3 X4 X7] +
0.125j [X0 Y3 Y4 Y7] +
(-0-0.125j) [Y0 X3 X4 X7] +
0.125j [Y0 X3 Y4 Y7] +
-0.125j [Y0 Y3 X4 Y7] +
-0.125j [Y0 Y3 Y4 X7]
   13   0.39371774 0.125j [X2 X3 X4 Y5] +
0.125j [X2 X3 Y4 X5] +
-0.125j [X2 Y3 X4 X5] +
0.125j [X2 Y3 Y4 Y5] +
(-0-0.125j) [Y2 X3 X4 X5] +
0.125j [Y2 X3 Y4 Y5] +
-0.125j [Y2 Y3 X4 Y5] +
-0.125j [Y2 Y3 Y4 X5]




 --------------------------------------------------------------------------
                         ADAPT-VQE iteration:  14
 --------------------------------------------------------------------------
 Check each new operator for coupling
 Measure Operator Pool Gradients:
 Variance:      0.00071722
 Uncertainty:   0.02678103
 Norm of <[H,A]> =   0.03194462
 Max  of <[H,A]> =   0.00000000
 Add operator   65
 Iter:   0 Current Energy =  -1.8959515164413836 Gradient Norm    8.4e-03 Gradient Max    5.8e-03
 Iter:   1 Current Energy =  -1.8960715585011589 Gradient Norm    9.4e-03 Gradient Max    7.5e-03
 Iter:   2 Current Energy =  -1.8962701615005877 Gradient Norm    1.2e-02 Gradient Max    7.1e-03
 Iter:   3 Current Energy =  -1.8965596905409283 Gradient Norm    1.4e-02 Gradient Max    8.0e-03
 Iter:   4 Current Energy =  -1.8967479589676088 Gradient Norm    1.1e-02 Gradient Max    7.1e-03
 Iter:   5 Current Energy =  -1.8968266161395317 Gradient Norm    5.7e-03 Gradient Max    2.5e-03
 Iter:   6 Current Energy =  -1.8968621826016747 Gradient Norm    4.4e-03 Gradient Max    2.1e-03
 Iter:   7 Current Energy =  -1.8968771221630076 Gradient Norm    3.8e-03 Gradient Max    1.9e-03
 Iter:   8 Current Energy =  -1.8968992343347839 Gradient Norm    2.9e-03 Gradient Max    1.3e-03
 Iter:   9 Current Energy =  -1.8969097990982262 Gradient Norm    1.6e-03 Gradient Max    1.2e-03
 Iter:  10 Current Energy =  -1.8969118144299046 Gradient Norm    1.1e-03 Gradient Max    6.8e-04
 Iter:  11 Current Energy =  -1.8969143854688046 Gradient Norm    1.1e-03 Gradient Max    6.7e-04
 Iter:  12 Current Energy =  -1.8969158316808508 Gradient Norm    1.0e-03 Gradient Max    6.5e-04
 Iter:  13 Current Energy =  -1.8969169697892383 Gradient Norm    6.6e-04 Gradient Max    4.3e-04
 Iter:  14 Current Energy =  -1.8969174761882748 Gradient Norm    4.5e-04 Gradient Max    3.0e-04
 Iter:  15 Current Energy =  -1.8969177386937848 Gradient Norm    3.3e-04 Gradient Max    1.8e-04
 Iter:  16 Current Energy =  -1.8969178580025932 Gradient Norm    2.3e-04 Gradient Max    1.2e-04
 Iter:  17 Current Energy =  -1.8969179196120007 Gradient Norm    1.7e-04 Gradient Max    8.9e-05
 Iter:  18 Current Energy =  -1.8969179634117166 Gradient Norm    1.7e-04 Gradient Max    1.2e-04
 Iter:  19 Current Energy =  -1.8969180172351010 Gradient Norm    2.0e-04 Gradient Max    1.3e-04
 Iter:  20 Current Energy =  -1.8969180964763324 Gradient Norm    2.4e-04 Gradient Max    1.2e-04
 Iter:  21 Current Energy =  -1.8969181971908122 Gradient Norm    2.4e-04 Gradient Max    1.5e-04
 Iter:  22 Current Energy =  -1.8969182734196681 Gradient Norm    1.6e-04 Gradient Max    1.0e-04
 Iter:  23 Current Energy =  -1.8969182988601281 Gradient Norm    5.9e-05 Gradient Max    3.3e-05
 Iter:  24 Current Energy =  -1.8969183020842282 Gradient Norm    1.5e-05 Gradient Max    8.1e-06
 Iter:  25 Current Energy =  -1.8969183022730218 Gradient Norm    4.1e-06 Gradient Max    2.4e-06
 Iter:  26 Current Energy =  -1.8969183022863525 Gradient Norm    1.2e-06 Gradient Max    5.4e-07
 Iter:  27 Current Energy =  -1.8969183022879927 Gradient Norm    3.2e-07 Gradient Max    1.8e-07
 Iter:  28 Current Energy =  -1.8969183022880887 Gradient Norm    9.0e-08 Gradient Max    4.1e-08
 Iter:  29 Current Energy =  -1.8969183022880902 Gradient Norm    1.5e-08 Gradient Max    7.1e-09
 Iter:  30 Current Energy =  -1.8969183022880904 Gradient Norm    2.0e-09 Gradient Max    1.4e-09
 Iter:  31 Current Energy =  -1.8969183022880907 Gradient Norm    7.5e-10 Gradient Max    4.8e-10
 Iter:  32 Current Energy =  -1.8969183022880916 Gradient Norm    5.7e-10 Gradient Max    3.7e-10
 Iter:  33 Current Energy =  -1.8969183022880916 Gradient Norm    1.9e-10 Gradient Max    1.2e-10
 Finished:      -1.896918302288
 -----------New ansatz----------- 
    #        Coeff               Term
    0  -0.14719587 0.125j [X1 X3 X5 Y7] +
0.125j [X1 X3 Y5 X7] +
-0.125j [X1 Y3 X5 X7] +
0.125j [X1 Y3 Y5 Y7] +
(-0-0.125j) [Y1 X3 X5 X7] +
0.125j [Y1 X3 Y5 Y7] +
-0.125j [Y1 Y3 X5 Y7] +
-0.125j [Y1 Y3 Y5 X7]
    1  -0.15819833 0.125j [X0 X2 X4 Y6] +
0.125j [X0 X2 Y4 X6] +
-0.125j [X0 Y2 X4 X6] +
0.125j [X0 Y2 Y4 Y6] +
(-0-0.125j) [Y0 X2 X4 X6] +
0.125j [Y0 X2 Y4 Y6] +
-0.125j [Y0 Y2 X4 Y6] +
-0.125j [Y0 Y2 Y4 X6]
    2   0.26166903 (-0-0.5j) [X3 Y7] +
0.5j [Y3 X7]
    3  -0.04090924 (-0-0.5j) [X0 Y4] +
0.5j [Y0 X4]
    4  -0.15070640 0.125j [X1 X4 X6 Y7] +
0.125j [X1 X4 Y6 X7] +
-0.125j [X1 Y4 X6 X7] +
0.125j [X1 Y4 Y6 Y7] +
(-0-0.125j) [Y1 X4 X6 X7] +
0.125j [Y1 X4 Y6 Y7] +
-0.125j [Y1 Y4 X6 Y7] +
-0.125j [Y1 Y4 Y6 X7]
    5  -0.14091996 0.125j [X0 X1 X3 Y6] +
0.125j [X0 X1 Y3 X6] +
-0.125j [X0 Y1 X3 X6] +
0.125j [X0 Y1 Y3 Y6] +
(-0-0.125j) [Y0 X1 X3 X6] +
0.125j [Y0 X1 Y3 Y6] +
-0.125j [Y0 Y1 X3 Y6] +
-0.125j [Y0 Y1 Y3 X6]
    6  -0.34247216 0.125j [X1 X2 X4 Y7] +
0.125j [X1 X2 Y4 X7] +
-0.125j [X1 Y2 X4 X7] +
0.125j [X1 Y2 Y4 Y7] +
(-0-0.125j) [Y1 X2 X4 X7] +
0.125j [Y1 X2 Y4 Y7] +
-0.125j [Y1 Y2 X4 Y7] +
-0.125j [Y1 Y2 Y4 X7]
    7  -0.34556623 0.125j [X0 X3 X5 Y6] +
0.125j [X0 X3 Y5 X6] +
-0.125j [X0 Y3 X5 X6] +
0.125j [X0 Y3 Y5 Y6] +
(-0-0.125j) [Y0 X3 X5 X6] +
0.125j [Y0 X3 Y5 Y6] +
-0.125j [Y0 Y3 X5 Y6] +
-0.125j [Y0 Y3 Y5 X6]
    8   0.19900525 0.125j [X2 X3 X6 Y7] +
0.125j [X2 X3 Y6 X7] +
-0.125j [X2 Y3 X6 X7] +
0.125j [X2 Y3 Y6 Y7] +
(-0-0.125j) [Y2 X3 X6 X7] +
0.125j [Y2 X3 Y6 Y7] +
-0.125j [Y2 Y3 X6 Y7] +
-0.125j [Y2 Y3 Y6 X7]
    9   0.18826451 0.125j [X0 X1 X4 Y5] +
0.125j [X0 X1 Y4 X5] +
-0.125j [X0 Y1 X4 X5] +
0.125j [X0 Y1 Y4 Y5] +
(-0-0.125j) [Y0 X1 X4 X5] +
0.125j [Y0 X1 Y4 Y5] +
-0.125j [Y0 Y1 X4 Y5] +
-0.125j [Y0 Y1 Y4 X5]
   10  -0.26362449 (-0-0.5j) [X3 Y7] +
0.5j [Y3 X7]
   11   0.25842525 0.125j [X0 X1 X6 Y7] +
0.125j [X0 X1 Y6 X7] +
-0.125j [X0 Y1 X6 X7] +
0.125j [X0 Y1 Y6 Y7] +
(-0-0.125j) [Y0 X1 X6 X7] +
0.125j [Y0 X1 Y6 Y7] +
-0.125j [Y0 Y1 X6 Y7] +
-0.125j [Y0 Y1 Y6 X7]
   12   0.32595467 0.125j [X1 X2 X5 Y6] +
0.125j [X1 X2 Y5 X6] +
-0.125j [X1 Y2 X5 X6] +
0.125j [X1 Y2 Y5 Y6] +
(-0-0.125j) [Y1 X2 X5 X6] +
0.125j [Y1 X2 Y5 Y6] +
-0.125j [Y1 Y2 X5 Y6] +
-0.125j [Y1 Y2 Y5 X6]
   13   0.29964638 0.125j [X0 X3 X4 Y7] +
0.125j [X0 X3 Y4 X7] +
-0.125j [X0 Y3 X4 X7] +
0.125j [X0 Y3 Y4 Y7] +
(-0-0.125j) [Y0 X3 X4 X7] +
0.125j [Y0 X3 Y4 Y7] +
-0.125j [Y0 Y3 X4 Y7] +
-0.125j [Y0 Y3 Y4 X7]
   14   0.42066460 0.125j [X2 X3 X4 Y5] +
0.125j [X2 X3 Y4 X5] +
-0.125j [X2 Y3 X4 X5] +
0.125j [X2 Y3 Y4 Y5] +
(-0-0.125j) [Y2 X3 X4 X5] +
0.125j [Y2 X3 Y4 Y5] +
-0.125j [Y2 Y3 X4 Y5] +
-0.125j [Y2 Y3 Y4 X5]




 --------------------------------------------------------------------------
                         ADAPT-VQE iteration:  15
 --------------------------------------------------------------------------
 Check each new operator for coupling
 Measure Operator Pool Gradients:
 Variance:      0.00056751
 Uncertainty:   0.02382237
 Norm of <[H,A]> =   0.02377064
 Max  of <[H,A]> =   0.00000000
 Add operator    8
 Iter:   0 Current Energy =  -1.8969830416557067 Gradient Norm    6.4e-03 Gradient Max    4.4e-03
 Iter:   1 Current Energy =  -1.8970619639711805 Gradient Norm    6.2e-03 Gradient Max    3.6e-03
 Iter:   2 Current Energy =  -1.8971150892018003 Gradient Norm    5.4e-03 Gradient Max    4.1e-03
 Iter:   3 Current Energy =  -1.8971412594327952 Gradient Norm    3.2e-03 Gradient Max    2.1e-03
 Iter:   4 Current Energy =  -1.8971519002303405 Gradient Norm    2.1e-03 Gradient Max    1.6e-03
 Iter:   5 Current Energy =  -1.8971578787964609 Gradient Norm    2.0e-03 Gradient Max    1.1e-03
 Iter:   6 Current Energy =  -1.8971642441759555 Gradient Norm    2.3e-03 Gradient Max    1.3e-03
 Iter:   7 Current Energy =  -1.8971730109244200 Gradient Norm    2.5e-03 Gradient Max    1.7e-03
 Iter:   8 Current Energy =  -1.8971843858572841 Gradient Norm    2.6e-03 Gradient Max    1.7e-03
 Iter:   9 Current Energy =  -1.8971967303674391 Gradient Norm    2.7e-03 Gradient Max    1.5e-03
 Iter:  10 Current Energy =  -1.8972084245645768 Gradient Norm    2.4e-03 Gradient Max    1.6e-03
 Iter:  11 Current Energy =  -1.8972165335389035 Gradient Norm    1.7e-03 Gradient Max    1.1e-03
 Iter:  12 Current Energy =  -1.8972196809350175 Gradient Norm    8.9e-04 Gradient Max    4.5e-04
 Iter:  13 Current Energy =  -1.8972206397816540 Gradient Norm    6.5e-04 Gradient Max    3.0e-04
 Iter:  14 Current Energy =  -1.8972213498492143 Gradient Norm    6.8e-04 Gradient Max    4.4e-04
 Iter:  15 Current Energy =  -1.8972223559910091 Gradient Norm    7.4e-04 Gradient Max    4.6e-04
 Iter:  16 Current Energy =  -1.8972231852751804 Gradient Norm    5.8e-04 Gradient Max    3.0e-04
 Iter:  17 Current Energy =  -1.8972235521306200 Gradient Norm    3.1e-04 Gradient Max    1.3e-04
 Iter:  18 Current Energy =  -1.8972236690413127 Gradient Norm    2.2e-04 Gradient Max    1.1e-04
 Iter:  19 Current Energy =  -1.8972237539215633 Gradient Norm    2.3e-04 Gradient Max    1.2e-04
 Iter:  20 Current Energy =  -1.8972238521668372 Gradient Norm    2.2e-04 Gradient Max    1.2e-04
 Iter:  21 Current Energy =  -1.8972239112207296 Gradient Norm    1.3e-04 Gradient Max    6.3e-05
 Iter:  22 Current Energy =  -1.8972239279192555 Gradient Norm    5.7e-05 Gradient Max    2.7e-05
 Iter:  23 Current Energy =  -1.8972239320205224 Gradient Norm    4.6e-05 Gradient Max    3.2e-05
 Iter:  24 Current Energy =  -1.8972239360400747 Gradient Norm    4.9e-05 Gradient Max    3.2e-05
 Iter:  25 Current Energy =  -1.8972239409628096 Gradient Norm    4.6e-05 Gradient Max    2.1e-05
 Iter:  26 Current Energy =  -1.8972239437266138 Gradient Norm    2.5e-05 Gradient Max    1.2e-05
 Iter:  27 Current Energy =  -1.8972239443215064 Gradient Norm    5.6e-06 Gradient Max    2.7e-06
 Iter:  28 Current Energy =  -1.8972239443597139 Gradient Norm    5.0e-07 Gradient Max    2.3e-07
 Iter:  29 Current Energy =  -1.8972239443604511 Gradient Norm    8.1e-08 Gradient Max    3.8e-08
 Iter:  30 Current Energy =  -1.8972239443604586 Gradient Norm    2.6e-08 Gradient Max    1.3e-08
 Iter:  31 Current Energy =  -1.8972239443604586 Gradient Norm    5.6e-09 Gradient Max    3.0e-09
 Finished:      -1.897223944360
 -----------New ansatz----------- 
    #        Coeff               Term
    0  -0.06392200 (-0-0.5j) [X2 Y6] +
0.5j [Y2 X6]
    1  -0.14842314 0.125j [X1 X3 X5 Y7] +
0.125j [X1 X3 Y5 X7] +
-0.125j [X1 Y3 X5 X7] +
0.125j [X1 Y3 Y5 Y7] +
(-0-0.125j) [Y1 X3 X5 X7] +
0.125j [Y1 X3 Y5 Y7] +
-0.125j [Y1 Y3 X5 Y7] +
-0.125j [Y1 Y3 Y5 X7]
    2  -0.16358440 0.125j [X0 X2 X4 Y6] +
0.125j [X0 X2 Y4 X6] +
-0.125j [X0 Y2 X4 X6] +
0.125j [X0 Y2 Y4 Y6] +
(-0-0.125j) [Y0 X2 X4 X6] +
0.125j [Y0 X2 Y4 Y6] +
-0.125j [Y0 Y2 X4 Y6] +
-0.125j [Y0 Y2 Y4 X6]
    3   0.33651754 (-0-0.5j) [X3 Y7] +
0.5j [Y3 X7]
    4  -0.07681289 (-0-0.5j) [X0 Y4] +
0.5j [Y0 X4]
    5  -0.12718864 0.125j [X1 X4 X6 Y7] +
0.125j [X1 X4 Y6 X7] +
-0.125j [X1 Y4 X6 X7] +
0.125j [X1 Y4 Y6 Y7] +
(-0-0.125j) [Y1 X4 X6 X7] +
0.125j [Y1 X4 Y6 Y7] +
-0.125j [Y1 Y4 X6 Y7] +
-0.125j [Y1 Y4 Y6 X7]
    6  -0.11811234 0.125j [X0 X1 X3 Y6] +
0.125j [X0 X1 Y3 X6] +
-0.125j [X0 Y1 X3 X6] +
0.125j [X0 Y1 Y3 Y6] +
(-0-0.125j) [Y0 X1 X3 X6] +
0.125j [Y0 X1 Y3 Y6] +
-0.125j [Y0 Y1 X3 Y6] +
-0.125j [Y0 Y1 Y3 X6]
    7  -0.35204789 0.125j [X1 X2 X4 Y7] +
0.125j [X1 X2 Y4 X7] +
-0.125j [X1 Y2 X4 X7] +
0.125j [X1 Y2 Y4 Y7] +
(-0-0.125j) [Y1 X2 X4 X7] +
0.125j [Y1 X2 Y4 Y7] +
-0.125j [Y1 Y2 X4 Y7] +
-0.125j [Y1 Y2 Y4 X7]
    8  -0.35440722 0.125j [X0 X3 X5 Y6] +
0.125j [X0 X3 Y5 X6] +
-0.125j [X0 Y3 X5 X6] +
0.125j [X0 Y3 Y5 Y6] +
(-0-0.125j) [Y0 X3 X5 X6] +
0.125j [Y0 X3 Y5 Y6] +
-0.125j [Y0 Y3 X5 Y6] +
-0.125j [Y0 Y3 Y5 X6]
    9   0.20919004 0.125j [X2 X3 X6 Y7] +
0.125j [X2 X3 Y6 X7] +
-0.125j [X2 Y3 X6 X7] +
0.125j [X2 Y3 Y6 Y7] +
(-0-0.125j) [Y2 X3 X6 X7] +
0.125j [Y2 X3 Y6 Y7] +
-0.125j [Y2 Y3 X6 Y7] +
-0.125j [Y2 Y3 Y6 X7]
   10   0.18493345 0.125j [X0 X1 X4 Y5] +
0.125j [X0 X1 Y4 X5] +
-0.125j [X0 Y1 X4 X5] +
0.125j [X0 Y1 Y4 Y5] +
(-0-0.125j) [Y0 X1 X4 X5] +
0.125j [Y0 X1 Y4 Y5] +
-0.125j [Y0 Y1 X4 Y5] +
-0.125j [Y0 Y1 Y4 X5]
   11  -0.33072819 (-0-0.5j) [X3 Y7] +
0.5j [Y3 X7]
   12   0.25518637 0.125j [X0 X1 X6 Y7] +
0.125j [X0 X1 Y6 X7] +
-0.125j [X0 Y1 X6 X7] +
0.125j [X0 Y1 Y6 Y7] +
(-0-0.125j) [Y0 X1 X6 X7] +
0.125j [Y0 X1 Y6 Y7] +
-0.125j [Y0 Y1 X6 Y7] +
-0.125j [Y0 Y1 Y6 X7]
   13   0.31434810 0.125j [X1 X2 X5 Y6] +
0.125j [X1 X2 Y5 X6] +
-0.125j [X1 Y2 X5 X6] +
0.125j [X1 Y2 Y5 Y6] +
(-0-0.125j) [Y1 X2 X5 X6] +
0.125j [Y1 X2 Y5 Y6] +
-0.125j [Y1 Y2 X5 Y6] +
-0.125j [Y1 Y2 Y5 X6]
   14   0.31726432 0.125j [X0 X3 X4 Y7] +
0.125j [X0 X3 Y4 X7] +
-0.125j [X0 Y3 X4 X7] +
0.125j [X0 Y3 Y4 Y7] +
(-0-0.125j) [Y0 X3 X4 X7] +
0.125j [Y0 X3 Y4 Y7] +
-0.125j [Y0 Y3 X4 Y7] +
-0.125j [Y0 Y3 Y4 X7]
   15   0.41964395 0.125j [X2 X3 X4 Y5] +
0.125j [X2 X3 Y4 X5] +
-0.125j [X2 Y3 X4 X5] +
0.125j [X2 Y3 Y4 Y5] +
(-0-0.125j) [Y2 X3 X4 X5] +
0.125j [Y2 X3 Y4 Y5] +
-0.125j [Y2 Y3 X4 Y5] +
-0.125j [Y2 Y3 Y4 X5]




 --------------------------------------------------------------------------
                         ADAPT-VQE iteration:  16
 --------------------------------------------------------------------------
 Check each new operator for coupling
 Measure Operator Pool Gradients:
 Variance:      0.00043918
 Uncertainty:   0.02095653
 Norm of <[H,A]> =   0.01936861
 Max  of <[H,A]> =   0.00000000
 Add operator    3
 Iter:   0 Current Energy =  -1.8972759966535215 Gradient Norm    6.5e-03 Gradient Max    4.1e-03
 Iter:   1 Current Energy =  -1.8973520266290513 Gradient Norm    5.4e-03 Gradient Max    3.3e-03
 Iter:   2 Current Energy =  -1.8973974353283498 Gradient Norm    3.6e-03 Gradient Max    2.0e-03
 Iter:   3 Current Energy =  -1.8974051069174427 Gradient Norm    1.8e-03 Gradient Max    9.6e-04
 Iter:   4 Current Energy =  -1.8974094145863161 Gradient Norm    1.5e-03 Gradient Max    7.6e-04
 Iter:   5 Current Energy =  -1.8974127497128765 Gradient Norm    1.5e-03 Gradient Max    9.0e-04
 Iter:   6 Current Energy =  -1.8974153730039407 Gradient Norm    1.3e-03 Gradient Max    5.8e-04
 Iter:   7 Current Energy =  -1.8974166056182009 Gradient Norm    7.3e-04 Gradient Max    4.2e-04
 Iter:   8 Current Energy =  -1.8974170264837489 Gradient Norm    4.2e-04 Gradient Max    2.7e-04
 Iter:   9 Current Energy =  -1.8974172608093209 Gradient Norm    4.0e-04 Gradient Max    2.8e-04
 Iter:  10 Current Energy =  -1.8974176213282861 Gradient Norm    4.5e-04 Gradient Max    3.2e-04
 Iter:  11 Current Energy =  -1.8974180105149236 Gradient Norm    4.2e-04 Gradient Max    2.3e-04
 Iter:  12 Current Energy =  -1.8974182006477593 Gradient Norm    2.7e-04 Gradient Max    1.4e-04
 Iter:  13 Current Energy =  -1.8974182853777317 Gradient Norm    1.9e-04 Gradient Max    1.1e-04
 Iter:  14 Current Energy =  -1.8974183492752512 Gradient Norm    2.2e-04 Gradient Max    1.3e-04
 Iter:  15 Current Energy =  -1.8974184553719948 Gradient Norm    2.9e-04 Gradient Max    2.0e-04
 Iter:  16 Current Energy =  -1.8974186273308637 Gradient Norm    3.7e-04 Gradient Max    2.5e-04
 Iter:  17 Current Energy =  -1.8974188640158709 Gradient Norm    3.7e-04 Gradient Max    2.4e-04
 Iter:  18 Current Energy =  -1.8974189911930188 Gradient Norm    2.4e-04 Gradient Max    1.5e-04
 Iter:  19 Current Energy =  -1.8974190541707636 Gradient Norm    1.2e-04 Gradient Max    6.9e-05
 Iter:  20 Current Energy =  -1.8974190738842645 Gradient Norm    9.3e-05 Gradient Max    4.0e-05
 Iter:  21 Current Energy =  -1.8974190864607994 Gradient Norm    8.4e-05 Gradient Max    4.6e-05
 Iter:  22 Current Energy =  -1.8974190978629193 Gradient Norm    7.4e-05 Gradient Max    3.3e-05
 Iter:  23 Current Energy =  -1.8974191078892770 Gradient Norm    7.0e-05 Gradient Max    4.5e-05
 Iter:  24 Current Energy =  -1.8974191166900298 Gradient Norm    6.8e-05 Gradient Max    4.3e-05
 Iter:  25 Current Energy =  -1.8974191233131412 Gradient Norm    5.2e-05 Gradient Max    2.9e-05
 Iter:  26 Current Energy =  -1.8974191264243907 Gradient Norm    2.8e-05 Gradient Max    2.0e-05
 Iter:  27 Current Energy =  -1.8974191273268037 Gradient Norm    1.6e-05 Gradient Max    7.6e-06
 Iter:  28 Current Energy =  -1.8974191276878112 Gradient Norm    1.4e-05 Gradient Max    7.7e-06
 Iter:  29 Current Energy =  -1.8974191280169288 Gradient Norm    1.2e-05 Gradient Max    6.5e-06
 Iter:  30 Current Energy =  -1.8974191282202286 Gradient Norm    6.7e-06 Gradient Max    3.7e-06
 Iter:  31 Current Energy =  -1.8974191282729922 Gradient Norm    1.9e-06 Gradient Max    1.3e-06
 Iter:  32 Current Energy =  -1.8974191282774289 Gradient Norm    2.4e-07 Gradient Max    1.3e-07
 Iter:  33 Current Energy =  -1.8974191282775452 Gradient Norm    3.3e-08 Gradient Max    1.6e-08
 Iter:  34 Current Energy =  -1.8974191282775461 Gradient Norm    8.6e-09 Gradient Max    3.8e-09
 Iter:  35 Current Energy =  -1.8974191282775470 Gradient Norm    6.5e-09 Gradient Max    3.0e-09
 Iter:  36 Current Energy =  -1.8974191282775472 Gradient Norm    4.9e-09 Gradient Max    2.3e-09
 Finished:      -1.897419128278
 -----------New ansatz----------- 
    #        Coeff               Term
    0   0.04692432 (-0-0.5j) [X1 Y5] +
0.5j [Y1 X5]
    1  -0.06845210 (-0-0.5j) [X2 Y6] +
0.5j [Y2 X6]
    2  -0.14472793 0.125j [X1 X3 X5 Y7] +
0.125j [X1 X3 Y5 X7] +
-0.125j [X1 Y3 X5 X7] +
0.125j [X1 Y3 Y5 Y7] +
(-0-0.125j) [Y1 X3 X5 X7] +
0.125j [Y1 X3 Y5 Y7] +
-0.125j [Y1 Y3 X5 Y7] +
-0.125j [Y1 Y3 Y5 X7]
    3  -0.15919427 0.125j [X0 X2 X4 Y6] +
0.125j [X0 X2 Y4 X6] +
-0.125j [X0 Y2 X4 X6] +
0.125j [X0 Y2 Y4 Y6] +
(-0-0.125j) [Y0 X2 X4 X6] +
0.125j [Y0 X2 Y4 Y6] +
-0.125j [Y0 Y2 X4 Y6] +
-0.125j [Y0 Y2 Y4 X6]
    4   0.36448374 (-0-0.5j) [X3 Y7] +
0.5j [Y3 X7]
    5  -0.07622978 (-0-0.5j) [X0 Y4] +
0.5j [Y0 X4]
    6  -0.13242904 0.125j [X1 X4 X6 Y7] +
0.125j [X1 X4 Y6 X7] +
-0.125j [X1 Y4 X6 X7] +
0.125j [X1 Y4 Y6 Y7] +
(-0-0.125j) [Y1 X4 X6 X7] +
0.125j [Y1 X4 Y6 Y7] +
-0.125j [Y1 Y4 X6 Y7] +
-0.125j [Y1 Y4 Y6 X7]
    7  -0.12655396 0.125j [X0 X1 X3 Y6] +
0.125j [X0 X1 Y3 X6] +
-0.125j [X0 Y1 X3 X6] +
0.125j [X0 Y1 Y3 Y6] +
(-0-0.125j) [Y0 X1 X3 X6] +
0.125j [Y0 X1 Y3 Y6] +
-0.125j [Y0 Y1 X3 Y6] +
-0.125j [Y0 Y1 Y3 X6]
    8  -0.35992993 0.125j [X1 X2 X4 Y7] +
0.125j [X1 X2 Y4 X7] +
-0.125j [X1 Y2 X4 X7] +
0.125j [X1 Y2 Y4 Y7] +
(-0-0.125j) [Y1 X2 X4 X7] +
0.125j [Y1 X2 Y4 Y7] +
-0.125j [Y1 Y2 X4 Y7] +
-0.125j [Y1 Y2 Y4 X7]
    9  -0.36105861 0.125j [X0 X3 X5 Y6] +
0.125j [X0 X3 Y5 X6] +
-0.125j [X0 Y3 X5 X6] +
0.125j [X0 Y3 Y5 Y6] +
(-0-0.125j) [Y0 X3 X5 X6] +
0.125j [Y0 X3 Y5 Y6] +
-0.125j [Y0 Y3 X5 Y6] +
-0.125j [Y0 Y3 Y5 X6]
   10   0.21729370 0.125j [X2 X3 X6 Y7] +
0.125j [X2 X3 Y6 X7] +
-0.125j [X2 Y3 X6 X7] +
0.125j [X2 Y3 Y6 Y7] +
(-0-0.125j) [Y2 X3 X6 X7] +
0.125j [Y2 X3 Y6 Y7] +
-0.125j [Y2 Y3 X6 Y7] +
-0.125j [Y2 Y3 Y6 X7]
   11   0.19002272 0.125j [X0 X1 X4 Y5] +
0.125j [X0 X1 Y4 X5] +
-0.125j [X0 Y1 X4 X5] +
0.125j [X0 Y1 Y4 Y5] +
(-0-0.125j) [Y0 X1 X4 X5] +
0.125j [Y0 X1 Y4 Y5] +
-0.125j [Y0 Y1 X4 Y5] +
-0.125j [Y0 Y1 Y4 X5]
   12  -0.32976751 (-0-0.5j) [X3 Y7] +
0.5j [Y3 X7]
   13   0.24958673 0.125j [X0 X1 X6 Y7] +
0.125j [X0 X1 Y6 X7] +
-0.125j [X0 Y1 X6 X7] +
0.125j [X0 Y1 Y6 Y7] +
(-0-0.125j) [Y0 X1 X6 X7] +
0.125j [Y0 X1 Y6 Y7] +
-0.125j [Y0 Y1 X6 Y7] +
-0.125j [Y0 Y1 Y6 X7]
   14   0.32278958 0.125j [X1 X2 X5 Y6] +
0.125j [X1 X2 Y5 X6] +
-0.125j [X1 Y2 X5 X6] +
0.125j [X1 Y2 Y5 Y6] +
(-0-0.125j) [Y1 X2 X5 X6] +
0.125j [Y1 X2 Y5 Y6] +
-0.125j [Y1 Y2 X5 Y6] +
-0.125j [Y1 Y2 Y5 X6]
   15   0.30432955 0.125j [X0 X3 X4 Y7] +
0.125j [X0 X3 Y4 X7] +
-0.125j [X0 Y3 X4 X7] +
0.125j [X0 Y3 Y4 Y7] +
(-0-0.125j) [Y0 X3 X4 X7] +
0.125j [Y0 X3 Y4 Y7] +
-0.125j [Y0 Y3 X4 Y7] +
-0.125j [Y0 Y3 Y4 X7]
   16   0.41249773 0.125j [X2 X3 X4 Y5] +
0.125j [X2 X3 Y4 X5] +
-0.125j [X2 Y3 X4 X5] +
0.125j [X2 Y3 Y4 Y5] +
(-0-0.125j) [Y2 X3 X4 X5] +
0.125j [Y2 X3 Y4 Y5] +
-0.125j [Y2 Y3 X4 Y5] +
-0.125j [Y2 Y3 Y4 X5]




 --------------------------------------------------------------------------
                         ADAPT-VQE iteration:  17
 --------------------------------------------------------------------------
 Check each new operator for coupling
 Measure Operator Pool Gradients:
 Variance:      0.00027132
 Uncertainty:   0.01647194
 Norm of <[H,A]> =   0.01154701
 Max  of <[H,A]> =   0.00000000
 Add operator   16
 Iter:   0 Current Energy =  -1.8974453876463557 Gradient Norm    4.4e-03 Gradient Max    3.9e-03
 Iter:   1 Current Energy =  -1.8974856342979587 Gradient Norm    3.2e-03 Gradient Max    1.9e-03
 Iter:   2 Current Energy =  -1.8975142948058692 Gradient Norm    3.6e-03 Gradient Max    2.0e-03
 Iter:   3 Current Energy =  -1.8975256328056731 Gradient Norm    2.9e-03 Gradient Max    1.4e-03
 Iter:   4 Current Energy =  -1.8975408542474979 Gradient Norm    2.1e-03 Gradient Max    1.3e-03
 Iter:   5 Current Energy =  -1.8975474534678070 Gradient Norm    1.7e-03 Gradient Max    9.2e-04
 Iter:   6 Current Energy =  -1.8975513084892310 Gradient Norm    1.5e-03 Gradient Max    7.6e-04
 Iter:   7 Current Energy =  -1.8975543960234542 Gradient Norm    1.4e-03 Gradient Max    9.7e-04
 Iter:   8 Current Energy =  -1.8975570040963217 Gradient Norm    1.3e-03 Gradient Max    7.3e-04
 Iter:   9 Current Energy =  -1.8975591312607842 Gradient Norm    9.8e-04 Gradient Max    5.9e-04
 Iter:  10 Current Energy =  -1.8975603999003674 Gradient Norm    6.5e-04 Gradient Max    3.4e-04
 Iter:  11 Current Energy =  -1.8975609468808645 Gradient Norm    4.8e-04 Gradient Max    2.3e-04
 Iter:  12 Current Energy =  -1.8975613041462347 Gradient Norm    3.6e-04 Gradient Max    2.2e-04
 Iter:  13 Current Energy =  -1.8975614670091092 Gradient Norm    2.2e-04 Gradient Max    1.1e-04
 Iter:  14 Current Energy =  -1.8975615169780093 Gradient Norm    1.2e-04 Gradient Max    6.7e-05
 Iter:  15 Current Energy =  -1.8975615365431544 Gradient Norm    1.0e-04 Gradient Max    5.4e-05
 Iter:  16 Current Energy =  -1.8975615579970149 Gradient Norm    1.1e-04 Gradient Max    6.3e-05
 Iter:  17 Current Energy =  -1.8975615800649774 Gradient Norm    1.1e-04 Gradient Max    6.4e-05
 Iter:  18 Current Energy =  -1.8975615935058463 Gradient Norm    6.9e-05 Gradient Max    4.2e-05
 Iter:  19 Current Energy =  -1.8975615988585190 Gradient Norm    4.6e-05 Gradient Max    2.1e-05
 Iter:  20 Current Energy =  -1.8975616023104596 Gradient Norm    4.7e-05 Gradient Max    3.1e-05
 Iter:  21 Current Energy =  -1.8975616068399725 Gradient Norm    5.4e-05 Gradient Max    3.4e-05
 Iter:  22 Current Energy =  -1.8975616110821807 Gradient Norm    4.6e-05 Gradient Max    2.4e-05
 Iter:  23 Current Energy =  -1.8975616133287325 Gradient Norm    2.7e-05 Gradient Max    1.4e-05
 Iter:  24 Current Energy =  -1.8975616142722935 Gradient Norm    2.2e-05 Gradient Max    1.3e-05
 Iter:  25 Current Energy =  -1.8975616152657369 Gradient Norm    2.8e-05 Gradient Max    1.5e-05
 Iter:  26 Current Energy =  -1.8975616169166769 Gradient Norm    3.8e-05 Gradient Max    1.8e-05
 Iter:  27 Current Energy =  -1.8975616195693605 Gradient Norm    4.5e-05 Gradient Max    2.3e-05
 Iter:  28 Current Energy =  -1.8975616228365206 Gradient Norm    3.9e-05 Gradient Max    2.0e-05
 Iter:  29 Current Energy =  -1.8975616239755664 Gradient Norm    1.9e-05 Gradient Max    9.8e-06
 Iter:  30 Current Energy =  -1.8975616242837299 Gradient Norm    2.7e-06 Gradient Max    1.3e-06
 Iter:  31 Current Energy =  -1.8975616242974860 Gradient Norm    1.9e-07 Gradient Max    9.9e-08
 Iter:  32 Current Energy =  -1.8975616242977831 Gradient Norm    1.1e-07 Gradient Max    6.7e-08
 Iter:  33 Current Energy =  -1.8975616242977948 Gradient Norm    8.9e-08 Gradient Max    4.9e-08
 Iter:  34 Current Energy =  -1.8975616242978126 Gradient Norm    6.4e-08 Gradient Max    3.3e-08
 Iter:  35 Current Energy =  -1.8975616242978266 Gradient Norm    4.2e-08 Gradient Max    2.1e-08
 Iter:  36 Current Energy =  -1.8975616242978295 Gradient Norm    2.2e-08 Gradient Max    1.0e-08
 Finished:      -1.897561624298
 -----------New ansatz----------- 
    #        Coeff               Term
    0   0.05309766 0.125j [X0 X1 X2 Y7] +
0.125j [X0 X1 Y2 X7] +
-0.125j [X0 Y1 X2 X7] +
0.125j [X0 Y1 Y2 Y7] +
(-0-0.125j) [Y0 X1 X2 X7] +
0.125j [Y0 X1 Y2 Y7] +
-0.125j [Y0 Y1 X2 Y7] +
-0.125j [Y0 Y1 Y2 X7]
    1   0.04634945 (-0-0.5j) [X1 Y5] +
0.5j [Y1 X5]
    2  -0.05519734 (-0-0.5j) [X2 Y6] +
0.5j [Y2 X6]
    3  -0.13415734 0.125j [X1 X3 X5 Y7] +
0.125j [X1 X3 Y5 X7] +
-0.125j [X1 Y3 X5 X7] +
0.125j [X1 Y3 Y5 Y7] +
(-0-0.125j) [Y1 X3 X5 X7] +
0.125j [Y1 X3 Y5 Y7] +
-0.125j [Y1 Y3 X5 Y7] +
-0.125j [Y1 Y3 Y5 X7]
    4  -0.15112971 0.125j [X0 X2 X4 Y6] +
0.125j [X0 X2 Y4 X6] +
-0.125j [X0 Y2 X4 X6] +
0.125j [X0 Y2 Y4 Y6] +
(-0-0.125j) [Y0 X2 X4 X6] +
0.125j [Y0 X2 Y4 Y6] +
-0.125j [Y0 Y2 X4 Y6] +
-0.125j [Y0 Y2 Y4 X6]
    5   0.36885786 (-0-0.5j) [X3 Y7] +
0.5j [Y3 X7]
    6  -0.10100856 (-0-0.5j) [X0 Y4] +
0.5j [Y0 X4]
    7  -0.15315804 0.125j [X1 X4 X6 Y7] +
0.125j [X1 X4 Y6 X7] +
-0.125j [X1 Y4 X6 X7] +
0.125j [X1 Y4 Y6 Y7] +
(-0-0.125j) [Y1 X4 X6 X7] +
0.125j [Y1 X4 Y6 Y7] +
-0.125j [Y1 Y4 X6 Y7] +
-0.125j [Y1 Y4 Y6 X7]
    8  -0.12197541 0.125j [X0 X1 X3 Y6] +
0.125j [X0 X1 Y3 X6] +
-0.125j [X0 Y1 X3 X6] +
0.125j [X0 Y1 Y3 Y6] +
(-0-0.125j) [Y0 X1 X3 X6] +
0.125j [Y0 X1 Y3 Y6] +
-0.125j [Y0 Y1 X3 Y6] +
-0.125j [Y0 Y1 Y3 X6]
    9  -0.36721780 0.125j [X1 X2 X4 Y7] +
0.125j [X1 X2 Y4 X7] +
-0.125j [X1 Y2 X4 X7] +
0.125j [X1 Y2 Y4 Y7] +
(-0-0.125j) [Y1 X2 X4 X7] +
0.125j [Y1 X2 Y4 Y7] +
-0.125j [Y1 Y2 X4 Y7] +
-0.125j [Y1 Y2 Y4 X7]
   10  -0.36772380 0.125j [X0 X3 X5 Y6] +
0.125j [X0 X3 Y5 X6] +
-0.125j [X0 Y3 X5 X6] +
0.125j [X0 Y3 Y5 Y6] +
(-0-0.125j) [Y0 X3 X5 X6] +
0.125j [Y0 X3 Y5 Y6] +
-0.125j [Y0 Y3 X5 Y6] +
-0.125j [Y0 Y3 Y5 X6]
   11   0.23205290 0.125j [X2 X3 X6 Y7] +
0.125j [X2 X3 Y6 X7] +
-0.125j [X2 Y3 X6 X7] +
0.125j [X2 Y3 Y6 Y7] +
(-0-0.125j) [Y2 X3 X6 X7] +
0.125j [Y2 X3 Y6 Y7] +
-0.125j [Y2 Y3 X6 Y7] +
-0.125j [Y2 Y3 Y6 X7]
   12   0.20352586 0.125j [X0 X1 X4 Y5] +
0.125j [X0 X1 Y4 X5] +
-0.125j [X0 Y1 X4 X5] +
0.125j [X0 Y1 Y4 Y5] +
(-0-0.125j) [Y0 X1 X4 X5] +
0.125j [Y0 X1 Y4 Y5] +
-0.125j [Y0 Y1 X4 Y5] +
-0.125j [Y0 Y1 Y4 X5]
   13  -0.33027130 (-0-0.5j) [X3 Y7] +
0.5j [Y3 X7]
   14   0.23719197 0.125j [X0 X1 X6 Y7] +
0.125j [X0 X1 Y6 X7] +
-0.125j [X0 Y1 X6 X7] +
0.125j [X0 Y1 Y6 Y7] +
(-0-0.125j) [Y0 X1 X6 X7] +
0.125j [Y0 X1 Y6 Y7] +
-0.125j [Y0 Y1 X6 Y7] +
-0.125j [Y0 Y1 Y6 X7]
   15   0.31902782 0.125j [X1 X2 X5 Y6] +
0.125j [X1 X2 Y5 X6] +
-0.125j [X1 Y2 X5 X6] +
0.125j [X1 Y2 Y5 Y6] +
(-0-0.125j) [Y1 X2 X5 X6] +
0.125j [Y1 X2 Y5 Y6] +
-0.125j [Y1 Y2 X5 Y6] +
-0.125j [Y1 Y2 Y5 X6]
   16   0.30784719 0.125j [X0 X3 X4 Y7] +
0.125j [X0 X3 Y4 X7] +
-0.125j [X0 Y3 X4 X7] +
0.125j [X0 Y3 Y4 Y7] +
(-0-0.125j) [Y0 X3 X4 X7] +
0.125j [Y0 X3 Y4 Y7] +
-0.125j [Y0 Y3 X4 Y7] +
-0.125j [Y0 Y3 Y4 X7]
   17   0.39968997 0.125j [X2 X3 X4 Y5] +
0.125j [X2 X3 Y4 X5] +
-0.125j [X2 Y3 X4 X5] +
0.125j [X2 Y3 Y4 Y5] +
(-0-0.125j) [Y2 X3 X4 X5] +
0.125j [Y2 X3 Y4 Y5] +
-0.125j [Y2 Y3 X4 Y5] +
-0.125j [Y2 Y3 Y4 X5]




 --------------------------------------------------------------------------
                         ADAPT-VQE iteration:  18
 --------------------------------------------------------------------------
 Check each new operator for coupling
 Measure Operator Pool Gradients:
 Variance:      0.00014172
 Uncertainty:   0.01190481
 Norm of <[H,A]> =   0.00713748
 Max  of <[H,A]> =   0.00000000
 Add operator   20
 Iter:   0 Current Energy =  -1.8975776169674656 Gradient Norm    3.7e-03 Gradient Max    3.1e-03
 Iter:   1 Current Energy =  -1.8976052758186943 Gradient Norm    3.4e-03 Gradient Max    2.0e-03
 Iter:   2 Current Energy =  -1.8976483522932670 Gradient Norm    4.2e-03 Gradient Max    2.9e-03
 Iter:   3 Current Energy =  -1.8976894744799235 Gradient Norm    5.1e-03 Gradient Max    3.2e-03
 Iter:   4 Current Energy =  -1.8977133412225184 Gradient Norm    4.2e-03 Gradient Max    2.3e-03
 Iter:   5 Current Energy =  -1.8977356433727404 Gradient Norm    2.1e-03 Gradient Max    8.9e-04
 Iter:   6 Current Energy =  -1.8977419857420759 Gradient Norm    1.7e-03 Gradient Max    7.1e-04
 Iter:   7 Current Energy =  -1.8977465644013263 Gradient Norm    1.8e-03 Gradient Max    7.7e-04
 Iter:   8 Current Energy =  -1.8977520720854444 Gradient Norm    1.9e-03 Gradient Max    1.0e-03
 Iter:   9 Current Energy =  -1.8977577628961331 Gradient Norm    1.7e-03 Gradient Max    1.0e-03
 Iter:  10 Current Energy =  -1.8977615307598545 Gradient Norm    1.3e-03 Gradient Max    6.9e-04
 Iter:  11 Current Energy =  -1.8977636318505815 Gradient Norm    1.0e-03 Gradient Max    5.1e-04
 Iter:  12 Current Energy =  -1.8977653576388140 Gradient Norm    1.0e-03 Gradient Max    4.8e-04
 Iter:  13 Current Energy =  -1.8977678000454041 Gradient Norm    1.1e-03 Gradient Max    5.9e-04
 Iter:  14 Current Energy =  -1.8977699064070739 Gradient Norm    9.4e-04 Gradient Max    4.7e-04
 Iter:  15 Current Energy =  -1.8977709766242237 Gradient Norm    5.8e-04 Gradient Max    2.7e-04
 Iter:  16 Current Energy =  -1.8977713880954348 Gradient Norm    4.5e-04 Gradient Max    1.8e-04
 Iter:  17 Current Energy =  -1.8977717768702711 Gradient Norm    5.2e-04 Gradient Max    2.7e-04
 Iter:  18 Current Energy =  -1.8977723963907391 Gradient Norm    6.9e-04 Gradient Max    3.5e-04
 Iter:  19 Current Energy =  -1.8977733297381472 Gradient Norm    8.1e-04 Gradient Max    3.7e-04
 Iter:  20 Current Energy =  -1.8977742808901708 Gradient Norm    7.4e-04 Gradient Max    3.5e-04
 Iter:  21 Current Energy =  -1.8977750078431948 Gradient Norm    6.1e-04 Gradient Max    2.5e-04
 Iter:  22 Current Energy =  -1.8977756907260566 Gradient Norm    6.4e-04 Gradient Max    3.9e-04
 Iter:  23 Current Energy =  -1.8977764997308604 Gradient Norm    7.8e-04 Gradient Max    4.4e-04
 Iter:  24 Current Energy =  -1.8977775077950243 Gradient Norm    8.1e-04 Gradient Max    3.5e-04
 Iter:  25 Current Energy =  -1.8977783270443018 Gradient Norm    6.0e-04 Gradient Max    3.2e-04
 Iter:  26 Current Energy =  -1.8977787675275652 Gradient Norm    4.1e-04 Gradient Max    2.0e-04
 Iter:  27 Current Energy =  -1.8977790483586112 Gradient Norm    4.2e-04 Gradient Max    2.1e-04
 Iter:  28 Current Energy =  -1.8977793889485923 Gradient Norm    5.0e-04 Gradient Max    2.7e-04
 Iter:  29 Current Energy =  -1.8977797884259000 Gradient Norm    5.0e-04 Gradient Max    2.7e-04
 Iter:  30 Current Energy =  -1.8977801245593602 Gradient Norm    3.9e-04 Gradient Max    2.3e-04
 Iter:  31 Current Energy =  -1.8977803354804692 Gradient Norm    3.0e-04 Gradient Max    1.6e-04
 Iter:  32 Current Energy =  -1.8977804779683176 Gradient Norm    2.7e-04 Gradient Max    1.3e-04
 Iter:  33 Current Energy =  -1.8977805837551383 Gradient Norm    2.2e-04 Gradient Max    9.5e-05
 Iter:  34 Current Energy =  -1.8977806318914741 Gradient Norm    1.1e-04 Gradient Max    4.8e-05
 Iter:  35 Current Energy =  -1.8977806416660434 Gradient Norm    3.5e-05 Gradient Max    2.0e-05
 Iter:  36 Current Energy =  -1.8977806431905375 Gradient Norm    2.5e-05 Gradient Max    1.2e-05
 Iter:  37 Current Energy =  -1.8977806442098037 Gradient Norm    2.4e-05 Gradient Max    1.0e-05
 Iter:  38 Current Energy =  -1.8977806453654946 Gradient Norm    1.9e-05 Gradient Max    9.0e-06
 Iter:  39 Current Energy =  -1.8977806458868109 Gradient Norm    8.7e-06 Gradient Max    4.3e-06
 Iter:  40 Current Energy =  -1.8977806459837010 Gradient Norm    1.6e-06 Gradient Max    6.7e-07
 Iter:  41 Current Energy =  -1.8977806459895348 Gradient Norm    2.5e-07 Gradient Max    1.1e-07
 Iter:  42 Current Energy =  -1.8977806459898274 Gradient Norm    1.3e-07 Gradient Max    6.1e-08
 Iter:  43 Current Energy =  -1.8977806459898687 Gradient Norm    4.3e-08 Gradient Max    1.8e-08
 Iter:  44 Current Energy =  -1.8977806459898736 Gradient Norm    1.1e-08 Gradient Max    4.5e-09
 Iter:  45 Current Energy =  -1.8977806459898738 Gradient Norm    3.7e-09 Gradient Max    1.8e-09
 Iter:  46 Current Energy =  -1.8977806459898747 Gradient Norm    1.0e-09 Gradient Max    5.6e-10
 Iter:  47 Current Energy =  -1.8977806459898749 Gradient Norm    5.8e-10 Gradient Max    3.0e-10
 Finished:      -1.897780645990
 -----------New ansatz----------- 
    #        Coeff               Term
    0   0.11380184 0.125j [X0 X1 X3 Y6] +
0.125j [X0 X1 Y3 X6] +
-0.125j [X0 Y1 X3 X6] +
0.125j [X0 Y1 Y3 Y6] +
(-0-0.125j) [Y0 X1 X3 X6] +
0.125j [Y0 X1 Y3 Y6] +
-0.125j [Y0 Y1 X3 Y6] +
-0.125j [Y0 Y1 Y3 X6]
    1   0.05961595 0.125j [X0 X1 X2 Y7] +
0.125j [X0 X1 Y2 X7] +
-0.125j [X0 Y1 X2 X7] +
0.125j [X0 Y1 Y2 Y7] +
(-0-0.125j) [Y0 X1 X2 X7] +
0.125j [Y0 X1 Y2 Y7] +
-0.125j [Y0 Y1 X2 Y7] +
-0.125j [Y0 Y1 Y2 X7]
    2   0.01395213 (-0-0.5j) [X1 Y5] +
0.5j [Y1 X5]
    3  -0.03624043 (-0-0.5j) [X2 Y6] +
0.5j [Y2 X6]
    4  -0.16189284 0.125j [X1 X3 X5 Y7] +
0.125j [X1 X3 Y5 X7] +
-0.125j [X1 Y3 X5 X7] +
0.125j [X1 Y3 Y5 Y7] +
(-0-0.125j) [Y1 X3 X5 X7] +
0.125j [Y1 X3 Y5 Y7] +
-0.125j [Y1 Y3 X5 Y7] +
-0.125j [Y1 Y3 Y5 X7]
    5  -0.17333777 0.125j [X0 X2 X4 Y6] +
0.125j [X0 X2 Y4 X6] +
-0.125j [X0 Y2 X4 X6] +
0.125j [X0 Y2 Y4 Y6] +
(-0-0.125j) [Y0 X2 X4 X6] +
0.125j [Y0 X2 Y4 Y6] +
-0.125j [Y0 Y2 X4 Y6] +
-0.125j [Y0 Y2 Y4 X6]
    6   0.31919588 (-0-0.5j) [X3 Y7] +
0.5j [Y3 X7]
    7  -0.09002442 (-0-0.5j) [X0 Y4] +
0.5j [Y0 X4]
    8  -0.12986675 0.125j [X1 X4 X6 Y7] +
0.125j [X1 X4 Y6 X7] +
-0.125j [X1 Y4 X6 X7] +
0.125j [X1 Y4 Y6 Y7] +
(-0-0.125j) [Y1 X4 X6 X7] +
0.125j [Y1 X4 Y6 Y7] +
-0.125j [Y1 Y4 X6 Y7] +
-0.125j [Y1 Y4 Y6 X7]
    9  -0.19140923 0.125j [X0 X1 X3 Y6] +
0.125j [X0 X1 Y3 X6] +
-0.125j [X0 Y1 X3 X6] +
0.125j [X0 Y1 Y3 Y6] +
(-0-0.125j) [Y0 X1 X3 X6] +
0.125j [Y0 X1 Y3 Y6] +
-0.125j [Y0 Y1 X3 Y6] +
-0.125j [Y0 Y1 Y3 X6]
   10  -0.35573952 0.125j [X1 X2 X4 Y7] +
0.125j [X1 X2 Y4 X7] +
-0.125j [X1 Y2 X4 X7] +
0.125j [X1 Y2 Y4 Y7] +
(-0-0.125j) [Y1 X2 X4 X7] +
0.125j [Y1 X2 Y4 Y7] +
-0.125j [Y1 Y2 X4 Y7] +
-0.125j [Y1 Y2 Y4 X7]
   11  -0.35573952 0.125j [X0 X3 X5 Y6] +
0.125j [X0 X3 Y5 X6] +
-0.125j [X0 Y3 X5 X6] +
0.125j [X0 Y3 Y5 Y6] +
(-0-0.125j) [Y0 X3 X5 X6] +
0.125j [Y0 X3 Y5 Y6] +
-0.125j [Y0 Y3 X5 Y6] +
-0.125j [Y0 Y3 Y5 X6]
   12   0.19719865 0.125j [X2 X3 X6 Y7] +
0.125j [X2 X3 Y6 X7] +
-0.125j [X2 Y3 X6 X7] +
0.125j [X2 Y3 Y6 Y7] +
(-0-0.125j) [Y2 X3 X6 X7] +
0.125j [Y2 X3 Y6 Y7] +
-0.125j [Y2 Y3 X6 Y7] +
-0.125j [Y2 Y3 Y6 X7]
   13   0.18143787 0.125j [X0 X1 X4 Y5] +
0.125j [X0 X1 Y4 X5] +
-0.125j [X0 Y1 X4 X5] +
0.125j [X0 Y1 Y4 Y5] +
(-0-0.125j) [Y0 X1 X4 X5] +
0.125j [Y0 X1 Y4 Y5] +
-0.125j [Y0 Y1 X4 Y5] +
-0.125j [Y0 Y1 Y4 X5]
   14  -0.28107373 (-0-0.5j) [X3 Y7] +
0.5j [Y3 X7]
   15   0.24953921 0.125j [X0 X1 X6 Y7] +
0.125j [X0 X1 Y6 X7] +
-0.125j [X0 Y1 X6 X7] +
0.125j [X0 Y1 Y6 Y7] +
(-0-0.125j) [Y0 X1 X6 X7] +
0.125j [Y0 X1 Y6 Y7] +
-0.125j [Y0 Y1 X6 Y7] +
-0.125j [Y0 Y1 Y6 X7]
   16   0.30712225 0.125j [X1 X2 X5 Y6] +
0.125j [X1 X2 Y5 X6] +
-0.125j [X1 Y2 X5 X6] +
0.125j [X1 Y2 Y5 Y6] +
(-0-0.125j) [Y1 X2 X5 X6] +
0.125j [Y1 X2 Y5 Y6] +
-0.125j [Y1 Y2 X5 Y6] +
-0.125j [Y1 Y2 Y5 X6]
   17   0.30796560 0.125j [X0 X3 X4 Y7] +
0.125j [X0 X3 Y4 X7] +
-0.125j [X0 Y3 X4 X7] +
0.125j [X0 Y3 Y4 Y7] +
(-0-0.125j) [Y0 X3 X4 X7] +
0.125j [Y0 X3 Y4 Y7] +
-0.125j [Y0 Y3 X4 Y7] +
-0.125j [Y0 Y3 Y4 X7]
   18   0.42105261 0.125j [X2 X3 X4 Y5] +
0.125j [X2 X3 Y4 X5] +
-0.125j [X2 Y3 X4 X5] +
0.125j [X2 Y3 Y4 Y5] +
(-0-0.125j) [Y2 X3 X4 X5] +
0.125j [Y2 X3 Y4 Y5] +
-0.125j [Y2 Y3 X4 Y5] +
-0.125j [Y2 Y3 Y4 X5]




 --------------------------------------------------------------------------
                         ADAPT-VQE iteration:  19
 --------------------------------------------------------------------------
 Check each new operator for coupling
 Measure Operator Pool Gradients:
 Variance:     -0.00000000
 Uncertainty:          nan
 Norm of <[H,A]> =   0.00000000
 Max  of <[H,A]> =   0.00000000
 Ansatz Growth Converged!
 Number of operators in ansatz:  19
 *Finished:      -1.897780645990
 -----------Final ansatz----------- 
    #        Coeff               Term
    0   0.11380184 0.125j [X0 X1 X3 Y6] +
0.125j [X0 X1 Y3 X6] +
-0.125j [X0 Y1 X3 X6] +
0.125j [X0 Y1 Y3 Y6] +
(-0-0.125j) [Y0 X1 X3 X6] +
0.125j [Y0 X1 Y3 Y6] +
-0.125j [Y0 Y1 X3 Y6] +
-0.125j [Y0 Y1 Y3 X6]
    1   0.05961595 0.125j [X0 X1 X2 Y7] +
0.125j [X0 X1 Y2 X7] +
-0.125j [X0 Y1 X2 X7] +
0.125j [X0 Y1 Y2 Y7] +
(-0-0.125j) [Y0 X1 X2 X7] +
0.125j [Y0 X1 Y2 Y7] +
-0.125j [Y0 Y1 X2 Y7] +
-0.125j [Y0 Y1 Y2 X7]
    2   0.01395213 (-0-0.5j) [X1 Y5] +
0.5j [Y1 X5]
    3  -0.03624043 (-0-0.5j) [X2 Y6] +
0.5j [Y2 X6]
    4  -0.16189284 0.125j [X1 X3 X5 Y7] +
0.125j [X1 X3 Y5 X7] +
-0.125j [X1 Y3 X5 X7] +
0.125j [X1 Y3 Y5 Y7] +
(-0-0.125j) [Y1 X3 X5 X7] +
0.125j [Y1 X3 Y5 Y7] +
-0.125j [Y1 Y3 X5 Y7] +
-0.125j [Y1 Y3 Y5 X7]
    5  -0.17333777 0.125j [X0 X2 X4 Y6] +
0.125j [X0 X2 Y4 X6] +
-0.125j [X0 Y2 X4 X6] +
0.125j [X0 Y2 Y4 Y6] +
(-0-0.125j) [Y0 X2 X4 X6] +
0.125j [Y0 X2 Y4 Y6] +
-0.125j [Y0 Y2 X4 Y6] +
-0.125j [Y0 Y2 Y4 X6]
    6   0.31919588 (-0-0.5j) [X3 Y7] +
0.5j [Y3 X7]
    7  -0.09002442 (-0-0.5j) [X0 Y4] +
0.5j [Y0 X4]
    8  -0.12986675 0.125j [X1 X4 X6 Y7] +
0.125j [X1 X4 Y6 X7] +
-0.125j [X1 Y4 X6 X7] +
0.125j [X1 Y4 Y6 Y7] +
(-0-0.125j) [Y1 X4 X6 X7] +
0.125j [Y1 X4 Y6 Y7] +
-0.125j [Y1 Y4 X6 Y7] +
-0.125j [Y1 Y4 Y6 X7]
    9  -0.19140923 0.125j [X0 X1 X3 Y6] +
0.125j [X0 X1 Y3 X6] +
-0.125j [X0 Y1 X3 X6] +
0.125j [X0 Y1 Y3 Y6] +
(-0-0.125j) [Y0 X1 X3 X6] +
0.125j [Y0 X1 Y3 Y6] +
-0.125j [Y0 Y1 X3 Y6] +
-0.125j [Y0 Y1 Y3 X6]
   10  -0.35573952 0.125j [X1 X2 X4 Y7] +
0.125j [X1 X2 Y4 X7] +
-0.125j [X1 Y2 X4 X7] +
0.125j [X1 Y2 Y4 Y7] +
(-0-0.125j) [Y1 X2 X4 X7] +
0.125j [Y1 X2 Y4 Y7] +
-0.125j [Y1 Y2 X4 Y7] +
-0.125j [Y1 Y2 Y4 X7]
   11  -0.35573952 0.125j [X0 X3 X5 Y6] +
0.125j [X0 X3 Y5 X6] +
-0.125j [X0 Y3 X5 X6] +
0.125j [X0 Y3 Y5 Y6] +
(-0-0.125j) [Y0 X3 X5 X6] +
0.125j [Y0 X3 Y5 Y6] +
-0.125j [Y0 Y3 X5 Y6] +
-0.125j [Y0 Y3 Y5 X6]
   12   0.19719865 0.125j [X2 X3 X6 Y7] +
0.125j [X2 X3 Y6 X7] +
-0.125j [X2 Y3 X6 X7] +
0.125j [X2 Y3 Y6 Y7] +
(-0-0.125j) [Y2 X3 X6 X7] +
0.125j [Y2 X3 Y6 Y7] +
-0.125j [Y2 Y3 X6 Y7] +
-0.125j [Y2 Y3 Y6 X7]
   13   0.18143787 0.125j [X0 X1 X4 Y5] +
0.125j [X0 X1 Y4 X5] +
-0.125j [X0 Y1 X4 X5] +
0.125j [X0 Y1 Y4 Y5] +
(-0-0.125j) [Y0 X1 X4 X5] +
0.125j [Y0 X1 Y4 Y5] +
-0.125j [Y0 Y1 X4 Y5] +
-0.125j [Y0 Y1 Y4 X5]
   14  -0.28107373 (-0-0.5j) [X3 Y7] +
0.5j [Y3 X7]
   15   0.24953921 0.125j [X0 X1 X6 Y7] +
0.125j [X0 X1 Y6 X7] +
-0.125j [X0 Y1 X6 X7] +
0.125j [X0 Y1 Y6 Y7] +
(-0-0.125j) [Y0 X1 X6 X7] +
0.125j [Y0 X1 Y6 Y7] +
-0.125j [Y0 Y1 X6 Y7] +
-0.125j [Y0 Y1 Y6 X7]
   16   0.30712225 0.125j [X1 X2 X5 Y6] +
0.125j [X1 X2 Y5 X6] +
-0.125j [X1 Y2 X5 X6] +
0.125j [X1 Y2 Y5 Y6] +
(-0-0.125j) [Y1 X2 X5 X6] +
0.125j [Y1 X2 Y5 Y6] +
-0.125j [Y1 Y2 X5 Y6] +
-0.125j [Y1 Y2 Y5 X6]
   17   0.30796560 0.125j [X0 X3 X4 Y7] +
0.125j [X0 X3 Y4 X7] +
-0.125j [X0 Y3 X4 X7] +
0.125j [X0 Y3 Y4 Y7] +
(-0-0.125j) [Y0 X3 X4 X7] +
0.125j [Y0 X3 Y4 Y7] +
-0.125j [Y0 Y3 X4 Y7] +
-0.125j [Y0 Y3 Y4 X7]
   18   0.42105261 0.125j [X2 X3 X4 Y5] +
0.125j [X2 X3 Y4 X5] +
-0.125j [X2 Y3 X4 X5] +
0.125j [X2 Y3 Y4 Y5] +
(-0-0.125j) [Y2 X3 X4 X5] +
0.125j [Y2 X3 Y4 Y5] +
-0.125j [Y2 Y3 X4 Y5] +
-0.125j [Y2 Y3 Y4 X5]
 Final ADAPT-VQE energy:  -1.89778065
 <S^2> of final state  :   0.00000000
