 ---------------------------------------------------------
                                                          
                      Using Pyscf:
                                                          
 ---------------------------------------------------------
                                                          
converged SCF energy = -2.09854593699776

System and Method:
[('H', (0, 0, 1.0)), ('H', (0, 0, 2.0)), ('H', (0, 0, 3.0)), ('H', (0, 0, 4.0))]
Basis set                                      :      sto-3g
Number of Orbitals                             :         4
Number of electrons                            :         4
Nuclear Repulsion                              :    2.2931012473 
Electronic SCF energy                          :   -4.3916471843 
SCF Energy                                     :   -2.0985459370
 AO->MO
 NElectrons:    2    2
 ecore:   0.00000000
 ERIs in the active-space:
(4, 4, 4, 4)    0.00204800 Mb
 n_orb:    4
 n_a  :    2
 n_b  :    2
 HF Energy:  -2.09854594
 Build reference state with    2 alpha and    2 beta electrons [0, 2, 1, 3]
 State    0:  -2.16638745 au  <S2>:  -0.00000000
 Form Pauli operators
 Number of operators:  90
 Reference Energy:  -2.09854594
 Generate Sparse Matrices for operators in pool
 Start ADAPT-VQE algorithm
 Now start to grow the ansatz




 --------------------------------------------------------------------------
                         ADAPT-VQE iteration:  0
 --------------------------------------------------------------------------
 Check each new operator for coupling
 Measure Operator Pool Gradients:
 Variance:      0.08001674
 Uncertainty:   0.28287231
 Norm of <[H,A]> =   0.56574462
 Max  of <[H,A]> =   0.00000000
 Add operator   72
 Add operator   28
 Iter:   0 Current Energy =  -2.1213312122665373 Gradient Norm    1.7e-01 Gradient Max    1.4e-01
 Iter:   1 Current Energy =  -2.1268663598213546 Gradient Norm    2.1e-03 Gradient Max    1.9e-03
 Iter:   2 Current Energy =  -2.1268669674812983 Gradient Norm    1.9e-05 Gradient Max    1.6e-05
 Iter:   3 Current Energy =  -2.1268669675452410 Gradient Norm    9.9e-09 Gradient Max    7.2e-09
 Iter:   4 Current Energy =  -2.1268669675452410 Gradient Norm    2.2e-11 Gradient Max    1.9e-11
 Finished:      -2.126866967545
 -----------New ansatz----------- 
    #        Coeff               Term
    0   0.04495913 0.125j [X0 X1 X6 Y7] +
0.125j [X0 X1 Y6 X7] +
-0.125j [X0 Y1 X6 X7] +
0.125j [X0 Y1 Y6 Y7] +
(-0-0.125j) [Y0 X1 X6 X7] +
0.125j [Y0 X1 Y6 Y7] +
-0.125j [Y0 Y1 X6 Y7] +
-0.125j [Y0 Y1 Y6 X7]
    1   0.17282719 0.125j [X2 X3 X4 Y5] +
0.125j [X2 X3 Y4 X5] +
-0.125j [X2 Y3 X4 X5] +
0.125j [X2 Y3 Y4 Y5] +
(-0-0.125j) [Y2 X3 X4 X5] +
0.125j [Y2 X3 Y4 Y5] +
-0.125j [Y2 Y3 X4 Y5] +
-0.125j [Y2 Y3 Y4 X5]




 --------------------------------------------------------------------------
                         ADAPT-VQE iteration:  1
 --------------------------------------------------------------------------
 Check each new operator for coupling
 Measure Operator Pool Gradients:
 Variance:      0.06314936
 Uncertainty:   0.25129536
 Norm of <[H,A]> =   0.49297937
 Max  of <[H,A]> =   0.00000000
 Add operator   41
 Add operator   59
 Iter:   0 Current Energy =  -2.1501898952822227 Gradient Norm    6.7e-02 Gradient Max    4.9e-02
 Iter:   1 Current Energy =  -2.1509117128704158 Gradient Norm    2.9e-02 Gradient Max    2.1e-02
 Iter:   2 Current Energy =  -2.1510967466772271 Gradient Norm    1.6e-03 Gradient Max    1.1e-03
 Iter:   3 Current Energy =  -2.1510972180875370 Gradient Norm    7.1e-06 Gradient Max    4.5e-06
 Iter:   4 Current Energy =  -2.1510972180952885 Gradient Norm    5.3e-09 Gradient Max    4.5e-09
 Finished:      -2.151097218095
 -----------New ansatz----------- 
    #        Coeff               Term
    0  -0.09543388 0.125j [X1 X2 X5 Y6] +
0.125j [X1 X2 Y5 X6] +
-0.125j [X1 Y2 X5 X6] +
0.125j [X1 Y2 Y5 Y6] +
(-0-0.125j) [Y1 X2 X5 X6] +
0.125j [Y1 X2 Y5 Y6] +
-0.125j [Y1 Y2 X5 Y6] +
-0.125j [Y1 Y2 Y5 X6]
    1  -0.09543388 0.125j [X0 X3 X4 Y7] +
0.125j [X0 X3 Y4 X7] +
-0.125j [X0 Y3 X4 X7] +
0.125j [X0 Y3 Y4 Y7] +
(-0-0.125j) [Y0 X3 X4 X7] +
0.125j [Y0 X3 Y4 Y7] +
-0.125j [Y0 Y3 X4 Y7] +
-0.125j [Y0 Y3 Y4 X7]
    2   0.05646428 0.125j [X0 X1 X6 Y7] +
0.125j [X0 X1 Y6 X7] +
-0.125j [X0 Y1 X6 X7] +
0.125j [X0 Y1 Y6 Y7] +
(-0-0.125j) [Y0 X1 X6 X7] +
0.125j [Y0 X1 Y6 Y7] +
-0.125j [Y0 Y1 X6 Y7] +
-0.125j [Y0 Y1 Y6 X7]
    3   0.20043743 0.125j [X2 X3 X4 Y5] +
0.125j [X2 X3 Y4 X5] +
-0.125j [X2 Y3 X4 X5] +
0.125j [X2 Y3 Y4 Y5] +
(-0-0.125j) [Y2 X3 X4 X5] +
0.125j [Y2 X3 Y4 Y5] +
-0.125j [Y2 Y3 X4 Y5] +
-0.125j [Y2 Y3 Y4 X5]




 --------------------------------------------------------------------------
                         ADAPT-VQE iteration:  2
 --------------------------------------------------------------------------
 Check each new operator for coupling
 Measure Operator Pool Gradients:
 Variance:      0.01951009
 Uncertainty:   0.13967853
 Norm of <[H,A]> =   0.26873702
 Max  of <[H,A]> =   0.00000000
 Add operator   22
 Add operator   78
 Iter:   0 Current Energy =  -2.1579180401252662 Gradient Norm    6.1e-02 Gradient Max    3.2e-02
 Iter:   1 Current Energy =  -2.1585488356855560 Gradient Norm    2.1e-02 Gradient Max    1.5e-02
 Iter:   2 Current Energy =  -2.1586356366355739 Gradient Norm    8.7e-03 Gradient Max    5.1e-03
 Iter:   3 Current Energy =  -2.1586494603195332 Gradient Norm    6.8e-04 Gradient Max    5.1e-04
 Iter:   4 Current Energy =  -2.1586495219772108 Gradient Norm    3.0e-04 Gradient Max    2.1e-04
 Iter:   5 Current Energy =  -2.1586495356448578 Gradient Norm    6.8e-05 Gradient Max    4.8e-05
 Iter:   6 Current Energy =  -2.1586495363670477 Gradient Norm    1.5e-09 Gradient Max    9.6e-10
 Iter:   7 Current Energy =  -2.1586495363670486 Gradient Norm    1.1e-09 Gradient Max    7.2e-10
 Finished:      -2.158649536367
 -----------New ansatz----------- 
    #        Coeff               Term
    0   0.04170043 0.125j [X2 X3 X6 Y7] +
0.125j [X2 X3 Y6 X7] +
-0.125j [X2 Y3 X6 X7] +
0.125j [X2 Y3 Y6 Y7] +
(-0-0.125j) [Y2 X3 X6 X7] +
0.125j [Y2 X3 Y6 Y7] +
-0.125j [Y2 Y3 X6 Y7] +
-0.125j [Y2 Y3 Y6 X7]
    1   0.06450226 0.125j [X0 X1 X4 Y5] +
0.125j [X0 X1 Y4 X5] +
-0.125j [X0 Y1 X4 X5] +
0.125j [X0 Y1 Y4 Y5] +
(-0-0.125j) [Y0 X1 X4 X5] +
0.125j [Y0 X1 Y4 Y5] +
-0.125j [Y0 Y1 X4 Y5] +
-0.125j [Y0 Y1 Y4 X5]
    2  -0.09573185 0.125j [X1 X2 X5 Y6] +
0.125j [X1 X2 Y5 X6] +
-0.125j [X1 Y2 X5 X6] +
0.125j [X1 Y2 Y5 Y6] +
(-0-0.125j) [Y1 X2 X5 X6] +
0.125j [Y1 X2 Y5 Y6] +
-0.125j [Y1 Y2 X5 Y6] +
-0.125j [Y1 Y2 Y5 X6]
    3  -0.09573185 0.125j [X0 X3 X4 Y7] +
0.125j [X0 X3 Y4 X7] +
-0.125j [X0 Y3 X4 X7] +
0.125j [X0 Y3 Y4 Y7] +
(-0-0.125j) [Y0 X3 X4 X7] +
0.125j [Y0 X3 Y4 Y7] +
-0.125j [Y0 Y3 X4 Y7] +
-0.125j [Y0 Y3 Y4 X7]
    4   0.04949360 0.125j [X0 X1 X6 Y7] +
0.125j [X0 X1 Y6 X7] +
-0.125j [X0 Y1 X6 X7] +
0.125j [X0 Y1 Y6 Y7] +
(-0-0.125j) [Y0 X1 X6 X7] +
0.125j [Y0 X1 Y6 Y7] +
-0.125j [Y0 Y1 X6 Y7] +
-0.125j [Y0 Y1 Y6 X7]
    5   0.17963144 0.125j [X2 X3 X4 Y5] +
0.125j [X2 X3 Y4 X5] +
-0.125j [X2 Y3 X4 X5] +
0.125j [X2 Y3 Y4 Y5] +
(-0-0.125j) [Y2 X3 X4 X5] +
0.125j [Y2 X3 Y4 Y5] +
-0.125j [Y2 Y3 X4 Y5] +
-0.125j [Y2 Y3 Y4 X5]




 --------------------------------------------------------------------------
                         ADAPT-VQE iteration:  3
 --------------------------------------------------------------------------
 Check each new operator for coupling
 Measure Operator Pool Gradients:
 Variance:      0.00906136
 Uncertainty:   0.09519117
 Norm of <[H,A]> =   0.18267324
 Max  of <[H,A]> =   0.00000000
 Add operator   43
 Add operator   57
 Iter:   0 Current Energy =  -2.1634849298926389 Gradient Norm    5.3e-02 Gradient Max    2.6e-02
 Iter:   1 Current Energy =  -2.1638911921673860 Gradient Norm    1.4e-02 Gradient Max    1.2e-02
 Iter:   2 Current Energy =  -2.1639174903649478 Gradient Norm    2.1e-03 Gradient Max    1.7e-03
 Iter:   3 Current Energy =  -2.1639185505087912 Gradient Norm    9.4e-04 Gradient Max    7.3e-04
 Iter:   4 Current Energy =  -2.1639187226627148 Gradient Norm    1.1e-04 Gradient Max    7.2e-05
 Iter:   5 Current Energy =  -2.1639187250289780 Gradient Norm    1.2e-05 Gradient Max    8.6e-06
 Iter:   6 Current Energy =  -2.1639187250602165 Gradient Norm    1.4e-07 Gradient Max    9.5e-08
 Iter:   7 Current Energy =  -2.1639187250602223 Gradient Norm    2.9e-12 Gradient Max    1.5e-12
 Finished:      -2.163918725060
 -----------New ansatz----------- 
    #        Coeff               Term
    0   0.04590087 0.125j [X1 X2 X4 Y7] +
0.125j [X1 X2 Y4 X7] +
-0.125j [X1 Y2 X4 X7] +
0.125j [X1 Y2 Y4 Y7] +
(-0-0.125j) [Y1 X2 X4 X7] +
0.125j [Y1 X2 Y4 Y7] +
-0.125j [Y1 Y2 X4 Y7] +
-0.125j [Y1 Y2 Y4 X7]
    1   0.04590087 0.125j [X0 X3 X5 Y6] +
0.125j [X0 X3 Y5 X6] +
-0.125j [X0 Y3 X5 X6] +
0.125j [X0 Y3 Y5 Y6] +
(-0-0.125j) [Y0 X3 X5 X6] +
0.125j [Y0 X3 Y5 Y6] +
-0.125j [Y0 Y3 X5 Y6] +
-0.125j [Y0 Y3 Y5 X6]
    2   0.04768950 0.125j [X2 X3 X6 Y7] +
0.125j [X2 X3 Y6 X7] +
-0.125j [X2 Y3 X6 X7] +
0.125j [X2 Y3 Y6 Y7] +
(-0-0.125j) [Y2 X3 X6 X7] +
0.125j [Y2 X3 Y6 Y7] +
-0.125j [Y2 Y3 X6 Y7] +
-0.125j [Y2 Y3 Y6 X7]
    3   0.07330004 0.125j [X0 X1 X4 Y5] +
0.125j [X0 X1 Y4 X5] +
-0.125j [X0 Y1 X4 X5] +
0.125j [X0 Y1 Y4 Y5] +
(-0-0.125j) [Y0 X1 X4 X5] +
0.125j [Y0 X1 Y4 Y5] +
-0.125j [Y0 Y1 X4 Y5] +
-0.125j [Y0 Y1 Y4 X5]
    4  -0.08669731 0.125j [X1 X2 X5 Y6] +
0.125j [X1 X2 Y5 X6] +
-0.125j [X1 Y2 X5 X6] +
0.125j [X1 Y2 Y5 Y6] +
(-0-0.125j) [Y1 X2 X5 X6] +
0.125j [Y1 X2 Y5 Y6] +
-0.125j [Y1 Y2 X5 Y6] +
-0.125j [Y1 Y2 Y5 X6]
    5  -0.08669731 0.125j [X0 X3 X4 Y7] +
0.125j [X0 X3 Y4 X7] +
-0.125j [X0 Y3 X4 X7] +
0.125j [X0 Y3 Y4 Y7] +
(-0-0.125j) [Y0 X3 X4 X7] +
0.125j [Y0 X3 Y4 Y7] +
-0.125j [Y0 Y3 X4 Y7] +
-0.125j [Y0 Y3 Y4 X7]
    6   0.05108400 0.125j [X0 X1 X6 Y7] +
0.125j [X0 X1 Y6 X7] +
-0.125j [X0 Y1 X6 X7] +
0.125j [X0 Y1 Y6 Y7] +
(-0-0.125j) [Y0 X1 X6 X7] +
0.125j [Y0 X1 Y6 Y7] +
-0.125j [Y0 Y1 X6 Y7] +
-0.125j [Y0 Y1 Y6 X7]
    7   0.18280218 0.125j [X2 X3 X4 Y5] +
0.125j [X2 X3 Y4 X5] +
-0.125j [X2 Y3 X4 X5] +
0.125j [X2 Y3 Y4 Y5] +
(-0-0.125j) [Y2 X3 X4 X5] +
0.125j [Y2 X3 Y4 Y5] +
-0.125j [Y2 Y3 X4 Y5] +
-0.125j [Y2 Y3 Y4 X5]




 --------------------------------------------------------------------------
                         ADAPT-VQE iteration:  4
 --------------------------------------------------------------------------
 Check each new operator for coupling
 Measure Operator Pool Gradients:
 Variance:      0.00322528
 Uncertainty:   0.05679156
 Norm of <[H,A]> =   0.10454828
 Max  of <[H,A]> =   0.00000000
 Add operator   65
 Add operator   34
 Iter:   0 Current Energy =  -2.1660253301756929 Gradient Norm    2.9e-02 Gradient Max    1.2e-02
 Iter:   1 Current Energy =  -2.1662021866783716 Gradient Norm    7.2e-03 Gradient Max    4.9e-03
 Iter:   2 Current Energy =  -2.1662106076620082 Gradient Norm    1.3e-03 Gradient Max    9.5e-04
 Iter:   3 Current Energy =  -2.1662110552598288 Gradient Norm    2.7e-04 Gradient Max    2.0e-04
 Iter:   4 Current Energy =  -2.1662110611049621 Gradient Norm    2.4e-04 Gradient Max    1.6e-04
 Iter:   5 Current Energy =  -2.1662110698947812 Gradient Norm    1.4e-04 Gradient Max    9.7e-05
 Iter:   6 Current Energy =  -2.1662110737945204 Gradient Norm    1.0e-04 Gradient Max    7.9e-05
 Iter:   7 Current Energy =  -2.1662110749831531 Gradient Norm    3.5e-05 Gradient Max    2.0e-05
 Iter:   8 Current Energy =  -2.1662110751079635 Gradient Norm    1.8e-05 Gradient Max    1.4e-05
 Iter:   9 Current Energy =  -2.1662110751434454 Gradient Norm    6.4e-06 Gradient Max    5.0e-06
 Iter:  10 Current Energy =  -2.1662110751485408 Gradient Norm    4.6e-12 Gradient Max    3.1e-12
 Finished:      -2.166211075149
 -----------New ansatz----------- 
    #        Coeff               Term
    0   0.03148700 0.125j [X0 X2 X4 Y6] +
0.125j [X0 X2 Y4 X6] +
-0.125j [X0 Y2 X4 X6] +
0.125j [X0 Y2 Y4 Y6] +
(-0-0.125j) [Y0 X2 X4 X6] +
0.125j [Y0 X2 Y4 Y6] +
-0.125j [Y0 Y2 X4 Y6] +
-0.125j [Y0 Y2 Y4 X6]
    1   0.03148700 0.125j [X1 X3 X5 Y7] +
0.125j [X1 X3 Y5 X7] +
-0.125j [X1 Y3 X5 X7] +
0.125j [X1 Y3 Y5 Y7] +
(-0-0.125j) [Y1 X3 X5 X7] +
0.125j [Y1 X3 Y5 Y7] +
-0.125j [Y1 Y3 X5 Y7] +
-0.125j [Y1 Y3 Y5 X7]
    2   0.05141008 0.125j [X1 X2 X4 Y7] +
0.125j [X1 X2 Y4 X7] +
-0.125j [X1 Y2 X4 X7] +
0.125j [X1 Y2 Y4 Y7] +
(-0-0.125j) [Y1 X2 X4 X7] +
0.125j [Y1 X2 Y4 Y7] +
-0.125j [Y1 Y2 X4 Y7] +
-0.125j [Y1 Y2 Y4 X7]
    3   0.05141008 0.125j [X0 X3 X5 Y6] +
0.125j [X0 X3 Y5 X6] +
-0.125j [X0 Y3 X5 X6] +
0.125j [X0 Y3 Y5 Y6] +
(-0-0.125j) [Y0 X3 X5 X6] +
0.125j [Y0 X3 Y5 Y6] +
-0.125j [Y0 Y3 X5 Y6] +
-0.125j [Y0 Y3 Y5 X6]
    4   0.04448310 0.125j [X2 X3 X6 Y7] +
0.125j [X2 X3 Y6 X7] +
-0.125j [X2 Y3 X6 X7] +
0.125j [X2 Y3 Y6 Y7] +
(-0-0.125j) [Y2 X3 X6 X7] +
0.125j [Y2 X3 Y6 Y7] +
-0.125j [Y2 Y3 X6 Y7] +
-0.125j [Y2 Y3 Y6 X7]
    5   0.06855172 0.125j [X0 X1 X4 Y5] +
0.125j [X0 X1 Y4 X5] +
-0.125j [X0 Y1 X4 X5] +
0.125j [X0 Y1 Y4 Y5] +
(-0-0.125j) [Y0 X1 X4 X5] +
0.125j [Y0 X1 Y4 Y5] +
-0.125j [Y0 Y1 X4 Y5] +
-0.125j [Y0 Y1 Y4 X5]
    6  -0.08136637 0.125j [X1 X2 X5 Y6] +
0.125j [X1 X2 Y5 X6] +
-0.125j [X1 Y2 X5 X6] +
0.125j [X1 Y2 Y5 Y6] +
(-0-0.125j) [Y1 X2 X5 X6] +
0.125j [Y1 X2 Y5 Y6] +
-0.125j [Y1 Y2 X5 Y6] +
-0.125j [Y1 Y2 Y5 X6]
    7  -0.08136637 0.125j [X0 X3 X4 Y7] +
0.125j [X0 X3 Y4 X7] +
-0.125j [X0 Y3 X4 X7] +
0.125j [X0 Y3 Y4 Y7] +
(-0-0.125j) [Y0 X3 X4 X7] +
0.125j [Y0 X3 Y4 Y7] +
-0.125j [Y0 Y3 X4 Y7] +
-0.125j [Y0 Y3 Y4 X7]
    8   0.05282415 0.125j [X0 X1 X6 Y7] +
0.125j [X0 X1 Y6 X7] +
-0.125j [X0 Y1 X6 X7] +
0.125j [X0 Y1 Y6 Y7] +
(-0-0.125j) [Y0 X1 X6 X7] +
0.125j [Y0 X1 Y6 Y7] +
-0.125j [Y0 Y1 X6 Y7] +
-0.125j [Y0 Y1 Y6 X7]
    9   0.18690886 0.125j [X2 X3 X4 Y5] +
0.125j [X2 X3 Y4 X5] +
-0.125j [X2 Y3 X4 X5] +
0.125j [X2 Y3 Y4 Y5] +
(-0-0.125j) [Y2 X3 X4 X5] +
0.125j [Y2 X3 Y4 Y5] +
-0.125j [Y2 Y3 X4 Y5] +
-0.125j [Y2 Y3 Y4 X5]




 --------------------------------------------------------------------------
                         ADAPT-VQE iteration:  5
 --------------------------------------------------------------------------
 Check each new operator for coupling
 Measure Operator Pool Gradients:
 Variance:      0.00028957
 Uncertainty:   0.01701688
 Norm of <[H,A]> =   0.01985381
 Max  of <[H,A]> =   0.00000000
 Add operator    8
 Add operator    9
 Add operator    3
 Add operator    2
 Iter:   0 Current Energy =  -2.1662338541916863 Gradient Norm    2.0e-02 Gradient Max    1.0e-02
 Iter:   1 Current Energy =  -2.1662722059551460 Gradient Norm    1.4e-02 Gradient Max    7.7e-03
 Iter:   2 Current Energy =  -2.1662972542468646 Gradient Norm    1.2e-02 Gradient Max    8.2e-03
 Iter:   3 Current Energy =  -2.1663104136551246 Gradient Norm    3.9e-03 Gradient Max    1.6e-03
 Iter:   4 Current Energy =  -2.1663131516252059 Gradient Norm    1.1e-03 Gradient Max    5.7e-04
 Iter:   5 Current Energy =  -2.1663132928587308 Gradient Norm    6.9e-04 Gradient Max    4.4e-04
 Iter:   6 Current Energy =  -2.1663133882982781 Gradient Norm    2.4e-04 Gradient Max    9.1e-05
 Iter:   7 Current Energy =  -2.1663133912303012 Gradient Norm    2.3e-04 Gradient Max    1.3e-04
 Iter:   8 Current Energy =  -2.1663133957464398 Gradient Norm    1.4e-04 Gradient Max    6.9e-05
 Iter:   9 Current Energy =  -2.1663133981371963 Gradient Norm    6.3e-05 Gradient Max    2.8e-05
 Iter:  10 Current Energy =  -2.1663133983793270 Gradient Norm    5.7e-05 Gradient Max    2.8e-05
 Iter:  11 Current Energy =  -2.1663133987398284 Gradient Norm    3.0e-05 Gradient Max    1.6e-05
 Iter:  12 Current Energy =  -2.1663133988699603 Gradient Norm    3.8e-06 Gradient Max    1.8e-06
 Iter:  13 Current Energy =  -2.1663133988729100 Gradient Norm    7.6e-07 Gradient Max    3.3e-07
 Iter:  14 Current Energy =  -2.1663133988730521 Gradient Norm    1.9e-07 Gradient Max    8.8e-08
 Iter:  15 Current Energy =  -2.1663133988730610 Gradient Norm    7.8e-08 Gradient Max    3.4e-08
 Finished:      -2.166313398873
 -----------New ansatz----------- 
    #        Coeff               Term
    0   0.00667642 (-0-0.5j) [X0 Y4] +
0.5j [Y0 X4]
    1  -0.00667642 (-0-0.5j) [X1 Y5] +
0.5j [Y1 X5]
    2  -0.00475347 (-0-0.5j) [X3 Y7] +
0.5j [Y3 X7]
    3   0.00475347 (-0-0.5j) [X2 Y6] +
0.5j [Y2 X6]
    4   0.03222964 0.125j [X0 X2 X4 Y6] +
0.125j [X0 X2 Y4 X6] +
-0.125j [X0 Y2 X4 X6] +
0.125j [X0 Y2 Y4 Y6] +
(-0-0.125j) [Y0 X2 X4 X6] +
0.125j [Y0 X2 Y4 Y6] +
-0.125j [Y0 Y2 X4 Y6] +
-0.125j [Y0 Y2 Y4 X6]
    5   0.03222964 0.125j [X1 X3 X5 Y7] +
0.125j [X1 X3 Y5 X7] +
-0.125j [X1 Y3 X5 X7] +
0.125j [X1 Y3 Y5 Y7] +
(-0-0.125j) [Y1 X3 X5 X7] +
0.125j [Y1 X3 Y5 Y7] +
-0.125j [Y1 Y3 X5 Y7] +
-0.125j [Y1 Y3 Y5 X7]
    6   0.05048432 0.125j [X1 X2 X4 Y7] +
0.125j [X1 X2 Y4 X7] +
-0.125j [X1 Y2 X4 X7] +
0.125j [X1 Y2 Y4 Y7] +
(-0-0.125j) [Y1 X2 X4 X7] +
0.125j [Y1 X2 Y4 Y7] +
-0.125j [Y1 Y2 X4 Y7] +
-0.125j [Y1 Y2 Y4 X7]
    7   0.05048432 0.125j [X0 X3 X5 Y6] +
0.125j [X0 X3 Y5 X6] +
-0.125j [X0 Y3 X5 X6] +
0.125j [X0 Y3 Y5 Y6] +
(-0-0.125j) [Y0 X3 X5 X6] +
0.125j [Y0 X3 Y5 Y6] +
-0.125j [Y0 Y3 X5 Y6] +
-0.125j [Y0 Y3 Y5 X6]
    8   0.04342606 0.125j [X2 X3 X6 Y7] +
0.125j [X2 X3 Y6 X7] +
-0.125j [X2 Y3 X6 X7] +
0.125j [X2 Y3 Y6 Y7] +
(-0-0.125j) [Y2 X3 X6 X7] +
0.125j [Y2 X3 Y6 Y7] +
-0.125j [Y2 Y3 X6 Y7] +
-0.125j [Y2 Y3 Y6 X7]
    9   0.06696574 0.125j [X0 X1 X4 Y5] +
0.125j [X0 X1 Y4 X5] +
-0.125j [X0 Y1 X4 X5] +
0.125j [X0 Y1 Y4 Y5] +
(-0-0.125j) [Y0 X1 X4 X5] +
0.125j [Y0 X1 Y4 Y5] +
-0.125j [Y0 Y1 X4 Y5] +
-0.125j [Y0 Y1 Y4 X5]
   10  -0.08121807 0.125j [X1 X2 X5 Y6] +
0.125j [X1 X2 Y5 X6] +
-0.125j [X1 Y2 X5 X6] +
0.125j [X1 Y2 Y5 Y6] +
(-0-0.125j) [Y1 X2 X5 X6] +
0.125j [Y1 X2 Y5 Y6] +
-0.125j [Y1 Y2 X5 Y6] +
-0.125j [Y1 Y2 Y5 X6]
   11  -0.08121807 0.125j [X0 X3 X4 Y7] +
0.125j [X0 X3 Y4 X7] +
-0.125j [X0 Y3 X4 X7] +
0.125j [X0 Y3 Y4 Y7] +
(-0-0.125j) [Y0 X3 X4 X7] +
0.125j [Y0 X3 Y4 Y7] +
-0.125j [Y0 Y3 X4 Y7] +
-0.125j [Y0 Y3 Y4 X7]
   12   0.05331117 0.125j [X0 X1 X6 Y7] +
0.125j [X0 X1 Y6 X7] +
-0.125j [X0 Y1 X6 X7] +
0.125j [X0 Y1 Y6 Y7] +
(-0-0.125j) [Y0 X1 X6 X7] +
0.125j [Y0 X1 Y6 Y7] +
-0.125j [Y0 Y1 X6 Y7] +
-0.125j [Y0 Y1 Y6 X7]
   13   0.18983707 0.125j [X2 X3 X4 Y5] +
0.125j [X2 X3 Y4 X5] +
-0.125j [X2 Y3 X4 X5] +
0.125j [X2 Y3 Y4 Y5] +
(-0-0.125j) [Y2 X3 X4 X5] +
0.125j [Y2 X3 Y4 Y5] +
-0.125j [Y2 Y3 X4 Y5] +
-0.125j [Y2 Y3 Y4 X5]




 --------------------------------------------------------------------------
                         ADAPT-VQE iteration:  6
 --------------------------------------------------------------------------
 Check each new operator for coupling
 Measure Operator Pool Gradients:
 Variance:      0.00016879
 Uncertainty:   0.01299202
 Norm of <[H,A]> =   0.00499949
 Max  of <[H,A]> =   0.00000000
 Add operator   49
 Add operator   52
 Iter:   0 Current Energy =  -2.1663215199766683 Gradient Norm    2.5e-03 Gradient Max    2.4e-03
 Iter:   1 Current Energy =  -2.1663338600452846 Gradient Norm    1.7e-03 Gradient Max    1.3e-03
 Iter:   2 Current Energy =  -2.1663368041148066 Gradient Norm    3.9e-03 Gradient Max    2.2e-03
 Iter:   3 Current Energy =  -2.1663381179601382 Gradient Norm    2.6e-03 Gradient Max    1.8e-03
 Iter:   4 Current Energy =  -2.1663385082134514 Gradient Norm    2.2e-03 Gradient Max    1.3e-03
 Iter:   5 Current Energy =  -2.1663390181293596 Gradient Norm    1.0e-03 Gradient Max    5.8e-04
 Iter:   6 Current Energy =  -2.1663391671488719 Gradient Norm    5.6e-04 Gradient Max    5.0e-04
 Iter:   7 Current Energy =  -2.1663392037541414 Gradient Norm    1.7e-04 Gradient Max    8.2e-05
 Iter:   8 Current Energy =  -2.1663392125172614 Gradient Norm    1.6e-04 Gradient Max    7.6e-05
 Iter:   9 Current Energy =  -2.1663392227844027 Gradient Norm    1.5e-04 Gradient Max    9.4e-05
 Iter:  10 Current Energy =  -2.1663392421136631 Gradient Norm    1.6e-04 Gradient Max    8.7e-05
 Iter:  11 Current Energy =  -2.1663393924489314 Gradient Norm    5.1e-04 Gradient Max    2.4e-04
 Iter:  12 Current Energy =  -2.1663396334417624 Gradient Norm    8.4e-04 Gradient Max    4.8e-04
 Iter:  13 Current Energy =  -2.1663400325310449 Gradient Norm    1.2e-03 Gradient Max    6.2e-04
 Iter:  14 Current Energy =  -2.1663406291120100 Gradient Norm    1.4e-03 Gradient Max    8.4e-04
 Iter:  15 Current Energy =  -2.1663412322442124 Gradient Norm    1.4e-03 Gradient Max    7.8e-04
 Iter:  16 Current Energy =  -2.1663415855131420 Gradient Norm    6.3e-04 Gradient Max    3.2e-04
 Iter:  17 Current Energy =  -2.1663416656891159 Gradient Norm    3.3e-04 Gradient Max    2.4e-04
 Iter:  18 Current Energy =  -2.1663416740621364 Gradient Norm    2.6e-04 Gradient Max    1.9e-04
 Iter:  19 Current Energy =  -2.1663416856565494 Gradient Norm    1.0e-04 Gradient Max    7.6e-05
 Iter:  20 Current Energy =  -2.1663416875834822 Gradient Norm    3.6e-05 Gradient Max    2.0e-05
 Iter:  21 Current Energy =  -2.1663416877895556 Gradient Norm    1.3e-05 Gradient Max    8.2e-06
 Iter:  22 Current Energy =  -2.1663416878170723 Gradient Norm    6.4e-06 Gradient Max    3.2e-06
 Iter:  23 Current Energy =  -2.1663416878276647 Gradient Norm    5.3e-07 Gradient Max    3.2e-07
 Iter:  24 Current Energy =  -2.1663416878277251 Gradient Norm    9.9e-08 Gradient Max    7.5e-08
 Iter:  25 Current Energy =  -2.1663416878277273 Gradient Norm    1.1e-08 Gradient Max    5.9e-09
 Iter:  26 Current Energy =  -2.1663416878277282 Gradient Norm    3.5e-09 Gradient Max    2.5e-09
 Iter:  27 Current Energy =  -2.1663416878277300 Gradient Norm    8.2e-10 Gradient Max    4.5e-10
 Finished:      -2.166341687828
 -----------New ansatz----------- 
    #        Coeff               Term
    0   0.05555722 -0.125j [X1 X2 X3 Y4] +
0.125j [X1 X2 Y3 X4] +
0.125j [X1 Y2 X3 X4] +
0.125j [X1 Y2 Y3 Y4] +
(-0-0.125j) [Y1 X2 X3 X4] +
-0.125j [Y1 X2 Y3 Y4] +
-0.125j [Y1 Y2 X3 Y4] +
0.125j [Y1 Y2 Y3 X4]
    1   0.03323355 0.125j [X0 X5 X6 Y7] +
0.125j [X0 X5 Y6 X7] +
-0.125j [X0 Y5 X6 X7] +
0.125j [X0 Y5 Y6 Y7] +
(-0-0.125j) [Y0 X5 X6 X7] +
0.125j [Y0 X5 Y6 Y7] +
-0.125j [Y0 Y5 X6 Y7] +
-0.125j [Y0 Y5 Y6 X7]
    2   0.00715516 (-0-0.5j) [X0 Y4] +
0.5j [Y0 X4]
    3  -0.01546286 (-0-0.5j) [X1 Y5] +
0.5j [Y1 X5]
    4  -0.00414981 (-0-0.5j) [X3 Y7] +
0.5j [Y3 X7]
    5   0.00359992 (-0-0.5j) [X2 Y6] +
0.5j [Y2 X6]
    6   0.03218166 0.125j [X0 X2 X4 Y6] +
0.125j [X0 X2 Y4 X6] +
-0.125j [X0 Y2 X4 X6] +
0.125j [X0 Y2 Y4 Y6] +
(-0-0.125j) [Y0 X2 X4 X6] +
0.125j [Y0 X2 Y4 Y6] +
-0.125j [Y0 Y2 X4 Y6] +
-0.125j [Y0 Y2 Y4 X6]
    7   0.03218317 0.125j [X1 X3 X5 Y7] +
0.125j [X1 X3 Y5 X7] +
-0.125j [X1 Y3 X5 X7] +
0.125j [X1 Y3 Y5 Y7] +
(-0-0.125j) [Y1 X3 X5 X7] +
0.125j [Y1 X3 Y5 Y7] +
-0.125j [Y1 Y3 X5 Y7] +
-0.125j [Y1 Y3 Y5 X7]
    8   0.05063375 0.125j [X1 X2 X4 Y7] +
0.125j [X1 X2 Y4 X7] +
-0.125j [X1 Y2 X4 X7] +
0.125j [X1 Y2 Y4 Y7] +
(-0-0.125j) [Y1 X2 X4 X7] +
0.125j [Y1 X2 Y4 Y7] +
-0.125j [Y1 Y2 X4 Y7] +
-0.125j [Y1 Y2 Y4 X7]
    9   0.05076550 0.125j [X0 X3 X5 Y6] +
0.125j [X0 X3 Y5 X6] +
-0.125j [X0 Y3 X5 X6] +
0.125j [X0 Y3 Y5 Y6] +
(-0-0.125j) [Y0 X3 X5 X6] +
0.125j [Y0 X3 Y5 Y6] +
-0.125j [Y0 Y3 X5 Y6] +
-0.125j [Y0 Y3 Y5 X6]
   10   0.04361696 0.125j [X2 X3 X6 Y7] +
0.125j [X2 X3 Y6 X7] +
-0.125j [X2 Y3 X6 X7] +
0.125j [X2 Y3 Y6 Y7] +
(-0-0.125j) [Y2 X3 X6 X7] +
0.125j [Y2 X3 Y6 Y7] +
-0.125j [Y2 Y3 X6 Y7] +
-0.125j [Y2 Y3 Y6 X7]
   11   0.06709878 0.125j [X0 X1 X4 Y5] +
0.125j [X0 X1 Y4 X5] +
-0.125j [X0 Y1 X4 X5] +
0.125j [X0 Y1 Y4 Y5] +
(-0-0.125j) [Y0 X1 X4 X5] +
0.125j [Y0 X1 Y4 Y5] +
-0.125j [Y0 Y1 X4 Y5] +
-0.125j [Y0 Y1 Y4 X5]
   12  -0.08119399 0.125j [X1 X2 X5 Y6] +
0.125j [X1 X2 Y5 X6] +
-0.125j [X1 Y2 X5 X6] +
0.125j [X1 Y2 Y5 Y6] +
(-0-0.125j) [Y1 X2 X5 X6] +
0.125j [Y1 X2 Y5 Y6] +
-0.125j [Y1 Y2 X5 Y6] +
-0.125j [Y1 Y2 Y5 X6]
   13  -0.08156330 0.125j [X0 X3 X4 Y7] +
0.125j [X0 X3 Y4 X7] +
-0.125j [X0 Y3 X4 X7] +
0.125j [X0 Y3 Y4 Y7] +
(-0-0.125j) [Y0 X3 X4 X7] +
0.125j [Y0 X3 Y4 Y7] +
-0.125j [Y0 Y3 X4 Y7] +
-0.125j [Y0 Y3 Y4 X7]
   14   0.05334916 0.125j [X0 X1 X6 Y7] +
0.125j [X0 X1 Y6 X7] +
-0.125j [X0 Y1 X6 X7] +
0.125j [X0 Y1 Y6 Y7] +
(-0-0.125j) [Y0 X1 X6 X7] +
0.125j [Y0 X1 Y6 Y7] +
-0.125j [Y0 Y1 X6 Y7] +
-0.125j [Y0 Y1 Y6 X7]
   15   0.18899054 0.125j [X2 X3 X4 Y5] +
0.125j [X2 X3 Y4 X5] +
-0.125j [X2 Y3 X4 X5] +
0.125j [X2 Y3 Y4 Y5] +
(-0-0.125j) [Y2 X3 X4 X5] +
0.125j [Y2 X3 Y4 Y5] +
-0.125j [Y2 Y3 X4 Y5] +
-0.125j [Y2 Y3 Y4 X5]




 --------------------------------------------------------------------------
                         ADAPT-VQE iteration:  7
 --------------------------------------------------------------------------
 Check each new operator for coupling
 Measure Operator Pool Gradients:
 Variance:      0.00010360
 Uncertainty:   0.01017863
 Norm of <[H,A]> =   0.00382972
 Max  of <[H,A]> =   0.00000000
 Add operator   70
 Add operator   31
 Iter:   0 Current Energy =  -2.1663510769407632 Gradient Norm    2.7e-03 Gradient Max    2.6e-03
 Iter:   1 Current Energy =  -2.1663653900636333 Gradient Norm    1.9e-03 Gradient Max    1.5e-03
 Iter:   2 Current Energy =  -2.1663685310925116 Gradient Norm    4.7e-03 Gradient Max    3.1e-03
 Iter:   3 Current Energy =  -2.1663711217662938 Gradient Norm    1.8e-03 Gradient Max    9.7e-04
 Iter:   4 Current Energy =  -2.1663717656331238 Gradient Norm    8.2e-04 Gradient Max    3.7e-04
 Iter:   5 Current Energy =  -2.1663719373964869 Gradient Norm    4.9e-04 Gradient Max    3.0e-04
 Iter:   6 Current Energy =  -2.1663719634273613 Gradient Norm    6.7e-04 Gradient Max    4.3e-04
 Iter:   7 Current Energy =  -2.1663720107160263 Gradient Norm    5.2e-04 Gradient Max    3.2e-04
 Iter:   8 Current Energy =  -2.1663720960649435 Gradient Norm    3.5e-04 Gradient Max    1.9e-04
 Iter:   9 Current Energy =  -2.1663722428904650 Gradient Norm    2.7e-04 Gradient Max    1.4e-04
 Iter:  10 Current Energy =  -2.1663724633053487 Gradient Norm    5.7e-04 Gradient Max    3.6e-04
 Iter:  11 Current Energy =  -2.1663727166112197 Gradient Norm    1.0e-03 Gradient Max    7.4e-04
 Iter:  12 Current Energy =  -2.1663729984264095 Gradient Norm    1.1e-03 Gradient Max    6.5e-04
 Iter:  13 Current Energy =  -2.1663734801168255 Gradient Norm    1.0e-03 Gradient Max    5.2e-04
 Iter:  14 Current Energy =  -2.1663743004624827 Gradient Norm    8.7e-04 Gradient Max    6.2e-04
 Iter:  15 Current Energy =  -2.1663755760439742 Gradient Norm    1.3e-03 Gradient Max    7.4e-04
 Iter:  16 Current Energy =  -2.1663773774440429 Gradient Norm    2.2e-03 Gradient Max    1.5e-03
 Iter:  17 Current Energy =  -2.1663795209997638 Gradient Norm    2.9e-03 Gradient Max    1.9e-03
 Iter:  18 Current Energy =  -2.1663822026356234 Gradient Norm    2.7e-03 Gradient Max    1.8e-03
 Iter:  19 Current Energy =  -2.1663834478942881 Gradient Norm    1.8e-03 Gradient Max    1.3e-03
 Iter:  20 Current Energy =  -2.1663840016222622 Gradient Norm    5.0e-04 Gradient Max    3.3e-04
 Iter:  21 Current Energy =  -2.1663840683007649 Gradient Norm    1.3e-04 Gradient Max    7.8e-05
 Iter:  22 Current Energy =  -2.1663840713531317 Gradient Norm    9.0e-05 Gradient Max    5.5e-05
 Iter:  23 Current Energy =  -2.1663840721964926 Gradient Norm    6.1e-05 Gradient Max    2.6e-05
 Iter:  24 Current Energy =  -2.1663840728230497 Gradient Norm    2.0e-05 Gradient Max    1.1e-05
 Iter:  25 Current Energy =  -2.1663840729551378 Gradient Norm    7.4e-06 Gradient Max    4.7e-06
 Iter:  26 Current Energy =  -2.1663840730116997 Gradient Norm    7.4e-06 Gradient Max    4.8e-06
 Iter:  27 Current Energy =  -2.1663840735138002 Gradient Norm    2.1e-05 Gradient Max    1.0e-05
 Iter:  28 Current Energy =  -2.1663840744276444 Gradient Norm    4.1e-05 Gradient Max    2.1e-05
 Iter:  29 Current Energy =  -2.1663840761027577 Gradient Norm    6.8e-05 Gradient Max    3.4e-05
 Iter:  30 Current Energy =  -2.1663840791565123 Gradient Norm    1.0e-04 Gradient Max    5.1e-05
 Iter:  31 Current Energy =  -2.1663840846289415 Gradient Norm    1.5e-04 Gradient Max    7.6e-05
 Iter:  32 Current Energy =  -2.1663840941351262 Gradient Norm    2.2e-04 Gradient Max    1.1e-04
 Iter:  33 Current Energy =  -2.1663841098367240 Gradient Norm    3.0e-04 Gradient Max    1.5e-04
 Iter:  34 Current Energy =  -2.1663841337408489 Gradient Norm    3.8e-04 Gradient Max    1.9e-04
 Iter:  35 Current Energy =  -2.1663841606906660 Gradient Norm    3.7e-04 Gradient Max    1.9e-04
 Iter:  36 Current Energy =  -2.1663841835137130 Gradient Norm    2.4e-04 Gradient Max    1.3e-04
 Iter:  37 Current Energy =  -2.1663841944430851 Gradient Norm    9.0e-05 Gradient Max    3.8e-05
 Iter:  38 Current Energy =  -2.1663841968479991 Gradient Norm    2.1e-05 Gradient Max    1.1e-05
 Iter:  39 Current Energy =  -2.1663841971456814 Gradient Norm    1.1e-05 Gradient Max    5.8e-06
 Iter:  40 Current Energy =  -2.1663841971789379 Gradient Norm    2.0e-06 Gradient Max    1.2e-06
 Iter:  41 Current Energy =  -2.1663841971804301 Gradient Norm    1.9e-07 Gradient Max    9.1e-08
 Iter:  42 Current Energy =  -2.1663841971804869 Gradient Norm    9.5e-08 Gradient Max    8.4e-08
 Iter:  43 Current Energy =  -2.1663841971804905 Gradient Norm    1.7e-08 Gradient Max    1.2e-08
 Iter:  44 Current Energy =  -2.1663841971804909 Gradient Norm    8.8e-09 Gradient Max    6.1e-09
 Iter:  45 Current Energy =  -2.1663841971804918 Gradient Norm    6.6e-09 Gradient Max    4.6e-09
 Finished:      -2.166384197180
 -----------New ansatz----------- 
    #        Coeff               Term
    0  -0.10511062 -0.125j [X0 X2 X3 Y5] +
0.125j [X0 X2 Y3 X5] +
0.125j [X0 Y2 X3 X5] +
0.125j [X0 Y2 Y3 Y5] +
(-0-0.125j) [Y0 X2 X3 X5] +
-0.125j [Y0 X2 Y3 Y5] +
-0.125j [Y0 Y2 X3 Y5] +
0.125j [Y0 Y2 Y3 X5]
    1  -0.05054899 0.125j [X1 X4 X6 Y7] +
0.125j [X1 X4 Y6 X7] +
-0.125j [X1 Y4 X6 X7] +
0.125j [X1 Y4 Y6 Y7] +
(-0-0.125j) [Y1 X4 X6 X7] +
0.125j [Y1 X4 Y6 Y7] +
-0.125j [Y1 Y4 X6 Y7] +
-0.125j [Y1 Y4 Y6 X7]
    2   0.10636044 -0.125j [X1 X2 X3 Y4] +
0.125j [X1 X2 Y3 X4] +
0.125j [X1 Y2 X3 X4] +
0.125j [X1 Y2 Y3 Y4] +
(-0-0.125j) [Y1 X2 X3 X4] +
-0.125j [Y1 X2 Y3 Y4] +
-0.125j [Y1 Y2 X3 Y4] +
0.125j [Y1 Y2 Y3 X4]
    3   0.05159868 0.125j [X0 X5 X6 Y7] +
0.125j [X0 X5 Y6 X7] +
-0.125j [X0 Y5 X6 X7] +
0.125j [X0 Y5 Y6 Y7] +
(-0-0.125j) [Y0 X5 X6 X7] +
0.125j [Y0 X5 Y6 Y7] +
-0.125j [Y0 Y5 X6 Y7] +
-0.125j [Y0 Y5 Y6 X7]
    4   0.02498211 (-0-0.5j) [X0 Y4] +
0.5j [Y0 X4]
    5  -0.02498212 (-0-0.5j) [X1 Y5] +
0.5j [Y1 X5]
    6  -0.00181842 (-0-0.5j) [X3 Y7] +
0.5j [Y3 X7]
    7   0.00181842 (-0-0.5j) [X2 Y6] +
0.5j [Y2 X6]
    8   0.03208367 0.125j [X0 X2 X4 Y6] +
0.125j [X0 X2 Y4 X6] +
-0.125j [X0 Y2 X4 X6] +
0.125j [X0 Y2 Y4 Y6] +
(-0-0.125j) [Y0 X2 X4 X6] +
0.125j [Y0 X2 Y4 Y6] +
-0.125j [Y0 Y2 X4 Y6] +
-0.125j [Y0 Y2 Y4 X6]
    9   0.03208367 0.125j [X1 X3 X5 Y7] +
0.125j [X1 X3 Y5 X7] +
-0.125j [X1 Y3 X5 X7] +
0.125j [X1 Y3 Y5 Y7] +
(-0-0.125j) [Y1 X3 X5 X7] +
0.125j [Y1 X3 Y5 Y7] +
-0.125j [Y1 Y3 X5 Y7] +
-0.125j [Y1 Y3 Y5 X7]
   10   0.05105534 0.125j [X1 X2 X4 Y7] +
0.125j [X1 X2 Y4 X7] +
-0.125j [X1 Y2 X4 X7] +
0.125j [X1 Y2 Y4 Y7] +
(-0-0.125j) [Y1 X2 X4 X7] +
0.125j [Y1 X2 Y4 Y7] +
-0.125j [Y1 Y2 X4 Y7] +
-0.125j [Y1 Y2 Y4 X7]
   11   0.05105534 0.125j [X0 X3 X5 Y6] +
0.125j [X0 X3 Y5 X6] +
-0.125j [X0 Y3 X5 X6] +
0.125j [X0 Y3 Y5 Y6] +
(-0-0.125j) [Y0 X3 X5 X6] +
0.125j [Y0 X3 Y5 Y6] +
-0.125j [Y0 Y3 X5 Y6] +
-0.125j [Y0 Y3 Y5 X6]
   12   0.04398176 0.125j [X2 X3 X6 Y7] +
0.125j [X2 X3 Y6 X7] +
-0.125j [X2 Y3 X6 X7] +
0.125j [X2 Y3 Y6 Y7] +
(-0-0.125j) [Y2 X3 X6 X7] +
0.125j [Y2 X3 Y6 Y7] +
-0.125j [Y2 Y3 X6 Y7] +
-0.125j [Y2 Y3 Y6 X7]
   13   0.06696154 0.125j [X0 X1 X4 Y5] +
0.125j [X0 X1 Y4 X5] +
-0.125j [X0 Y1 X4 X5] +
0.125j [X0 Y1 Y4 Y5] +
(-0-0.125j) [Y0 X1 X4 X5] +
0.125j [Y0 X1 Y4 Y5] +
-0.125j [Y0 Y1 X4 Y5] +
-0.125j [Y0 Y1 Y4 X5]
   14  -0.08161913 0.125j [X1 X2 X5 Y6] +
0.125j [X1 X2 Y5 X6] +
-0.125j [X1 Y2 X5 X6] +
0.125j [X1 Y2 Y5 Y6] +
(-0-0.125j) [Y1 X2 X5 X6] +
0.125j [Y1 X2 Y5 Y6] +
-0.125j [Y1 Y2 X5 Y6] +
-0.125j [Y1 Y2 Y5 X6]
   15  -0.08161913 0.125j [X0 X3 X4 Y7] +
0.125j [X0 X3 Y4 X7] +
-0.125j [X0 Y3 X4 X7] +
0.125j [X0 Y3 Y4 Y7] +
(-0-0.125j) [Y0 X3 X4 X7] +
0.125j [Y0 X3 Y4 Y7] +
-0.125j [Y0 Y3 X4 Y7] +
-0.125j [Y0 Y3 Y4 X7]
   16   0.05387507 0.125j [X0 X1 X6 Y7] +
0.125j [X0 X1 Y6 X7] +
-0.125j [X0 Y1 X6 X7] +
0.125j [X0 Y1 Y6 Y7] +
(-0-0.125j) [Y0 X1 X6 X7] +
0.125j [Y0 X1 Y6 Y7] +
-0.125j [Y0 Y1 X6 Y7] +
-0.125j [Y0 Y1 Y6 X7]
   17   0.18606064 0.125j [X2 X3 X4 Y5] +
0.125j [X2 X3 Y4 X5] +
-0.125j [X2 Y3 X4 X5] +
0.125j [X2 Y3 Y4 Y5] +
(-0-0.125j) [Y2 X3 X4 X5] +
0.125j [Y2 X3 Y4 Y5] +
-0.125j [Y2 Y3 X4 Y5] +
-0.125j [Y2 Y3 Y4 X5]




 --------------------------------------------------------------------------
                         ADAPT-VQE iteration:  8
 --------------------------------------------------------------------------
 Check each new operator for coupling
 Measure Operator Pool Gradients:
 Variance:      0.00000927
 Uncertainty:   0.00304491
 Norm of <[H,A]> =   0.00027395
 Max  of <[H,A]> =   0.00000000
 Add operator   63
 Add operator   37
 Iter:   0 Current Energy =  -2.1663842287813551 Gradient Norm    2.0e-04 Gradient Max    1.1e-04
 Iter:   1 Current Energy =  -2.1663845232368577 Gradient Norm    3.4e-04 Gradient Max    1.9e-04
 Iter:   2 Current Energy =  -2.1663850477430393 Gradient Norm    6.1e-04 Gradient Max    5.0e-04
 Iter:   3 Current Energy =  -2.1663858442149571 Gradient Norm    9.3e-04 Gradient Max    5.0e-04
 Iter:   4 Current Energy =  -2.1663865550976995 Gradient Norm    1.3e-03 Gradient Max    6.0e-04
 Iter:   5 Current Energy =  -2.1663868119017260 Gradient Norm    7.2e-04 Gradient Max    3.3e-04
 Iter:   6 Current Energy =  -2.1663870195372974 Gradient Norm    6.3e-04 Gradient Max    2.9e-04
 Iter:   7 Current Energy =  -2.1663872438452461 Gradient Norm    6.8e-04 Gradient Max    3.3e-04
 Iter:   8 Current Energy =  -2.1663873815151318 Gradient Norm    5.8e-04 Gradient Max    3.7e-04
 Iter:   9 Current Energy =  -2.1663874286592915 Gradient Norm    2.3e-04 Gradient Max    1.2e-04
 Iter:  10 Current Energy =  -2.1663874346588914 Gradient Norm    1.4e-04 Gradient Max    7.0e-05
 Iter:  11 Current Energy =  -2.1663874392012681 Gradient Norm    1.3e-05 Gradient Max    5.4e-06
 Iter:  12 Current Energy =  -2.1663874392784108 Gradient Norm    8.4e-06 Gradient Max    3.9e-06
 Iter:  13 Current Energy =  -2.1663874393252356 Gradient Norm    6.9e-06 Gradient Max    3.9e-06
 Iter:  14 Current Energy =  -2.1663874394093434 Gradient Norm    9.4e-06 Gradient Max    5.0e-06
 Iter:  15 Current Energy =  -2.1663874395624241 Gradient Norm    1.5e-05 Gradient Max    8.7e-06
 Iter:  16 Current Energy =  -2.1663874398421008 Gradient Norm    2.1e-05 Gradient Max    1.4e-05
 Iter:  17 Current Energy =  -2.1663874403429206 Gradient Norm    3.0e-05 Gradient Max    1.8e-05
 Iter:  18 Current Energy =  -2.1663874411833892 Gradient Norm    3.9e-05 Gradient Max    2.4e-05
 Iter:  19 Current Energy =  -2.1663874423529474 Gradient Norm    4.9e-05 Gradient Max    2.7e-05
 Iter:  20 Current Energy =  -2.1663874431585040 Gradient Norm    6.1e-05 Gradient Max    2.8e-05
 Iter:  21 Current Energy =  -2.1663874443808053 Gradient Norm    3.7e-05 Gradient Max    2.1e-05
 Iter:  22 Current Energy =  -2.1663874462505719 Gradient Norm    3.4e-05 Gradient Max    1.7e-05
 Iter:  23 Current Energy =  -2.1663874478065868 Gradient Norm    4.6e-05 Gradient Max    2.5e-05
 Iter:  24 Current Energy =  -2.1663874481501568 Gradient Norm    4.7e-05 Gradient Max    2.7e-05
 Iter:  25 Current Energy =  -2.1663874485450711 Gradient Norm    1.9e-05 Gradient Max    1.2e-05
 Iter:  26 Current Energy =  -2.1663874486245041 Gradient Norm    6.3e-06 Gradient Max    3.2e-06
 Iter:  27 Current Energy =  -2.1663874486342940 Gradient Norm    9.6e-07 Gradient Max    5.8e-07
 Iter:  28 Current Energy =  -2.1663874486344947 Gradient Norm    1.8e-07 Gradient Max    7.7e-08
 Iter:  29 Current Energy =  -2.1663874486345054 Gradient Norm    7.2e-08 Gradient Max    4.9e-08
 Finished:      -2.166387448635
 -----------New ansatz----------- 
    #        Coeff               Term
    0   0.02484880 0.125j [X0 X2 X5 Y7] +
-0.125j [X0 X2 Y5 X7] +
0.125j [X0 Y2 X5 X7] +
0.125j [X0 Y2 Y5 Y7] +
(-0-0.125j) [Y0 X2 X5 X7] +
-0.125j [Y0 X2 Y5 Y7] +
0.125j [Y0 Y2 X5 Y7] +
-0.125j [Y0 Y2 Y5 X7]
    1   0.02484540 0.125j [X1 X3 X4 Y6] +
-0.125j [X1 X3 Y4 X6] +
0.125j [X1 Y3 X4 X6] +
0.125j [X1 Y3 Y4 Y6] +
(-0-0.125j) [Y1 X3 X4 X6] +
-0.125j [Y1 X3 Y4 Y6] +
0.125j [Y1 Y3 X4 Y6] +
-0.125j [Y1 Y3 Y4 X6]
    2  -0.10359655 -0.125j [X0 X2 X3 Y5] +
0.125j [X0 X2 Y3 X5] +
0.125j [X0 Y2 X3 X5] +
0.125j [X0 Y2 Y3 Y5] +
(-0-0.125j) [Y0 X2 X3 X5] +
-0.125j [Y0 X2 Y3 Y5] +
-0.125j [Y0 Y2 X3 Y5] +
0.125j [Y0 Y2 Y3 X5]
    3  -0.04731582 0.125j [X1 X4 X6 Y7] +
0.125j [X1 X4 Y6 X7] +
-0.125j [X1 Y4 X6 X7] +
0.125j [X1 Y4 Y6 Y7] +
(-0-0.125j) [Y1 X4 X6 X7] +
0.125j [Y1 X4 Y6 Y7] +
-0.125j [Y1 Y4 X6 Y7] +
-0.125j [Y1 Y4 Y6 X7]
    4   0.10482546 -0.125j [X1 X2 X3 Y4] +
0.125j [X1 X2 Y3 X4] +
0.125j [X1 Y2 X3 X4] +
0.125j [X1 Y2 Y3 Y4] +
(-0-0.125j) [Y1 X2 X3 X4] +
-0.125j [Y1 X2 Y3 Y4] +
-0.125j [Y1 Y2 X3 Y4] +
0.125j [Y1 Y2 Y3 X4]
    5   0.04826813 0.125j [X0 X5 X6 Y7] +
0.125j [X0 X5 Y6 X7] +
-0.125j [X0 Y5 X6 X7] +
0.125j [X0 Y5 Y6 Y7] +
(-0-0.125j) [Y0 X5 X6 X7] +
0.125j [Y0 X5 Y6 Y7] +
-0.125j [Y0 Y5 X6 Y7] +
-0.125j [Y0 Y5 Y6 X7]
    6   0.02552475 (-0-0.5j) [X0 Y4] +
0.5j [Y0 X4]
    7  -0.02553806 (-0-0.5j) [X1 Y5] +
0.5j [Y1 X5]
    8  -0.00184174 (-0-0.5j) [X3 Y7] +
0.5j [Y3 X7]
    9   0.00184106 (-0-0.5j) [X2 Y6] +
0.5j [Y2 X6]
   10   0.03209290 0.125j [X0 X2 X4 Y6] +
0.125j [X0 X2 Y4 X6] +
-0.125j [X0 Y2 X4 X6] +
0.125j [X0 Y2 Y4 Y6] +
(-0-0.125j) [Y0 X2 X4 X6] +
0.125j [Y0 X2 Y4 Y6] +
-0.125j [Y0 Y2 X4 Y6] +
-0.125j [Y0 Y2 Y4 X6]
   11   0.03209291 0.125j [X1 X3 X5 Y7] +
0.125j [X1 X3 Y5 X7] +
-0.125j [X1 Y3 X5 X7] +
0.125j [X1 Y3 Y5 Y7] +
(-0-0.125j) [Y1 X3 X5 X7] +
0.125j [Y1 X3 Y5 Y7] +
-0.125j [Y1 Y3 X5 Y7] +
-0.125j [Y1 Y3 Y5 X7]
   12   0.05106695 0.125j [X1 X2 X4 Y7] +
0.125j [X1 X2 Y4 X7] +
-0.125j [X1 Y2 X4 X7] +
0.125j [X1 Y2 Y4 Y7] +
(-0-0.125j) [Y1 X2 X4 X7] +
0.125j [Y1 X2 Y4 Y7] +
-0.125j [Y1 Y2 X4 Y7] +
-0.125j [Y1 Y2 Y4 X7]
   13   0.05106694 0.125j [X0 X3 X5 Y6] +
0.125j [X0 X3 Y5 X6] +
-0.125j [X0 Y3 X5 X6] +
0.125j [X0 Y3 Y5 Y6] +
(-0-0.125j) [Y0 X3 X5 X6] +
0.125j [Y0 X3 Y5 Y6] +
-0.125j [Y0 Y3 X5 Y6] +
-0.125j [Y0 Y3 Y5 X6]
   14   0.04393955 0.125j [X2 X3 X6 Y7] +
0.125j [X2 X3 Y6 X7] +
-0.125j [X2 Y3 X6 X7] +
0.125j [X2 Y3 Y6 Y7] +
(-0-0.125j) [Y2 X3 X6 X7] +
0.125j [Y2 X3 Y6 Y7] +
-0.125j [Y2 Y3 X6 Y7] +
-0.125j [Y2 Y3 Y6 X7]
   15   0.06687216 0.125j [X0 X1 X4 Y5] +
0.125j [X0 X1 Y4 X5] +
-0.125j [X0 Y1 X4 X5] +
0.125j [X0 Y1 Y4 Y5] +
(-0-0.125j) [Y0 X1 X4 X5] +
0.125j [Y0 X1 Y4 Y5] +
-0.125j [Y0 Y1 X4 Y5] +
-0.125j [Y0 Y1 Y4 X5]
   16  -0.07811911 0.125j [X1 X2 X5 Y6] +
0.125j [X1 X2 Y5 X6] +
-0.125j [X1 Y2 X5 X6] +
0.125j [X1 Y2 Y5 Y6] +
(-0-0.125j) [Y1 X2 X5 X6] +
0.125j [Y1 X2 Y5 Y6] +
-0.125j [Y1 Y2 X5 Y6] +
-0.125j [Y1 Y2 Y5 X6]
   17  -0.07811829 0.125j [X0 X3 X4 Y7] +
0.125j [X0 X3 Y4 X7] +
-0.125j [X0 Y3 X4 X7] +
0.125j [X0 Y3 Y4 Y7] +
(-0-0.125j) [Y0 X3 X4 X7] +
0.125j [Y0 X3 Y4 Y7] +
-0.125j [Y0 Y3 X4 Y7] +
-0.125j [Y0 Y3 Y4 X7]
   18   0.05016186 0.125j [X0 X1 X6 Y7] +
0.125j [X0 X1 Y6 X7] +
-0.125j [X0 Y1 X6 X7] +
0.125j [X0 Y1 Y6 Y7] +
(-0-0.125j) [Y0 X1 X6 X7] +
0.125j [Y0 X1 Y6 Y7] +
-0.125j [Y0 Y1 X6 Y7] +
-0.125j [Y0 Y1 Y6 X7]
   19   0.19003768 0.125j [X2 X3 X4 Y5] +
0.125j [X2 X3 Y4 X5] +
-0.125j [X2 Y3 X4 X5] +
0.125j [X2 Y3 Y4 Y5] +
(-0-0.125j) [Y2 X3 X4 X5] +
0.125j [Y2 X3 Y4 Y5] +
-0.125j [Y2 Y3 X4 Y5] +
-0.125j [Y2 Y3 Y4 X5]




 --------------------------------------------------------------------------
                         ADAPT-VQE iteration:  9
 --------------------------------------------------------------------------
 Check each new operator for coupling
 Measure Operator Pool Gradients:
 Variance:      0.00000000
 Uncertainty:   0.00000070
 Norm of <[H,A]> =   0.00000029
 Max  of <[H,A]> =   0.00000000
 Add operator   20
 Add operator   81
 Iter:   0 Current Energy =  -2.1663874486345369 Gradient Norm    1.7e-07 Gradient Max    1.6e-07
 Iter:   1 Current Energy =  -2.1663874486345844 Gradient Norm    1.4e-07 Gradient Max    1.0e-07
 Iter:   2 Current Energy =  -2.1663874486346075 Gradient Norm    3.3e-07 Gradient Max    1.8e-07
 Iter:   3 Current Energy =  -2.1663874486346142 Gradient Norm    2.2e-07 Gradient Max    1.5e-07
 Iter:   4 Current Energy =  -2.1663874486346235 Gradient Norm    1.1e-07 Gradient Max    7.0e-08
 Iter:   5 Current Energy =  -2.1663874486346253 Gradient Norm    1.0e-07 Gradient Max    5.6e-08
 Iter:   6 Current Energy =  -2.1663874486346253 Gradient Norm    8.8e-08 Gradient Max    6.4e-08
 Finished:      -2.166387448635
 -----------New ansatz----------- 
    #        Coeff               Term
    0   0.00000017 -0.125j [X2 X4 X5 Y7] +
0.125j [X2 X4 Y5 X7] +
0.125j [X2 Y4 X5 X7] +
0.125j [X2 Y4 Y5 Y7] +
(-0-0.125j) [Y2 X4 X5 X7] +
-0.125j [Y2 X4 Y5 Y7] +
-0.125j [Y2 Y4 X5 Y7] +
0.125j [Y2 Y4 Y5 X7]
    1   0.00000126 0.125j [X0 X1 X3 Y6] +
0.125j [X0 X1 Y3 X6] +
-0.125j [X0 Y1 X3 X6] +
0.125j [X0 Y1 Y3 Y6] +
(-0-0.125j) [Y0 X1 X3 X6] +
0.125j [Y0 X1 Y3 Y6] +
-0.125j [Y0 Y1 X3 Y6] +
-0.125j [Y0 Y1 Y3 X6]
    2   0.02484886 0.125j [X0 X2 X5 Y7] +
-0.125j [X0 X2 Y5 X7] +
0.125j [X0 Y2 X5 X7] +
0.125j [X0 Y2 Y5 Y7] +
(-0-0.125j) [Y0 X2 X5 X7] +
-0.125j [Y0 X2 Y5 Y7] +
0.125j [Y0 Y2 X5 Y7] +
-0.125j [Y0 Y2 Y5 X7]
    3   0.02484535 0.125j [X1 X3 X4 Y6] +
-0.125j [X1 X3 Y4 X6] +
0.125j [X1 Y3 X4 X6] +
0.125j [X1 Y3 Y4 Y6] +
(-0-0.125j) [Y1 X3 X4 X6] +
-0.125j [Y1 X3 Y4 Y6] +
0.125j [Y1 Y3 X4 Y6] +
-0.125j [Y1 Y3 Y4 X6]
    4  -0.10359655 -0.125j [X0 X2 X3 Y5] +
0.125j [X0 X2 Y3 X5] +
0.125j [X0 Y2 X3 X5] +
0.125j [X0 Y2 Y3 Y5] +
(-0-0.125j) [Y0 X2 X3 X5] +
-0.125j [Y0 X2 Y3 Y5] +
-0.125j [Y0 Y2 X3 Y5] +
0.125j [Y0 Y2 Y3 X5]
    5  -0.04731591 0.125j [X1 X4 X6 Y7] +
0.125j [X1 X4 Y6 X7] +
-0.125j [X1 Y4 X6 X7] +
0.125j [X1 Y4 Y6 Y7] +
(-0-0.125j) [Y1 X4 X6 X7] +
0.125j [Y1 X4 Y6 Y7] +
-0.125j [Y1 Y4 X6 Y7] +
-0.125j [Y1 Y4 Y6 X7]
    6   0.10482535 -0.125j [X1 X2 X3 Y4] +
0.125j [X1 X2 Y3 X4] +
0.125j [X1 Y2 X3 X4] +
0.125j [X1 Y2 Y3 Y4] +
(-0-0.125j) [Y1 X2 X3 X4] +
-0.125j [Y1 X2 Y3 Y4] +
-0.125j [Y1 Y2 X3 Y4] +
0.125j [Y1 Y2 Y3 X4]
    7   0.04826812 0.125j [X0 X5 X6 Y7] +
0.125j [X0 X5 Y6 X7] +
-0.125j [X0 Y5 X6 X7] +
0.125j [X0 Y5 Y6 Y7] +
(-0-0.125j) [Y0 X5 X6 X7] +
0.125j [Y0 X5 Y6 Y7] +
-0.125j [Y0 Y5 X6 Y7] +
-0.125j [Y0 Y5 Y6 X7]
    8   0.02552473 (-0-0.5j) [X0 Y4] +
0.5j [Y0 X4]
    9  -0.02553801 (-0-0.5j) [X1 Y5] +
0.5j [Y1 X5]
   10  -0.00184161 (-0-0.5j) [X3 Y7] +
0.5j [Y3 X7]
   11   0.00184107 (-0-0.5j) [X2 Y6] +
0.5j [Y2 X6]
   12   0.03209288 0.125j [X0 X2 X4 Y6] +
0.125j [X0 X2 Y4 X6] +
-0.125j [X0 Y2 X4 X6] +
0.125j [X0 Y2 Y4 Y6] +
(-0-0.125j) [Y0 X2 X4 X6] +
0.125j [Y0 X2 Y4 Y6] +
-0.125j [Y0 Y2 X4 Y6] +
-0.125j [Y0 Y2 Y4 X6]
   13   0.03209291 0.125j [X1 X3 X5 Y7] +
0.125j [X1 X3 Y5 X7] +
-0.125j [X1 Y3 X5 X7] +
0.125j [X1 Y3 Y5 Y7] +
(-0-0.125j) [Y1 X3 X5 X7] +
0.125j [Y1 X3 Y5 Y7] +
-0.125j [Y1 Y3 X5 Y7] +
-0.125j [Y1 Y3 Y5 X7]
   14   0.05106696 0.125j [X1 X2 X4 Y7] +
0.125j [X1 X2 Y4 X7] +
-0.125j [X1 Y2 X4 X7] +
0.125j [X1 Y2 Y4 Y7] +
(-0-0.125j) [Y1 X2 X4 X7] +
0.125j [Y1 X2 Y4 Y7] +
-0.125j [Y1 Y2 X4 Y7] +
-0.125j [Y1 Y2 Y4 X7]
   15   0.05106696 0.125j [X0 X3 X5 Y6] +
0.125j [X0 X3 Y5 X6] +
-0.125j [X0 Y3 X5 X6] +
0.125j [X0 Y3 Y5 Y6] +
(-0-0.125j) [Y0 X3 X5 X6] +
0.125j [Y0 X3 Y5 Y6] +
-0.125j [Y0 Y3 X5 Y6] +
-0.125j [Y0 Y3 Y5 X6]
   16   0.04393956 0.125j [X2 X3 X6 Y7] +
0.125j [X2 X3 Y6 X7] +
-0.125j [X2 Y3 X6 X7] +
0.125j [X2 Y3 Y6 Y7] +
(-0-0.125j) [Y2 X3 X6 X7] +
0.125j [Y2 X3 Y6 Y7] +
-0.125j [Y2 Y3 X6 Y7] +
-0.125j [Y2 Y3 Y6 X7]
   17   0.06687217 0.125j [X0 X1 X4 Y5] +
0.125j [X0 X1 Y4 X5] +
-0.125j [X0 Y1 X4 X5] +
0.125j [X0 Y1 Y4 Y5] +
(-0-0.125j) [Y0 X1 X4 X5] +
0.125j [Y0 X1 Y4 Y5] +
-0.125j [Y0 Y1 X4 Y5] +
-0.125j [Y0 Y1 Y4 X5]
   18  -0.07811911 0.125j [X1 X2 X5 Y6] +
0.125j [X1 X2 Y5 X6] +
-0.125j [X1 Y2 X5 X6] +
0.125j [X1 Y2 Y5 Y6] +
(-0-0.125j) [Y1 X2 X5 X6] +
0.125j [Y1 X2 Y5 Y6] +
-0.125j [Y1 Y2 X5 Y6] +
-0.125j [Y1 Y2 Y5 X6]
   19  -0.07811828 0.125j [X0 X3 X4 Y7] +
0.125j [X0 X3 Y4 X7] +
-0.125j [X0 Y3 X4 X7] +
0.125j [X0 Y3 Y4 Y7] +
(-0-0.125j) [Y0 X3 X4 X7] +
0.125j [Y0 X3 Y4 Y7] +
-0.125j [Y0 Y3 X4 Y7] +
-0.125j [Y0 Y3 Y4 X7]
   20   0.05016183 0.125j [X0 X1 X6 Y7] +
0.125j [X0 X1 Y6 X7] +
-0.125j [X0 Y1 X6 X7] +
0.125j [X0 Y1 Y6 Y7] +
(-0-0.125j) [Y0 X1 X6 X7] +
0.125j [Y0 X1 Y6 Y7] +
-0.125j [Y0 Y1 X6 Y7] +
-0.125j [Y0 Y1 Y6 X7]
   21   0.19003767 0.125j [X2 X3 X4 Y5] +
0.125j [X2 X3 Y4 X5] +
-0.125j [X2 Y3 X4 X5] +
0.125j [X2 Y3 Y4 Y5] +
(-0-0.125j) [Y2 X3 X4 X5] +
0.125j [Y2 X3 Y4 Y5] +
-0.125j [Y2 Y3 X4 Y5] +
-0.125j [Y2 Y3 Y4 X5]




 --------------------------------------------------------------------------
                         ADAPT-VQE iteration:  10
 --------------------------------------------------------------------------
 Check each new operator for coupling
 Measure Operator Pool Gradients:
 Variance:      0.00000000
 Uncertainty:   0.00000052
 Norm of <[H,A]> =   0.00000022
 Max  of <[H,A]> =   0.00000000
 Add operator   16
 Add operator   85
 Iter:   0 Current Energy =  -2.1663874486346546 Gradient Norm    3.2e-07 Gradient Max    2.3e-07
 Iter:   1 Current Energy =  -2.1663874486347043 Gradient Norm    2.3e-07 Gradient Max    1.2e-07
 Iter:   2 Current Energy =  -2.1663874486347465 Gradient Norm    3.1e-07 Gradient Max    1.8e-07
 Iter:   3 Current Energy =  -2.1663874486347572 Gradient Norm    1.9e-07 Gradient Max    1.0e-07
 Iter:   4 Current Energy =  -2.1663874486347607 Gradient Norm    1.5e-07 Gradient Max    9.0e-08
 Iter:   5 Current Energy =  -2.1663874486347625 Gradient Norm    6.4e-08 Gradient Max    3.6e-08
 Iter:   6 Current Energy =  -2.1663874486347652 Gradient Norm    5.6e-08 Gradient Max    2.8e-08
 Finished:      -2.166387448635
 -----------New ansatz----------- 
    #        Coeff               Term
    0   0.00000031 -0.125j [X3 X4 X5 Y6] +
0.125j [X3 X4 Y5 X6] +
0.125j [X3 Y4 X5 X6] +
0.125j [X3 Y4 Y5 Y6] +
(-0-0.125j) [Y3 X4 X5 X6] +
-0.125j [Y3 X4 Y5 Y6] +
-0.125j [Y3 Y4 X5 Y6] +
0.125j [Y3 Y4 Y5 X6]
    1   0.00000132 0.125j [X0 X1 X2 Y7] +
0.125j [X0 X1 Y2 X7] +
-0.125j [X0 Y1 X2 X7] +
0.125j [X0 Y1 Y2 Y7] +
(-0-0.125j) [Y0 X1 X2 X7] +
0.125j [Y0 X1 Y2 Y7] +
-0.125j [Y0 Y1 X2 Y7] +
-0.125j [Y0 Y1 Y2 X7]
    2   0.00000011 -0.125j [X2 X4 X5 Y7] +
0.125j [X2 X4 Y5 X7] +
0.125j [X2 Y4 X5 X7] +
0.125j [X2 Y4 Y5 Y7] +
(-0-0.125j) [Y2 X4 X5 X7] +
-0.125j [Y2 X4 Y5 Y7] +
-0.125j [Y2 Y4 X5 Y7] +
0.125j [Y2 Y4 Y5 X7]
    3   0.00000137 0.125j [X0 X1 X3 Y6] +
0.125j [X0 X1 Y3 X6] +
-0.125j [X0 Y1 X3 X6] +
0.125j [X0 Y1 Y3 Y6] +
(-0-0.125j) [Y0 X1 X3 X6] +
0.125j [Y0 X1 Y3 Y6] +
-0.125j [Y0 Y1 X3 Y6] +
-0.125j [Y0 Y1 Y3 X6]
    4   0.02484888 0.125j [X0 X2 X5 Y7] +
-0.125j [X0 X2 Y5 X7] +
0.125j [X0 Y2 X5 X7] +
0.125j [X0 Y2 Y5 Y7] +
(-0-0.125j) [Y0 X2 X5 X7] +
-0.125j [Y0 X2 Y5 Y7] +
0.125j [Y0 Y2 X5 Y7] +
-0.125j [Y0 Y2 Y5 X7]
    5   0.02484532 0.125j [X1 X3 X4 Y6] +
-0.125j [X1 X3 Y4 X6] +
0.125j [X1 Y3 X4 X6] +
0.125j [X1 Y3 Y4 Y6] +
(-0-0.125j) [Y1 X3 X4 X6] +
-0.125j [Y1 X3 Y4 Y6] +
0.125j [Y1 Y3 X4 Y6] +
-0.125j [Y1 Y3 Y4 X6]
    6  -0.10359651 -0.125j [X0 X2 X3 Y5] +
0.125j [X0 X2 Y3 X5] +
0.125j [X0 Y2 X3 X5] +
0.125j [X0 Y2 Y3 Y5] +
(-0-0.125j) [Y0 X2 X3 X5] +
-0.125j [Y0 X2 Y3 Y5] +
-0.125j [Y0 Y2 X3 Y5] +
0.125j [Y0 Y2 Y3 X5]
    7  -0.04731594 0.125j [X1 X4 X6 Y7] +
0.125j [X1 X4 Y6 X7] +
-0.125j [X1 Y4 X6 X7] +
0.125j [X1 Y4 Y6 Y7] +
(-0-0.125j) [Y1 X4 X6 X7] +
0.125j [Y1 X4 Y6 Y7] +
-0.125j [Y1 Y4 X6 Y7] +
-0.125j [Y1 Y4 Y6 X7]
    8   0.10482528 -0.125j [X1 X2 X3 Y4] +
0.125j [X1 X2 Y3 X4] +
0.125j [X1 Y2 X3 X4] +
0.125j [X1 Y2 Y3 Y4] +
(-0-0.125j) [Y1 X2 X3 X4] +
-0.125j [Y1 X2 Y3 Y4] +
-0.125j [Y1 Y2 X3 Y4] +
0.125j [Y1 Y2 Y3 X4]
    9   0.04826801 0.125j [X0 X5 X6 Y7] +
0.125j [X0 X5 Y6 X7] +
-0.125j [X0 Y5 X6 X7] +
0.125j [X0 Y5 Y6 Y7] +
(-0-0.125j) [Y0 X5 X6 X7] +
0.125j [Y0 X5 Y6 Y7] +
-0.125j [Y0 Y5 X6 Y7] +
-0.125j [Y0 Y5 Y6 X7]
   10   0.02552473 (-0-0.5j) [X0 Y4] +
0.5j [Y0 X4]
   11  -0.02553802 (-0-0.5j) [X1 Y5] +
0.5j [Y1 X5]
   12  -0.00184162 (-0-0.5j) [X3 Y7] +
0.5j [Y3 X7]
   13   0.00184122 (-0-0.5j) [X2 Y6] +
0.5j [Y2 X6]
   14   0.03209288 0.125j [X0 X2 X4 Y6] +
0.125j [X0 X2 Y4 X6] +
-0.125j [X0 Y2 X4 X6] +
0.125j [X0 Y2 Y4 Y6] +
(-0-0.125j) [Y0 X2 X4 X6] +
0.125j [Y0 X2 Y4 Y6] +
-0.125j [Y0 Y2 X4 Y6] +
-0.125j [Y0 Y2 Y4 X6]
   15   0.03209293 0.125j [X1 X3 X5 Y7] +
0.125j [X1 X3 Y5 X7] +
-0.125j [X1 Y3 X5 X7] +
0.125j [X1 Y3 Y5 Y7] +
(-0-0.125j) [Y1 X3 X5 X7] +
0.125j [Y1 X3 Y5 Y7] +
-0.125j [Y1 Y3 X5 Y7] +
-0.125j [Y1 Y3 Y5 X7]
   16   0.05106695 0.125j [X1 X2 X4 Y7] +
0.125j [X1 X2 Y4 X7] +
-0.125j [X1 Y2 X4 X7] +
0.125j [X1 Y2 Y4 Y7] +
(-0-0.125j) [Y1 X2 X4 X7] +
0.125j [Y1 X2 Y4 Y7] +
-0.125j [Y1 Y2 X4 Y7] +
-0.125j [Y1 Y2 Y4 X7]
   17   0.05106695 0.125j [X0 X3 X5 Y6] +
0.125j [X0 X3 Y5 X6] +
-0.125j [X0 Y3 X5 X6] +
0.125j [X0 Y3 Y5 Y6] +
(-0-0.125j) [Y0 X3 X5 X6] +
0.125j [Y0 X3 Y5 Y6] +
-0.125j [Y0 Y3 X5 Y6] +
-0.125j [Y0 Y3 Y5 X6]
   18   0.04393956 0.125j [X2 X3 X6 Y7] +
0.125j [X2 X3 Y6 X7] +
-0.125j [X2 Y3 X6 X7] +
0.125j [X2 Y3 Y6 Y7] +
(-0-0.125j) [Y2 X3 X6 X7] +
0.125j [Y2 X3 Y6 Y7] +
-0.125j [Y2 Y3 X6 Y7] +
-0.125j [Y2 Y3 Y6 X7]
   19   0.06687216 0.125j [X0 X1 X4 Y5] +
0.125j [X0 X1 Y4 X5] +
-0.125j [X0 Y1 X4 X5] +
0.125j [X0 Y1 Y4 Y5] +
(-0-0.125j) [Y0 X1 X4 X5] +
0.125j [Y0 X1 Y4 Y5] +
-0.125j [Y0 Y1 X4 Y5] +
-0.125j [Y0 Y1 Y4 X5]
   20  -0.07811914 0.125j [X1 X2 X5 Y6] +
0.125j [X1 X2 Y5 X6] +
-0.125j [X1 Y2 X5 X6] +
0.125j [X1 Y2 Y5 Y6] +
(-0-0.125j) [Y1 X2 X5 X6] +
0.125j [Y1 X2 Y5 Y6] +
-0.125j [Y1 Y2 X5 Y6] +
-0.125j [Y1 Y2 Y5 X6]
   21  -0.07811826 0.125j [X0 X3 X4 Y7] +
0.125j [X0 X3 Y4 X7] +
-0.125j [X0 Y3 X4 X7] +
0.125j [X0 Y3 Y4 Y7] +
(-0-0.125j) [Y0 X3 X4 X7] +
0.125j [Y0 X3 Y4 Y7] +
-0.125j [Y0 Y3 X4 Y7] +
-0.125j [Y0 Y3 Y4 X7]
   22   0.05016186 0.125j [X0 X1 X6 Y7] +
0.125j [X0 X1 Y6 X7] +
-0.125j [X0 Y1 X6 X7] +
0.125j [X0 Y1 Y6 Y7] +
(-0-0.125j) [Y0 X1 X6 X7] +
0.125j [Y0 X1 Y6 Y7] +
-0.125j [Y0 Y1 X6 Y7] +
-0.125j [Y0 Y1 Y6 X7]
   23   0.19003768 0.125j [X2 X3 X4 Y5] +
0.125j [X2 X3 Y4 X5] +
-0.125j [X2 Y3 X4 X5] +
0.125j [X2 Y3 Y4 Y5] +
(-0-0.125j) [Y2 X3 X4 X5] +
0.125j [Y2 X3 Y4 Y5] +
-0.125j [Y2 Y3 X4 Y5] +
-0.125j [Y2 Y3 Y4 X5]




 --------------------------------------------------------------------------
                         ADAPT-VQE iteration:  11
 --------------------------------------------------------------------------
 Check each new operator for coupling
 Measure Operator Pool Gradients:
 Variance:     -0.00000000
 Uncertainty:          nan
 Norm of <[H,A]> =   0.00000006
 Max  of <[H,A]> =   0.00000000
 Ansatz Growth Converged!
 Number of operators in ansatz:  24
 *Finished:      -2.166387448635
 -----------Final ansatz----------- 
    #        Coeff               Term
    0   0.00000031 -0.125j [X3 X4 X5 Y6] +
0.125j [X3 X4 Y5 X6] +
0.125j [X3 Y4 X5 X6] +
0.125j [X3 Y4 Y5 Y6] +
(-0-0.125j) [Y3 X4 X5 X6] +
-0.125j [Y3 X4 Y5 Y6] +
-0.125j [Y3 Y4 X5 Y6] +
0.125j [Y3 Y4 Y5 X6]
    1   0.00000132 0.125j [X0 X1 X2 Y7] +
0.125j [X0 X1 Y2 X7] +
-0.125j [X0 Y1 X2 X7] +
0.125j [X0 Y1 Y2 Y7] +
(-0-0.125j) [Y0 X1 X2 X7] +
0.125j [Y0 X1 Y2 Y7] +
-0.125j [Y0 Y1 X2 Y7] +
-0.125j [Y0 Y1 Y2 X7]
    2   0.00000011 -0.125j [X2 X4 X5 Y7] +
0.125j [X2 X4 Y5 X7] +
0.125j [X2 Y4 X5 X7] +
0.125j [X2 Y4 Y5 Y7] +
(-0-0.125j) [Y2 X4 X5 X7] +
-0.125j [Y2 X4 Y5 Y7] +
-0.125j [Y2 Y4 X5 Y7] +
0.125j [Y2 Y4 Y5 X7]
    3   0.00000137 0.125j [X0 X1 X3 Y6] +
0.125j [X0 X1 Y3 X6] +
-0.125j [X0 Y1 X3 X6] +
0.125j [X0 Y1 Y3 Y6] +
(-0-0.125j) [Y0 X1 X3 X6] +
0.125j [Y0 X1 Y3 Y6] +
-0.125j [Y0 Y1 X3 Y6] +
-0.125j [Y0 Y1 Y3 X6]
    4   0.02484888 0.125j [X0 X2 X5 Y7] +
-0.125j [X0 X2 Y5 X7] +
0.125j [X0 Y2 X5 X7] +
0.125j [X0 Y2 Y5 Y7] +
(-0-0.125j) [Y0 X2 X5 X7] +
-0.125j [Y0 X2 Y5 Y7] +
0.125j [Y0 Y2 X5 Y7] +
-0.125j [Y0 Y2 Y5 X7]
    5   0.02484532 0.125j [X1 X3 X4 Y6] +
-0.125j [X1 X3 Y4 X6] +
0.125j [X1 Y3 X4 X6] +
0.125j [X1 Y3 Y4 Y6] +
(-0-0.125j) [Y1 X3 X4 X6] +
-0.125j [Y1 X3 Y4 Y6] +
0.125j [Y1 Y3 X4 Y6] +
-0.125j [Y1 Y3 Y4 X6]
    6  -0.10359651 -0.125j [X0 X2 X3 Y5] +
0.125j [X0 X2 Y3 X5] +
0.125j [X0 Y2 X3 X5] +
0.125j [X0 Y2 Y3 Y5] +
(-0-0.125j) [Y0 X2 X3 X5] +
-0.125j [Y0 X2 Y3 Y5] +
-0.125j [Y0 Y2 X3 Y5] +
0.125j [Y0 Y2 Y3 X5]
    7  -0.04731594 0.125j [X1 X4 X6 Y7] +
0.125j [X1 X4 Y6 X7] +
-0.125j [X1 Y4 X6 X7] +
0.125j [X1 Y4 Y6 Y7] +
(-0-0.125j) [Y1 X4 X6 X7] +
0.125j [Y1 X4 Y6 Y7] +
-0.125j [Y1 Y4 X6 Y7] +
-0.125j [Y1 Y4 Y6 X7]
    8   0.10482528 -0.125j [X1 X2 X3 Y4] +
0.125j [X1 X2 Y3 X4] +
0.125j [X1 Y2 X3 X4] +
0.125j [X1 Y2 Y3 Y4] +
(-0-0.125j) [Y1 X2 X3 X4] +
-0.125j [Y1 X2 Y3 Y4] +
-0.125j [Y1 Y2 X3 Y4] +
0.125j [Y1 Y2 Y3 X4]
    9   0.04826801 0.125j [X0 X5 X6 Y7] +
0.125j [X0 X5 Y6 X7] +
-0.125j [X0 Y5 X6 X7] +
0.125j [X0 Y5 Y6 Y7] +
(-0-0.125j) [Y0 X5 X6 X7] +
0.125j [Y0 X5 Y6 Y7] +
-0.125j [Y0 Y5 X6 Y7] +
-0.125j [Y0 Y5 Y6 X7]
   10   0.02552473 (-0-0.5j) [X0 Y4] +
0.5j [Y0 X4]
   11  -0.02553802 (-0-0.5j) [X1 Y5] +
0.5j [Y1 X5]
   12  -0.00184162 (-0-0.5j) [X3 Y7] +
0.5j [Y3 X7]
   13   0.00184122 (-0-0.5j) [X2 Y6] +
0.5j [Y2 X6]
   14   0.03209288 0.125j [X0 X2 X4 Y6] +
0.125j [X0 X2 Y4 X6] +
-0.125j [X0 Y2 X4 X6] +
0.125j [X0 Y2 Y4 Y6] +
(-0-0.125j) [Y0 X2 X4 X6] +
0.125j [Y0 X2 Y4 Y6] +
-0.125j [Y0 Y2 X4 Y6] +
-0.125j [Y0 Y2 Y4 X6]
   15   0.03209293 0.125j [X1 X3 X5 Y7] +
0.125j [X1 X3 Y5 X7] +
-0.125j [X1 Y3 X5 X7] +
0.125j [X1 Y3 Y5 Y7] +
(-0-0.125j) [Y1 X3 X5 X7] +
0.125j [Y1 X3 Y5 Y7] +
-0.125j [Y1 Y3 X5 Y7] +
-0.125j [Y1 Y3 Y5 X7]
   16   0.05106695 0.125j [X1 X2 X4 Y7] +
0.125j [X1 X2 Y4 X7] +
-0.125j [X1 Y2 X4 X7] +
0.125j [X1 Y2 Y4 Y7] +
(-0-0.125j) [Y1 X2 X4 X7] +
0.125j [Y1 X2 Y4 Y7] +
-0.125j [Y1 Y2 X4 Y7] +
-0.125j [Y1 Y2 Y4 X7]
   17   0.05106695 0.125j [X0 X3 X5 Y6] +
0.125j [X0 X3 Y5 X6] +
-0.125j [X0 Y3 X5 X6] +
0.125j [X0 Y3 Y5 Y6] +
(-0-0.125j) [Y0 X3 X5 X6] +
0.125j [Y0 X3 Y5 Y6] +
-0.125j [Y0 Y3 X5 Y6] +
-0.125j [Y0 Y3 Y5 X6]
   18   0.04393956 0.125j [X2 X3 X6 Y7] +
0.125j [X2 X3 Y6 X7] +
-0.125j [X2 Y3 X6 X7] +
0.125j [X2 Y3 Y6 Y7] +
(-0-0.125j) [Y2 X3 X6 X7] +
0.125j [Y2 X3 Y6 Y7] +
-0.125j [Y2 Y3 X6 Y7] +
-0.125j [Y2 Y3 Y6 X7]
   19   0.06687216 0.125j [X0 X1 X4 Y5] +
0.125j [X0 X1 Y4 X5] +
-0.125j [X0 Y1 X4 X5] +
0.125j [X0 Y1 Y4 Y5] +
(-0-0.125j) [Y0 X1 X4 X5] +
0.125j [Y0 X1 Y4 Y5] +
-0.125j [Y0 Y1 X4 Y5] +
-0.125j [Y0 Y1 Y4 X5]
   20  -0.07811914 0.125j [X1 X2 X5 Y6] +
0.125j [X1 X2 Y5 X6] +
-0.125j [X1 Y2 X5 X6] +
0.125j [X1 Y2 Y5 Y6] +
(-0-0.125j) [Y1 X2 X5 X6] +
0.125j [Y1 X2 Y5 Y6] +
-0.125j [Y1 Y2 X5 Y6] +
-0.125j [Y1 Y2 Y5 X6]
   21  -0.07811826 0.125j [X0 X3 X4 Y7] +
0.125j [X0 X3 Y4 X7] +
-0.125j [X0 Y3 X4 X7] +
0.125j [X0 Y3 Y4 Y7] +
(-0-0.125j) [Y0 X3 X4 X7] +
0.125j [Y0 X3 Y4 Y7] +
-0.125j [Y0 Y3 X4 Y7] +
-0.125j [Y0 Y3 Y4 X7]
   22   0.05016186 0.125j [X0 X1 X6 Y7] +
0.125j [X0 X1 Y6 X7] +
-0.125j [X0 Y1 X6 X7] +
0.125j [X0 Y1 Y6 Y7] +
(-0-0.125j) [Y0 X1 X6 X7] +
0.125j [Y0 X1 Y6 Y7] +
-0.125j [Y0 Y1 X6 Y7] +
-0.125j [Y0 Y1 Y6 X7]
   23   0.19003768 0.125j [X2 X3 X4 Y5] +
0.125j [X2 X3 Y4 X5] +
-0.125j [X2 Y3 X4 X5] +
0.125j [X2 Y3 Y4 Y5] +
(-0-0.125j) [Y2 X3 X4 X5] +
0.125j [Y2 X3 Y4 Y5] +
-0.125j [Y2 Y3 X4 Y5] +
-0.125j [Y2 Y3 Y4 X5]
 Final ADAPT-VQE energy:  -2.16638745
 <S^2> of final state  :   0.00000000
