 ---------------------------------------------------------
                                                          
                      Using Pyscf:
                                                          
 ---------------------------------------------------------
                                                          
converged SCF energy = -2.09854593699776

System and Method:
[('H', (0, 0, 1.0)), ('H', (0, 0, 2.0)), ('H', (0, 0, 3.0)), ('H', (0, 0, 4.0))]
Basis set                                      :      sto-3g
Number of Orbitals                             :         4
Number of electrons                            :         4
Nuclear Repulsion                              :    2.2931012473 
Electronic SCF energy                          :   -4.3916471843 
SCF Energy                                     :   -2.0985459370
 AO->MO
 NElectrons:    2    2
 ecore:   0.00000000
 ERIs in the active-space:
(4, 4, 4, 4)    0.00204800 Mb
 n_orb:    4
 n_a  :    2
 n_b  :    2
 HF Energy:  -2.09854594
 Build reference state with    2 alpha and    2 beta electrons [0, 2, 1, 3]
 State    0:  -2.16638745 au  <S2>:  -0.00000000
 Form Pauli operators
 Number of operators:  90
 Reference Energy:  -2.09854594
 Generate Sparse Matrices for operators in pool
 Start ADAPT-VQE algorithm
 Now start to grow the ansatz




 --------------------------------------------------------------------------
                         ADAPT-VQE iteration:  0
 --------------------------------------------------------------------------
 Check each new operator for coupling
 Measure Operator Pool Gradients:
 Variance:      0.08001674
 Uncertainty:   0.28287231
 Norm of <[H,A]> =   0.56574462
 Max  of <[H,A]> =   0.00000000
 Add operator   72
 Iter:   0 Current Energy =  -2.1141239758329795 Gradient Norm    1.6e-01 Gradient Max    1.6e-01
 Iter:   1 Current Energy =  -2.1224993010477755 Gradient Norm    1.4e-03 Gradient Max    1.4e-03
 Iter:   2 Current Energy =  -2.1224998698087996 Gradient Norm    9.4e-06 Gradient Max    9.4e-06
 Iter:   3 Current Energy =  -2.1224998698357802 Gradient Norm    4.3e-12 Gradient Max    4.3e-12
 Finished:      -2.122499869836
 -----------New ansatz----------- 
    #        Coeff               Term
    0   0.17274704 0.125j [X2 X3 X4 Y5] +
0.125j [X2 X3 Y4 X5] +
-0.125j [X2 Y3 X4 X5] +
0.125j [X2 Y3 Y4 Y5] +
(-0-0.125j) [Y2 X3 X4 X5] +
0.125j [Y2 X3 Y4 Y5] +
-0.125j [Y2 Y3 X4 Y5] +
-0.125j [Y2 Y3 Y4 X5]




 --------------------------------------------------------------------------
                         ADAPT-VQE iteration:  1
 --------------------------------------------------------------------------
 Check each new operator for coupling
 Measure Operator Pool Gradients:
 Variance:      0.06826685
 Uncertainty:   0.26127926
 Norm of <[H,A]> =   0.52178214
 Max  of <[H,A]> =   0.00000000
 Add operator   41
 Iter:   0 Current Energy =  -2.1329325263226417 Gradient Norm    2.1e-02 Gradient Max    2.1e-02
 Iter:   1 Current Energy =  -2.1330174325378191 Gradient Norm    1.3e-02 Gradient Max    1.3e-02
 Iter:   2 Current Energy =  -2.1330713343584806 Gradient Norm    2.9e-06 Gradient Max    2.6e-06
 Iter:   3 Current Energy =  -2.1330713343600354 Gradient Norm    3.1e-10 Gradient Max    3.1e-10
 Iter:   4 Current Energy =  -2.1330713343600358 Gradient Norm    1.0e-10 Gradient Max    1.0e-10
 Iter:   5 Current Energy =  -2.1330713343600358 Gradient Norm    3.6e-11 Gradient Max    3.6e-11
 Finished:      -2.133071334360
 -----------New ansatz----------- 
    #        Coeff               Term
    0  -0.08727654 0.125j [X0 X3 X4 Y7] +
0.125j [X0 X3 Y4 X7] +
-0.125j [X0 Y3 X4 X7] +
0.125j [X0 Y3 Y4 Y7] +
(-0-0.125j) [Y0 X3 X4 X7] +
0.125j [Y0 X3 Y4 Y7] +
-0.125j [Y0 Y3 X4 Y7] +
-0.125j [Y0 Y3 Y4 X7]
    1   0.18581597 0.125j [X2 X3 X4 Y5] +
0.125j [X2 X3 Y4 X5] +
-0.125j [X2 Y3 X4 X5] +
0.125j [X2 Y3 Y4 Y5] +
(-0-0.125j) [Y2 X3 X4 X5] +
0.125j [Y2 X3 Y4 Y5] +
-0.125j [Y2 Y3 X4 Y5] +
-0.125j [Y2 Y3 Y4 X5]




 --------------------------------------------------------------------------
                         ADAPT-VQE iteration:  2
 --------------------------------------------------------------------------
 Check each new operator for coupling
 Measure Operator Pool Gradients:
 Variance:      0.05172253
 Uncertainty:   0.22742588
 Norm of <[H,A]> =   0.45806930
 Max  of <[H,A]> =   0.00000000
 Add operator   59
 Iter:   0 Current Energy =  -2.1440201520499516 Gradient Norm    2.3e-02 Gradient Max    2.3e-02
 Iter:   1 Current Energy =  -2.1441237638083805 Gradient Norm    1.4e-02 Gradient Max    1.4e-02
 Iter:   2 Current Energy =  -2.1441804718964739 Gradient Norm    4.0e-03 Gradient Max    4.0e-03
 Iter:   3 Current Energy =  -2.1441831876471409 Gradient Norm    6.3e-04 Gradient Max    6.1e-04
 Iter:   4 Current Energy =  -2.1441832987184073 Gradient Norm    1.7e-05 Gradient Max    1.6e-05
 Iter:   5 Current Energy =  -2.1441832987967899 Gradient Norm    3.0e-10 Gradient Max    3.0e-10
 Iter:   6 Current Energy =  -2.1441832987967899 Gradient Norm    3.0e-14 Gradient Max    2.7e-14
 Finished:      -2.144183298797
 -----------New ansatz----------- 
    #        Coeff               Term
    0  -0.08967090 0.125j [X1 X2 X5 Y6] +
0.125j [X1 X2 Y5 X6] +
-0.125j [X1 Y2 X5 X6] +
0.125j [X1 Y2 Y5 Y6] +
(-0-0.125j) [Y1 X2 X5 X6] +
0.125j [Y1 X2 Y5 Y6] +
-0.125j [Y1 Y2 X5 Y6] +
-0.125j [Y1 Y2 Y5 X6]
    1  -0.08967090 0.125j [X0 X3 X4 Y7] +
0.125j [X0 X3 Y4 X7] +
-0.125j [X0 Y3 X4 X7] +
0.125j [X0 Y3 Y4 Y7] +
(-0-0.125j) [Y0 X3 X4 X7] +
0.125j [Y0 X3 Y4 Y7] +
-0.125j [Y0 Y3 X4 Y7] +
-0.125j [Y0 Y3 Y4 X7]
    2   0.19993618 0.125j [X2 X3 X4 Y5] +
0.125j [X2 X3 Y4 X5] +
-0.125j [X2 Y3 X4 X5] +
0.125j [X2 Y3 Y4 Y5] +
(-0-0.125j) [Y2 X3 X4 X5] +
0.125j [Y2 X3 Y4 Y5] +
-0.125j [Y2 Y3 X4 Y5] +
-0.125j [Y2 Y3 Y4 X5]




 --------------------------------------------------------------------------
                         ADAPT-VQE iteration:  3
 --------------------------------------------------------------------------
 Check each new operator for coupling
 Measure Operator Pool Gradients:
 Variance:      0.03539773
 Uncertainty:   0.18814285
 Norm of <[H,A]> =   0.37279718
 Max  of <[H,A]> =   0.00000000
 Add operator   28
 Iter:   0 Current Energy =  -2.1510409350684632 Gradient Norm    1.8e-02 Gradient Max    1.2e-02
 Iter:   1 Current Energy =  -2.1510956584895591 Gradient Norm    2.5e-03 Gradient Max    2.1e-03
 Iter:   2 Current Energy =  -2.1510967016330582 Gradient Norm    1.3e-03 Gradient Max    1.3e-03
 Iter:   3 Current Energy =  -2.1510972180635624 Gradient Norm    1.6e-05 Gradient Max    1.6e-05
 Iter:   4 Current Energy =  -2.1510972180952561 Gradient Norm    5.2e-07 Gradient Max    5.2e-07
 Iter:   5 Current Energy =  -2.1510972180952881 Gradient Norm    1.4e-10 Gradient Max    1.3e-10
 Iter:   6 Current Energy =  -2.1510972180952881 Gradient Norm    9.1e-11 Gradient Max    8.5e-11
 Finished:      -2.151097218095
 -----------New ansatz----------- 
    #        Coeff               Term
    0   0.05697457 0.125j [X0 X1 X6 Y7] +
0.125j [X0 X1 Y6 X7] +
-0.125j [X0 Y1 X6 X7] +
0.125j [X0 Y1 Y6 Y7] +
(-0-0.125j) [Y0 X1 X6 X7] +
0.125j [Y0 X1 Y6 Y7] +
-0.125j [Y0 Y1 X6 Y7] +
-0.125j [Y0 Y1 Y6 X7]
    1  -0.09418244 0.125j [X1 X2 X5 Y6] +
0.125j [X1 X2 Y5 X6] +
-0.125j [X1 Y2 X5 X6] +
0.125j [X1 Y2 Y5 Y6] +
(-0-0.125j) [Y1 X2 X5 X6] +
0.125j [Y1 X2 Y5 Y6] +
-0.125j [Y1 Y2 X5 Y6] +
-0.125j [Y1 Y2 Y5 X6]
    2  -0.09418244 0.125j [X0 X3 X4 Y7] +
0.125j [X0 X3 Y4 X7] +
-0.125j [X0 Y3 X4 X7] +
0.125j [X0 Y3 Y4 Y7] +
(-0-0.125j) [Y0 X3 X4 X7] +
0.125j [Y0 X3 Y4 Y7] +
-0.125j [Y0 Y3 X4 Y7] +
-0.125j [Y0 Y3 Y4 X7]
    3   0.20094773 0.125j [X2 X3 X4 Y5] +
0.125j [X2 X3 Y4 X5] +
-0.125j [X2 Y3 X4 X5] +
0.125j [X2 Y3 Y4 Y5] +
(-0-0.125j) [Y2 X3 X4 X5] +
0.125j [Y2 X3 Y4 Y5] +
-0.125j [Y2 Y3 X4 Y5] +
-0.125j [Y2 Y3 Y4 X5]




 --------------------------------------------------------------------------
                         ADAPT-VQE iteration:  4
 --------------------------------------------------------------------------
 Check each new operator for coupling
 Measure Operator Pool Gradients:
 Variance:      0.01951009
 Uncertainty:   0.13967853
 Norm of <[H,A]> =   0.26873702
 Max  of <[H,A]> =   0.00000000
 Add operator   22
 Iter:   0 Current Energy =  -2.1553760467884180 Gradient Norm    2.8e-02 Gradient Max    2.0e-02
 Iter:   1 Current Energy =  -2.1555030394047034 Gradient Norm    1.2e-02 Gradient Max    8.4e-03
 Iter:   2 Current Energy =  -2.1555361140426728 Gradient Norm    2.3e-03 Gradient Max    1.4e-03
 Iter:   3 Current Energy =  -2.1555370220788816 Gradient Norm    1.3e-04 Gradient Max    1.2e-04
 Iter:   4 Current Energy =  -2.1555370251480426 Gradient Norm    1.3e-06 Gradient Max    1.3e-06
 Iter:   5 Current Energy =  -2.1555370251483645 Gradient Norm    3.3e-11 Gradient Max    3.2e-11
 Finished:      -2.155537025148
 -----------New ansatz----------- 
    #        Coeff               Term
    0   0.06126515 0.125j [X0 X1 X4 Y5] +
0.125j [X0 X1 Y4 X5] +
-0.125j [X0 Y1 X4 X5] +
0.125j [X0 Y1 Y4 Y5] +
(-0-0.125j) [Y0 X1 X4 X5] +
0.125j [Y0 X1 Y4 Y5] +
-0.125j [Y0 Y1 X4 Y5] +
-0.125j [Y0 Y1 Y4 X5]
    1   0.05270701 0.125j [X0 X1 X6 Y7] +
0.125j [X0 X1 Y6 X7] +
-0.125j [X0 Y1 X6 X7] +
0.125j [X0 Y1 Y6 Y7] +
(-0-0.125j) [Y0 X1 X6 X7] +
0.125j [Y0 X1 Y6 Y7] +
-0.125j [Y0 Y1 X6 Y7] +
-0.125j [Y0 Y1 Y6 X7]
    2  -0.09431884 0.125j [X1 X2 X5 Y6] +
0.125j [X1 X2 Y5 X6] +
-0.125j [X1 Y2 X5 X6] +
0.125j [X1 Y2 Y5 Y6] +
(-0-0.125j) [Y1 X2 X5 X6] +
0.125j [Y1 X2 Y5 Y6] +
-0.125j [Y1 Y2 X5 Y6] +
-0.125j [Y1 Y2 Y5 X6]
    3  -0.09431884 0.125j [X0 X3 X4 Y7] +
0.125j [X0 X3 Y4 X7] +
-0.125j [X0 Y3 X4 X7] +
0.125j [X0 Y3 Y4 Y7] +
(-0-0.125j) [Y0 X3 X4 X7] +
0.125j [Y0 X3 Y4 Y7] +
-0.125j [Y0 Y3 X4 Y7] +
-0.125j [Y0 Y3 Y4 X7]
    4   0.18871632 0.125j [X2 X3 X4 Y5] +
0.125j [X2 X3 Y4 X5] +
-0.125j [X2 Y3 X4 X5] +
0.125j [X2 Y3 Y4 Y5] +
(-0-0.125j) [Y2 X3 X4 X5] +
0.125j [Y2 X3 Y4 Y5] +
-0.125j [Y2 Y3 X4 Y5] +
-0.125j [Y2 Y3 Y4 X5]




 --------------------------------------------------------------------------
                         ADAPT-VQE iteration:  5
 --------------------------------------------------------------------------
 Check each new operator for coupling
 Measure Operator Pool Gradients:
 Variance:      0.01450244
 Uncertainty:   0.12042608
 Norm of <[H,A]> =   0.23588983
 Max  of <[H,A]> =   0.00000000
 Add operator   78
 Iter:   0 Current Energy =  -2.1585679302685570 Gradient Norm    1.9e-02 Gradient Max    1.3e-02
 Iter:   1 Current Energy =  -2.1586312810936312 Gradient Norm    9.3e-03 Gradient Max    6.1e-03
 Iter:   2 Current Energy =  -2.1586488150089145 Gradient Norm    1.9e-03 Gradient Max    1.2e-03
 Iter:   3 Current Energy =  -2.1586495281128353 Gradient Norm    2.1e-04 Gradient Max    1.7e-04
 Iter:   4 Current Energy =  -2.1586495362170774 Gradient Norm    3.4e-05 Gradient Max    3.3e-05
 Iter:   5 Current Energy =  -2.1586495363670055 Gradient Norm    5.6e-07 Gradient Max    5.5e-07
 Iter:   6 Current Energy =  -2.1586495363670477 Gradient Norm    3.1e-12 Gradient Max    2.5e-12
 Finished:      -2.158649536367
 -----------New ansatz----------- 
    #        Coeff               Term
    0   0.04170043 0.125j [X2 X3 X6 Y7] +
0.125j [X2 X3 Y6 X7] +
-0.125j [X2 Y3 X6 X7] +
0.125j [X2 Y3 Y6 Y7] +
(-0-0.125j) [Y2 X3 X6 X7] +
0.125j [Y2 X3 Y6 Y7] +
-0.125j [Y2 Y3 X6 Y7] +
-0.125j [Y2 Y3 Y6 X7]
    1   0.06450226 0.125j [X0 X1 X4 Y5] +
0.125j [X0 X1 Y4 X5] +
-0.125j [X0 Y1 X4 X5] +
0.125j [X0 Y1 Y4 Y5] +
(-0-0.125j) [Y0 X1 X4 X5] +
0.125j [Y0 X1 Y4 Y5] +
-0.125j [Y0 Y1 X4 Y5] +
-0.125j [Y0 Y1 Y4 X5]
    2   0.04994509 0.125j [X0 X1 X6 Y7] +
0.125j [X0 X1 Y6 X7] +
-0.125j [X0 Y1 X6 X7] +
0.125j [X0 Y1 Y6 Y7] +
(-0-0.125j) [Y0 X1 X6 X7] +
0.125j [Y0 X1 Y6 Y7] +
-0.125j [Y0 Y1 X6 Y7] +
-0.125j [Y0 Y1 Y6 X7]
    3  -0.09475053 0.125j [X1 X2 X5 Y6] +
0.125j [X1 X2 Y5 X6] +
-0.125j [X1 Y2 X5 X6] +
0.125j [X1 Y2 Y5 Y6] +
(-0-0.125j) [Y1 X2 X5 X6] +
0.125j [Y1 X2 Y5 Y6] +
-0.125j [Y1 Y2 X5 Y6] +
-0.125j [Y1 Y2 Y5 X6]
    4  -0.09475053 0.125j [X0 X3 X4 Y7] +
0.125j [X0 X3 Y4 X7] +
-0.125j [X0 Y3 X4 X7] +
0.125j [X0 Y3 Y4 Y7] +
(-0-0.125j) [Y0 X3 X4 X7] +
0.125j [Y0 X3 Y4 Y7] +
-0.125j [Y0 Y3 X4 Y7] +
-0.125j [Y0 Y3 Y4 X7]
    5   0.18008293 0.125j [X2 X3 X4 Y5] +
0.125j [X2 X3 Y4 X5] +
-0.125j [X2 Y3 X4 X5] +
0.125j [X2 Y3 Y4 Y5] +
(-0-0.125j) [Y2 X3 X4 X5] +
0.125j [Y2 X3 Y4 Y5] +
-0.125j [Y2 Y3 X4 Y5] +
-0.125j [Y2 Y3 Y4 X5]




 --------------------------------------------------------------------------
                         ADAPT-VQE iteration:  6
 --------------------------------------------------------------------------
 Check each new operator for coupling
 Measure Operator Pool Gradients:
 Variance:      0.00906136
 Uncertainty:   0.09519117
 Norm of <[H,A]> =   0.18267324
 Max  of <[H,A]> =   0.00000000
 Add operator   43
 Iter:   0 Current Energy =  -2.1609728710935863 Gradient Norm    2.5e-02 Gradient Max    1.3e-02
 Iter:   1 Current Energy =  -2.1610639892090111 Gradient Norm    5.6e-03 Gradient Max    4.7e-03
 Iter:   2 Current Energy =  -2.1610685293224825 Gradient Norm    9.7e-04 Gradient Max    7.7e-04
 Iter:   3 Current Energy =  -2.1610687604762604 Gradient Norm    4.1e-04 Gradient Max    3.1e-04
 Iter:   4 Current Energy =  -2.1610687912013535 Gradient Norm    6.1e-05 Gradient Max    3.8e-05
 Iter:   5 Current Energy =  -2.1610687919446385 Gradient Norm    7.1e-07 Gradient Max    5.7e-07
 Iter:   6 Current Energy =  -2.1610687919447007 Gradient Norm    2.3e-07 Gradient Max    1.6e-07
 Iter:   7 Current Energy =  -2.1610687919447082 Gradient Norm    7.1e-08 Gradient Max    5.4e-08
 Iter:   8 Current Energy =  -2.1610687919447091 Gradient Norm    5.3e-09 Gradient Max    4.2e-09
 Finished:      -2.161068791945
 -----------New ansatz----------- 
    #        Coeff               Term
    0   0.04216429 0.125j [X0 X3 X5 Y6] +
0.125j [X0 X3 Y5 X6] +
-0.125j [X0 Y3 X5 X6] +
0.125j [X0 Y3 Y5 Y6] +
(-0-0.125j) [Y0 X3 X5 X6] +
0.125j [Y0 X3 Y5 Y6] +
-0.125j [Y0 Y3 X5 Y6] +
-0.125j [Y0 Y3 Y5 X6]
    1   0.04441442 0.125j [X2 X3 X6 Y7] +
0.125j [X2 X3 Y6 X7] +
-0.125j [X2 Y3 X6 X7] +
0.125j [X2 Y3 Y6 Y7] +
(-0-0.125j) [Y2 X3 X6 X7] +
0.125j [Y2 X3 Y6 Y7] +
-0.125j [Y2 Y3 X6 Y7] +
-0.125j [Y2 Y3 Y6 X7]
    2   0.06849435 0.125j [X0 X1 X4 Y5] +
0.125j [X0 X1 Y4 X5] +
-0.125j [X0 Y1 X4 X5] +
0.125j [X0 Y1 Y4 Y5] +
(-0-0.125j) [Y0 X1 X4 X5] +
0.125j [Y0 X1 Y4 Y5] +
-0.125j [Y0 Y1 X4 Y5] +
-0.125j [Y0 Y1 Y4 X5]
    3   0.05058683 0.125j [X0 X1 X6 Y7] +
0.125j [X0 X1 Y6 X7] +
-0.125j [X0 Y1 X6 X7] +
0.125j [X0 Y1 Y6 Y7] +
(-0-0.125j) [Y0 X1 X6 X7] +
0.125j [Y0 X1 Y6 Y7] +
-0.125j [Y0 Y1 X6 Y7] +
-0.125j [Y0 Y1 Y6 X7]
    4  -0.09060627 0.125j [X1 X2 X5 Y6] +
0.125j [X1 X2 Y5 X6] +
-0.125j [X1 Y2 X5 X6] +
0.125j [X1 Y2 Y5 Y6] +
(-0-0.125j) [Y1 X2 X5 X6] +
0.125j [Y1 X2 Y5 Y6] +
-0.125j [Y1 Y2 X5 Y6] +
-0.125j [Y1 Y2 Y5 X6]
    5  -0.09045993 0.125j [X0 X3 X4 Y7] +
0.125j [X0 X3 Y4 X7] +
-0.125j [X0 Y3 X4 X7] +
0.125j [X0 Y3 Y4 Y7] +
(-0-0.125j) [Y0 X3 X4 X7] +
0.125j [Y0 X3 Y4 Y7] +
-0.125j [Y0 Y3 X4 Y7] +
-0.125j [Y0 Y3 Y4 X7]
    6   0.18140562 0.125j [X2 X3 X4 Y5] +
0.125j [X2 X3 Y4 X5] +
-0.125j [X2 Y3 X4 X5] +
0.125j [X2 Y3 Y4 Y5] +
(-0-0.125j) [Y2 X3 X4 X5] +
0.125j [Y2 X3 Y4 Y5] +
-0.125j [Y2 Y3 X4 Y5] +
-0.125j [Y2 Y3 Y4 X5]




 --------------------------------------------------------------------------
                         ADAPT-VQE iteration:  7
 --------------------------------------------------------------------------
 Check each new operator for coupling
 Measure Operator Pool Gradients:
 Variance:      0.00642807
 Uncertainty:   0.08017523
 Norm of <[H,A]> =   0.15681847
 Max  of <[H,A]> =   0.00000000
 Add operator   57
 Iter:   0 Current Energy =  -2.1637879818471801 Gradient Norm    2.8e-02 Gradient Max    1.4e-02
 Iter:   1 Current Energy =  -2.1639055064190060 Gradient Norm    9.0e-03 Gradient Max    6.1e-03
 Iter:   2 Current Energy =  -2.1639183249895244 Gradient Norm    1.4e-03 Gradient Max    8.5e-04
 Iter:   3 Current Energy =  -2.1639186707173672 Gradient Norm    4.5e-04 Gradient Max    3.1e-04
 Iter:   4 Current Energy =  -2.1639187228870584 Gradient Norm    1.1e-04 Gradient Max    7.9e-05
 Iter:   5 Current Energy =  -2.1639187250240211 Gradient Norm    1.4e-05 Gradient Max    1.1e-05
 Iter:   6 Current Energy =  -2.1639187250600105 Gradient Norm    1.1e-06 Gradient Max    1.1e-06
 Iter:   7 Current Energy =  -2.1639187250601961 Gradient Norm    3.7e-07 Gradient Max    2.8e-07
 Iter:   8 Current Energy =  -2.1639187250602196 Gradient Norm    1.1e-07 Gradient Max    1.0e-07
 Iter:   9 Current Energy =  -2.1639187250602223 Gradient Norm    7.5e-09 Gradient Max    7.0e-09
 Finished:      -2.163918725060
 -----------New ansatz----------- 
    #        Coeff               Term
    0   0.04590086 0.125j [X1 X2 X4 Y7] +
0.125j [X1 X2 Y4 X7] +
-0.125j [X1 Y2 X4 X7] +
0.125j [X1 Y2 Y4 Y7] +
(-0-0.125j) [Y1 X2 X4 X7] +
0.125j [Y1 X2 Y4 Y7] +
-0.125j [Y1 Y2 X4 Y7] +
-0.125j [Y1 Y2 Y4 X7]
    1   0.04590087 0.125j [X0 X3 X5 Y6] +
0.125j [X0 X3 Y5 X6] +
-0.125j [X0 Y3 X5 X6] +
0.125j [X0 Y3 Y5 Y6] +
(-0-0.125j) [Y0 X3 X5 X6] +
0.125j [Y0 X3 Y5 Y6] +
-0.125j [Y0 Y3 X5 Y6] +
-0.125j [Y0 Y3 Y5 X6]
    2   0.04768950 0.125j [X2 X3 X6 Y7] +
0.125j [X2 X3 Y6 X7] +
-0.125j [X2 Y3 X6 X7] +
0.125j [X2 Y3 Y6 Y7] +
(-0-0.125j) [Y2 X3 X6 X7] +
0.125j [Y2 X3 Y6 Y7] +
-0.125j [Y2 Y3 X6 Y7] +
-0.125j [Y2 Y3 Y6 X7]
    3   0.07330004 0.125j [X0 X1 X4 Y5] +
0.125j [X0 X1 Y4 X5] +
-0.125j [X0 Y1 X4 X5] +
0.125j [X0 Y1 Y4 Y5] +
(-0-0.125j) [Y0 X1 X4 X5] +
0.125j [Y0 X1 Y4 Y5] +
-0.125j [Y0 Y1 X4 Y5] +
-0.125j [Y0 Y1 Y4 X5]
    4   0.05146555 0.125j [X0 X1 X6 Y7] +
0.125j [X0 X1 Y6 X7] +
-0.125j [X0 Y1 X6 X7] +
0.125j [X0 Y1 Y6 Y7] +
(-0-0.125j) [Y0 X1 X6 X7] +
0.125j [Y0 X1 Y6 Y7] +
-0.125j [Y0 Y1 X6 Y7] +
-0.125j [Y0 Y1 Y6 X7]
    5  -0.08576264 0.125j [X1 X2 X5 Y6] +
0.125j [X1 X2 Y5 X6] +
-0.125j [X1 Y2 X5 X6] +
0.125j [X1 Y2 Y5 Y6] +
(-0-0.125j) [Y1 X2 X5 X6] +
0.125j [Y1 X2 Y5 Y6] +
-0.125j [Y1 Y2 X5 Y6] +
-0.125j [Y1 Y2 Y5 X6]
    6  -0.08576264 0.125j [X0 X3 X4 Y7] +
0.125j [X0 X3 Y4 X7] +
-0.125j [X0 Y3 X4 X7] +
0.125j [X0 Y3 Y4 Y7] +
(-0-0.125j) [Y0 X3 X4 X7] +
0.125j [Y0 X3 Y4 Y7] +
-0.125j [Y0 Y3 X4 Y7] +
-0.125j [Y0 Y3 Y4 X7]
    7   0.18318374 0.125j [X2 X3 X4 Y5] +
0.125j [X2 X3 Y4 X5] +
-0.125j [X2 Y3 X4 X5] +
0.125j [X2 Y3 Y4 Y5] +
(-0-0.125j) [Y2 X3 X4 X5] +
0.125j [Y2 X3 Y4 Y5] +
-0.125j [Y2 Y3 X4 Y5] +
-0.125j [Y2 Y3 Y4 X5]




 --------------------------------------------------------------------------
                         ADAPT-VQE iteration:  8
 --------------------------------------------------------------------------
 Check each new operator for coupling
 Measure Operator Pool Gradients:
 Variance:      0.00322528
 Uncertainty:   0.05679156
 Norm of <[H,A]> =   0.10454828
 Max  of <[H,A]> =   0.00000000
 Add operator   34
 Iter:   0 Current Energy =  -2.1649269918746805 Gradient Norm    1.4e-02 Gradient Max    6.8e-03
 Iter:   1 Current Energy =  -2.1649667171775913 Gradient Norm    3.2e-03 Gradient Max    2.3e-03
 Iter:   2 Current Energy =  -2.1649683197018437 Gradient Norm    6.6e-04 Gradient Max    4.3e-04
 Iter:   3 Current Energy =  -2.1649684222524583 Gradient Norm    2.4e-04 Gradient Max    1.7e-04
 Iter:   4 Current Energy =  -2.1649684309583677 Gradient Norm    8.4e-05 Gradient Max    5.8e-05
 Iter:   5 Current Energy =  -2.1649684324455327 Gradient Norm    1.4e-05 Gradient Max    7.7e-06
 Iter:   6 Current Energy =  -2.1649684324790628 Gradient Norm    1.9e-06 Gradient Max    1.7e-06
 Iter:   7 Current Energy =  -2.1649684324792489 Gradient Norm    1.8e-06 Gradient Max    1.4e-06
 Iter:   8 Current Energy =  -2.1649684324795557 Gradient Norm    1.2e-06 Gradient Max    8.6e-07
 Iter:   9 Current Energy =  -2.1649684324797711 Gradient Norm    1.2e-07 Gradient Max    1.2e-07
 Iter:  10 Current Energy =  -2.1649684324797742 Gradient Norm    2.5e-08 Gradient Max    2.2e-08
 Iter:  11 Current Energy =  -2.1649684324797747 Gradient Norm    2.3e-08 Gradient Max    2.1e-08
 Iter:  12 Current Energy =  -2.1649684324797747 Gradient Norm    1.1e-08 Gradient Max    7.1e-09
 Finished:      -2.164968432480
 -----------New ansatz----------- 
    #        Coeff               Term
    0   0.02884342 0.125j [X0 X2 X4 Y6] +
0.125j [X0 X2 Y4 X6] +
-0.125j [X0 Y2 X4 X6] +
0.125j [X0 Y2 Y4 Y6] +
(-0-0.125j) [Y0 X2 X4 X6] +
0.125j [Y0 X2 Y4 Y6] +
-0.125j [Y0 Y2 X4 Y6] +
-0.125j [Y0 Y2 Y4 X6]
    1   0.04802626 0.125j [X1 X2 X4 Y7] +
0.125j [X1 X2 Y4 X7] +
-0.125j [X1 Y2 X4 X7] +
0.125j [X1 Y2 Y4 Y7] +
(-0-0.125j) [Y1 X2 X4 X7] +
0.125j [Y1 X2 Y4 Y7] +
-0.125j [Y1 Y2 X4 Y7] +
-0.125j [Y1 Y2 Y4 X7]
    2   0.04879859 0.125j [X0 X3 X5 Y6] +
0.125j [X0 X3 Y5 X6] +
-0.125j [X0 Y3 X5 X6] +
0.125j [X0 Y3 Y5 Y6] +
(-0-0.125j) [Y0 X3 X5 X6] +
0.125j [Y0 X3 Y5 Y6] +
-0.125j [Y0 Y3 X5 Y6] +
-0.125j [Y0 Y3 Y5 X6]
    3   0.04619842 0.125j [X2 X3 X6 Y7] +
0.125j [X2 X3 Y6 X7] +
-0.125j [X2 Y3 X6 X7] +
0.125j [X2 Y3 Y6 Y7] +
(-0-0.125j) [Y2 X3 X6 X7] +
0.125j [Y2 X3 Y6 Y7] +
-0.125j [Y2 Y3 X6 Y7] +
-0.125j [Y2 Y3 Y6 X7]
    4   0.07109163 0.125j [X0 X1 X4 Y5] +
0.125j [X0 X1 Y4 X5] +
-0.125j [X0 Y1 X4 X5] +
0.125j [X0 Y1 Y4 Y5] +
(-0-0.125j) [Y0 X1 X4 X5] +
0.125j [Y0 X1 Y4 Y5] +
-0.125j [Y0 Y1 X4 Y5] +
-0.125j [Y0 Y1 Y4 X5]
    5   0.05222972 0.125j [X0 X1 X6 Y7] +
0.125j [X0 X1 Y6 X7] +
-0.125j [X0 Y1 X6 X7] +
0.125j [X0 Y1 Y6 Y7] +
(-0-0.125j) [Y0 X1 X6 X7] +
0.125j [Y0 X1 Y6 Y7] +
-0.125j [Y0 Y1 X6 Y7] +
-0.125j [Y0 Y1 Y6 X7]
    6  -0.08326466 0.125j [X1 X2 X5 Y6] +
0.125j [X1 X2 Y5 X6] +
-0.125j [X1 Y2 X5 X6] +
0.125j [X1 Y2 Y5 Y6] +
(-0-0.125j) [Y1 X2 X5 X6] +
0.125j [Y1 X2 Y5 Y6] +
-0.125j [Y1 Y2 X5 Y6] +
-0.125j [Y1 Y2 Y5 X6]
    7  -0.08332462 0.125j [X0 X3 X4 Y7] +
0.125j [X0 X3 Y4 X7] +
-0.125j [X0 Y3 X4 X7] +
0.125j [X0 Y3 Y4 Y7] +
(-0-0.125j) [Y0 X3 X4 X7] +
0.125j [Y0 X3 Y4 Y7] +
-0.125j [Y0 Y3 X4 Y7] +
-0.125j [Y0 Y3 Y4 X7]
    8   0.18501125 0.125j [X2 X3 X4 Y5] +
0.125j [X2 X3 Y4 X5] +
-0.125j [X2 Y3 X4 X5] +
0.125j [X2 Y3 Y4 Y5] +
(-0-0.125j) [Y2 X3 X4 X5] +
0.125j [Y2 X3 Y4 Y5] +
-0.125j [Y2 Y3 X4 Y5] +
-0.125j [Y2 Y3 Y4 X5]




 --------------------------------------------------------------------------
                         ADAPT-VQE iteration:  9
 --------------------------------------------------------------------------
 Check each new operator for coupling
 Measure Operator Pool Gradients:
 Variance:      0.00193674
 Uncertainty:   0.04400839
 Norm of <[H,A]> =   0.08278314
 Max  of <[H,A]> =   0.00000000
 Add operator   65
 Iter:   0 Current Energy =  -2.1661542854335285 Gradient Norm    1.5e-02 Gradient Max    7.4e-03
 Iter:   1 Current Energy =  -2.1662070012998718 Gradient Norm    4.8e-03 Gradient Max    2.9e-03
 Iter:   2 Current Energy =  -2.1662108896590020 Gradient Norm    9.0e-04 Gradient Max    4.5e-04
 Iter:   3 Current Energy =  -2.1662110563534416 Gradient Norm    2.9e-04 Gradient Max    2.0e-04
 Iter:   4 Current Energy =  -2.1662110726767860 Gradient Norm    1.3e-04 Gradient Max    9.0e-05
 Iter:   5 Current Energy =  -2.1662110750364962 Gradient Norm    2.3e-05 Gradient Max    1.4e-05
 Iter:   6 Current Energy =  -2.1662110751468000 Gradient Norm    3.1e-06 Gradient Max    2.1e-06
 Iter:   7 Current Energy =  -2.1662110751481696 Gradient Norm    1.4e-06 Gradient Max    1.3e-06
 Iter:   8 Current Energy =  -2.1662110751485204 Gradient Norm    3.2e-07 Gradient Max    2.7e-07
 Iter:   9 Current Energy =  -2.1662110751485324 Gradient Norm    2.2e-07 Gradient Max    1.6e-07
 Iter:  10 Current Energy =  -2.1662110751485364 Gradient Norm    1.4e-07 Gradient Max    1.0e-07
 Iter:  11 Current Energy =  -2.1662110751485413 Gradient Norm    1.3e-08 Gradient Max    1.1e-08
 Iter:  12 Current Energy =  -2.1662110751485413 Gradient Norm    3.4e-09 Gradient Max    2.1e-09
 Finished:      -2.166211075149
 -----------New ansatz----------- 
    #        Coeff               Term
    0   0.03148700 0.125j [X1 X3 X5 Y7] +
0.125j [X1 X3 Y5 X7] +
-0.125j [X1 Y3 X5 X7] +
0.125j [X1 Y3 Y5 Y7] +
(-0-0.125j) [Y1 X3 X5 X7] +
0.125j [Y1 X3 Y5 Y7] +
-0.125j [Y1 Y3 X5 Y7] +
-0.125j [Y1 Y3 Y5 X7]
    1   0.03148700 0.125j [X0 X2 X4 Y6] +
0.125j [X0 X2 Y4 X6] +
-0.125j [X0 Y2 X4 X6] +
0.125j [X0 Y2 Y4 Y6] +
(-0-0.125j) [Y0 X2 X4 X6] +
0.125j [Y0 X2 Y4 Y6] +
-0.125j [Y0 Y2 X4 Y6] +
-0.125j [Y0 Y2 Y4 X6]
    2   0.05141008 0.125j [X1 X2 X4 Y7] +
0.125j [X1 X2 Y4 X7] +
-0.125j [X1 Y2 X4 X7] +
0.125j [X1 Y2 Y4 Y7] +
(-0-0.125j) [Y1 X2 X4 X7] +
0.125j [Y1 X2 Y4 Y7] +
-0.125j [Y1 Y2 X4 Y7] +
-0.125j [Y1 Y2 Y4 X7]
    3   0.05141008 0.125j [X0 X3 X5 Y6] +
0.125j [X0 X3 Y5 X6] +
-0.125j [X0 Y3 X5 X6] +
0.125j [X0 Y3 Y5 Y6] +
(-0-0.125j) [Y0 X3 X5 X6] +
0.125j [Y0 X3 Y5 Y6] +
-0.125j [Y0 Y3 X5 Y6] +
-0.125j [Y0 Y3 Y5 X6]
    4   0.04448310 0.125j [X2 X3 X6 Y7] +
0.125j [X2 X3 Y6 X7] +
-0.125j [X2 Y3 X6 X7] +
0.125j [X2 Y3 Y6 Y7] +
(-0-0.125j) [Y2 X3 X6 X7] +
0.125j [Y2 X3 Y6 Y7] +
-0.125j [Y2 Y3 X6 Y7] +
-0.125j [Y2 Y3 Y6 X7]
    5   0.06855172 0.125j [X0 X1 X4 Y5] +
0.125j [X0 X1 Y4 X5] +
-0.125j [X0 Y1 X4 X5] +
0.125j [X0 Y1 Y4 Y5] +
(-0-0.125j) [Y0 X1 X4 X5] +
0.125j [Y0 X1 Y4 Y5] +
-0.125j [Y0 Y1 X4 Y5] +
-0.125j [Y0 Y1 Y4 X5]
    6   0.05317123 0.125j [X0 X1 X6 Y7] +
0.125j [X0 X1 Y6 X7] +
-0.125j [X0 Y1 X6 X7] +
0.125j [X0 Y1 Y6 Y7] +
(-0-0.125j) [Y0 X1 X6 X7] +
0.125j [Y0 X1 Y6 Y7] +
-0.125j [Y0 Y1 X6 Y7] +
-0.125j [Y0 Y1 Y6 X7]
    7  -0.08043762 0.125j [X1 X2 X5 Y6] +
0.125j [X1 X2 Y5 X6] +
-0.125j [X1 Y2 X5 X6] +
0.125j [X1 Y2 Y5 Y6] +
(-0-0.125j) [Y1 X2 X5 X6] +
0.125j [Y1 X2 Y5 Y6] +
-0.125j [Y1 Y2 X5 Y6] +
-0.125j [Y1 Y2 Y5 X6]
    8  -0.08043762 0.125j [X0 X3 X4 Y7] +
0.125j [X0 X3 Y4 X7] +
-0.125j [X0 Y3 X4 X7] +
0.125j [X0 Y3 Y4 Y7] +
(-0-0.125j) [Y0 X3 X4 X7] +
0.125j [Y0 X3 Y4 Y7] +
-0.125j [Y0 Y3 X4 Y7] +
-0.125j [Y0 Y3 Y4 X7]
    9   0.18725595 0.125j [X2 X3 X4 Y5] +
0.125j [X2 X3 Y4 X5] +
-0.125j [X2 Y3 X4 X5] +
0.125j [X2 Y3 Y4 Y5] +
(-0-0.125j) [Y2 X3 X4 X5] +
0.125j [Y2 X3 Y4 Y5] +
-0.125j [Y2 Y3 X4 Y5] +
-0.125j [Y2 Y3 Y4 X5]




 --------------------------------------------------------------------------
                         ADAPT-VQE iteration:  10
 --------------------------------------------------------------------------
 Check each new operator for coupling
 Measure Operator Pool Gradients:
 Variance:      0.00028957
 Uncertainty:   0.01701688
 Norm of <[H,A]> =   0.01985381
 Max  of <[H,A]> =   0.00000000
 Add operator    8
 Iter:   0 Current Energy =  -2.1662220197395072 Gradient Norm    8.1e-03 Gradient Max    7.2e-03
 Iter:   1 Current Energy =  -2.1662354315713350 Gradient Norm    3.0e-03 Gradient Max    2.6e-03
 Iter:   2 Current Energy =  -2.1662374441243086 Gradient Norm    1.6e-03 Gradient Max    9.8e-04
 Iter:   3 Current Energy =  -2.1662377288742238 Gradient Norm    8.4e-04 Gradient Max    4.3e-04
 Iter:   4 Current Energy =  -2.1662377746547774 Gradient Norm    6.5e-04 Gradient Max    4.2e-04
 Iter:   5 Current Energy =  -2.1662378325279774 Gradient Norm    2.8e-04 Gradient Max    1.5e-04
 Iter:   6 Current Energy =  -2.1662378446546859 Gradient Norm    1.1e-04 Gradient Max    9.8e-05
 Iter:   7 Current Energy =  -2.1662378459931553 Gradient Norm    4.7e-05 Gradient Max    2.7e-05
 Iter:   8 Current Energy =  -2.1662378463232828 Gradient Norm    1.3e-05 Gradient Max    9.1e-06
 Iter:   9 Current Energy =  -2.1662378463560641 Gradient Norm    1.4e-06 Gradient Max    8.1e-07
 Iter:  10 Current Energy =  -2.1662378463565157 Gradient Norm    5.4e-07 Gradient Max    3.9e-07
 Iter:  11 Current Energy =  -2.1662378463565277 Gradient Norm    4.9e-07 Gradient Max    3.4e-07
 Iter:  12 Current Energy =  -2.1662378463565504 Gradient Norm    3.8e-07 Gradient Max    2.7e-07
 Iter:  13 Current Energy =  -2.1662378463565797 Gradient Norm    1.5e-07 Gradient Max    8.8e-08
 Iter:  14 Current Energy =  -2.1662378463565823 Gradient Norm    1.4e-07 Gradient Max    9.7e-08
 Iter:  15 Current Energy =  -2.1662378463565846 Gradient Norm    3.1e-08 Gradient Max    2.3e-08
 Iter:  16 Current Energy =  -2.1662378463565855 Gradient Norm    2.1e-08 Gradient Max    1.2e-08
 Iter:  17 Current Energy =  -2.1662378463565855 Gradient Norm    1.3e-08 Gradient Max    9.4e-09
 Finished:      -2.166237846357
 -----------New ansatz----------- 
    #        Coeff               Term
    0   0.00562815 (-0-0.5j) [X2 Y6] +
0.5j [Y2 X6]
    1   0.03158909 0.125j [X1 X3 X5 Y7] +
0.125j [X1 X3 Y5 X7] +
-0.125j [X1 Y3 X5 X7] +
0.125j [X1 Y3 Y5 Y7] +
(-0-0.125j) [Y1 X3 X5 X7] +
0.125j [Y1 X3 Y5 Y7] +
-0.125j [Y1 Y3 X5 Y7] +
-0.125j [Y1 Y3 Y5 X7]
    2   0.03173781 0.125j [X0 X2 X4 Y6] +
0.125j [X0 X2 Y4 X6] +
-0.125j [X0 Y2 X4 X6] +
0.125j [X0 Y2 Y4 Y6] +
(-0-0.125j) [Y0 X2 X4 X6] +
0.125j [Y0 X2 Y4 Y6] +
-0.125j [Y0 Y2 X4 Y6] +
-0.125j [Y0 Y2 Y4 X6]
    3   0.05128650 0.125j [X1 X2 X4 Y7] +
0.125j [X1 X2 Y4 X7] +
-0.125j [X1 Y2 X4 X7] +
0.125j [X1 Y2 Y4 Y7] +
(-0-0.125j) [Y1 X2 X4 X7] +
0.125j [Y1 X2 Y4 Y7] +
-0.125j [Y1 Y2 X4 Y7] +
-0.125j [Y1 Y2 Y4 X7]
    4   0.05107276 0.125j [X0 X3 X5 Y6] +
0.125j [X0 X3 Y5 X6] +
-0.125j [X0 Y3 X5 X6] +
0.125j [X0 Y3 Y5 Y6] +
(-0-0.125j) [Y0 X3 X5 X6] +
0.125j [Y0 X3 Y5 Y6] +
-0.125j [Y0 Y3 X5 Y6] +
-0.125j [Y0 Y3 Y5 X6]
    5   0.04411629 0.125j [X2 X3 X6 Y7] +
0.125j [X2 X3 Y6 X7] +
-0.125j [X2 Y3 X6 X7] +
0.125j [X2 Y3 Y6 Y7] +
(-0-0.125j) [Y2 X3 X6 X7] +
0.125j [Y2 X3 Y6 Y7] +
-0.125j [Y2 Y3 X6 Y7] +
-0.125j [Y2 Y3 Y6 X7]
    6   0.06829757 0.125j [X0 X1 X4 Y5] +
0.125j [X0 X1 Y4 X5] +
-0.125j [X0 Y1 X4 X5] +
0.125j [X0 Y1 Y4 Y5] +
(-0-0.125j) [Y0 X1 X4 X5] +
0.125j [Y0 X1 Y4 Y5] +
-0.125j [Y0 Y1 X4 Y5] +
-0.125j [Y0 Y1 Y4 X5]
    7   0.05329626 0.125j [X0 X1 X6 Y7] +
0.125j [X0 X1 Y6 X7] +
-0.125j [X0 Y1 X6 X7] +
0.125j [X0 Y1 Y6 Y7] +
(-0-0.125j) [Y0 X1 X6 X7] +
0.125j [Y0 X1 Y6 Y7] +
-0.125j [Y0 Y1 X6 Y7] +
-0.125j [Y0 Y1 Y6 X7]
    8  -0.08015190 0.125j [X1 X2 X5 Y6] +
0.125j [X1 X2 Y5 X6] +
-0.125j [X1 Y2 X5 X6] +
0.125j [X1 Y2 Y5 Y6] +
(-0-0.125j) [Y1 X2 X5 X6] +
0.125j [Y1 X2 Y5 Y6] +
-0.125j [Y1 Y2 X5 Y6] +
-0.125j [Y1 Y2 Y5 X6]
    9  -0.08062763 0.125j [X0 X3 X4 Y7] +
0.125j [X0 X3 Y4 X7] +
-0.125j [X0 Y3 X4 X7] +
0.125j [X0 Y3 Y4 Y7] +
(-0-0.125j) [Y0 X3 X4 X7] +
0.125j [Y0 X3 Y4 Y7] +
-0.125j [Y0 Y3 X4 Y7] +
-0.125j [Y0 Y3 Y4 X7]
   10   0.18799242 0.125j [X2 X3 X4 Y5] +
0.125j [X2 X3 Y4 X5] +
-0.125j [X2 Y3 X4 X5] +
0.125j [X2 Y3 Y4 Y5] +
(-0-0.125j) [Y2 X3 X4 X5] +
0.125j [Y2 X3 Y4 Y5] +
-0.125j [Y2 Y3 X4 Y5] +
-0.125j [Y2 Y3 Y4 X5]




 --------------------------------------------------------------------------
                         ADAPT-VQE iteration:  11
 --------------------------------------------------------------------------
 Check each new operator for coupling
 Measure Operator Pool Gradients:
 Variance:      0.00025503
 Uncertainty:   0.01596980
 Norm of <[H,A]> =   0.01649502
 Max  of <[H,A]> =   0.00000000
 Add operator    9
 Iter:   0 Current Energy =  -2.1662484704335299 Gradient Norm    8.1e-03 Gradient Max    7.1e-03
 Iter:   1 Current Energy =  -2.1662615336345081 Gradient Norm    3.0e-03 Gradient Max    2.6e-03
 Iter:   2 Current Energy =  -2.1662635594303006 Gradient Norm    1.6e-03 Gradient Max    9.8e-04
 Iter:   3 Current Energy =  -2.1662638516590023 Gradient Norm    8.4e-04 Gradient Max    4.5e-04
 Iter:   4 Current Energy =  -2.1662638848646476 Gradient Norm    7.1e-04 Gradient Max    4.7e-04
 Iter:   5 Current Energy =  -2.1662639364185527 Gradient Norm    4.3e-04 Gradient Max    2.5e-04
 Iter:   6 Current Energy =  -2.1662639489135094 Gradient Norm    3.4e-04 Gradient Max    1.6e-04
 Iter:   7 Current Energy =  -2.1662639641611978 Gradient Norm    1.4e-04 Gradient Max    7.7e-05
 Iter:   8 Current Energy =  -2.1662639670337565 Gradient Norm    6.0e-05 Gradient Max    3.5e-05
 Iter:   9 Current Energy =  -2.1662639675039155 Gradient Norm    1.7e-05 Gradient Max    1.1e-05
 Iter:  10 Current Energy =  -2.1662639675340865 Gradient Norm    1.1e-05 Gradient Max    8.4e-06
 Iter:  11 Current Energy =  -2.1662639675558273 Gradient Norm    3.6e-06 Gradient Max    1.7e-06
 Iter:  12 Current Energy =  -2.1662639675578941 Gradient Norm    1.2e-06 Gradient Max    6.8e-07
 Iter:  13 Current Energy =  -2.1662639675581072 Gradient Norm    6.5e-07 Gradient Max    4.3e-07
 Iter:  14 Current Energy =  -2.1662639675582018 Gradient Norm    1.7e-07 Gradient Max    1.2e-07
 Iter:  15 Current Energy =  -2.1662639675582058 Gradient Norm    5.7e-08 Gradient Max    3.6e-08
 Iter:  16 Current Energy =  -2.1662639675582067 Gradient Norm    2.3e-08 Gradient Max    1.4e-08
 Finished:      -2.166263967558
 -----------New ansatz----------- 
    #        Coeff               Term
    0  -0.00555633 (-0-0.5j) [X3 Y7] +
0.5j [Y3 X7]
    1   0.00555633 (-0-0.5j) [X2 Y6] +
0.5j [Y2 X6]
    2   0.03183557 0.125j [X1 X3 X5 Y7] +
0.125j [X1 X3 Y5 X7] +
-0.125j [X1 Y3 X5 X7] +
0.125j [X1 Y3 Y5 Y7] +
(-0-0.125j) [Y1 X3 X5 X7] +
0.125j [Y1 X3 Y5 Y7] +
-0.125j [Y1 Y3 X5 Y7] +
-0.125j [Y1 Y3 Y5 X7]
    3   0.03183557 0.125j [X0 X2 X4 Y6] +
0.125j [X0 X2 Y4 X6] +
-0.125j [X0 Y2 X4 X6] +
0.125j [X0 Y2 Y4 Y6] +
(-0-0.125j) [Y0 X2 X4 X6] +
0.125j [Y0 X2 Y4 Y6] +
-0.125j [Y0 Y2 X4 Y6] +
-0.125j [Y0 Y2 Y4 X6]
    4   0.05095790 0.125j [X1 X2 X4 Y7] +
0.125j [X1 X2 Y4 X7] +
-0.125j [X1 Y2 X4 X7] +
0.125j [X1 Y2 Y4 Y7] +
(-0-0.125j) [Y1 X2 X4 X7] +
0.125j [Y1 X2 Y4 Y7] +
-0.125j [Y1 Y2 X4 Y7] +
-0.125j [Y1 Y2 Y4 X7]
    5   0.05095789 0.125j [X0 X3 X5 Y6] +
0.125j [X0 X3 Y5 X6] +
-0.125j [X0 Y3 X5 X6] +
0.125j [X0 Y3 Y5 Y6] +
(-0-0.125j) [Y0 X3 X5 X6] +
0.125j [Y0 X3 Y5 Y6] +
-0.125j [Y0 Y3 X5 Y6] +
-0.125j [Y0 Y3 Y5 X6]
    6   0.04375733 0.125j [X2 X3 X6 Y7] +
0.125j [X2 X3 Y6 X7] +
-0.125j [X2 Y3 X6 X7] +
0.125j [X2 Y3 Y6 Y7] +
(-0-0.125j) [Y2 X3 X6 X7] +
0.125j [Y2 X3 Y6 Y7] +
-0.125j [Y2 Y3 X6 Y7] +
-0.125j [Y2 Y3 Y6 X7]
    7   0.06805219 0.125j [X0 X1 X4 Y5] +
0.125j [X0 X1 Y4 X5] +
-0.125j [X0 Y1 X4 X5] +
0.125j [X0 Y1 Y4 Y5] +
(-0-0.125j) [Y0 X1 X4 X5] +
0.125j [Y0 X1 Y4 Y5] +
-0.125j [Y0 Y1 X4 Y5] +
-0.125j [Y0 Y1 Y4 X5]
    8   0.05341550 0.125j [X0 X1 X6 Y7] +
0.125j [X0 X1 Y6 X7] +
-0.125j [X0 Y1 X6 X7] +
0.125j [X0 Y1 Y6 Y7] +
(-0-0.125j) [Y0 X1 X6 X7] +
0.125j [Y0 X1 Y6 Y7] +
-0.125j [Y0 Y1 X6 Y7] +
-0.125j [Y0 Y1 Y6 X7]
    9  -0.08034081 0.125j [X1 X2 X5 Y6] +
0.125j [X1 X2 Y5 X6] +
-0.125j [X1 Y2 X5 X6] +
0.125j [X1 Y2 Y5 Y6] +
(-0-0.125j) [Y1 X2 X5 X6] +
0.125j [Y1 X2 Y5 Y6] +
-0.125j [Y1 Y2 X5 Y6] +
-0.125j [Y1 Y2 Y5 X6]
   10  -0.08034081 0.125j [X0 X3 X4 Y7] +
0.125j [X0 X3 Y4 X7] +
-0.125j [X0 Y3 X4 X7] +
0.125j [X0 Y3 Y4 Y7] +
(-0-0.125j) [Y0 X3 X4 X7] +
0.125j [Y0 X3 Y4 Y7] +
-0.125j [Y0 Y3 X4 Y7] +
-0.125j [Y0 Y3 Y4 X7]
   11   0.18870401 0.125j [X2 X3 X4 Y5] +
0.125j [X2 X3 Y4 X5] +
-0.125j [X2 Y3 X4 X5] +
0.125j [X2 Y3 Y4 Y5] +
(-0-0.125j) [Y2 X3 X4 X5] +
0.125j [Y2 X3 Y4 Y5] +
-0.125j [Y2 Y3 X4 Y5] +
-0.125j [Y2 Y3 Y4 X5]




 --------------------------------------------------------------------------
                         ADAPT-VQE iteration:  12
 --------------------------------------------------------------------------
 Check each new operator for coupling
 Measure Operator Pool Gradients:
 Variance:      0.00022512
 Uncertainty:   0.01500394
 Norm of <[H,A]> =   0.01245644
 Max  of <[H,A]> =   0.00000000
 Add operator    2
 Iter:   0 Current Energy =  -2.1662865366529012 Gradient Norm    3.6e-03 Gradient Max    1.8e-03
 Iter:   1 Current Energy =  -2.1662887142132288 Gradient Norm    1.4e-03 Gradient Max    7.0e-04
 Iter:   2 Current Energy =  -2.1662890609319398 Gradient Norm    6.2e-04 Gradient Max    3.5e-04
 Iter:   3 Current Energy =  -2.1662891426444308 Gradient Norm    2.5e-04 Gradient Max    1.2e-04
 Iter:   4 Current Energy =  -2.1662891577391257 Gradient Norm    7.2e-05 Gradient Max    3.5e-05
 Iter:   5 Current Energy =  -2.1662891588811770 Gradient Norm    2.3e-05 Gradient Max    1.1e-05
 Iter:   6 Current Energy =  -2.1662891589904372 Gradient Norm    7.4e-06 Gradient Max    3.6e-06
 Iter:   7 Current Energy =  -2.1662891590026607 Gradient Norm    2.6e-06 Gradient Max    1.5e-06
 Iter:   8 Current Energy =  -2.1662891590042297 Gradient Norm    4.6e-07 Gradient Max    2.5e-07
 Iter:   9 Current Energy =  -2.1662891590042412 Gradient Norm    4.3e-07 Gradient Max    2.3e-07
 Iter:  10 Current Energy =  -2.1662891590042630 Gradient Norm    3.1e-07 Gradient Max    1.5e-07
 Iter:  11 Current Energy =  -2.1662891590042834 Gradient Norm    1.3e-07 Gradient Max    8.1e-08
 Iter:  12 Current Energy =  -2.1662891590042839 Gradient Norm    1.1e-07 Gradient Max    6.5e-08
 Iter:  13 Current Energy =  -2.1662891590042874 Gradient Norm    8.2e-08 Gradient Max    5.0e-08
 Iter:  14 Current Energy =  -2.1662891590042883 Gradient Norm    3.4e-08 Gradient Max    2.2e-08
 Iter:  15 Current Energy =  -2.1662891590042888 Gradient Norm    2.6e-08 Gradient Max    1.7e-08
 Finished:      -2.166289159004
 -----------New ansatz----------- 
    #        Coeff               Term
    0   0.00681184 (-0-0.5j) [X0 Y4] +
0.5j [Y0 X4]
    1  -0.00556313 (-0-0.5j) [X3 Y7] +
0.5j [Y3 X7]
    2   0.00473674 (-0-0.5j) [X2 Y6] +
0.5j [Y2 X6]
    3   0.03190942 0.125j [X1 X3 X5 Y7] +
0.125j [X1 X3 Y5 X7] +
-0.125j [X1 Y3 X5 X7] +
0.125j [X1 Y3 Y5 Y7] +
(-0-0.125j) [Y1 X3 X5 X7] +
0.125j [Y1 X3 Y5 Y7] +
-0.125j [Y1 Y3 X5 Y7] +
-0.125j [Y1 Y3 Y5 X7]
    4   0.03216359 0.125j [X0 X2 X4 Y6] +
0.125j [X0 X2 Y4 X6] +
-0.125j [X0 Y2 X4 X6] +
0.125j [X0 Y2 Y4 Y6] +
(-0-0.125j) [Y0 X2 X4 X6] +
0.125j [Y0 X2 Y4 Y6] +
-0.125j [Y0 Y2 X4 Y6] +
-0.125j [Y0 Y2 Y4 X6]
    5   0.05082358 0.125j [X1 X2 X4 Y7] +
0.125j [X1 X2 Y4 X7] +
-0.125j [X1 Y2 X4 X7] +
0.125j [X1 Y2 Y4 Y7] +
(-0-0.125j) [Y1 X2 X4 X7] +
0.125j [Y1 X2 Y4 Y7] +
-0.125j [Y1 Y2 X4 Y7] +
-0.125j [Y1 Y2 Y4 X7]
    6   0.05060589 0.125j [X0 X3 X5 Y6] +
0.125j [X0 X3 Y5 X6] +
-0.125j [X0 Y3 X5 X6] +
0.125j [X0 Y3 Y5 Y6] +
(-0-0.125j) [Y0 X3 X5 X6] +
0.125j [Y0 X3 Y5 Y6] +
-0.125j [Y0 Y3 X5 Y6] +
-0.125j [Y0 Y3 Y5 X6]
    7   0.04358725 0.125j [X2 X3 X6 Y7] +
0.125j [X2 X3 Y6 X7] +
-0.125j [X2 Y3 X6 X7] +
0.125j [X2 Y3 Y6 Y7] +
(-0-0.125j) [Y2 X3 X6 X7] +
0.125j [Y2 X3 Y6 Y7] +
-0.125j [Y2 Y3 X6 Y7] +
-0.125j [Y2 Y3 Y6 X7]
    8   0.06749922 0.125j [X0 X1 X4 Y5] +
0.125j [X0 X1 Y4 X5] +
-0.125j [X0 Y1 X4 X5] +
0.125j [X0 Y1 Y4 Y5] +
(-0-0.125j) [Y0 X1 X4 X5] +
0.125j [Y0 X1 Y4 Y5] +
-0.125j [Y0 Y1 X4 Y5] +
-0.125j [Y0 Y1 Y4 X5]
    9   0.05354174 0.125j [X0 X1 X6 Y7] +
0.125j [X0 X1 Y6 X7] +
-0.125j [X0 Y1 X6 X7] +
0.125j [X0 Y1 Y6 Y7] +
(-0-0.125j) [Y0 X1 X6 X7] +
0.125j [Y0 X1 Y6 Y7] +
-0.125j [Y0 Y1 X6 Y7] +
-0.125j [Y0 Y1 Y6 X7]
   10  -0.08058342 0.125j [X1 X2 X5 Y6] +
0.125j [X1 X2 Y5 X6] +
-0.125j [X1 Y2 X5 X6] +
0.125j [X1 Y2 Y5 Y6] +
(-0-0.125j) [Y1 X2 X5 X6] +
0.125j [Y1 X2 Y5 Y6] +
-0.125j [Y1 Y2 X5 Y6] +
-0.125j [Y1 Y2 Y5 X6]
   11  -0.08002664 0.125j [X0 X3 X4 Y7] +
0.125j [X0 X3 Y4 X7] +
-0.125j [X0 Y3 X4 X7] +
0.125j [X0 Y3 Y4 Y7] +
(-0-0.125j) [Y0 X3 X4 X7] +
0.125j [Y0 X3 Y4 Y7] +
-0.125j [Y0 Y3 X4 Y7] +
-0.125j [Y0 Y3 Y4 X7]
   12   0.18946362 0.125j [X2 X3 X4 Y5] +
0.125j [X2 X3 Y4 X5] +
-0.125j [X2 Y3 X4 X5] +
0.125j [X2 Y3 Y4 Y5] +
(-0-0.125j) [Y2 X3 X4 X5] +
0.125j [Y2 X3 Y4 Y5] +
-0.125j [Y2 Y3 X4 Y5] +
-0.125j [Y2 Y3 Y4 X5]




 --------------------------------------------------------------------------
                         ADAPT-VQE iteration:  13
 --------------------------------------------------------------------------
 Check each new operator for coupling
 Measure Operator Pool Gradients:
 Variance:      0.00019379
 Uncertainty:   0.01392079
 Norm of <[H,A]> =   0.00935298
 Max  of <[H,A]> =   0.00000000
 Add operator    3
 Iter:   0 Current Energy =  -2.1663108577786523 Gradient Norm    3.5e-03 Gradient Max    1.8e-03
 Iter:   1 Current Energy =  -2.1663129681209470 Gradient Norm    1.4e-03 Gradient Max    7.0e-04
 Iter:   2 Current Energy =  -2.1663133012369031 Gradient Norm    6.2e-04 Gradient Max    3.6e-04
 Iter:   3 Current Energy =  -2.1663133831133274 Gradient Norm    2.5e-04 Gradient Max    1.2e-04
 Iter:   4 Current Energy =  -2.1663133975029152 Gradient Norm    7.4e-05 Gradient Max    3.1e-05
 Iter:   5 Current Energy =  -2.1663133987567580 Gradient Norm    2.3e-05 Gradient Max    1.2e-05
 Iter:   6 Current Energy =  -2.1663133988612366 Gradient Norm    6.8e-06 Gradient Max    3.3e-06
 Iter:   7 Current Energy =  -2.1663133988716621 Gradient Norm    2.5e-06 Gradient Max    1.3e-06
 Iter:   8 Current Energy =  -2.1663133988730099 Gradient Norm    4.4e-07 Gradient Max    2.3e-07
 Iter:   9 Current Energy =  -2.1663133988730614 Gradient Norm    6.7e-08 Gradient Max    3.8e-08
 Iter:  10 Current Energy =  -2.1663133988730618 Gradient Norm    1.5e-08 Gradient Max    1.3e-08
 Iter:  11 Current Energy =  -2.1663133988730623 Gradient Norm    1.2e-08 Gradient Max    1.0e-08
 Iter:  12 Current Energy =  -2.1663133988730623 Gradient Norm    8.0e-09 Gradient Max    5.0e-09
 Finished:      -2.166313398873
 -----------New ansatz----------- 
    #        Coeff               Term
    0  -0.00667642 (-0-0.5j) [X1 Y5] +
0.5j [Y1 X5]
    1   0.00667642 (-0-0.5j) [X0 Y4] +
0.5j [Y0 X4]
    2  -0.00475345 (-0-0.5j) [X3 Y7] +
0.5j [Y3 X7]
    3   0.00475345 (-0-0.5j) [X2 Y6] +
0.5j [Y2 X6]
    4   0.03222963 0.125j [X1 X3 X5 Y7] +
0.125j [X1 X3 Y5 X7] +
-0.125j [X1 Y3 X5 X7] +
0.125j [X1 Y3 Y5 Y7] +
(-0-0.125j) [Y1 X3 X5 X7] +
0.125j [Y1 X3 Y5 Y7] +
-0.125j [Y1 Y3 X5 Y7] +
-0.125j [Y1 Y3 Y5 X7]
    5   0.03222962 0.125j [X0 X2 X4 Y6] +
0.125j [X0 X2 Y4 X6] +
-0.125j [X0 Y2 X4 X6] +
0.125j [X0 Y2 Y4 Y6] +
(-0-0.125j) [Y0 X2 X4 X6] +
0.125j [Y0 X2 Y4 Y6] +
-0.125j [Y0 Y2 X4 Y6] +
-0.125j [Y0 Y2 Y4 X6]
    6   0.05048430 0.125j [X1 X2 X4 Y7] +
0.125j [X1 X2 Y4 X7] +
-0.125j [X1 Y2 X4 X7] +
0.125j [X1 Y2 Y4 Y7] +
(-0-0.125j) [Y1 X2 X4 X7] +
0.125j [Y1 X2 Y4 Y7] +
-0.125j [Y1 Y2 X4 Y7] +
-0.125j [Y1 Y2 Y4 X7]
    7   0.05048430 0.125j [X0 X3 X5 Y6] +
0.125j [X0 X3 Y5 X6] +
-0.125j [X0 Y3 X5 X6] +
0.125j [X0 Y3 Y5 Y6] +
(-0-0.125j) [Y0 X3 X5 X6] +
0.125j [Y0 X3 Y5 Y6] +
-0.125j [Y0 Y3 X5 Y6] +
-0.125j [Y0 Y3 Y5 X6]
    8   0.04342606 0.125j [X2 X3 X6 Y7] +
0.125j [X2 X3 Y6 X7] +
-0.125j [X2 Y3 X6 X7] +
0.125j [X2 Y3 Y6 Y7] +
(-0-0.125j) [Y2 X3 X6 X7] +
0.125j [Y2 X3 Y6 Y7] +
-0.125j [Y2 Y3 X6 Y7] +
-0.125j [Y2 Y3 Y6 X7]
    9   0.06696574 0.125j [X0 X1 X4 Y5] +
0.125j [X0 X1 Y4 X5] +
-0.125j [X0 Y1 X4 X5] +
0.125j [X0 Y1 Y4 Y5] +
(-0-0.125j) [Y0 X1 X4 X5] +
0.125j [Y0 X1 Y4 Y5] +
-0.125j [Y0 Y1 X4 Y5] +
-0.125j [Y0 Y1 Y4 X5]
   10   0.05366006 0.125j [X0 X1 X6 Y7] +
0.125j [X0 X1 Y6 X7] +
-0.125j [X0 Y1 X6 X7] +
0.125j [X0 Y1 Y6 Y7] +
(-0-0.125j) [Y0 X1 X6 X7] +
0.125j [Y0 X1 Y6 Y7] +
-0.125j [Y0 Y1 X6 Y7] +
-0.125j [Y0 Y1 Y6 X7]
   11  -0.08026827 0.125j [X1 X2 X5 Y6] +
0.125j [X1 X2 Y5 X6] +
-0.125j [X1 Y2 X5 X6] +
0.125j [X1 Y2 Y5 Y6] +
(-0-0.125j) [Y1 X2 X5 X6] +
0.125j [Y1 X2 Y5 Y6] +
-0.125j [Y1 Y2 X5 Y6] +
-0.125j [Y1 Y2 Y5 X6]
   12  -0.08026826 0.125j [X0 X3 X4 Y7] +
0.125j [X0 X3 Y4 X7] +
-0.125j [X0 Y3 X4 X7] +
0.125j [X0 Y3 Y4 Y7] +
(-0-0.125j) [Y0 X3 X4 X7] +
0.125j [Y0 X3 Y4 Y7] +
-0.125j [Y0 Y3 X4 Y7] +
-0.125j [Y0 Y3 Y4 X7]
   13   0.19018596 0.125j [X2 X3 X4 Y5] +
0.125j [X2 X3 Y4 X5] +
-0.125j [X2 Y3 X4 X5] +
0.125j [X2 Y3 Y4 Y5] +
(-0-0.125j) [Y2 X3 X4 X5] +
0.125j [Y2 X3 Y4 Y5] +
-0.125j [Y2 Y3 X4 Y5] +
-0.125j [Y2 Y3 Y4 X5]




 --------------------------------------------------------------------------
                         ADAPT-VQE iteration:  14
 --------------------------------------------------------------------------
 Check each new operator for coupling
 Measure Operator Pool Gradients:
 Variance:      0.00016879
 Uncertainty:   0.01299202
 Norm of <[H,A]> =   0.00499949
 Max  of <[H,A]> =   0.00000000
 Add operator   70
 Iter:   0 Current Energy =  -2.1663211432086995 Gradient Norm    2.4e-03 Gradient Max    2.4e-03
 Iter:   1 Current Energy =  -2.1663332781650930 Gradient Norm    1.6e-03 Gradient Max    1.4e-03
 Iter:   2 Current Energy =  -2.1663373233467018 Gradient Norm    3.6e-03 Gradient Max    2.4e-03
 Iter:   3 Current Energy =  -2.1663378901003263 Gradient Norm    3.1e-03 Gradient Max    1.7e-03
 Iter:   4 Current Energy =  -2.1663387801937475 Gradient Norm    2.0e-03 Gradient Max    1.1e-03
 Iter:   5 Current Energy =  -2.1663390767474193 Gradient Norm    1.8e-03 Gradient Max    1.4e-03
 Iter:   6 Current Energy =  -2.1663394001952936 Gradient Norm    7.0e-04 Gradient Max    4.7e-04
 Iter:   7 Current Energy =  -2.1663394822721820 Gradient Norm    2.3e-04 Gradient Max    1.9e-04
 Iter:   8 Current Energy =  -2.1663394900102420 Gradient Norm    7.8e-05 Gradient Max    5.7e-05
 Iter:   9 Current Energy =  -2.1663394908310165 Gradient Norm    2.6e-05 Gradient Max    1.3e-05
 Iter:  10 Current Energy =  -2.1663394908855587 Gradient Norm    2.0e-05 Gradient Max    1.2e-05
 Iter:  11 Current Energy =  -2.1663394909519083 Gradient Norm    6.6e-06 Gradient Max    3.1e-06
 Iter:  12 Current Energy =  -2.1663394909555822 Gradient Norm    4.9e-06 Gradient Max    2.4e-06
 Iter:  13 Current Energy =  -2.1663394909597726 Gradient Norm    1.6e-06 Gradient Max    7.7e-07
 Iter:  14 Current Energy =  -2.1663394909603149 Gradient Norm    3.7e-07 Gradient Max    1.6e-07
 Iter:  15 Current Energy =  -2.1663394909603353 Gradient Norm    5.6e-08 Gradient Max    3.9e-08
 Iter:  16 Current Energy =  -2.1663394909603393 Gradient Norm    3.9e-08 Gradient Max    1.9e-08
 Finished:      -2.166339490960
 -----------New ansatz----------- 
    #        Coeff               Term
    0  -0.01796257 0.125j [X1 X4 X6 Y7] +
0.125j [X1 X4 Y6 X7] +
-0.125j [X1 Y4 X6 X7] +
0.125j [X1 Y4 Y6 Y7] +
(-0-0.125j) [Y1 X4 X6 X7] +
0.125j [Y1 X4 Y6 Y7] +
-0.125j [Y1 Y4 X6 Y7] +
-0.125j [Y1 Y4 Y6 X7]
    1  -0.00655356 (-0-0.5j) [X1 Y5] +
0.5j [Y1 X5]
    2   0.00552517 (-0-0.5j) [X0 Y4] +
0.5j [Y0 X4]
    3  -0.00442504 (-0-0.5j) [X3 Y7] +
0.5j [Y3 X7]
    4   0.00449916 (-0-0.5j) [X2 Y6] +
0.5j [Y2 X6]
    5   0.03217201 0.125j [X1 X3 X5 Y7] +
0.125j [X1 X3 Y5 X7] +
-0.125j [X1 Y3 X5 X7] +
0.125j [X1 Y3 Y5 Y7] +
(-0-0.125j) [Y1 X3 X5 X7] +
0.125j [Y1 X3 Y5 Y7] +
-0.125j [Y1 Y3 X5 Y7] +
-0.125j [Y1 Y3 Y5 X7]
    6   0.03217324 0.125j [X0 X2 X4 Y6] +
0.125j [X0 X2 Y4 X6] +
-0.125j [X0 Y2 X4 X6] +
0.125j [X0 Y2 Y4 Y6] +
(-0-0.125j) [Y0 X2 X4 X6] +
0.125j [Y0 X2 Y4 Y6] +
-0.125j [Y0 Y2 X4 Y6] +
-0.125j [Y0 Y2 Y4 X6]
    7   0.05072664 0.125j [X1 X2 X4 Y7] +
0.125j [X1 X2 Y4 X7] +
-0.125j [X1 Y2 X4 X7] +
0.125j [X1 Y2 Y4 Y7] +
(-0-0.125j) [Y1 X2 X4 X7] +
0.125j [Y1 X2 Y4 Y7] +
-0.125j [Y1 Y2 X4 Y7] +
-0.125j [Y1 Y2 Y4 X7]
    8   0.05060047 0.125j [X0 X3 X5 Y6] +
0.125j [X0 X3 Y5 X6] +
-0.125j [X0 Y3 X5 X6] +
0.125j [X0 Y3 Y5 Y6] +
(-0-0.125j) [Y0 X3 X5 X6] +
0.125j [Y0 X3 Y5 Y6] +
-0.125j [Y0 Y3 X5 Y6] +
-0.125j [Y0 Y3 Y5 X6]
    9   0.04365979 0.125j [X2 X3 X6 Y7] +
0.125j [X2 X3 Y6 X7] +
-0.125j [X2 Y3 X6 X7] +
0.125j [X2 Y3 Y6 Y7] +
(-0-0.125j) [Y2 X3 X6 X7] +
0.125j [Y2 X3 Y6 Y7] +
-0.125j [Y2 Y3 X6 Y7] +
-0.125j [Y2 Y3 Y6 X7]
   10   0.06710357 0.125j [X0 X1 X4 Y5] +
0.125j [X0 X1 Y4 X5] +
-0.125j [X0 Y1 X4 X5] +
0.125j [X0 Y1 Y4 Y5] +
(-0-0.125j) [Y0 X1 X4 X5] +
0.125j [Y0 X1 Y4 Y5] +
-0.125j [Y0 Y1 X4 Y5] +
-0.125j [Y0 Y1 Y4 X5]
   11   0.05360258 0.125j [X0 X1 X6 Y7] +
0.125j [X0 X1 Y6 X7] +
-0.125j [X0 Y1 X6 X7] +
0.125j [X0 Y1 Y6 Y7] +
(-0-0.125j) [Y0 X1 X6 X7] +
0.125j [Y0 X1 Y6 Y7] +
-0.125j [Y0 Y1 X6 Y7] +
-0.125j [Y0 Y1 Y6 X7]
   12  -0.08053314 0.125j [X1 X2 X5 Y6] +
0.125j [X1 X2 Y5 X6] +
-0.125j [X1 Y2 X5 X6] +
0.125j [X1 Y2 Y5 Y6] +
(-0-0.125j) [Y1 X2 X5 X6] +
0.125j [Y1 X2 Y5 Y6] +
-0.125j [Y1 Y2 X5 Y6] +
-0.125j [Y1 Y2 Y5 X6]
   13  -0.08023169 0.125j [X0 X3 X4 Y7] +
0.125j [X0 X3 Y4 X7] +
-0.125j [X0 Y3 X4 X7] +
0.125j [X0 Y3 Y4 Y7] +
(-0-0.125j) [Y0 X3 X4 X7] +
0.125j [Y0 X3 Y4 Y7] +
-0.125j [Y0 Y3 X4 Y7] +
-0.125j [Y0 Y3 Y4 X7]
   14   0.18995285 0.125j [X2 X3 X4 Y5] +
0.125j [X2 X3 Y4 X5] +
-0.125j [X2 Y3 X4 X5] +
0.125j [X2 Y3 Y4 Y5] +
(-0-0.125j) [Y2 X3 X4 X5] +
0.125j [Y2 X3 Y4 Y5] +
-0.125j [Y2 Y3 X4 Y5] +
-0.125j [Y2 Y3 Y4 X5]




 --------------------------------------------------------------------------
                         ADAPT-VQE iteration:  15
 --------------------------------------------------------------------------
 Check each new operator for coupling
 Measure Operator Pool Gradients:
 Variance:      0.00010682
 Uncertainty:   0.01033533
 Norm of <[H,A]> =   0.00388265
 Max  of <[H,A]> =   0.00000000
 Add operator   49
 Iter:   0 Current Energy =  -2.1663463147100419 Gradient Norm    2.3e-03 Gradient Max    2.3e-03
 Iter:   1 Current Energy =  -2.1663570233012894 Gradient Norm    1.5e-03 Gradient Max    1.3e-03
 Iter:   2 Current Energy =  -2.1663605868749709 Gradient Norm    3.5e-03 Gradient Max    2.3e-03
 Iter:   3 Current Energy =  -2.1663609703969948 Gradient Norm    3.2e-03 Gradient Max    2.1e-03
 Iter:   4 Current Energy =  -2.1663616257767044 Gradient Norm    2.4e-03 Gradient Max    1.3e-03
 Iter:   5 Current Energy =  -2.1663623594629593 Gradient Norm    1.5e-03 Gradient Max    1.3e-03
 Iter:   6 Current Energy =  -2.1663625600161964 Gradient Norm    5.4e-04 Gradient Max    3.5e-04
 Iter:   7 Current Energy =  -2.1663626013314046 Gradient Norm    1.3e-04 Gradient Max    6.9e-05
 Iter:   8 Current Energy =  -2.1663626042732567 Gradient Norm    1.7e-04 Gradient Max    6.8e-05
 Iter:   9 Current Energy =  -2.1663626087256866 Gradient Norm    1.0e-04 Gradient Max    4.9e-05
 Iter:  10 Current Energy =  -2.1663626138384036 Gradient Norm    5.6e-05 Gradient Max    3.5e-05
 Iter:  11 Current Energy =  -2.1663626166076613 Gradient Norm    6.9e-05 Gradient Max    3.2e-05
 Iter:  12 Current Energy =  -2.1663626175378052 Gradient Norm    4.2e-05 Gradient Max    2.8e-05
 Iter:  13 Current Energy =  -2.1663626177834860 Gradient Norm    2.0e-05 Gradient Max    1.1e-05
 Iter:  14 Current Energy =  -2.1663626178043489 Gradient Norm    1.6e-05 Gradient Max    1.1e-05
 Iter:  15 Current Energy =  -2.1663626178381654 Gradient Norm    1.0e-05 Gradient Max    6.8e-06
 Iter:  16 Current Energy =  -2.1663626178581028 Gradient Norm    6.3e-07 Gradient Max    3.6e-07
 Iter:  17 Current Energy =  -2.1663626178581965 Gradient Norm    2.0e-07 Gradient Max    1.2e-07
 Iter:  18 Current Energy =  -2.1663626178582032 Gradient Norm    5.8e-08 Gradient Max    3.1e-08
 Finished:      -2.166362617858
 -----------New ansatz----------- 
    #        Coeff               Term
    0   0.01696060 0.125j [X0 X5 X6 Y7] +
0.125j [X0 X5 Y6 X7] +
-0.125j [X0 Y5 X6 X7] +
0.125j [X0 Y5 Y6 Y7] +
(-0-0.125j) [Y0 X5 X6 X7] +
0.125j [Y0 X5 Y6 Y7] +
-0.125j [Y0 Y5 X6 Y7] +
-0.125j [Y0 Y5 Y6 X7]
    1  -0.01695793 0.125j [X1 X4 X6 Y7] +
0.125j [X1 X4 Y6 X7] +
-0.125j [X1 Y4 X6 X7] +
0.125j [X1 Y4 Y6 Y7] +
(-0-0.125j) [Y1 X4 X6 X7] +
0.125j [Y1 X4 Y6 Y7] +
-0.125j [Y1 Y4 X6 Y7] +
-0.125j [Y1 Y4 Y6 X7]
    2  -0.00547893 (-0-0.5j) [X1 Y5] +
0.5j [Y1 X5]
    3   0.00547776 (-0-0.5j) [X0 Y4] +
0.5j [Y0 X4]
    4  -0.00420546 (-0-0.5j) [X3 Y7] +
0.5j [Y3 X7]
    5   0.00420533 (-0-0.5j) [X2 Y6] +
0.5j [Y2 X6]
    6   0.03212400 0.125j [X1 X3 X5 Y7] +
0.125j [X1 X3 Y5 X7] +
-0.125j [X1 Y3 X5 X7] +
0.125j [X1 Y3 Y5 Y7] +
(-0-0.125j) [Y1 X3 X5 X7] +
0.125j [Y1 X3 Y5 Y7] +
-0.125j [Y1 Y3 X5 Y7] +
-0.125j [Y1 Y3 Y5 X7]
    7   0.03212402 0.125j [X0 X2 X4 Y6] +
0.125j [X0 X2 Y4 X6] +
-0.125j [X0 Y2 X4 X6] +
0.125j [X0 Y2 Y4 Y6] +
(-0-0.125j) [Y0 X2 X4 X6] +
0.125j [Y0 X2 Y4 Y6] +
-0.125j [Y0 Y2 X4 Y6] +
-0.125j [Y0 Y2 Y4 X6]
    8   0.05082133 0.125j [X1 X2 X4 Y7] +
0.125j [X1 X2 Y4 X7] +
-0.125j [X1 Y2 X4 X7] +
0.125j [X1 Y2 Y4 Y7] +
(-0-0.125j) [Y1 X2 X4 X7] +
0.125j [Y1 X2 Y4 Y7] +
-0.125j [Y1 Y2 X4 Y7] +
-0.125j [Y1 Y2 Y4 X7]
    9   0.05082130 0.125j [X0 X3 X5 Y6] +
0.125j [X0 X3 Y5 X6] +
-0.125j [X0 Y3 X5 X6] +
0.125j [X0 Y3 Y5 Y6] +
(-0-0.125j) [Y0 X3 X5 X6] +
0.125j [Y0 X3 Y5 Y6] +
-0.125j [Y0 Y3 X5 Y6] +
-0.125j [Y0 Y3 Y5 X6]
   10   0.04385797 0.125j [X2 X3 X6 Y7] +
0.125j [X2 X3 Y6 X7] +
-0.125j [X2 Y3 X6 X7] +
0.125j [X2 Y3 Y6 Y7] +
(-0-0.125j) [Y2 X3 X6 X7] +
0.125j [Y2 X3 Y6 Y7] +
-0.125j [Y2 Y3 X6 Y7] +
-0.125j [Y2 Y3 Y6 X7]
   11   0.06722354 0.125j [X0 X1 X4 Y5] +
0.125j [X0 X1 Y4 X5] +
-0.125j [X0 Y1 X4 X5] +
0.125j [X0 Y1 Y4 Y5] +
(-0-0.125j) [Y0 X1 X4 X5] +
0.125j [Y0 X1 Y4 Y5] +
-0.125j [Y0 Y1 X4 Y5] +
-0.125j [Y0 Y1 Y4 X5]
   12   0.05354626 0.125j [X0 X1 X6 Y7] +
0.125j [X0 X1 Y6 X7] +
-0.125j [X0 Y1 X6 X7] +
0.125j [X0 Y1 Y6 Y7] +
(-0-0.125j) [Y0 X1 X6 X7] +
0.125j [Y0 X1 Y6 Y7] +
-0.125j [Y0 Y1 X6 Y7] +
-0.125j [Y0 Y1 Y6 X7]
   13  -0.08048478 0.125j [X1 X2 X5 Y6] +
0.125j [X1 X2 Y5 X6] +
-0.125j [X1 Y2 X5 X6] +
0.125j [X1 Y2 Y5 Y6] +
(-0-0.125j) [Y1 X2 X5 X6] +
0.125j [Y1 X2 Y5 Y6] +
-0.125j [Y1 Y2 X5 Y6] +
-0.125j [Y1 Y2 Y5 X6]
   14  -0.08048477 0.125j [X0 X3 X4 Y7] +
0.125j [X0 X3 Y4 X7] +
-0.125j [X0 Y3 X4 X7] +
0.125j [X0 Y3 Y4 Y7] +
(-0-0.125j) [Y0 X3 X4 X7] +
0.125j [Y0 X3 Y4 Y7] +
-0.125j [Y0 Y3 X4 Y7] +
-0.125j [Y0 Y3 Y4 X7]
   15   0.18975084 0.125j [X2 X3 X4 Y5] +
0.125j [X2 X3 Y4 X5] +
-0.125j [X2 Y3 X4 X5] +
0.125j [X2 Y3 Y4 Y5] +
(-0-0.125j) [Y2 X3 X4 X5] +
0.125j [Y2 X3 Y4 Y5] +
-0.125j [Y2 Y3 X4 Y5] +
-0.125j [Y2 Y3 Y4 X5]




 --------------------------------------------------------------------------
                         ADAPT-VQE iteration:  16
 --------------------------------------------------------------------------
 Check each new operator for coupling
 Measure Operator Pool Gradients:
 Variance:      0.00005594
 Uncertainty:   0.00747938
 Norm of <[H,A]> =   0.00284480
 Max  of <[H,A]> =   0.00000000
 Add operator   20
 Iter:   0 Current Energy =  -2.1663655496551084 Gradient Norm    1.5e-03 Gradient Max    1.5e-03
 Iter:   1 Current Energy =  -2.1663703859854850 Gradient Norm    1.1e-03 Gradient Max    1.0e-03
 Iter:   2 Current Energy =  -2.1663730153557457 Gradient Norm    2.8e-03 Gradient Max    1.5e-03
 Iter:   3 Current Energy =  -2.1663738806311086 Gradient Norm    9.4e-04 Gradient Max    4.3e-04
 Iter:   4 Current Energy =  -2.1663740972280001 Gradient Norm    4.0e-04 Gradient Max    2.4e-04
 Iter:   5 Current Energy =  -2.1663741228147799 Gradient Norm    5.0e-04 Gradient Max    3.4e-04
 Iter:   6 Current Energy =  -2.1663741597841688 Gradient Norm    2.5e-04 Gradient Max    1.2e-04
 Iter:   7 Current Energy =  -2.1663741750247660 Gradient Norm    2.8e-04 Gradient Max    1.5e-04
 Iter:   8 Current Energy =  -2.1663741949108388 Gradient Norm    1.2e-04 Gradient Max    7.0e-05
 Iter:   9 Current Energy =  -2.1663742031140298 Gradient Norm    1.4e-04 Gradient Max    8.8e-05
 Iter:  10 Current Energy =  -2.1663742085298203 Gradient Norm    1.3e-04 Gradient Max    8.4e-05
 Iter:  11 Current Energy =  -2.1663742114938933 Gradient Norm    7.0e-05 Gradient Max    3.3e-05
 Iter:  12 Current Energy =  -2.1663742120255378 Gradient Norm    4.6e-05 Gradient Max    2.6e-05
 Iter:  13 Current Energy =  -2.1663742123714167 Gradient Norm    2.1e-05 Gradient Max    1.2e-05
 Iter:  14 Current Energy =  -2.1663742124194472 Gradient Norm    1.5e-05 Gradient Max    1.0e-05
 Iter:  15 Current Energy =  -2.1663742124686207 Gradient Norm    4.1e-06 Gradient Max    2.3e-06
 Iter:  16 Current Energy =  -2.1663742124743854 Gradient Norm    3.6e-06 Gradient Max    1.8e-06
 Iter:  17 Current Energy =  -2.1663742124796106 Gradient Norm    2.6e-06 Gradient Max    1.4e-06
 Iter:  18 Current Energy =  -2.1663742124853758 Gradient Norm    1.5e-06 Gradient Max    8.9e-07
 Iter:  19 Current Energy =  -2.1663742124863821 Gradient Norm    9.8e-07 Gradient Max    4.8e-07
 Iter:  20 Current Energy =  -2.1663742124865264 Gradient Norm    2.8e-07 Gradient Max    1.4e-07
 Iter:  21 Current Energy =  -2.1663742124865459 Gradient Norm    7.9e-08 Gradient Max    3.7e-08
 Iter:  22 Current Energy =  -2.1663742124865482 Gradient Norm    6.8e-09 Gradient Max    4.9e-09
 Iter:  23 Current Energy =  -2.1663742124865504 Gradient Norm    2.2e-09 Gradient Max    1.4e-09
 Iter:  24 Current Energy =  -2.1663742124865513 Gradient Norm    1.9e-09 Gradient Max    1.2e-09
 Finished:      -2.166374212487
 -----------New ansatz----------- 
    #        Coeff               Term
    0   0.01305203 0.125j [X0 X1 X3 Y6] +
0.125j [X0 X1 Y3 X6] +
-0.125j [X0 Y1 X3 X6] +
0.125j [X0 Y1 Y3 Y6] +
(-0-0.125j) [Y0 X1 X3 X6] +
0.125j [Y0 X1 Y3 Y6] +
-0.125j [Y0 Y1 X3 Y6] +
-0.125j [Y0 Y1 Y3 X6]
    1   0.01703798 0.125j [X0 X5 X6 Y7] +
0.125j [X0 X5 Y6 X7] +
-0.125j [X0 Y5 X6 X7] +
0.125j [X0 Y5 Y6 Y7] +
(-0-0.125j) [Y0 X5 X6 X7] +
0.125j [Y0 X5 Y6 Y7] +
-0.125j [Y0 Y5 X6 Y7] +
-0.125j [Y0 Y5 Y6 X7]
    2  -0.01827330 0.125j [X1 X4 X6 Y7] +
0.125j [X1 X4 Y6 X7] +
-0.125j [X1 Y4 X6 X7] +
0.125j [X1 Y4 Y6 Y7] +
(-0-0.125j) [Y1 X4 X6 X7] +
0.125j [Y1 X4 Y6 Y7] +
-0.125j [Y1 Y4 X6 Y7] +
-0.125j [Y1 Y4 Y6 X7]
    3  -0.00522786 (-0-0.5j) [X1 Y5] +
0.5j [Y1 X5]
    4   0.00508752 (-0-0.5j) [X0 Y4] +
0.5j [Y0 X4]
    5  -0.00342159 (-0-0.5j) [X3 Y7] +
0.5j [Y3 X7]
    6   0.00422149 (-0-0.5j) [X2 Y6] +
0.5j [Y2 X6]
    7   0.03208479 0.125j [X1 X3 X5 Y7] +
0.125j [X1 X3 Y5 X7] +
-0.125j [X1 Y3 X5 X7] +
0.125j [X1 Y3 Y5 Y7] +
(-0-0.125j) [Y1 X3 X5 X7] +
0.125j [Y1 X3 Y5 Y7] +
-0.125j [Y1 Y3 X5 Y7] +
-0.125j [Y1 Y3 Y5 X7]
    8   0.03203455 0.125j [X0 X2 X4 Y6] +
0.125j [X0 X2 Y4 X6] +
-0.125j [X0 Y2 X4 X6] +
0.125j [X0 Y2 Y4 Y6] +
(-0-0.125j) [Y0 X2 X4 X6] +
0.125j [Y0 X2 Y4 Y6] +
-0.125j [Y0 Y2 X4 Y6] +
-0.125j [Y0 Y2 Y4 X6]
    9   0.05092332 0.125j [X1 X2 X4 Y7] +
0.125j [X1 X2 Y4 X7] +
-0.125j [X1 Y2 X4 X7] +
0.125j [X1 Y2 Y4 Y7] +
(-0-0.125j) [Y1 X2 X4 X7] +
0.125j [Y1 X2 Y4 Y7] +
-0.125j [Y1 Y2 X4 Y7] +
-0.125j [Y1 Y2 Y4 X7]
   10   0.05100567 0.125j [X0 X3 X5 Y6] +
0.125j [X0 X3 Y5 X6] +
-0.125j [X0 Y3 X5 X6] +
0.125j [X0 Y3 Y5 Y6] +
(-0-0.125j) [Y0 X3 X5 X6] +
0.125j [Y0 X3 Y5 Y6] +
-0.125j [Y0 Y3 X5 Y6] +
-0.125j [Y0 Y3 Y5 X6]
   11   0.04393844 0.125j [X2 X3 X6 Y7] +
0.125j [X2 X3 Y6 X7] +
-0.125j [X2 Y3 X6 X7] +
0.125j [X2 Y3 Y6 Y7] +
(-0-0.125j) [Y2 X3 X6 X7] +
0.125j [Y2 X3 Y6 Y7] +
-0.125j [Y2 Y3 X6 Y7] +
-0.125j [Y2 Y3 Y6 X7]
   12   0.06740982 0.125j [X0 X1 X4 Y5] +
0.125j [X0 X1 Y4 X5] +
-0.125j [X0 Y1 X4 X5] +
0.125j [X0 Y1 Y4 Y5] +
(-0-0.125j) [Y0 X1 X4 X5] +
0.125j [Y0 X1 Y4 Y5] +
-0.125j [Y0 Y1 X4 Y5] +
-0.125j [Y0 Y1 Y4 X5]
   13   0.05348478 0.125j [X0 X1 X6 Y7] +
0.125j [X0 X1 Y6 X7] +
-0.125j [X0 Y1 X6 X7] +
0.125j [X0 Y1 Y6 Y7] +
(-0-0.125j) [Y0 X1 X6 X7] +
0.125j [Y0 X1 Y6 Y7] +
-0.125j [Y0 Y1 X6 Y7] +
-0.125j [Y0 Y1 Y6 X7]
   14  -0.08065041 0.125j [X1 X2 X5 Y6] +
0.125j [X1 X2 Y5 X6] +
-0.125j [X1 Y2 X5 X6] +
0.125j [X1 Y2 Y5 Y6] +
(-0-0.125j) [Y1 X2 X5 X6] +
0.125j [Y1 X2 Y5 Y6] +
-0.125j [Y1 Y2 X5 Y6] +
-0.125j [Y1 Y2 Y5 X6]
   15  -0.08046769 0.125j [X0 X3 X4 Y7] +
0.125j [X0 X3 Y4 X7] +
-0.125j [X0 Y3 X4 X7] +
0.125j [X0 Y3 Y4 Y7] +
(-0-0.125j) [Y0 X3 X4 X7] +
0.125j [Y0 X3 Y4 Y7] +
-0.125j [Y0 Y3 X4 Y7] +
-0.125j [Y0 Y3 Y4 X7]
   16   0.18956379 0.125j [X2 X3 X4 Y5] +
0.125j [X2 X3 Y4 X5] +
-0.125j [X2 Y3 X4 X5] +
0.125j [X2 Y3 Y4 Y5] +
(-0-0.125j) [Y2 X3 X4 X5] +
0.125j [Y2 X3 Y4 Y5] +
-0.125j [Y2 Y3 X4 Y5] +
-0.125j [Y2 Y3 Y4 X5]




 --------------------------------------------------------------------------
                         ADAPT-VQE iteration:  17
 --------------------------------------------------------------------------
 Check each new operator for coupling
 Measure Operator Pool Gradients:
 Variance:      0.00002992
 Uncertainty:   0.00546959
 Norm of <[H,A]> =   0.00182430
 Max  of <[H,A]> =   0.00000000
 Add operator   16
 Iter:   0 Current Energy =  -2.1663766936611513 Gradient Norm    1.4e-03 Gradient Max    1.4e-03
 Iter:   1 Current Energy =  -2.1663807910177479 Gradient Norm    1.0e-03 Gradient Max    9.4e-04
 Iter:   2 Current Energy =  -2.1663830058838975 Gradient Norm    2.6e-03 Gradient Max    1.4e-03
 Iter:   3 Current Energy =  -2.1663837759377049 Gradient Norm    9.0e-04 Gradient Max    4.1e-04
 Iter:   4 Current Energy =  -2.1663839790308739 Gradient Norm    3.9e-04 Gradient Max    2.3e-04
 Iter:   5 Current Energy =  -2.1663840099834193 Gradient Norm    4.6e-04 Gradient Max    3.0e-04
 Iter:   6 Current Energy =  -2.1663840488810231 Gradient Norm    2.1e-04 Gradient Max    9.1e-05
 Iter:   7 Current Energy =  -2.1663840578762974 Gradient Norm    3.2e-04 Gradient Max    1.7e-04
 Iter:   8 Current Energy =  -2.1663840732122557 Gradient Norm    2.1e-04 Gradient Max    1.1e-04
 Iter:   9 Current Energy =  -2.1663840930658989 Gradient Norm    1.1e-04 Gradient Max    5.6e-05
 Iter:  10 Current Energy =  -2.1663840959186924 Gradient Norm    2.3e-04 Gradient Max    1.4e-04
 Iter:  11 Current Energy =  -2.1663841004947160 Gradient Norm    1.5e-04 Gradient Max    9.3e-05
 Iter:  12 Current Energy =  -2.1663841032938667 Gradient Norm    6.9e-05 Gradient Max    4.0e-05
 Iter:  13 Current Energy =  -2.1663841038805964 Gradient Norm    5.7e-05 Gradient Max    3.5e-05
 Iter:  14 Current Energy =  -2.1663841043207812 Gradient Norm    2.2e-05 Gradient Max    1.1e-05
 Iter:  15 Current Energy =  -2.1663841044076340 Gradient Norm    1.7e-05 Gradient Max    7.5e-06
 Iter:  16 Current Energy =  -2.1663841044909686 Gradient Norm    6.9e-06 Gradient Max    4.3e-06
 Iter:  17 Current Energy =  -2.1663841045392549 Gradient Norm    8.0e-06 Gradient Max    3.5e-06
 Iter:  18 Current Energy =  -2.1663841045739645 Gradient Norm    7.5e-06 Gradient Max    5.7e-06
 Iter:  19 Current Energy =  -2.1663841045857786 Gradient Norm    3.1e-06 Gradient Max    1.7e-06
 Iter:  20 Current Energy =  -2.1663841045874861 Gradient Norm    2.0e-06 Gradient Max    1.5e-06
 Iter:  21 Current Energy =  -2.1663841045878129 Gradient Norm    1.5e-06 Gradient Max    1.1e-06
 Iter:  22 Current Energy =  -2.1663841045882579 Gradient Norm    5.7e-07 Gradient Max    4.1e-07
 Iter:  23 Current Energy =  -2.1663841045883858 Gradient Norm    2.0e-07 Gradient Max    1.3e-07
 Iter:  24 Current Energy =  -2.1663841045884440 Gradient Norm    2.3e-07 Gradient Max    1.4e-07
 Iter:  25 Current Energy =  -2.1663841045885017 Gradient Norm    1.6e-07 Gradient Max    1.1e-07
 Iter:  26 Current Energy =  -2.1663841045885084 Gradient Norm    5.0e-08 Gradient Max    4.0e-08
 Iter:  27 Current Energy =  -2.1663841045885093 Gradient Norm    1.4e-08 Gradient Max    6.0e-09
 Iter:  28 Current Energy =  -2.1663841045885111 Gradient Norm    3.8e-09 Gradient Max    2.0e-09
 Finished:      -2.166384104589
 -----------New ansatz----------- 
    #        Coeff               Term
    0  -0.01210367 0.125j [X0 X1 X2 Y7] +
0.125j [X0 X1 Y2 X7] +
-0.125j [X0 Y1 X2 X7] +
0.125j [X0 Y1 Y2 Y7] +
(-0-0.125j) [Y0 X1 X2 X7] +
0.125j [Y0 X1 Y2 Y7] +
-0.125j [Y0 Y1 X2 Y7] +
-0.125j [Y0 Y1 Y2 X7]
    1   0.01210311 0.125j [X0 X1 X3 Y6] +
0.125j [X0 X1 Y3 X6] +
-0.125j [X0 Y1 X3 X6] +
0.125j [X0 Y1 Y3 Y6] +
(-0-0.125j) [Y0 X1 X3 X6] +
0.125j [Y0 X1 Y3 Y6] +
-0.125j [Y0 Y1 X3 Y6] +
-0.125j [Y0 Y1 Y3 X6]
    2   0.01825041 0.125j [X0 X5 X6 Y7] +
0.125j [X0 X5 Y6 X7] +
-0.125j [X0 Y5 X6 X7] +
0.125j [X0 Y5 Y6 Y7] +
(-0-0.125j) [Y0 X5 X6 X7] +
0.125j [Y0 X5 Y6 Y7] +
-0.125j [Y0 Y5 X6 Y7] +
-0.125j [Y0 Y5 Y6 X7]
    3  -0.01824751 0.125j [X1 X4 X6 Y7] +
0.125j [X1 X4 Y6 X7] +
-0.125j [X1 Y4 X6 X7] +
0.125j [X1 Y4 Y6 Y7] +
(-0-0.125j) [Y1 X4 X6 X7] +
0.125j [Y1 X4 Y6 Y7] +
-0.125j [Y1 Y4 X6 Y7] +
-0.125j [Y1 Y4 Y6 X7]
    4  -0.00488629 (-0-0.5j) [X1 Y5] +
0.5j [Y1 X5]
    5   0.00488476 (-0-0.5j) [X0 Y4] +
0.5j [Y0 X4]
    6  -0.00349571 (-0-0.5j) [X3 Y7] +
0.5j [Y3 X7]
    7   0.00349620 (-0-0.5j) [X2 Y6] +
0.5j [Y2 X6]
    8   0.03200658 0.125j [X1 X3 X5 Y7] +
0.125j [X1 X3 Y5 X7] +
-0.125j [X1 Y3 X5 X7] +
0.125j [X1 Y3 Y5 Y7] +
(-0-0.125j) [Y1 X3 X5 X7] +
0.125j [Y1 X3 Y5 Y7] +
-0.125j [Y1 Y3 X5 Y7] +
-0.125j [Y1 Y3 Y5 X7]
    9   0.03200658 0.125j [X0 X2 X4 Y6] +
0.125j [X0 X2 Y4 X6] +
-0.125j [X0 Y2 X4 X6] +
0.125j [X0 Y2 Y4 Y6] +
(-0-0.125j) [Y0 X2 X4 X6] +
0.125j [Y0 X2 Y4 Y6] +
-0.125j [Y0 Y2 X4 Y6] +
-0.125j [Y0 Y2 Y4 X6]
   10   0.05108600 0.125j [X1 X2 X4 Y7] +
0.125j [X1 X2 Y4 X7] +
-0.125j [X1 Y2 X4 X7] +
0.125j [X1 Y2 Y4 Y7] +
(-0-0.125j) [Y1 X2 X4 X7] +
0.125j [Y1 X2 Y4 Y7] +
-0.125j [Y1 Y2 X4 Y7] +
-0.125j [Y1 Y2 Y4 X7]
   11   0.05108600 0.125j [X0 X3 X5 Y6] +
0.125j [X0 X3 Y5 X6] +
-0.125j [X0 Y3 X5 X6] +
0.125j [X0 Y3 Y5 Y6] +
(-0-0.125j) [Y0 X3 X5 X6] +
0.125j [Y0 X3 Y5 Y6] +
-0.125j [Y0 Y3 X5 Y6] +
-0.125j [Y0 Y3 Y5 X6]
   12   0.04400589 0.125j [X2 X3 X6 Y7] +
0.125j [X2 X3 Y6 X7] +
-0.125j [X2 Y3 X6 X7] +
0.125j [X2 Y3 Y6 Y7] +
(-0-0.125j) [Y2 X3 X6 X7] +
0.125j [Y2 X3 Y6 Y7] +
-0.125j [Y2 Y3 X6 Y7] +
-0.125j [Y2 Y3 Y6 X7]
   13   0.06756304 0.125j [X0 X1 X4 Y5] +
0.125j [X0 X1 Y4 X5] +
-0.125j [X0 Y1 X4 X5] +
0.125j [X0 Y1 Y4 Y5] +
(-0-0.125j) [Y0 X1 X4 X5] +
0.125j [Y0 X1 Y4 Y5] +
-0.125j [Y0 Y1 X4 Y5] +
-0.125j [Y0 Y1 Y4 X5]
   14   0.05343054 0.125j [X0 X1 X6 Y7] +
0.125j [X0 X1 Y6 X7] +
-0.125j [X0 Y1 X6 X7] +
0.125j [X0 Y1 Y6 Y7] +
(-0-0.125j) [Y0 X1 X6 X7] +
0.125j [Y0 X1 Y6 Y7] +
-0.125j [Y0 Y1 X6 Y7] +
-0.125j [Y0 Y1 Y6 X7]
   15  -0.08062300 0.125j [X1 X2 X5 Y6] +
0.125j [X1 X2 Y5 X6] +
-0.125j [X1 Y2 X5 X6] +
0.125j [X1 Y2 Y5 Y6] +
(-0-0.125j) [Y1 X2 X5 X6] +
0.125j [Y1 X2 Y5 Y6] +
-0.125j [Y1 Y2 X5 Y6] +
-0.125j [Y1 Y2 Y5 X6]
   16  -0.08062299 0.125j [X0 X3 X4 Y7] +
0.125j [X0 X3 Y4 X7] +
-0.125j [X0 Y3 X4 X7] +
0.125j [X0 Y3 Y4 Y7] +
(-0-0.125j) [Y0 X3 X4 X7] +
0.125j [Y0 X3 Y4 Y7] +
-0.125j [Y0 Y3 X4 Y7] +
-0.125j [Y0 Y3 Y4 X7]
   17   0.18940684 0.125j [X2 X3 X4 Y5] +
0.125j [X2 X3 Y4 X5] +
-0.125j [X2 Y3 X4 X5] +
0.125j [X2 Y3 Y4 Y5] +
(-0-0.125j) [Y2 X3 X4 X5] +
0.125j [Y2 X3 Y4 Y5] +
-0.125j [Y2 Y3 X4 Y5] +
-0.125j [Y2 Y3 Y4 X5]




 --------------------------------------------------------------------------
                         ADAPT-VQE iteration:  18
 --------------------------------------------------------------------------
 Check each new operator for coupling
 Measure Operator Pool Gradients:
 Variance:      0.00000953
 Uncertainty:   0.00308756
 Norm of <[H,A]> =   0.00027959
 Max  of <[H,A]> =   0.00000000
 Add operator   63
 Iter:   0 Current Energy =  -2.1663841207305743 Gradient Norm    1.4e-04 Gradient Max    1.1e-04
 Iter:   1 Current Energy =  -2.1663842744057127 Gradient Norm    2.8e-04 Gradient Max    2.4e-04
 Iter:   2 Current Energy =  -2.1663845650431304 Gradient Norm    5.0e-04 Gradient Max    3.5e-04
 Iter:   3 Current Energy =  -2.1663850977141856 Gradient Norm    7.4e-04 Gradient Max    6.6e-04
 Iter:   4 Current Energy =  -2.1663859888382131 Gradient Norm    1.1e-03 Gradient Max    7.4e-04
 Iter:   5 Current Energy =  -2.1663869266055937 Gradient Norm    1.6e-03 Gradient Max    1.1e-03
 Iter:   6 Current Energy =  -2.1663871682341966 Gradient Norm    1.2e-03 Gradient Max    8.0e-04
 Iter:   7 Current Energy =  -2.1663873054026195 Gradient Norm    8.6e-04 Gradient Max    5.9e-04
 Iter:   8 Current Energy =  -2.1663873954764479 Gradient Norm    4.0e-04 Gradient Max    2.1e-04
 Iter:   9 Current Energy =  -2.1663874338166527 Gradient Norm    1.7e-04 Gradient Max    1.2e-04
 Iter:  10 Current Energy =  -2.1663874386420452 Gradient Norm    1.4e-04 Gradient Max    8.4e-05
 Iter:  11 Current Energy =  -2.1663874432442878 Gradient Norm    8.2e-05 Gradient Max    3.8e-05
 Iter:  12 Current Energy =  -2.1663874452447924 Gradient Norm    7.5e-05 Gradient Max    3.3e-05
 Iter:  13 Current Energy =  -2.1663874472593672 Gradient Norm    4.5e-05 Gradient Max    2.3e-05
 Iter:  14 Current Energy =  -2.1663874484628858 Gradient Norm    2.5e-05 Gradient Max    1.2e-05
 Iter:  15 Current Energy =  -2.1663874486019732 Gradient Norm    9.3e-06 Gradient Max    5.3e-06
 Iter:  16 Current Energy =  -2.1663874486232451 Gradient Norm    3.9e-06 Gradient Max    2.0e-06
 Iter:  17 Current Energy =  -2.1663874486275443 Gradient Norm    2.8e-06 Gradient Max    1.4e-06
 Iter:  18 Current Energy =  -2.1663874486306716 Gradient Norm    2.2e-06 Gradient Max    1.3e-06
 Iter:  19 Current Energy =  -2.1663874486335870 Gradient Norm    1.2e-06 Gradient Max    7.4e-07
 Iter:  20 Current Energy =  -2.1663874486340928 Gradient Norm    1.8e-06 Gradient Max    1.4e-06
 Iter:  21 Current Energy =  -2.1663874486346484 Gradient Norm    3.2e-07 Gradient Max    1.9e-07
 Iter:  22 Current Energy =  -2.1663874486347017 Gradient Norm    1.5e-07 Gradient Max    1.0e-07
 Iter:  23 Current Energy =  -2.1663874486347212 Gradient Norm    1.2e-07 Gradient Max    8.7e-08
 Iter:  24 Current Energy =  -2.1663874486347532 Gradient Norm    7.2e-08 Gradient Max    4.8e-08
 Iter:  25 Current Energy =  -2.1663874486347634 Gradient Norm    2.7e-08 Gradient Max    1.6e-08
 Iter:  26 Current Energy =  -2.1663874486347634 Gradient Norm    1.2e-08 Gradient Max    7.7e-09
 Finished:      -2.166387448635
 -----------New ansatz----------- 
    #        Coeff               Term
    0   0.04731624 0.125j [X1 X3 X4 Y6] +
-0.125j [X1 X3 Y4 X6] +
0.125j [X1 Y3 X4 X6] +
0.125j [X1 Y3 Y4 Y6] +
(-0-0.125j) [Y1 X3 X4 X6] +
-0.125j [Y1 X3 Y4 Y6] +
0.125j [Y1 Y3 X4 Y6] +
-0.125j [Y1 Y3 Y4 X6]
    1  -0.01159841 0.125j [X0 X1 X2 Y7] +
0.125j [X0 X1 Y2 X7] +
-0.125j [X0 Y1 X2 X7] +
0.125j [X0 Y1 Y2 Y7] +
(-0-0.125j) [Y0 X1 X2 X7] +
0.125j [Y0 X1 Y2 Y7] +
-0.125j [Y0 Y1 X2 Y7] +
-0.125j [Y0 Y1 Y2 X7]
    2   0.01193732 0.125j [X0 X1 X3 Y6] +
0.125j [X0 X1 Y3 X6] +
-0.125j [X0 Y1 X3 X6] +
0.125j [X0 Y1 Y3 Y6] +
(-0-0.125j) [Y0 X1 X3 X6] +
0.125j [Y0 X1 Y3 Y6] +
-0.125j [Y0 Y1 X3 Y6] +
-0.125j [Y0 Y1 Y3 X6]
    3   0.01781553 0.125j [X0 X5 X6 Y7] +
0.125j [X0 X5 Y6 X7] +
-0.125j [X0 Y5 X6 X7] +
0.125j [X0 Y5 Y6 Y7] +
(-0-0.125j) [Y0 X5 X6 X7] +
0.125j [Y0 X5 Y6 Y7] +
-0.125j [Y0 Y5 X6 Y7] +
-0.125j [Y0 Y5 Y6 X7]
    4  -0.01805723 0.125j [X1 X4 X6 Y7] +
0.125j [X1 X4 Y6 X7] +
-0.125j [X1 Y4 X6 X7] +
0.125j [X1 Y4 Y6 Y7] +
(-0-0.125j) [Y1 X4 X6 X7] +
0.125j [Y1 X4 Y6 Y7] +
-0.125j [Y1 Y4 X6 Y7] +
-0.125j [Y1 Y4 Y6 X7]
    5  -0.00502202 (-0-0.5j) [X1 Y5] +
0.5j [Y1 X5]
    6   0.00497285 (-0-0.5j) [X0 Y4] +
0.5j [Y0 X4]
    7  -0.00354150 (-0-0.5j) [X3 Y7] +
0.5j [Y3 X7]
    8   0.00361220 (-0-0.5j) [X2 Y6] +
0.5j [Y2 X6]
    9   0.03201619 0.125j [X1 X3 X5 Y7] +
0.125j [X1 X3 Y5 X7] +
-0.125j [X1 Y3 X5 X7] +
0.125j [X1 Y3 Y5 Y7] +
(-0-0.125j) [Y1 X3 X5 X7] +
0.125j [Y1 X3 Y5 Y7] +
-0.125j [Y1 Y3 X5 Y7] +
-0.125j [Y1 Y3 Y5 X7]
   10   0.03201621 0.125j [X0 X2 X4 Y6] +
0.125j [X0 X2 Y4 X6] +
-0.125j [X0 Y2 X4 X6] +
0.125j [X0 Y2 Y4 Y6] +
(-0-0.125j) [Y0 X2 X4 X6] +
0.125j [Y0 X2 Y4 Y6] +
-0.125j [Y0 Y2 X4 Y6] +
-0.125j [Y0 Y2 Y4 X6]
   11   0.05109800 0.125j [X1 X2 X4 Y7] +
0.125j [X1 X2 Y4 X7] +
-0.125j [X1 Y2 X4 X7] +
0.125j [X1 Y2 Y4 Y7] +
(-0-0.125j) [Y1 X2 X4 X7] +
0.125j [Y1 X2 Y4 Y7] +
-0.125j [Y1 Y2 X4 Y7] +
-0.125j [Y1 Y2 Y4 X7]
   12   0.05109800 0.125j [X0 X3 X5 Y6] +
0.125j [X0 X3 Y5 X6] +
-0.125j [X0 Y3 X5 X6] +
0.125j [X0 Y3 Y5 Y6] +
(-0-0.125j) [Y0 X3 X5 X6] +
0.125j [Y0 X3 Y5 Y6] +
-0.125j [Y0 Y3 X5 Y6] +
-0.125j [Y0 Y3 Y5 X6]
   13   0.04395847 0.125j [X2 X3 X6 Y7] +
0.125j [X2 X3 Y6 X7] +
-0.125j [X2 Y3 X6 X7] +
0.125j [X2 Y3 Y6 Y7] +
(-0-0.125j) [Y2 X3 X6 X7] +
0.125j [Y2 X3 Y6 Y7] +
-0.125j [Y2 Y3 X6 Y7] +
-0.125j [Y2 Y3 Y6 X7]
   14   0.06749819 0.125j [X0 X1 X4 Y5] +
0.125j [X0 X1 Y4 X5] +
-0.125j [X0 Y1 X4 X5] +
0.125j [X0 Y1 Y4 Y5] +
(-0-0.125j) [Y0 X1 X4 X5] +
0.125j [Y0 X1 Y4 Y5] +
-0.125j [Y0 Y1 X4 Y5] +
-0.125j [Y0 Y1 Y4 X5]
   15   0.04977302 0.125j [X0 X1 X6 Y7] +
0.125j [X0 X1 Y6 X7] +
-0.125j [X0 Y1 X6 X7] +
0.125j [X0 Y1 Y6 Y7] +
(-0-0.125j) [Y0 X1 X6 X7] +
0.125j [Y0 X1 Y6 Y7] +
-0.125j [Y0 Y1 X6 Y7] +
-0.125j [Y0 Y1 Y6 X7]
   16  -0.07161022 0.125j [X1 X2 X5 Y6] +
0.125j [X1 X2 Y5 X6] +
-0.125j [X1 Y2 X5 X6] +
0.125j [X1 Y2 Y5 Y6] +
(-0-0.125j) [Y1 X2 X5 X6] +
0.125j [Y1 X2 Y5 Y6] +
-0.125j [Y1 Y2 X5 Y6] +
-0.125j [Y1 Y2 Y5 X6]
   17  -0.08316370 0.125j [X0 X3 X4 Y7] +
0.125j [X0 X3 Y4 X7] +
-0.125j [X0 Y3 X4 X7] +
0.125j [X0 Y3 Y4 Y7] +
(-0-0.125j) [Y0 X3 X4 X7] +
0.125j [Y0 X3 Y4 Y7] +
-0.125j [Y0 Y3 X4 Y7] +
-0.125j [Y0 Y3 Y4 X7]
   18   0.19304211 0.125j [X2 X3 X4 Y5] +
0.125j [X2 X3 Y4 X5] +
-0.125j [X2 Y3 X4 X5] +
0.125j [X2 Y3 Y4 Y5] +
(-0-0.125j) [Y2 X3 X4 X5] +
0.125j [Y2 X3 Y4 Y5] +
-0.125j [Y2 Y3 X4 Y5] +
-0.125j [Y2 Y3 Y4 X5]




 --------------------------------------------------------------------------
                         ADAPT-VQE iteration:  19
 --------------------------------------------------------------------------
 Check each new operator for coupling
 Measure Operator Pool Gradients:
 Variance:      0.00000000
 Uncertainty:   0.00000007
 Norm of <[H,A]> =   0.00000001
 Max  of <[H,A]> =   0.00000000
 Ansatz Growth Converged!
 Number of operators in ansatz:  19
 *Finished:      -2.166387448635
 -----------Final ansatz----------- 
    #        Coeff               Term
    0   0.04731624 0.125j [X1 X3 X4 Y6] +
-0.125j [X1 X3 Y4 X6] +
0.125j [X1 Y3 X4 X6] +
0.125j [X1 Y3 Y4 Y6] +
(-0-0.125j) [Y1 X3 X4 X6] +
-0.125j [Y1 X3 Y4 Y6] +
0.125j [Y1 Y3 X4 Y6] +
-0.125j [Y1 Y3 Y4 X6]
    1  -0.01159841 0.125j [X0 X1 X2 Y7] +
0.125j [X0 X1 Y2 X7] +
-0.125j [X0 Y1 X2 X7] +
0.125j [X0 Y1 Y2 Y7] +
(-0-0.125j) [Y0 X1 X2 X7] +
0.125j [Y0 X1 Y2 Y7] +
-0.125j [Y0 Y1 X2 Y7] +
-0.125j [Y0 Y1 Y2 X7]
    2   0.01193732 0.125j [X0 X1 X3 Y6] +
0.125j [X0 X1 Y3 X6] +
-0.125j [X0 Y1 X3 X6] +
0.125j [X0 Y1 Y3 Y6] +
(-0-0.125j) [Y0 X1 X3 X6] +
0.125j [Y0 X1 Y3 Y6] +
-0.125j [Y0 Y1 X3 Y6] +
-0.125j [Y0 Y1 Y3 X6]
    3   0.01781553 0.125j [X0 X5 X6 Y7] +
0.125j [X0 X5 Y6 X7] +
-0.125j [X0 Y5 X6 X7] +
0.125j [X0 Y5 Y6 Y7] +
(-0-0.125j) [Y0 X5 X6 X7] +
0.125j [Y0 X5 Y6 Y7] +
-0.125j [Y0 Y5 X6 Y7] +
-0.125j [Y0 Y5 Y6 X7]
    4  -0.01805723 0.125j [X1 X4 X6 Y7] +
0.125j [X1 X4 Y6 X7] +
-0.125j [X1 Y4 X6 X7] +
0.125j [X1 Y4 Y6 Y7] +
(-0-0.125j) [Y1 X4 X6 X7] +
0.125j [Y1 X4 Y6 Y7] +
-0.125j [Y1 Y4 X6 Y7] +
-0.125j [Y1 Y4 Y6 X7]
    5  -0.00502202 (-0-0.5j) [X1 Y5] +
0.5j [Y1 X5]
    6   0.00497285 (-0-0.5j) [X0 Y4] +
0.5j [Y0 X4]
    7  -0.00354150 (-0-0.5j) [X3 Y7] +
0.5j [Y3 X7]
    8   0.00361220 (-0-0.5j) [X2 Y6] +
0.5j [Y2 X6]
    9   0.03201619 0.125j [X1 X3 X5 Y7] +
0.125j [X1 X3 Y5 X7] +
-0.125j [X1 Y3 X5 X7] +
0.125j [X1 Y3 Y5 Y7] +
(-0-0.125j) [Y1 X3 X5 X7] +
0.125j [Y1 X3 Y5 Y7] +
-0.125j [Y1 Y3 X5 Y7] +
-0.125j [Y1 Y3 Y5 X7]
   10   0.03201621 0.125j [X0 X2 X4 Y6] +
0.125j [X0 X2 Y4 X6] +
-0.125j [X0 Y2 X4 X6] +
0.125j [X0 Y2 Y4 Y6] +
(-0-0.125j) [Y0 X2 X4 X6] +
0.125j [Y0 X2 Y4 Y6] +
-0.125j [Y0 Y2 X4 Y6] +
-0.125j [Y0 Y2 Y4 X6]
   11   0.05109800 0.125j [X1 X2 X4 Y7] +
0.125j [X1 X2 Y4 X7] +
-0.125j [X1 Y2 X4 X7] +
0.125j [X1 Y2 Y4 Y7] +
(-0-0.125j) [Y1 X2 X4 X7] +
0.125j [Y1 X2 Y4 Y7] +
-0.125j [Y1 Y2 X4 Y7] +
-0.125j [Y1 Y2 Y4 X7]
   12   0.05109800 0.125j [X0 X3 X5 Y6] +
0.125j [X0 X3 Y5 X6] +
-0.125j [X0 Y3 X5 X6] +
0.125j [X0 Y3 Y5 Y6] +
(-0-0.125j) [Y0 X3 X5 X6] +
0.125j [Y0 X3 Y5 Y6] +
-0.125j [Y0 Y3 X5 Y6] +
-0.125j [Y0 Y3 Y5 X6]
   13   0.04395847 0.125j [X2 X3 X6 Y7] +
0.125j [X2 X3 Y6 X7] +
-0.125j [X2 Y3 X6 X7] +
0.125j [X2 Y3 Y6 Y7] +
(-0-0.125j) [Y2 X3 X6 X7] +
0.125j [Y2 X3 Y6 Y7] +
-0.125j [Y2 Y3 X6 Y7] +
-0.125j [Y2 Y3 Y6 X7]
   14   0.06749819 0.125j [X0 X1 X4 Y5] +
0.125j [X0 X1 Y4 X5] +
-0.125j [X0 Y1 X4 X5] +
0.125j [X0 Y1 Y4 Y5] +
(-0-0.125j) [Y0 X1 X4 X5] +
0.125j [Y0 X1 Y4 Y5] +
-0.125j [Y0 Y1 X4 Y5] +
-0.125j [Y0 Y1 Y4 X5]
   15   0.04977302 0.125j [X0 X1 X6 Y7] +
0.125j [X0 X1 Y6 X7] +
-0.125j [X0 Y1 X6 X7] +
0.125j [X0 Y1 Y6 Y7] +
(-0-0.125j) [Y0 X1 X6 X7] +
0.125j [Y0 X1 Y6 Y7] +
-0.125j [Y0 Y1 X6 Y7] +
-0.125j [Y0 Y1 Y6 X7]
   16  -0.07161022 0.125j [X1 X2 X5 Y6] +
0.125j [X1 X2 Y5 X6] +
-0.125j [X1 Y2 X5 X6] +
0.125j [X1 Y2 Y5 Y6] +
(-0-0.125j) [Y1 X2 X5 X6] +
0.125j [Y1 X2 Y5 Y6] +
-0.125j [Y1 Y2 X5 Y6] +
-0.125j [Y1 Y2 Y5 X6]
   17  -0.08316370 0.125j [X0 X3 X4 Y7] +
0.125j [X0 X3 Y4 X7] +
-0.125j [X0 Y3 X4 X7] +
0.125j [X0 Y3 Y4 Y7] +
(-0-0.125j) [Y0 X3 X4 X7] +
0.125j [Y0 X3 Y4 Y7] +
-0.125j [Y0 Y3 X4 Y7] +
-0.125j [Y0 Y3 Y4 X7]
   18   0.19304211 0.125j [X2 X3 X4 Y5] +
0.125j [X2 X3 Y4 X5] +
-0.125j [X2 Y3 X4 X5] +
0.125j [X2 Y3 Y4 Y5] +
(-0-0.125j) [Y2 X3 X4 X5] +
0.125j [Y2 X3 Y4 Y5] +
-0.125j [Y2 Y3 X4 Y5] +
-0.125j [Y2 Y3 Y4 X5]
 Final ADAPT-VQE energy:  -2.16638745
 <S^2> of final state  :   0.00000000
