 ---------------------------------------------------------
                                                          
                      Using Pyscf:
                                                          
 ---------------------------------------------------------
                                                          
converged SCF energy = -2.09854593699776

System and Method:
[('H', (0, 0, 1.0)), ('H', (0, 0, 2.0)), ('H', (0, 0, 3.0)), ('H', (0, 0, 4.0))]
Basis set                                      :      sto-3g
Number of Orbitals                             :         4
Number of electrons                            :         4
Nuclear Repulsion                              :    2.2931012473 
Electronic SCF energy                          :   -4.3916471843 
SCF Energy                                     :   -2.0985459370
 AO->MO
 NElectrons:    2    2
 ecore:   0.00000000
 ERIs in the active-space:
(4, 4, 4, 4)    0.00204800 Mb
 n_orb:    4
 n_a  :    2
 n_b  :    2
 HF Energy:  -2.09854594
 Build reference state with    2 alpha and    2 beta electrons [0, 2, 1, 3]
 State    0:  -2.16638745 au  <S2>:  -0.00000000
 Form Pauli operators
 Number of operators:  328
 Reference Energy:  -2.09854594
 Generate Sparse Matrices for operators in pool
 Start ADAPT-VQE algorithm
 Now start to grow the ansatz




 --------------------------------------------------------------------------
                         ADAPT-VQE iteration:  0
 --------------------------------------------------------------------------
 Check each new operator for coupling
 Measure Operator Pool Gradients:
 Variance:      0.08001674
 Uncertainty:   0.28287231
 Norm of <[H,A]> =   1.60016743
 Max  of <[H,A]> =   0.00000000
 Add operator  256
 Iter:   0 Current Energy =  -2.1141239758329795 Gradient Norm    1.6e-01 Gradient Max    1.6e-01
 Iter:   1 Current Energy =  -2.1224993010477755 Gradient Norm    1.4e-03 Gradient Max    1.4e-03
 Iter:   2 Current Energy =  -2.1224998698087996 Gradient Norm    9.4e-06 Gradient Max    9.4e-06
 Iter:   3 Current Energy =  -2.1224998698357802 Gradient Norm    4.3e-12 Gradient Max    4.3e-12
 Finished:      -2.122499869836
 -----------New ansatz----------- 
    #        Coeff               Term
    0   0.17274704 (-0-1j) [Y2 X3 X4 X5]




 --------------------------------------------------------------------------
                         ADAPT-VQE iteration:  1
 --------------------------------------------------------------------------
 Check each new operator for coupling
 Measure Operator Pool Gradients:
 Variance:      0.06826685
 Uncertainty:   0.26127926
 Norm of <[H,A]> =   1.46671220
 Max  of <[H,A]> =   0.00000000
 Add operator  136
 Iter:   0 Current Energy =  -2.1327233302418840 Gradient Norm    1.9e-02 Gradient Max    1.9e-02
 Iter:   1 Current Energy =  -2.1327932722298630 Gradient Norm    1.2e-02 Gradient Max    1.2e-02
 Iter:   2 Current Energy =  -2.1328393791962741 Gradient Norm    1.9e-06 Gradient Max    1.6e-06
 Iter:   3 Current Energy =  -2.1328393791973519 Gradient Norm    4.0e-09 Gradient Max    4.0e-09
 Iter:   4 Current Energy =  -2.1328393791973523 Gradient Norm    1.2e-11 Gradient Max    1.1e-11
 Finished:      -2.132839379197
 -----------New ansatz----------- 
    #        Coeff               Term
    0  -0.08522101 (-0-1j) [Y0 X3 X4 X7]
    1   0.18466784 (-0-1j) [Y2 X3 X4 X5]




 --------------------------------------------------------------------------
                         ADAPT-VQE iteration:  2
 --------------------------------------------------------------------------
 Check each new operator for coupling
 Measure Operator Pool Gradients:
 Variance:      0.05191716
 Uncertainty:   0.22785338
 Norm of <[H,A]> =   1.28930257
 Max  of <[H,A]> =   0.00000000
 Add operator  208
 Iter:   0 Current Energy =  -2.1438125930390206 Gradient Norm    2.3e-02 Gradient Max    2.2e-02
 Iter:   1 Current Energy =  -2.1439212637877505 Gradient Norm    1.4e-02 Gradient Max    1.3e-02
 Iter:   2 Current Energy =  -2.1439824139814805 Gradient Norm    2.0e-03 Gradient Max    1.9e-03
 Iter:   3 Current Energy =  -2.1439830892838541 Gradient Norm    1.6e-04 Gradient Max    1.4e-04
 Iter:   4 Current Energy =  -2.1439830966092974 Gradient Norm    9.2e-07 Gradient Max    8.3e-07
 Iter:   5 Current Energy =  -2.1439830966095537 Gradient Norm    1.1e-10 Gradient Max    1.1e-10
 Iter:   6 Current Energy =  -2.1439830966095537 Gradient Norm    4.2e-13 Gradient Max    4.2e-13
 Finished:      -2.143983096610
 -----------New ansatz----------- 
    #        Coeff               Term
    0  -0.08875307 (-0-1j) [Y1 X2 X5 X6]
    1  -0.08875307 (-0-1j) [Y0 X3 X4 X7]
    2   0.19882644 (-0-1j) [Y2 X3 X4 X5]




 --------------------------------------------------------------------------
                         ADAPT-VQE iteration:  3
 --------------------------------------------------------------------------
 Check each new operator for coupling
 Measure Operator Pool Gradients:
 Variance:      0.03512076
 Uncertainty:   0.18740533
 Norm of <[H,A]> =   1.04199643
 Max  of <[H,A]> =   0.00000000
 Add operator   88
 Iter:   0 Current Energy =  -2.1504019800265772 Gradient Norm    1.2e-02 Gradient Max    1.1e-02
 Iter:   1 Current Energy =  -2.1504270421711809 Gradient Norm    1.3e-03 Gradient Max    1.2e-03
 Iter:   2 Current Energy =  -2.1504272176166839 Gradient Norm    3.0e-04 Gradient Max    2.3e-04
 Iter:   3 Current Energy =  -2.1504272326147875 Gradient Norm    1.1e-04 Gradient Max    8.2e-05
 Iter:   4 Current Energy =  -2.1504272341993573 Gradient Norm    4.1e-05 Gradient Max    3.7e-05
 Iter:   5 Current Energy =  -2.1504272346970366 Gradient Norm    6.9e-06 Gradient Max    6.4e-06
 Iter:   6 Current Energy =  -2.1504272347030988 Gradient Norm    1.1e-06 Gradient Max    1.1e-06
 Iter:   7 Current Energy =  -2.1504272347032409 Gradient Norm    1.4e-08 Gradient Max    1.1e-08
 Iter:   8 Current Energy =  -2.1504272347032409 Gradient Norm    3.4e-10 Gradient Max    2.9e-10
 Finished:      -2.150427234703
 -----------New ansatz----------- 
    #        Coeff               Term
    0   0.05466781 (-0-1j) [Y0 X1 X6 X7]
    1  -0.09242435 (-0-1j) [Y1 X2 X5 X6]
    2  -0.09040495 (-0-1j) [Y0 X3 X4 X7]
    3   0.19809629 (-0-1j) [Y2 X3 X4 X5]




 --------------------------------------------------------------------------
                         ADAPT-VQE iteration:  4
 --------------------------------------------------------------------------
 Check each new operator for coupling
 Measure Operator Pool Gradients:
 Variance:      0.02036358
 Uncertainty:   0.14270102
 Norm of <[H,A]> =   0.76570509
 Max  of <[H,A]> =   0.00000000
 Add operator   64
 Iter:   0 Current Energy =  -2.1542034112694615 Gradient Norm    2.7e-02 Gradient Max    2.2e-02
 Iter:   1 Current Energy =  -2.1543426937984540 Gradient Norm    1.3e-02 Gradient Max    9.7e-03
 Iter:   2 Current Energy =  -2.1543779096079092 Gradient Norm    2.4e-03 Gradient Max    1.9e-03
 Iter:   3 Current Energy =  -2.1543788459113817 Gradient Norm    4.7e-04 Gradient Max    4.6e-04
 Iter:   4 Current Energy =  -2.1543788834653856 Gradient Norm    3.1e-05 Gradient Max    2.7e-05
 Iter:   5 Current Energy =  -2.1543788836295530 Gradient Norm    6.0e-06 Gradient Max    5.8e-06
 Iter:   6 Current Energy =  -2.1543788836355020 Gradient Norm    1.2e-07 Gradient Max    1.2e-07
 Iter:   7 Current Energy =  -2.1543788836355051 Gradient Norm    1.1e-12 Gradient Max    9.5e-13
 Finished:      -2.154378883636
 -----------New ansatz----------- 
    #        Coeff               Term
    0   0.05419232 (-0-1j) [Y0 X1 X4 X5]
    1   0.05097714 (-0-1j) [Y0 X1 X6 X7]
    2  -0.09315476 (-0-1j) [Y1 X2 X5 X6]
    3  -0.08973211 (-0-1j) [Y0 X3 X4 X7]
    4   0.18473695 (-0-1j) [Y2 X3 X4 X5]




 --------------------------------------------------------------------------
                         ADAPT-VQE iteration:  5
 --------------------------------------------------------------------------
 Check each new operator for coupling
 Measure Operator Pool Gradients:
 Variance:      0.01738673
 Uncertainty:   0.13185876
 Norm of <[H,A]> =   0.72571253
 Max  of <[H,A]> =   0.00000000
 Add operator  283
 Iter:   0 Current Energy =  -2.1576407942359586 Gradient Norm    2.1e-02 Gradient Max    1.4e-02
 Iter:   1 Current Energy =  -2.1577474024771943 Gradient Norm    8.1e-03 Gradient Max    4.7e-03
 Iter:   2 Current Energy =  -2.1577593891690641 Gradient Norm    3.0e-03 Gradient Max    2.2e-03
 Iter:   3 Current Energy =  -2.1577607969659209 Gradient Norm    2.7e-04 Gradient Max    2.7e-04
 Iter:   4 Current Energy =  -2.1577608051706432 Gradient Norm    7.6e-05 Gradient Max    6.0e-05
 Iter:   5 Current Energy =  -2.1577608060823508 Gradient Norm    2.4e-05 Gradient Max    2.3e-05
 Iter:   6 Current Energy =  -2.1577608061479938 Gradient Norm    6.2e-06 Gradient Max    4.7e-06
 Iter:   7 Current Energy =  -2.1577608061533833 Gradient Norm    2.4e-06 Gradient Max    2.3e-06
 Iter:   8 Current Energy =  -2.1577608061541014 Gradient Norm    2.2e-07 Gradient Max    2.1e-07
 Iter:   9 Current Energy =  -2.1577608061541058 Gradient Norm    3.5e-14 Gradient Max    3.1e-14
 Finished:      -2.157760806154
 -----------New ansatz----------- 
    #        Coeff               Term
    0  -0.04158893 (-0-1j) [X2 X3 X6 Y7]
    1   0.06077593 (-0-1j) [Y0 X1 X4 X5]
    2   0.04960185 (-0-1j) [Y0 X1 X6 X7]
    3  -0.09432145 (-0-1j) [Y1 X2 X5 X6]
    4  -0.09028438 (-0-1j) [Y0 X3 X4 X7]
    5   0.17484088 (-0-1j) [Y2 X3 X4 X5]




 --------------------------------------------------------------------------
                         ADAPT-VQE iteration:  6
 --------------------------------------------------------------------------
 Check each new operator for coupling
 Measure Operator Pool Gradients:
 Variance:      0.01128877
 Uncertainty:   0.10624862
 Norm of <[H,A]> =   0.57425065
 Max  of <[H,A]> =   0.00000000
 Add operator  201
 Iter:   0 Current Energy =  -2.1603332388559568 Gradient Norm    2.9e-02 Gradient Max    1.6e-02
 Iter:   1 Current Energy =  -2.1604621508868060 Gradient Norm    4.6e-03 Gradient Max    4.4e-03
 Iter:   2 Current Energy =  -2.1604646735489794 Gradient Norm    3.0e-04 Gradient Max    2.7e-04
 Iter:   3 Current Energy =  -2.1604646781489225 Gradient Norm    2.6e-04 Gradient Max    1.6e-04
 Iter:   4 Current Energy =  -2.1604646849176059 Gradient Norm    1.4e-04 Gradient Max    9.8e-05
 Iter:   5 Current Energy =  -2.1604646874733926 Gradient Norm    8.3e-05 Gradient Max    7.5e-05
 Iter:   6 Current Energy =  -2.1604646879969001 Gradient Norm    5.0e-05 Gradient Max    4.1e-05
 Iter:   7 Current Energy =  -2.1604646883042862 Gradient Norm    1.0e-05 Gradient Max    8.5e-06
 Iter:   8 Current Energy =  -2.1604646883213019 Gradient Norm    2.7e-06 Gradient Max    1.9e-06
 Iter:   9 Current Energy =  -2.1604646883223526 Gradient Norm    2.4e-07 Gradient Max    2.2e-07
 Iter:  10 Current Energy =  -2.1604646883223619 Gradient Norm    3.9e-08 Gradient Max    2.9e-08
 Iter:  11 Current Energy =  -2.1604646883223624 Gradient Norm    3.5e-08 Gradient Max    2.6e-08
 Iter:  12 Current Energy =  -2.1604646883223637 Gradient Norm    1.2e-09 Gradient Max    8.7e-10
 Iter:  13 Current Energy =  -2.1604646883223642 Gradient Norm    2.0e-10 Gradient Max    1.4e-10
 Finished:      -2.160464688322
 -----------New ansatz----------- 
    #        Coeff               Term
    0   0.04345208 (-0-1j) [X1 Y2 X4 X7]
    1  -0.04202993 (-0-1j) [X2 X3 X6 Y7]
    2   0.06601468 (-0-1j) [Y0 X1 X4 X5]
    3   0.05017251 (-0-1j) [Y0 X1 X6 X7]
    4  -0.08903812 (-0-1j) [Y1 X2 X5 X6]
    5  -0.08600127 (-0-1j) [Y0 X3 X4 X7]
    6   0.17794594 (-0-1j) [Y2 X3 X4 X5]




 --------------------------------------------------------------------------
                         ADAPT-VQE iteration:  7
 --------------------------------------------------------------------------
 Check each new operator for coupling
 Measure Operator Pool Gradients:
 Variance:      0.00880268
 Uncertainty:   0.09382261
 Norm of <[H,A]> =   0.51655932
 Max  of <[H,A]> =   0.00000000
 Add operator  146
 Iter:   0 Current Energy =  -2.1635411491159444 Gradient Norm    3.3e-02 Gradient Max    1.8e-02
 Iter:   1 Current Energy =  -2.1637226123965885 Gradient Norm    1.0e-02 Gradient Max    7.2e-03
 Iter:   2 Current Energy =  -2.1637390118611641 Gradient Norm    1.5e-03 Gradient Max    9.8e-04
 Iter:   3 Current Energy =  -2.1637394181632725 Gradient Norm    7.9e-04 Gradient Max    4.6e-04
 Iter:   4 Current Energy =  -2.1637395438534299 Gradient Norm    1.3e-04 Gradient Max    6.9e-05
 Iter:   5 Current Energy =  -2.1637395463709685 Gradient Norm    4.3e-05 Gradient Max    4.0e-05
 Iter:   6 Current Energy =  -2.1637395465806719 Gradient Norm    2.5e-05 Gradient Max    1.6e-05
 Iter:   7 Current Energy =  -2.1637395466553144 Gradient Norm    9.9e-06 Gradient Max    9.1e-06
 Iter:   8 Current Energy =  -2.1637395466704810 Gradient Norm    2.3e-06 Gradient Max    1.8e-06
 Iter:   9 Current Energy =  -2.1637395466708775 Gradient Norm    1.7e-06 Gradient Max    1.3e-06
 Iter:  10 Current Energy =  -2.1637395466713043 Gradient Norm    4.8e-07 Gradient Max    3.5e-07
 Iter:  11 Current Energy =  -2.1637395466713389 Gradient Norm    1.2e-07 Gradient Max    9.8e-08
 Iter:  12 Current Energy =  -2.1637395466713429 Gradient Norm    1.5e-10 Gradient Max    1.1e-10
 Iter:  13 Current Energy =  -2.1637395466713429 Gradient Norm    1.1e-12 Gradient Max    8.2e-13
 Finished:      -2.163739546671
 -----------New ansatz----------- 
    #        Coeff               Term
    0  -0.04821004 (-0-1j) [X0 X3 Y5 X6]
    1   0.05053326 (-0-1j) [X1 Y2 X4 X7]
    2  -0.04602622 (-0-1j) [X2 X3 X6 Y7]
    3   0.06718297 (-0-1j) [Y0 X1 X4 X5]
    4   0.05058763 (-0-1j) [Y0 X1 X6 X7]
    5  -0.08302080 (-0-1j) [Y1 X2 X5 X6]
    6  -0.08104438 (-0-1j) [Y0 X3 X4 X7]
    7   0.18306654 (-0-1j) [Y2 X3 X4 X5]




 --------------------------------------------------------------------------
                         ADAPT-VQE iteration:  8
 --------------------------------------------------------------------------
 Check each new operator for coupling
 Measure Operator Pool Gradients:
 Variance:      0.00529112
 Uncertainty:   0.07274011
 Norm of <[H,A]> =   0.38634725
 Max  of <[H,A]> =   0.00000000
 Add operator   27
 Iter:   0 Current Energy =  -2.1641548125368115 Gradient Norm    1.8e-02 Gradient Max    1.1e-02
 Iter:   1 Current Energy =  -2.1642069594217035 Gradient Norm    4.1e-03 Gradient Max    2.0e-03
 Iter:   2 Current Energy =  -2.1642096385064500 Gradient Norm    1.4e-03 Gradient Max    7.8e-04
 Iter:   3 Current Energy =  -2.1642099892647133 Gradient Norm    5.3e-04 Gradient Max    3.0e-04
 Iter:   4 Current Energy =  -2.1642100411473280 Gradient Norm    1.4e-04 Gradient Max    8.1e-05
 Iter:   5 Current Energy =  -2.1642100441731871 Gradient Norm    4.8e-05 Gradient Max    3.6e-05
 Iter:   6 Current Energy =  -2.1642100443547352 Gradient Norm    2.4e-05 Gradient Max    2.2e-05
 Iter:   7 Current Energy =  -2.1642100443838350 Gradient Norm    1.0e-05 Gradient Max    8.8e-06
 Iter:   8 Current Energy =  -2.1642100443870795 Gradient Norm    7.7e-06 Gradient Max    6.7e-06
 Iter:   9 Current Energy =  -2.1642100443913583 Gradient Norm    2.8e-06 Gradient Max    2.4e-06
 Iter:  10 Current Energy =  -2.1642100443918428 Gradient Norm    1.1e-06 Gradient Max    7.4e-07
 Iter:  11 Current Energy =  -2.1642100443919707 Gradient Norm    4.6e-07 Gradient Max    3.0e-07
 Iter:  12 Current Energy =  -2.1642100443919929 Gradient Norm    7.5e-14 Gradient Max    6.3e-14
 Finished:      -2.164210044392
 -----------New ansatz----------- 
    #        Coeff               Term
    0   0.01118688 (-0-1j) [X0 X1 X2 Y3]
    1  -0.05030807 (-0-1j) [X0 X3 Y5 X6]
    2   0.04983812 (-0-1j) [X1 Y2 X4 X7]
    3  -0.04550621 (-0-1j) [X2 X3 X6 Y7]
    4   0.07113103 (-0-1j) [Y0 X1 X4 X5]
    5   0.04891364 (-0-1j) [Y0 X1 X6 X7]
    6  -0.08497454 (-0-1j) [Y1 X2 X5 X6]
    7  -0.07901975 (-0-1j) [Y0 X3 X4 X7]
    8   0.18637477 (-0-1j) [Y2 X3 X4 X5]




 --------------------------------------------------------------------------
                         ADAPT-VQE iteration:  9
 --------------------------------------------------------------------------
 Check each new operator for coupling
 Measure Operator Pool Gradients:
 Variance:      0.00337194
 Uncertainty:   0.05806840
 Norm of <[H,A]> =   0.30624643
 Max  of <[H,A]> =   0.00000000
 Add operator  233
 Iter:   0 Current Energy =  -2.1650022652816099 Gradient Norm    2.9e-02 Gradient Max    1.9e-02
 Iter:   1 Current Energy =  -2.1651320264063014 Gradient Norm    4.6e-03 Gradient Max    2.6e-03
 Iter:   2 Current Energy =  -2.1651351287037746 Gradient Norm    1.7e-03 Gradient Max    1.2e-03
 Iter:   3 Current Energy =  -2.1651353918235556 Gradient Norm    1.1e-03 Gradient Max    6.5e-04
 Iter:   4 Current Energy =  -2.1651355740659808 Gradient Norm    4.9e-04 Gradient Max    2.7e-04
 Iter:   5 Current Energy =  -2.1651355993098811 Gradient Norm    2.0e-04 Gradient Max    1.1e-04
 Iter:   6 Current Energy =  -2.1651356034456652 Gradient Norm    1.7e-04 Gradient Max    1.3e-04
 Iter:   7 Current Energy =  -2.1651356043000227 Gradient Norm    1.3e-04 Gradient Max    7.2e-05
 Iter:   8 Current Energy =  -2.1651356057024280 Gradient Norm    9.1e-05 Gradient Max    5.0e-05
 Iter:   9 Current Energy =  -2.1651356063547107 Gradient Norm    5.5e-05 Gradient Max    4.1e-05
 Iter:  10 Current Energy =  -2.1651356067444083 Gradient Norm    3.1e-05 Gradient Max    2.2e-05
 Iter:  11 Current Energy =  -2.1651356068601610 Gradient Norm    4.2e-06 Gradient Max    2.7e-06
 Iter:  12 Current Energy =  -2.1651356068620435 Gradient Norm    1.5e-06 Gradient Max    9.2e-07
 Iter:  13 Current Energy =  -2.1651356068623966 Gradient Norm    9.0e-07 Gradient Max    4.8e-07
 Iter:  14 Current Energy =  -2.1651356068625112 Gradient Norm    2.6e-07 Gradient Max    2.1e-07
 Iter:  15 Current Energy =  -2.1651356068625174 Gradient Norm    1.9e-07 Gradient Max    9.6e-08
 Iter:  16 Current Energy =  -2.1651356068625249 Gradient Norm    3.1e-08 Gradient Max    2.1e-08
 Iter:  17 Current Energy =  -2.1651356068625249 Gradient Norm    4.1e-09 Gradient Max    2.7e-09
 Finished:      -2.165135606863
 -----------New ansatz----------- 
    #        Coeff               Term
    0   0.02804432 (-0-1j) [X1 Y3 X5 X7]
    1   0.01282838 (-0-1j) [X0 X1 X2 Y3]
    2  -0.05401433 (-0-1j) [X0 X3 Y5 X6]
    3   0.04332626 (-0-1j) [X1 Y2 X4 X7]
    4  -0.04108727 (-0-1j) [X2 X3 X6 Y7]
    5   0.07243397 (-0-1j) [Y0 X1 X4 X5]
    6   0.04892339 (-0-1j) [Y0 X1 X6 X7]
    7  -0.08368972 (-0-1j) [Y1 X2 X5 X6]
    8  -0.07663956 (-0-1j) [Y0 X3 X4 X7]
    9   0.18804966 (-0-1j) [Y2 X3 X4 X5]




 --------------------------------------------------------------------------
                         ADAPT-VQE iteration:  10
 --------------------------------------------------------------------------
 Check each new operator for coupling
 Measure Operator Pool Gradients:
 Variance:      0.00177396
 Uncertainty:   0.04211836
 Norm of <[H,A]> =   0.21994213
 Max  of <[H,A]> =   0.00000000
 Add operator  115
 Iter:   0 Current Energy =  -2.1656811749089528 Gradient Norm    1.7e-02 Gradient Max    1.1e-02
 Iter:   1 Current Energy =  -2.1657289587796451 Gradient Norm    5.7e-03 Gradient Max    3.1e-03
 Iter:   2 Current Energy =  -2.1657324946183301 Gradient Norm    2.8e-03 Gradient Max    2.3e-03
 Iter:   3 Current Energy =  -2.1657331516235478 Gradient Norm    7.4e-04 Gradient Max    5.0e-04
 Iter:   4 Current Energy =  -2.1657332489812497 Gradient Norm    2.4e-04 Gradient Max    1.4e-04
 Iter:   5 Current Energy =  -2.1657332596842647 Gradient Norm    6.6e-05 Gradient Max    3.0e-05
 Iter:   6 Current Energy =  -2.1657332606601982 Gradient Norm    2.0e-05 Gradient Max    8.8e-06
 Iter:   7 Current Energy =  -2.1657332607225586 Gradient Norm    6.9e-06 Gradient Max    3.7e-06
 Iter:   8 Current Energy =  -2.1657332607297679 Gradient Norm    8.7e-07 Gradient Max    5.5e-07
 Iter:   9 Current Energy =  -2.1657332607298216 Gradient Norm    5.9e-07 Gradient Max    3.8e-07
 Iter:  10 Current Energy =  -2.1657332607298914 Gradient Norm    2.2e-07 Gradient Max    1.4e-07
 Iter:  11 Current Energy =  -2.1657332607298989 Gradient Norm    1.3e-07 Gradient Max    8.3e-08
 Iter:  12 Current Energy =  -2.1657332607299025 Gradient Norm    5.3e-08 Gradient Max    3.5e-08
 Iter:  13 Current Energy =  -2.1657332607299051 Gradient Norm    4.5e-10 Gradient Max    3.7e-10
 Iter:  14 Current Energy =  -2.1657332607299051 Gradient Norm    5.5e-11 Gradient Max    4.5e-11
 Finished:      -2.165733260730
 -----------New ansatz----------- 
    #        Coeff               Term
    0  -0.02124443 (-0-1j) [X0 X2 X4 Y6]
    1   0.02884363 (-0-1j) [X1 Y3 X5 X7]
    2   0.01203758 (-0-1j) [X0 X1 X2 Y3]
    3  -0.05642168 (-0-1j) [X0 X3 Y5 X6]
    4   0.04465153 (-0-1j) [X1 Y2 X4 X7]
    5  -0.03956071 (-0-1j) [X2 X3 X6 Y7]
    6   0.07059140 (-0-1j) [Y0 X1 X4 X5]
    7   0.05091860 (-0-1j) [Y0 X1 X6 X7]
    8  -0.07918450 (-0-1j) [Y1 X2 X5 X6]
    9  -0.07661829 (-0-1j) [Y0 X3 X4 X7]
   10   0.18656704 (-0-1j) [Y2 X3 X4 X5]




 --------------------------------------------------------------------------
                         ADAPT-VQE iteration:  11
 --------------------------------------------------------------------------
 Check each new operator for coupling
 Measure Operator Pool Gradients:
 Variance:      0.00089501
 Uncertainty:   0.02991671
 Norm of <[H,A]> =   0.14240464
 Max  of <[H,A]> =   0.00000000
 Add operator  226
 Iter:   0 Current Energy =  -2.1659757238353055 Gradient Norm    1.2e-02 Gradient Max    7.1e-03
 Iter:   1 Current Energy =  -2.1659969227103737 Gradient Norm    5.5e-03 Gradient Max    3.8e-03
 Iter:   2 Current Energy =  -2.1659995078541665 Gradient Norm    2.8e-03 Gradient Max    1.6e-03
 Iter:   3 Current Energy =  -2.1660007210461281 Gradient Norm    1.1e-03 Gradient Max    5.7e-04
 Iter:   4 Current Energy =  -2.1660009272453662 Gradient Norm    2.9e-04 Gradient Max    2.3e-04
 Iter:   5 Current Energy =  -2.1660009437593009 Gradient Norm    9.5e-05 Gradient Max    6.0e-05
 Iter:   6 Current Energy =  -2.1660009452176632 Gradient Norm    1.4e-05 Gradient Max    7.4e-06
 Iter:   7 Current Energy =  -2.1660009452499556 Gradient Norm    5.2e-06 Gradient Max    2.4e-06
 Iter:   8 Current Energy =  -2.1660009452541038 Gradient Norm    1.4e-06 Gradient Max    1.0e-06
 Iter:   9 Current Energy =  -2.1660009452544475 Gradient Norm    5.4e-07 Gradient Max    4.3e-07
 Iter:  10 Current Energy =  -2.1660009452545075 Gradient Norm    2.0e-07 Gradient Max    1.5e-07
 Iter:  11 Current Energy =  -2.1660009452545195 Gradient Norm    5.1e-08 Gradient Max    3.2e-08
 Iter:  12 Current Energy =  -2.1660009452545195 Gradient Norm    4.3e-08 Gradient Max    2.7e-08
 Finished:      -2.166000945255
 -----------New ansatz----------- 
    #        Coeff               Term
    0   0.01726490 (-0-1j) [X1 X3 Y4 X6]
    1  -0.02063727 (-0-1j) [X0 X2 X4 Y6]
    2   0.02884388 (-0-1j) [X1 Y3 X5 X7]
    3   0.01276241 (-0-1j) [X0 X1 X2 Y3]
    4  -0.05827669 (-0-1j) [X0 X3 Y5 X6]
    5   0.04459640 (-0-1j) [X1 Y2 X4 X7]
    6  -0.04107446 (-0-1j) [X2 X3 X6 Y7]
    7   0.07025476 (-0-1j) [Y0 X1 X4 X5]
    8   0.04892967 (-0-1j) [Y0 X1 X6 X7]
    9  -0.07825480 (-0-1j) [Y1 X2 X5 X6]
   10  -0.07690989 (-0-1j) [Y0 X3 X4 X7]
   11   0.18964469 (-0-1j) [Y2 X3 X4 X5]




 --------------------------------------------------------------------------
                         ADAPT-VQE iteration:  12
 --------------------------------------------------------------------------
 Check each new operator for coupling
 Measure Operator Pool Gradients:
 Variance:      0.00062227
 Uncertainty:   0.02494535
 Norm of <[H,A]> =   0.11096767
 Max  of <[H,A]> =   0.00000000
 Add operator  321
 Iter:   0 Current Energy =  -2.1660386146634338 Gradient Norm    6.1e-03 Gradient Max    3.0e-03
 Iter:   1 Current Energy =  -2.1660439310165409 Gradient Norm    3.1e-03 Gradient Max    2.1e-03
 Iter:   2 Current Energy =  -2.1660449238176689 Gradient Norm    1.9e-03 Gradient Max    1.2e-03
 Iter:   3 Current Energy =  -2.1660453409078451 Gradient Norm    3.3e-04 Gradient Max    2.4e-04
 Iter:   4 Current Energy =  -2.1660453589695567 Gradient Norm    6.8e-05 Gradient Max    3.5e-05
 Iter:   5 Current Energy =  -2.1660453598368599 Gradient Norm    3.1e-05 Gradient Max    1.7e-05
 Iter:   6 Current Energy =  -2.1660453600152332 Gradient Norm    1.1e-05 Gradient Max    4.6e-06
 Iter:   7 Current Energy =  -2.1660453600373351 Gradient Norm    3.4e-06 Gradient Max    1.6e-06
 Iter:   8 Current Energy =  -2.1660453600391349 Gradient Norm    9.9e-07 Gradient Max    5.8e-07
 Iter:   9 Current Energy =  -2.1660453600392584 Gradient Norm    3.5e-07 Gradient Max    3.4e-07
 Iter:  10 Current Energy =  -2.1660453600392642 Gradient Norm    1.5e-07 Gradient Max    9.4e-08
 Iter:  11 Current Energy =  -2.1660453600392655 Gradient Norm    1.3e-07 Gradient Max    9.3e-08
 Iter:  12 Current Energy =  -2.1660453600392664 Gradient Norm    4.9e-08 Gradient Max    3.3e-08
 Iter:  13 Current Energy =  -2.1660453600392668 Gradient Norm    3.0e-08 Gradient Max    2.3e-08
 Iter:  14 Current Energy =  -2.1660453600392686 Gradient Norm    2.1e-09 Gradient Max    1.1e-09
 Finished:      -2.166045360039
 -----------New ansatz----------- 
    #        Coeff               Term
    0  -0.00329185 (-0-1j) [X4 Y5 X6 X7]
    1   0.01714170 (-0-1j) [X1 X3 Y4 X6]
    2  -0.02040446 (-0-1j) [X0 X2 X4 Y6]
    3   0.02769390 (-0-1j) [X1 Y3 X5 X7]
    4   0.01283638 (-0-1j) [X0 X1 X2 Y3]
    5  -0.05726326 (-0-1j) [X0 X3 Y5 X6]
    6   0.04587418 (-0-1j) [X1 Y2 X4 X7]
    7  -0.04200317 (-0-1j) [X2 X3 X6 Y7]
    8   0.06998425 (-0-1j) [Y0 X1 X4 X5]
    9   0.04826030 (-0-1j) [Y0 X1 X6 X7]
   10  -0.07857335 (-0-1j) [Y1 X2 X5 X6]
   11  -0.07663916 (-0-1j) [Y0 X3 X4 X7]
   12   0.19027546 (-0-1j) [Y2 X3 X4 X5]




 --------------------------------------------------------------------------
                         ADAPT-VQE iteration:  13
 --------------------------------------------------------------------------
 Check each new operator for coupling
 Measure Operator Pool Gradients:
 Variance:      0.00043531
 Uncertainty:   0.02086414
 Norm of <[H,A]> =   0.07912619
 Max  of <[H,A]> =   0.00000000
 Add operator  122
 Iter:   0 Current Energy =  -2.1661994259475246 Gradient Norm    9.3e-03 Gradient Max    4.1e-03
 Iter:   1 Current Energy =  -2.1662069173572953 Gradient Norm    6.6e-03 Gradient Max    4.9e-03
 Iter:   2 Current Energy =  -2.1662122415444722 Gradient Norm    3.9e-03 Gradient Max    2.4e-03
 Iter:   3 Current Energy =  -2.1662138927172303 Gradient Norm    1.6e-03 Gradient Max    8.9e-04
 Iter:   4 Current Energy =  -2.1662141032687399 Gradient Norm    1.1e-03 Gradient Max    8.1e-04
 Iter:   5 Current Energy =  -2.1662141951937781 Gradient Norm    5.0e-04 Gradient Max    3.3e-04
 Iter:   6 Current Energy =  -2.1662142274079281 Gradient Norm    1.6e-04 Gradient Max    7.6e-05
 Iter:   7 Current Energy =  -2.1662142312987189 Gradient Norm    4.6e-05 Gradient Max    2.3e-05
 Iter:   8 Current Energy =  -2.1662142317014137 Gradient Norm    1.8e-05 Gradient Max    1.0e-05
 Iter:   9 Current Energy =  -2.1662142317500139 Gradient Norm    3.8e-06 Gradient Max    1.8e-06
 Iter:  10 Current Energy =  -2.1662142317522872 Gradient Norm    1.3e-06 Gradient Max    7.4e-07
 Iter:  11 Current Energy =  -2.1662142317525412 Gradient Norm    1.1e-07 Gradient Max    5.7e-08
 Iter:  12 Current Energy =  -2.1662142317525439 Gradient Norm    7.6e-08 Gradient Max    3.5e-08
 Iter:  13 Current Energy =  -2.1662142317525452 Gradient Norm    3.9e-08 Gradient Max    2.6e-08
 Iter:  14 Current Energy =  -2.1662142317525452 Gradient Norm    1.1e-08 Gradient Max    5.7e-09
 Finished:      -2.166214231753
 -----------New ansatz----------- 
    #        Coeff               Term
    0   0.01366558 (-0-1j) [X0 X2 Y5 X7]
    1  -0.00327012 (-0-1j) [X4 Y5 X6 X7]
    2   0.01813400 (-0-1j) [X1 X3 Y4 X6]
    3  -0.02027502 (-0-1j) [X0 X2 X4 Y6]
    4   0.02708077 (-0-1j) [X1 Y3 X5 X7]
    5   0.01323618 (-0-1j) [X0 X1 X2 Y3]
    6  -0.05602637 (-0-1j) [X0 X3 Y5 X6]
    7   0.04594301 (-0-1j) [X1 Y2 X4 X7]
    8  -0.04218180 (-0-1j) [X2 X3 X6 Y7]
    9   0.06829076 (-0-1j) [Y0 X1 X4 X5]
   10   0.04782090 (-0-1j) [Y0 X1 X6 X7]
   11  -0.07991942 (-0-1j) [Y1 X2 X5 X6]
   12  -0.07616374 (-0-1j) [Y0 X3 X4 X7]
   13   0.19316246 (-0-1j) [Y2 X3 X4 X5]




 --------------------------------------------------------------------------
                         ADAPT-VQE iteration:  14
 --------------------------------------------------------------------------
 Check each new operator for coupling
 Measure Operator Pool Gradients:
 Variance:      0.00027675
 Uncertainty:   0.01663577
 Norm of <[H,A]> =   0.03444396
 Max  of <[H,A]> =   0.00000000
 Add operator   16
 Iter:   0 Current Energy =  -2.1662377354887545 Gradient Norm    2.0e-03 Gradient Max    1.0e-03
 Iter:   1 Current Energy =  -2.1662384558976600 Gradient Norm    8.7e-04 Gradient Max    4.5e-04
 Iter:   2 Current Energy =  -2.1662385372912079 Gradient Norm    6.5e-04 Gradient Max    4.6e-04
 Iter:   3 Current Energy =  -2.1662385781311029 Gradient Norm    2.3e-04 Gradient Max    1.1e-04
 Iter:   4 Current Energy =  -2.1662385875444570 Gradient Norm    9.0e-05 Gradient Max    5.9e-05
 Iter:   5 Current Energy =  -2.1662385890862916 Gradient Norm    5.9e-05 Gradient Max    4.4e-05
 Iter:   6 Current Energy =  -2.1662385893670426 Gradient Norm    2.1e-05 Gradient Max    1.2e-05
 Iter:   7 Current Energy =  -2.1662385894346015 Gradient Norm    7.5e-06 Gradient Max    5.7e-06
 Iter:   8 Current Energy =  -2.1662385894447040 Gradient Norm    1.5e-06 Gradient Max    9.1e-07
 Iter:   9 Current Energy =  -2.1662385894451179 Gradient Norm    3.3e-07 Gradient Max    2.3e-07
 Iter:  10 Current Energy =  -2.1662385894451357 Gradient Norm    8.8e-08 Gradient Max    4.7e-08
 Iter:  11 Current Energy =  -2.1662385894451370 Gradient Norm    2.7e-08 Gradient Max    1.9e-08
 Iter:  12 Current Energy =  -2.1662385894451379 Gradient Norm    1.3e-08 Gradient Max    9.0e-09
 Iter:  13 Current Energy =  -2.1662385894451393 Gradient Norm    1.0e-08 Gradient Max    4.9e-09
 Finished:      -2.166238589445
 -----------New ansatz----------- 
    #        Coeff               Term
    0   0.00512324 (-0-1j) [X2 Y6]
    1   0.01379279 (-0-1j) [X0 X2 Y5 X7]
    2  -0.00321298 (-0-1j) [X4 Y5 X6 X7]
    3   0.01806521 (-0-1j) [X1 X3 Y4 X6]
    4  -0.02052683 (-0-1j) [X0 X2 X4 Y6]
    5   0.02720746 (-0-1j) [X1 Y3 X5 X7]
    6   0.01323105 (-0-1j) [X0 X1 X2 Y3]
    7  -0.05578662 (-0-1j) [X0 X3 Y5 X6]
    8   0.04577439 (-0-1j) [X1 Y2 X4 X7]
    9  -0.04182285 (-0-1j) [X2 X3 X6 Y7]
   10   0.06807188 (-0-1j) [Y0 X1 X4 X5]
   11   0.04795666 (-0-1j) [Y0 X1 X6 X7]
   12  -0.07965016 (-0-1j) [Y1 X2 X5 X6]
   13  -0.07630475 (-0-1j) [Y0 X3 X4 X7]
   14   0.19381012 (-0-1j) [Y2 X3 X4 X5]




 --------------------------------------------------------------------------
                         ADAPT-VQE iteration:  15
 --------------------------------------------------------------------------
 Check each new operator for coupling
 Measure Operator Pool Gradients:
 Variance:      0.00024763
 Uncertainty:   0.01573627
 Norm of <[H,A]> =   0.03198499
 Max  of <[H,A]> =   0.00000000
 Add operator   18
 Iter:   0 Current Energy =  -2.1662615303357526 Gradient Norm    1.9e-03 Gradient Max    1.0e-03
 Iter:   1 Current Energy =  -2.1662621868808363 Gradient Norm    9.6e-04 Gradient Max    5.3e-04
 Iter:   2 Current Energy =  -2.1662622901336510 Gradient Norm    7.1e-04 Gradient Max    4.3e-04
 Iter:   3 Current Energy =  -2.1662623443791182 Gradient Norm    2.8e-04 Gradient Max    1.8e-04
 Iter:   4 Current Energy =  -2.1662623528215228 Gradient Norm    1.9e-04 Gradient Max    1.1e-04
 Iter:   5 Current Energy =  -2.1662623566439416 Gradient Norm    7.4e-05 Gradient Max    4.3e-05
 Iter:   6 Current Energy =  -2.1662623576763869 Gradient Norm    2.4e-05 Gradient Max    1.0e-05
 Iter:   7 Current Energy =  -2.1662623577764983 Gradient Norm    7.0e-06 Gradient Max    4.1e-06
 Iter:   8 Current Energy =  -2.1662623577853299 Gradient Norm    2.3e-06 Gradient Max    1.3e-06
 Iter:   9 Current Energy =  -2.1662623577863291 Gradient Norm    4.7e-07 Gradient Max    2.5e-07
 Iter:  10 Current Energy =  -2.1662623577863651 Gradient Norm    1.2e-07 Gradient Max    6.6e-08
 Iter:  11 Current Energy =  -2.1662623577863687 Gradient Norm    2.8e-08 Gradient Max    1.8e-08
 Iter:  12 Current Energy =  -2.1662623577863691 Gradient Norm    2.5e-08 Gradient Max    1.6e-08
 Finished:      -2.166262357786
 -----------New ansatz----------- 
    #        Coeff               Term
    0  -0.00505746 (-0-1j) [X3 Y7]
    1   0.00506209 (-0-1j) [X2 Y6]
    2   0.01385572 (-0-1j) [X0 X2 Y5 X7]
    3  -0.00316928 (-0-1j) [X4 Y5 X6 X7]
    4   0.01810514 (-0-1j) [X1 X3 Y4 X6]
    5  -0.02054557 (-0-1j) [X0 X2 X4 Y6]
    6   0.02745692 (-0-1j) [X1 Y3 X5 X7]
    7   0.01330142 (-0-1j) [X0 X1 X2 Y3]
    8  -0.05571707 (-0-1j) [X0 X3 Y5 X6]
    9   0.04541189 (-0-1j) [X1 Y2 X4 X7]
   10  -0.04148261 (-0-1j) [X2 X3 X6 Y7]
   11   0.06784687 (-0-1j) [Y0 X1 X4 X5]
   12   0.04805388 (-0-1j) [Y0 X1 X6 X7]
   13  -0.07981824 (-0-1j) [Y1 X2 X5 X6]
   14  -0.07600787 (-0-1j) [Y0 X3 X4 X7]
   15   0.19446217 (-0-1j) [Y2 X3 X4 X5]




 --------------------------------------------------------------------------
                         ADAPT-VQE iteration:  16
 --------------------------------------------------------------------------
 Check each new operator for coupling
 Measure Operator Pool Gradients:
 Variance:      0.00022239
 Uncertainty:   0.01491288
 Norm of <[H,A]> =   0.02945611
 Max  of <[H,A]> =   0.00000000
 Add operator    5
 Iter:   0 Current Energy =  -2.1662833714626601 Gradient Norm    4.2e-03 Gradient Max    2.6e-03
 Iter:   1 Current Energy =  -2.1662861473258737 Gradient Norm    2.1e-03 Gradient Max    1.3e-03
 Iter:   2 Current Energy =  -2.1662868165963167 Gradient Norm    1.7e-03 Gradient Max    1.1e-03
 Iter:   3 Current Energy =  -2.1662871412536902 Gradient Norm    6.2e-04 Gradient Max    3.2e-04
 Iter:   4 Current Energy =  -2.1662871954603302 Gradient Norm    4.0e-04 Gradient Max    2.4e-04
 Iter:   5 Current Energy =  -2.1662872068802583 Gradient Norm    1.5e-04 Gradient Max    7.8e-05
 Iter:   6 Current Energy =  -2.1662872098756814 Gradient Norm    3.2e-05 Gradient Max    1.3e-05
 Iter:   7 Current Energy =  -2.1662872100884707 Gradient Norm    1.3e-05 Gradient Max    4.7e-06
 Iter:   8 Current Energy =  -2.1662872101267450 Gradient Norm    4.9e-06 Gradient Max    2.5e-06
 Iter:   9 Current Energy =  -2.1662872101324298 Gradient Norm    1.6e-06 Gradient Max    8.1e-07
 Iter:  10 Current Energy =  -2.1662872101330271 Gradient Norm    4.1e-07 Gradient Max    2.3e-07
 Iter:  11 Current Energy =  -2.1662872101330537 Gradient Norm    1.4e-07 Gradient Max    7.8e-08
 Iter:  12 Current Energy =  -2.1662872101330559 Gradient Norm    2.3e-08 Gradient Max    1.4e-08
 Iter:  13 Current Energy =  -2.1662872101330586 Gradient Norm    7.0e-09 Gradient Max    4.5e-09
 Iter:  14 Current Energy =  -2.1662872101330590 Gradient Norm    3.3e-09 Gradient Max    2.3e-09
 Iter:  15 Current Energy =  -2.1662872101330595 Gradient Norm    2.5e-09 Gradient Max    1.7e-09
 Finished:      -2.166287210133
 -----------New ansatz----------- 
    #        Coeff               Term
    0  -0.00629186 (-0-1j) [Y0 X4]
    1  -0.00505439 (-0-1j) [X3 Y7]
    2   0.00466596 (-0-1j) [X2 Y6]
    3   0.01394630 (-0-1j) [X0 X2 Y5 X7]
    4  -0.00319796 (-0-1j) [X4 Y5 X6 X7]
    5   0.01814778 (-0-1j) [X1 X3 Y4 X6]
    6  -0.02087525 (-0-1j) [X0 X2 X4 Y6]
    7   0.02747724 (-0-1j) [X1 Y3 X5 X7]
    8   0.01327698 (-0-1j) [X0 X1 X2 Y3]
    9  -0.05545463 (-0-1j) [X0 X3 Y5 X6]
   10   0.04524670 (-0-1j) [X1 Y2 X4 X7]
   11  -0.04127024 (-0-1j) [X2 X3 X6 Y7]
   12   0.06733996 (-0-1j) [Y0 X1 X4 X5]
   13   0.04819711 (-0-1j) [Y0 X1 X6 X7]
   14  -0.07997966 (-0-1j) [Y1 X2 X5 X6]
   15  -0.07572532 (-0-1j) [Y0 X3 X4 X7]
   16   0.19519180 (-0-1j) [Y2 X3 X4 X5]




 --------------------------------------------------------------------------
                         ADAPT-VQE iteration:  17
 --------------------------------------------------------------------------
 Check each new operator for coupling
 Measure Operator Pool Gradients:
 Variance:      0.00019300
 Uncertainty:   0.01389259
 Norm of <[H,A]> =   0.02568264
 Max  of <[H,A]> =   0.00000000
 Add operator    7
 Iter:   0 Current Energy =  -2.1663074775915980 Gradient Norm    4.0e-03 Gradient Max    2.6e-03
 Iter:   1 Current Energy =  -2.1663087486542532 Gradient Norm    4.1e-03 Gradient Max    2.3e-03
 Iter:   2 Current Energy =  -2.1663103790632809 Gradient Norm    2.1e-03 Gradient Max    9.2e-04
 Iter:   3 Current Energy =  -2.1663109256881730 Gradient Norm    1.8e-03 Gradient Max    1.1e-03
 Iter:   4 Current Energy =  -2.1663111523978476 Gradient Norm    7.9e-04 Gradient Max    5.2e-04
 Iter:   5 Current Energy =  -2.1663111983357712 Gradient Norm    5.4e-04 Gradient Max    3.6e-04
 Iter:   6 Current Energy =  -2.1663112138820027 Gradient Norm    2.5e-04 Gradient Max    1.5e-04
 Iter:   7 Current Energy =  -2.1663112209081414 Gradient Norm    6.6e-05 Gradient Max    3.7e-05
 Iter:   8 Current Energy =  -2.1663112215153002 Gradient Norm    2.6e-05 Gradient Max    1.2e-05
 Iter:   9 Current Energy =  -2.1663112216361093 Gradient Norm    6.3e-06 Gradient Max    3.3e-06
 Iter:  10 Current Energy =  -2.1663112216386491 Gradient Norm    6.2e-06 Gradient Max    2.3e-06
 Iter:  11 Current Energy =  -2.1663112216427769 Gradient Norm    4.0e-06 Gradient Max    1.7e-06
 Iter:  12 Current Energy =  -2.1663112216448899 Gradient Norm    2.8e-06 Gradient Max    1.3e-06
 Iter:  13 Current Energy =  -2.1663112216456666 Gradient Norm    2.1e-06 Gradient Max    1.5e-06
 Iter:  14 Current Energy =  -2.1663112216458011 Gradient Norm    1.7e-06 Gradient Max    7.9e-07
 Iter:  15 Current Energy =  -2.1663112216460187 Gradient Norm    1.2e-06 Gradient Max    6.1e-07
 Iter:  16 Current Energy =  -2.1663112216461951 Gradient Norm    5.7e-07 Gradient Max    3.4e-07
 Iter:  17 Current Energy =  -2.1663112216462199 Gradient Norm    4.2e-07 Gradient Max    2.1e-07
 Iter:  18 Current Energy =  -2.1663112216462430 Gradient Norm    5.9e-08 Gradient Max    2.6e-08
 Iter:  19 Current Energy =  -2.1663112216462430 Gradient Norm    4.9e-08 Gradient Max    2.2e-08
 Finished:      -2.166311221646
 -----------New ansatz----------- 
    #        Coeff               Term
    0   0.00617808 (-0-1j) [Y1 X5]
    1  -0.00618085 (-0-1j) [Y0 X4]
    2  -0.00466052 (-0-1j) [X3 Y7]
    3   0.00466549 (-0-1j) [X2 Y6]
    4   0.01409267 (-0-1j) [X0 X2 Y5 X7]
    5  -0.00314397 (-0-1j) [X4 Y5 X6 X7]
    6   0.01808954 (-0-1j) [X1 X3 Y4 X6]
    7  -0.02095420 (-0-1j) [X0 X2 X4 Y6]
    8   0.02784685 (-0-1j) [X1 Y3 X5 X7]
    9   0.01325724 (-0-1j) [X0 X1 X2 Y3]
   10  -0.05537236 (-0-1j) [X0 X3 Y5 X6]
   11   0.04482438 (-0-1j) [X1 Y2 X4 X7]
   12  -0.04105963 (-0-1j) [X2 X3 X6 Y7]
   13   0.06685515 (-0-1j) [Y0 X1 X4 X5]
   14   0.04830632 (-0-1j) [Y0 X1 X6 X7]
   15  -0.07972139 (-0-1j) [Y1 X2 X5 X6]
   16  -0.07588618 (-0-1j) [Y0 X3 X4 X7]
   17   0.19589524 (-0-1j) [Y2 X3 X4 X5]




 --------------------------------------------------------------------------
                         ADAPT-VQE iteration:  18
 --------------------------------------------------------------------------
 Check each new operator for coupling
 Measure Operator Pool Gradients:
 Variance:      0.00016830
 Uncertainty:   0.01297293
 Norm of <[H,A]> =   0.02151988
 Max  of <[H,A]> =   0.00000000
 Add operator   98
 Iter:   0 Current Energy =  -2.1663144369012874 Gradient Norm    7.1e-04 Gradient Max    5.4e-04
 Iter:   1 Current Energy =  -2.1663145925007039 Gradient Norm    6.5e-04 Gradient Max    3.9e-04
 Iter:   2 Current Energy =  -2.1663146140179843 Gradient Norm    3.2e-04 Gradient Max    2.7e-04
 Iter:   3 Current Energy =  -2.1663146343380513 Gradient Norm    2.2e-04 Gradient Max    1.4e-04
 Iter:   4 Current Energy =  -2.1663146380894647 Gradient Norm    1.3e-04 Gradient Max    8.5e-05
 Iter:   5 Current Energy =  -2.1663146399439590 Gradient Norm    5.0e-05 Gradient Max    2.3e-05
 Iter:   6 Current Energy =  -2.1663146403368381 Gradient Norm    1.7e-05 Gradient Max    8.7e-06
 Iter:   7 Current Energy =  -2.1663146403936486 Gradient Norm    5.2e-06 Gradient Max    2.2e-06
 Iter:   8 Current Energy =  -2.1663146403981188 Gradient Norm    1.9e-06 Gradient Max    8.1e-07
 Iter:   9 Current Energy =  -2.1663146403986215 Gradient Norm    8.6e-07 Gradient Max    3.6e-07
 Iter:  10 Current Energy =  -2.1663146403987299 Gradient Norm    2.8e-07 Gradient Max    1.1e-07
 Iter:  11 Current Energy =  -2.1663146403987428 Gradient Norm    8.0e-08 Gradient Max    3.4e-08
 Iter:  12 Current Energy =  -2.1663146403987432 Gradient Norm    3.0e-08 Gradient Max    1.3e-08
 Iter:  13 Current Energy =  -2.1663146403987450 Gradient Norm    9.5e-09 Gradient Max    6.1e-09
 Iter:  14 Current Energy =  -2.1663146403987459 Gradient Norm    4.9e-09 Gradient Max    2.3e-09
 Finished:      -2.166314640399
 -----------New ansatz----------- 
    #        Coeff               Term
    0  -0.00146937 (-0-1j) [X0 X2 Y3 X5]
    1   0.00617088 (-0-1j) [Y1 X5]
    2  -0.00667650 (-0-1j) [Y0 X4]
    3  -0.00471934 (-0-1j) [X3 Y7]
    4   0.00439420 (-0-1j) [X2 Y6]
    5   0.01408017 (-0-1j) [X0 X2 Y5 X7]
    6  -0.00314909 (-0-1j) [X4 Y5 X6 X7]
    7   0.01808895 (-0-1j) [X1 X3 Y4 X6]
    8  -0.02098425 (-0-1j) [X0 X2 X4 Y6]
    9   0.02784232 (-0-1j) [X1 Y3 X5 X7]
   10   0.01325017 (-0-1j) [X0 X1 X2 Y3]
   11  -0.05534750 (-0-1j) [X0 X3 Y5 X6]
   12   0.04481592 (-0-1j) [X1 Y2 X4 X7]
   13  -0.04104471 (-0-1j) [X2 X3 X6 Y7]
   14   0.06680056 (-0-1j) [Y0 X1 X4 X5]
   15   0.04832434 (-0-1j) [Y0 X1 X6 X7]
   16  -0.07975685 (-0-1j) [Y1 X2 X5 X6]
   17  -0.07585331 (-0-1j) [Y0 X3 X4 X7]
   18   0.19599501 (-0-1j) [Y2 X3 X4 X5]




 --------------------------------------------------------------------------
                         ADAPT-VQE iteration:  19
 --------------------------------------------------------------------------
 Check each new operator for coupling
 Measure Operator Pool Gradients:
 Variance:      0.00016037
 Uncertainty:   0.01266389
 Norm of <[H,A]> =   0.01862024
 Max  of <[H,A]> =   0.00000000
 Add operator  255
 Iter:   0 Current Energy =  -2.1663161528148152 Gradient Norm    4.1e-04 Gradient Max    2.8e-04
 Iter:   1 Current Energy =  -2.1663161837579277 Gradient Norm    1.6e-04 Gradient Max    1.1e-04
 Iter:   2 Current Energy =  -2.1663161884161890 Gradient Norm    1.5e-04 Gradient Max    1.2e-04
 Iter:   3 Current Energy =  -2.1663161904794355 Gradient Norm    3.9e-05 Gradient Max    2.3e-05
 Iter:   4 Current Energy =  -2.1663161906446291 Gradient Norm    3.2e-05 Gradient Max    2.2e-05
 Iter:   5 Current Energy =  -2.1663161907900568 Gradient Norm    1.2e-05 Gradient Max    5.7e-06
 Iter:   6 Current Energy =  -2.1663161908053361 Gradient Norm    4.8e-06 Gradient Max    2.6e-06
 Iter:   7 Current Energy =  -2.1663161908093436 Gradient Norm    1.8e-06 Gradient Max    7.1e-07
 Iter:   8 Current Energy =  -2.1663161908094573 Gradient Norm    1.8e-06 Gradient Max    8.0e-07
 Iter:   9 Current Energy =  -2.1663161908096566 Gradient Norm    1.4e-06 Gradient Max    5.8e-07
 Iter:  10 Current Energy =  -2.1663161908099169 Gradient Norm    7.6e-07 Gradient Max    4.4e-07
 Iter:  11 Current Energy =  -2.1663161908099857 Gradient Norm    3.6e-07 Gradient Max    2.2e-07
 Iter:  12 Current Energy =  -2.1663161908099995 Gradient Norm    9.9e-08 Gradient Max    5.1e-08
 Iter:  13 Current Energy =  -2.1663161908100035 Gradient Norm    4.5e-08 Gradient Max    2.9e-08
 Finished:      -2.166316190810
 -----------New ansatz----------- 
    #        Coeff               Term
    0  -0.00077226 (-0-1j) [Y1 Y4 Y6 X7]
    1  -0.00142297 (-0-1j) [X0 X2 Y3 X5]
    2   0.00616916 (-0-1j) [Y1 X5]
    3  -0.00680374 (-0-1j) [Y0 X4]
    4  -0.00472952 (-0-1j) [X3 Y7]
    5   0.00424006 (-0-1j) [X2 Y6]
    6   0.01407494 (-0-1j) [X0 X2 Y5 X7]
    7  -0.00315136 (-0-1j) [X4 Y5 X6 X7]
    8   0.01807964 (-0-1j) [X1 X3 Y4 X6]
    9  -0.02098490 (-0-1j) [X0 X2 X4 Y6]
   10   0.02783597 (-0-1j) [X1 Y3 X5 X7]
   11   0.01324858 (-0-1j) [X0 X1 X2 Y3]
   12  -0.05534998 (-0-1j) [X0 X3 Y5 X6]
   13   0.04482363 (-0-1j) [X1 Y2 X4 X7]
   14  -0.04105254 (-0-1j) [X2 X3 X6 Y7]
   15   0.06679612 (-0-1j) [Y0 X1 X4 X5]
   16   0.04833004 (-0-1j) [Y0 X1 X6 X7]
   17  -0.07978201 (-0-1j) [Y1 X2 X5 X6]
   18  -0.07584391 (-0-1j) [Y0 X3 X4 X7]
   19   0.19600049 (-0-1j) [Y2 X3 X4 X5]




 --------------------------------------------------------------------------
                         ADAPT-VQE iteration:  20
 --------------------------------------------------------------------------
 Check each new operator for coupling
 Measure Operator Pool Gradients:
 Variance:      0.00015678
 Uncertainty:   0.01252107
 Norm of <[H,A]> =   0.02005695
 Max  of <[H,A]> =   0.00000000
 Add operator  248
 Iter:   0 Current Energy =  -2.1663201091050088 Gradient Norm    5.8e-03 Gradient Max    5.8e-03
 Iter:   1 Current Energy =  -2.1663270892266904 Gradient Norm    4.5e-03 Gradient Max    4.4e-03
 Iter:   2 Current Energy =  -2.1663357388456510 Gradient Norm    3.4e-03 Gradient Max    2.2e-03
 Iter:   3 Current Energy =  -2.1663376983483178 Gradient Norm    2.9e-03 Gradient Max    2.4e-03
 Iter:   4 Current Energy =  -2.1663382720816053 Gradient Norm    8.9e-04 Gradient Max    6.4e-04
 Iter:   5 Current Energy =  -2.1663383652286661 Gradient Norm    8.1e-04 Gradient Max    5.7e-04
 Iter:   6 Current Energy =  -2.1663384222085935 Gradient Norm    4.2e-04 Gradient Max    2.8e-04
 Iter:   7 Current Energy =  -2.1663384382136099 Gradient Norm    2.0e-04 Gradient Max    1.2e-04
 Iter:   8 Current Energy =  -2.1663384428266821 Gradient Norm    6.6e-05 Gradient Max    3.2e-05
 Iter:   9 Current Energy =  -2.1663384433914437 Gradient Norm    2.4e-05 Gradient Max    1.1e-05
 Iter:  10 Current Energy =  -2.1663384434640527 Gradient Norm    9.1e-06 Gradient Max    4.3e-06
 Iter:  11 Current Energy =  -2.1663384434765427 Gradient Norm    3.3e-06 Gradient Max    1.9e-06
 Iter:  12 Current Energy =  -2.1663384434783004 Gradient Norm    6.0e-07 Gradient Max    4.2e-07
 Iter:  13 Current Energy =  -2.1663384434783710 Gradient Norm    1.9e-07 Gradient Max    9.7e-08
 Iter:  14 Current Energy =  -2.1663384434783821 Gradient Norm    5.5e-08 Gradient Max    3.9e-08
 Finished:      -2.166338443478
 -----------New ansatz----------- 
    #        Coeff               Term
    0  -0.00688606 (-0-1j) [Y1 X4 X6 X7]
    1  -0.00700317 (-0-1j) [Y1 Y4 Y6 X7]
    2  -0.00077662 (-0-1j) [X0 X2 Y3 X5]
    3   0.00617381 (-0-1j) [Y1 X5]
    4  -0.00562662 (-0-1j) [Y0 X4]
    5  -0.00485881 (-0-1j) [X3 Y7]
    6   0.00363997 (-0-1j) [X2 Y6]
    7   0.01402192 (-0-1j) [X0 X2 Y5 X7]
    8  -0.00320168 (-0-1j) [X4 Y5 X6 X7]
    9   0.01813143 (-0-1j) [X1 X3 Y4 X6]
   10  -0.02092499 (-0-1j) [X0 X2 X4 Y6]
   11   0.02774635 (-0-1j) [X1 Y3 X5 X7]
   12   0.01325555 (-0-1j) [X0 X1 X2 Y3]
   13  -0.05545444 (-0-1j) [X0 X3 Y5 X6]
   14   0.04509219 (-0-1j) [X1 Y2 X4 X7]
   15  -0.04120252 (-0-1j) [X2 X3 X6 Y7]
   16   0.06690153 (-0-1j) [Y0 X1 X4 X5]
   17   0.04826420 (-0-1j) [Y0 X1 X6 X7]
   18  -0.07993257 (-0-1j) [Y1 X2 X5 X6]
   19  -0.07584840 (-0-1j) [Y0 X3 X4 X7]
   20   0.19587131 (-0-1j) [Y2 X3 X4 X5]




 --------------------------------------------------------------------------
                         ADAPT-VQE iteration:  21
 --------------------------------------------------------------------------
 Check each new operator for coupling
 Measure Operator Pool Gradients:
 Variance:      0.00010765
 Uncertainty:   0.01037552
 Norm of <[H,A]> =   0.02444634
 Max  of <[H,A]> =   0.00000000
 Add operator   59
 Iter:   0 Current Energy =  -2.1663449263413415 Gradient Norm    1.5e-03 Gradient Max    1.3e-03
 Iter:   1 Current Energy =  -2.1663451498465522 Gradient Norm    1.4e-03 Gradient Max    1.3e-03
 Iter:   2 Current Energy =  -2.1663454916604552 Gradient Norm    8.1e-04 Gradient Max    7.5e-04
 Iter:   3 Current Energy =  -2.1663458292857318 Gradient Norm    8.2e-04 Gradient Max    4.8e-04
 Iter:   4 Current Energy =  -2.1663459146782182 Gradient Norm    5.7e-04 Gradient Max    3.9e-04
 Iter:   5 Current Energy =  -2.1663459452720528 Gradient Norm    1.8e-04 Gradient Max    1.0e-04
 Iter:   6 Current Energy =  -2.1663459500474853 Gradient Norm    1.1e-04 Gradient Max    5.4e-05
 Iter:   7 Current Energy =  -2.1663459514349328 Gradient Norm    9.8e-05 Gradient Max    6.2e-05
 Iter:   8 Current Energy =  -2.1663459520938950 Gradient Norm    6.2e-05 Gradient Max    3.4e-05
 Iter:   9 Current Energy =  -2.1663459524697868 Gradient Norm    2.1e-05 Gradient Max    9.0e-06
 Iter:  10 Current Energy =  -2.1663459525267625 Gradient Norm    1.1e-05 Gradient Max    6.7e-06
 Iter:  11 Current Energy =  -2.1663459525466466 Gradient Norm    3.8e-06 Gradient Max    1.7e-06
 Iter:  12 Current Energy =  -2.1663459525485185 Gradient Norm    1.4e-06 Gradient Max    6.3e-07
 Iter:  13 Current Energy =  -2.1663459525487871 Gradient Norm    4.5e-07 Gradient Max    2.2e-07
 Iter:  14 Current Energy =  -2.1663459525488138 Gradient Norm    1.4e-07 Gradient Max    6.6e-08
 Iter:  15 Current Energy =  -2.1663459525488173 Gradient Norm    4.6e-08 Gradient Max    2.0e-08
 Iter:  16 Current Energy =  -2.1663459525488178 Gradient Norm    1.4e-08 Gradient Max    6.4e-09
 Iter:  17 Current Energy =  -2.1663459525488187 Gradient Norm    1.1e-08 Gradient Max    6.2e-09
 Iter:  18 Current Energy =  -2.1663459525488187 Gradient Norm    2.4e-09 Gradient Max    1.1e-09
 Finished:      -2.166345952549
 -----------New ansatz----------- 
    #        Coeff               Term
    0  -0.00193114 (-0-1j) [X0 X1 X3 Y6]
    1  -0.00834317 (-0-1j) [Y1 X4 X6 X7]
    2  -0.00829712 (-0-1j) [Y1 Y4 Y6 X7]
    3  -0.00069455 (-0-1j) [X0 X2 Y3 X5]
    4   0.00640375 (-0-1j) [Y1 X5]
    5  -0.00540790 (-0-1j) [Y0 X4]
    6  -0.00447844 (-0-1j) [X3 Y7]
    7   0.00353283 (-0-1j) [X2 Y6]
    8   0.01402457 (-0-1j) [X0 X2 Y5 X7]
    9  -0.00321509 (-0-1j) [X4 Y5 X6 X7]
   10   0.01817922 (-0-1j) [X1 X3 Y4 X6]
   11  -0.02089720 (-0-1j) [X0 X2 X4 Y6]
   12   0.02772535 (-0-1j) [X1 Y3 X5 X7]
   13   0.01326200 (-0-1j) [X0 X1 X2 Y3]
   14  -0.05551860 (-0-1j) [X0 X3 Y5 X6]
   15   0.04516351 (-0-1j) [X1 Y2 X4 X7]
   16  -0.04125832 (-0-1j) [X2 X3 X6 Y7]
   17   0.06691992 (-0-1j) [Y0 X1 X4 X5]
   18   0.04822718 (-0-1j) [Y0 X1 X6 X7]
   19  -0.07995707 (-0-1j) [Y1 X2 X5 X6]
   20  -0.07592030 (-0-1j) [Y0 X3 X4 X7]
   21   0.19583955 (-0-1j) [Y2 X3 X4 X5]




 --------------------------------------------------------------------------
                         ADAPT-VQE iteration:  22
 --------------------------------------------------------------------------
 Check each new operator for coupling
 Measure Operator Pool Gradients:
 Variance:      0.00009211
 Uncertainty:   0.00959759
 Norm of <[H,A]> =   0.02183536
 Max  of <[H,A]> =   0.00000000
 Add operator  168
 Iter:   0 Current Energy =  -2.1663530433901363 Gradient Norm    1.3e-03 Gradient Max    1.1e-03
 Iter:   1 Current Energy =  -2.1663532578601385 Gradient Norm    1.4e-03 Gradient Max    1.3e-03
 Iter:   2 Current Energy =  -2.1663535918971202 Gradient Norm    8.8e-04 Gradient Max    8.1e-04
 Iter:   3 Current Energy =  -2.1663538696720539 Gradient Norm    1.1e-03 Gradient Max    8.2e-04
 Iter:   4 Current Energy =  -2.1663539959787728 Gradient Norm    7.4e-04 Gradient Max    5.2e-04
 Iter:   5 Current Energy =  -2.1663540509379473 Gradient Norm    3.3e-04 Gradient Max    1.5e-04
 Iter:   6 Current Energy =  -2.1663540662251215 Gradient Norm    1.6e-04 Gradient Max    8.3e-05
 Iter:   7 Current Energy =  -2.1663540695810273 Gradient Norm    1.5e-04 Gradient Max    1.0e-04
 Iter:   8 Current Energy =  -2.1663540705153048 Gradient Norm    7.9e-05 Gradient Max    4.1e-05
 Iter:   9 Current Energy =  -2.1663540715071030 Gradient Norm    3.4e-05 Gradient Max    1.5e-05
 Iter:  10 Current Energy =  -2.1663540717064951 Gradient Norm    1.7e-05 Gradient Max    1.2e-05
 Iter:  11 Current Energy =  -2.1663540717427412 Gradient Norm    4.7e-06 Gradient Max    1.8e-06
 Iter:  12 Current Energy =  -2.1663540717464747 Gradient Norm    1.6e-06 Gradient Max    9.2e-07
 Iter:  13 Current Energy =  -2.1663540717468499 Gradient Norm    5.4e-07 Gradient Max    2.5e-07
 Iter:  14 Current Energy =  -2.1663540717469045 Gradient Norm    2.0e-07 Gradient Max    1.2e-07
 Iter:  15 Current Energy =  -2.1663540717469072 Gradient Norm    7.7e-08 Gradient Max    3.3e-08
 Iter:  16 Current Energy =  -2.1663540717469076 Gradient Norm    3.5e-08 Gradient Max    1.9e-08
 Finished:      -2.166354071747
 -----------New ansatz----------- 
    #        Coeff               Term
    0   0.00186811 (-0-1j) [Y0 X5 X6 X7]
    1  -0.00218993 (-0-1j) [X0 X1 X3 Y6]
    2  -0.00984762 (-0-1j) [Y1 X4 X6 X7]
    3  -0.00965114 (-0-1j) [Y1 Y4 Y6 X7]
    4  -0.00060093 (-0-1j) [X0 X2 Y3 X5]
    5   0.00585371 (-0-1j) [Y1 X5]
    6  -0.00515910 (-0-1j) [Y0 X4]
    7  -0.00461123 (-0-1j) [X3 Y7]
    8   0.00340981 (-0-1j) [X2 Y6]
    9   0.01401986 (-0-1j) [X0 X2 Y5 X7]
   10  -0.00323428 (-0-1j) [X4 Y5 X6 X7]
   11   0.01821186 (-0-1j) [X1 X3 Y4 X6]
   12  -0.02085587 (-0-1j) [X0 X2 X4 Y6]
   13   0.02769109 (-0-1j) [X1 Y3 X5 X7]
   14   0.01329194 (-0-1j) [X0 X1 X2 Y3]
   15  -0.05559531 (-0-1j) [X0 X3 Y5 X6]
   16   0.04526509 (-0-1j) [X1 Y2 X4 X7]
   17  -0.04132352 (-0-1j) [X2 X3 X6 Y7]
   18   0.06705200 (-0-1j) [Y0 X1 X4 X5]
   19   0.04817243 (-0-1j) [Y0 X1 X6 X7]
   20  -0.08000889 (-0-1j) [Y1 X2 X5 X6]
   21  -0.07592652 (-0-1j) [Y0 X3 X4 X7]
   22   0.19575404 (-0-1j) [Y2 X3 X4 X5]




 --------------------------------------------------------------------------
                         ADAPT-VQE iteration:  23
 --------------------------------------------------------------------------
 Check each new operator for coupling
 Measure Operator Pool Gradients:
 Variance:      0.00007221
 Uncertainty:   0.00849788
 Norm of <[H,A]> =   0.01713400
 Max  of <[H,A]> =   0.00000000
 Add operator  172
 Iter:   0 Current Energy =  -2.1663569436820058 Gradient Norm    5.2e-03 Gradient Max    5.2e-03
 Iter:   1 Current Energy =  -2.1663622715714812 Gradient Norm    4.5e-03 Gradient Max    4.4e-03
 Iter:   2 Current Energy =  -2.1663680684950726 Gradient Norm    8.1e-03 Gradient Max    5.6e-03
 Iter:   3 Current Energy =  -2.1663761169637992 Gradient Norm    3.4e-03 Gradient Max    2.2e-03
 Iter:   4 Current Energy =  -2.1663774408129410 Gradient Norm    2.2e-03 Gradient Max    1.3e-03
 Iter:   5 Current Energy =  -2.1663778338854187 Gradient Norm    1.6e-03 Gradient Max    1.1e-03
 Iter:   6 Current Energy =  -2.1663780043686649 Gradient Norm    5.4e-04 Gradient Max    2.3e-04
 Iter:   7 Current Energy =  -2.1663780476308339 Gradient Norm    2.0e-04 Gradient Max    1.2e-04
 Iter:   8 Current Energy =  -2.1663780524360594 Gradient Norm    1.4e-04 Gradient Max    9.4e-05
 Iter:   9 Current Energy =  -2.1663780544531801 Gradient Norm    3.3e-05 Gradient Max    1.9e-05
 Iter:  10 Current Energy =  -2.1663780548629692 Gradient Norm    3.7e-05 Gradient Max    1.9e-05
 Iter:  11 Current Energy =  -2.1663780551306551 Gradient Norm    3.6e-05 Gradient Max    2.1e-05
 Iter:  12 Current Energy =  -2.1663780552117196 Gradient Norm    2.7e-05 Gradient Max    1.3e-05
 Iter:  13 Current Energy =  -2.1663780553069865 Gradient Norm    1.1e-05 Gradient Max    4.9e-06
 Iter:  14 Current Energy =  -2.1663780553263230 Gradient Norm    5.0e-06 Gradient Max    3.9e-06
 Iter:  15 Current Energy =  -2.1663780553293663 Gradient Norm    1.7e-06 Gradient Max    8.9e-07
 Iter:  16 Current Energy =  -2.1663780553297269 Gradient Norm    6.4e-07 Gradient Max    3.3e-07
 Iter:  17 Current Energy =  -2.1663780553297816 Gradient Norm    2.5e-07 Gradient Max    1.6e-07
 Iter:  18 Current Energy =  -2.1663780553297931 Gradient Norm    8.6e-08 Gradient Max    3.5e-08
 Iter:  19 Current Energy =  -2.1663780553297949 Gradient Norm    2.2e-08 Gradient Max    1.1e-08
 Iter:  20 Current Energy =  -2.1663780553297953 Gradient Norm    2.0e-08 Gradient Max    1.0e-08
 Finished:      -2.166378055330
 -----------New ansatz----------- 
    #        Coeff               Term
    0  -0.00867941 (-0-1j) [X0 Y5 Y6 Y7]
    1   0.00987785 (-0-1j) [Y0 X5 X6 X7]
    2  -0.00177033 (-0-1j) [X0 X1 X3 Y6]
    3  -0.00897361 (-0-1j) [Y1 X4 X6 X7]
    4  -0.00886278 (-0-1j) [Y1 Y4 Y6 X7]
    5  -0.00060384 (-0-1j) [X0 X2 Y3 X5]
    6   0.00494069 (-0-1j) [Y1 X5]
    7  -0.00510317 (-0-1j) [Y0 X4]
    8  -0.00353553 (-0-1j) [X3 Y7]
    9   0.00317847 (-0-1j) [X2 Y6]
   10   0.01407719 (-0-1j) [X0 X2 Y5 X7]
   11  -0.00334602 (-0-1j) [X4 Y5 X6 X7]
   12   0.01829525 (-0-1j) [X1 X3 Y4 X6]
   13  -0.02076515 (-0-1j) [X0 X2 X4 Y6]
   14   0.02763304 (-0-1j) [X1 Y3 X5 X7]
   15   0.01335530 (-0-1j) [X0 X1 X2 Y3]
   16  -0.05587169 (-0-1j) [X0 X3 Y5 X6]
   17   0.04542629 (-0-1j) [X1 Y2 X4 X7]
   18  -0.04152364 (-0-1j) [X2 X3 X6 Y7]
   19   0.06715541 (-0-1j) [Y0 X1 X4 X5]
   20   0.04805143 (-0-1j) [Y0 X1 X6 X7]
   21  -0.07998668 (-0-1j) [Y1 X2 X5 X6]
   22  -0.07616285 (-0-1j) [Y0 X3 X4 X7]
   23   0.19553982 (-0-1j) [Y2 X3 X4 X5]




 --------------------------------------------------------------------------
                         ADAPT-VQE iteration:  24
 --------------------------------------------------------------------------
 Check each new operator for coupling
 Measure Operator Pool Gradients:
 Variance:      0.00001956
 Uncertainty:   0.00442272
 Norm of <[H,A]> =   0.01248808
 Max  of <[H,A]> =   0.00000000
 Add operator  294
 Iter:   0 Current Energy =  -2.1663802752389367 Gradient Norm    1.5e-03 Gradient Max    1.1e-03
 Iter:   1 Current Energy =  -2.1663805591707725 Gradient Norm    1.5e-03 Gradient Max    1.1e-03
 Iter:   2 Current Energy =  -2.1663808806938087 Gradient Norm    7.4e-04 Gradient Max    5.2e-04
 Iter:   3 Current Energy =  -2.1663810023500978 Gradient Norm    7.2e-04 Gradient Max    4.4e-04
 Iter:   4 Current Energy =  -2.1663810405624475 Gradient Norm    1.3e-03 Gradient Max    7.2e-04
 Iter:   5 Current Energy =  -2.1663811069519432 Gradient Norm    1.0e-03 Gradient Max    5.7e-04
 Iter:   6 Current Energy =  -2.1663811972356704 Gradient Norm    6.2e-04 Gradient Max    3.3e-04
 Iter:   7 Current Energy =  -2.1663812199238581 Gradient Norm    4.4e-04 Gradient Max    2.2e-04
 Iter:   8 Current Energy =  -2.1663812280777126 Gradient Norm    3.3e-04 Gradient Max    1.8e-04
 Iter:   9 Current Energy =  -2.1663812302352277 Gradient Norm    3.5e-04 Gradient Max    2.6e-04
 Iter:  10 Current Energy =  -2.1663812338002071 Gradient Norm    2.6e-04 Gradient Max    2.0e-04
 Iter:  11 Current Energy =  -2.1663812372872435 Gradient Norm    1.3e-04 Gradient Max    7.8e-05
 Iter:  12 Current Energy =  -2.1663812382758567 Gradient Norm    3.3e-05 Gradient Max    1.7e-05
 Iter:  13 Current Energy =  -2.1663812383971801 Gradient Norm    1.0e-05 Gradient Max    4.4e-06
 Iter:  14 Current Energy =  -2.1663812384113341 Gradient Norm    4.2e-06 Gradient Max    3.1e-06
 Iter:  15 Current Energy =  -2.1663812384139431 Gradient Norm    1.3e-06 Gradient Max    5.9e-07
 Iter:  16 Current Energy =  -2.1663812384141772 Gradient Norm    6.2e-07 Gradient Max    2.8e-07
 Iter:  17 Current Energy =  -2.1663812384142362 Gradient Norm    2.9e-07 Gradient Max    1.6e-07
 Iter:  18 Current Energy =  -2.1663812384142704 Gradient Norm    2.8e-07 Gradient Max    1.4e-07
 Iter:  19 Current Energy =  -2.1663812384142860 Gradient Norm    2.3e-07 Gradient Max    1.3e-07
 Iter:  20 Current Energy =  -2.1663812384142878 Gradient Norm    1.6e-07 Gradient Max    1.1e-07
 Iter:  21 Current Energy =  -2.1663812384142882 Gradient Norm    1.1e-07 Gradient Max    6.6e-08
 Iter:  22 Current Energy =  -2.1663812384142895 Gradient Norm    8.9e-08 Gradient Max    5.7e-08
 Iter:  23 Current Energy =  -2.1663812384142922 Gradient Norm    3.7e-08 Gradient Max    2.5e-08
 Iter:  24 Current Energy =  -2.1663812384142926 Gradient Norm    3.1e-08 Gradient Max    2.1e-08
 Iter:  25 Current Energy =  -2.1663812384142935 Gradient Norm    2.8e-08 Gradient Max    1.9e-08
 Iter:  26 Current Energy =  -2.1663812384142940 Gradient Norm    3.7e-09 Gradient Max    2.0e-09
 Finished:      -2.166381238414
 -----------New ansatz----------- 
    #        Coeff               Term
    0   0.00153980 (-0-1j) [Y2 Y4 X5 Y7]
    1  -0.00893764 (-0-1j) [X0 Y5 Y6 Y7]
    2   0.01017909 (-0-1j) [Y0 X5 X6 X7]
    3  -0.00195481 (-0-1j) [X0 X1 X3 Y6]
    4  -0.01023187 (-0-1j) [Y1 X4 X6 X7]
    5  -0.00998166 (-0-1j) [Y1 Y4 Y6 X7]
    6  -0.00052930 (-0-1j) [X0 X2 Y3 X5]
    7   0.00519324 (-0-1j) [Y1 X5]
    8  -0.00502382 (-0-1j) [Y0 X4]
    9  -0.00263730 (-0-1j) [X3 Y7]
   10   0.00298104 (-0-1j) [X2 Y6]
   11   0.01409301 (-0-1j) [X0 X2 Y5 X7]
   12  -0.00335505 (-0-1j) [X4 Y5 X6 X7]
   13   0.01831459 (-0-1j) [X1 X3 Y4 X6]
   14  -0.02075389 (-0-1j) [X0 X2 X4 Y6]
   15   0.02759340 (-0-1j) [X1 Y3 X5 X7]
   16   0.01335368 (-0-1j) [X0 X1 X2 Y3]
   17  -0.05588728 (-0-1j) [X0 X3 Y5 X6]
   18   0.04550321 (-0-1j) [X1 Y2 X4 X7]
   19  -0.04159421 (-0-1j) [X2 X3 X6 Y7]
   20   0.06719533 (-0-1j) [Y0 X1 X4 X5]
   21   0.04802785 (-0-1j) [Y0 X1 X6 X7]
   22  -0.08003577 (-0-1j) [Y1 X2 X5 X6]
   23  -0.07619830 (-0-1j) [Y0 X3 X4 X7]
   24   0.19544716 (-0-1j) [Y2 X3 X4 X5]




 --------------------------------------------------------------------------
                         ADAPT-VQE iteration:  25
 --------------------------------------------------------------------------
 Check each new operator for coupling
 Measure Operator Pool Gradients:
 Variance:      0.00001385
 Uncertainty:   0.00372182
 Norm of <[H,A]> =   0.00534512
 Max  of <[H,A]> =   0.00000000
 Add operator   46
 Iter:   0 Current Energy =  -2.1663815857003090 Gradient Norm    2.4e-04 Gradient Max    1.6e-04
 Iter:   1 Current Energy =  -2.1663815944098452 Gradient Norm    1.4e-04 Gradient Max    7.8e-05
 Iter:   2 Current Energy =  -2.1663815971458122 Gradient Norm    1.2e-04 Gradient Max    5.8e-05
 Iter:   3 Current Energy =  -2.1663815975668523 Gradient Norm    1.2e-04 Gradient Max    6.1e-05
 Iter:   4 Current Energy =  -2.1663815982250090 Gradient Norm    8.5e-05 Gradient Max    3.8e-05
 Iter:   5 Current Energy =  -2.1663815983865611 Gradient Norm    1.1e-04 Gradient Max    5.8e-05
 Iter:   6 Current Energy =  -2.1663815986441444 Gradient Norm    8.0e-05 Gradient Max    4.4e-05
 Iter:   7 Current Energy =  -2.1663815988171868 Gradient Norm    5.7e-05 Gradient Max    3.3e-05
 Iter:   8 Current Energy =  -2.1663815989327588 Gradient Norm    2.4e-05 Gradient Max    1.6e-05
 Iter:   9 Current Energy =  -2.1663815989771127 Gradient Norm    1.8e-05 Gradient Max    1.3e-05
 Iter:  10 Current Energy =  -2.1663815989910686 Gradient Norm    1.2e-05 Gradient Max    7.4e-06
 Iter:  11 Current Energy =  -2.1663815990009203 Gradient Norm    5.0e-06 Gradient Max    2.2e-06
 Iter:  12 Current Energy =  -2.1663815990030688 Gradient Norm    6.0e-06 Gradient Max    2.9e-06
 Iter:  13 Current Energy =  -2.1663815990061828 Gradient Norm    3.6e-06 Gradient Max    1.8e-06
 Iter:  14 Current Energy =  -2.1663815990078241 Gradient Norm    1.7e-06 Gradient Max    1.0e-06
 Iter:  15 Current Energy =  -2.1663815990079485 Gradient Norm    2.3e-06 Gradient Max    1.2e-06
 Iter:  16 Current Energy =  -2.1663815990081678 Gradient Norm    1.9e-06 Gradient Max    1.0e-06
 Iter:  17 Current Energy =  -2.1663815990084347 Gradient Norm    1.0e-06 Gradient Max    6.1e-07
 Iter:  18 Current Energy =  -2.1663815990085329 Gradient Norm    2.7e-07 Gradient Max    1.2e-07
 Iter:  19 Current Energy =  -2.1663815990085449 Gradient Norm    1.1e-07 Gradient Max    4.8e-08
 Iter:  20 Current Energy =  -2.1663815990085453 Gradient Norm    5.1e-08 Gradient Max    2.0e-08
 Iter:  21 Current Energy =  -2.1663815990085480 Gradient Norm    3.1e-08 Gradient Max    1.7e-08
 Finished:      -2.166381599009
 -----------New ansatz----------- 
    #        Coeff               Term
    0  -0.00039995 (-0-1j) [Y0 Y1 X2 Y7]
    1   0.00153123 (-0-1j) [Y2 Y4 X5 Y7]
    2  -0.00894160 (-0-1j) [X0 Y5 Y6 Y7]
    3   0.01018944 (-0-1j) [Y0 X5 X6 X7]
    4  -0.00199361 (-0-1j) [X0 X1 X3 Y6]
    5  -0.01025845 (-0-1j) [Y1 X4 X6 X7]
    6  -0.01001480 (-0-1j) [Y1 Y4 Y6 X7]
    7  -0.00055961 (-0-1j) [X0 X2 Y3 X5]
    8   0.00515517 (-0-1j) [Y1 X5]
    9  -0.00509854 (-0-1j) [Y0 X4]
   10  -0.00265772 (-0-1j) [X3 Y7]
   11   0.00289839 (-0-1j) [X2 Y6]
   12   0.01409380 (-0-1j) [X0 X2 Y5 X7]
   13  -0.00335944 (-0-1j) [X4 Y5 X6 X7]
   14   0.01831251 (-0-1j) [X1 X3 Y4 X6]
   15  -0.02075405 (-0-1j) [X0 X2 X4 Y6]
   16   0.02758824 (-0-1j) [X1 Y3 X5 X7]
   17   0.01335528 (-0-1j) [X0 X1 X2 Y3]
   18  -0.05588635 (-0-1j) [X0 X3 Y5 X6]
   19   0.04551031 (-0-1j) [X1 Y2 X4 X7]
   20  -0.04159854 (-0-1j) [X2 X3 X6 Y7]
   21   0.06719877 (-0-1j) [Y0 X1 X4 X5]
   22   0.04802578 (-0-1j) [Y0 X1 X6 X7]
   23  -0.08004158 (-0-1j) [Y1 X2 X5 X6]
   24  -0.07619758 (-0-1j) [Y0 X3 X4 X7]
   25   0.19544502 (-0-1j) [Y2 X3 X4 X5]




 --------------------------------------------------------------------------
                         ADAPT-VQE iteration:  26
 --------------------------------------------------------------------------
 Check each new operator for coupling
 Measure Operator Pool Gradients:
 Variance:      0.00001312
 Uncertainty:   0.00362257
 Norm of <[H,A]> =   0.00564648
 Max  of <[H,A]> =   0.00000000
 Add operator   44
 Iter:   0 Current Energy =  -2.1663820272080776 Gradient Norm    1.9e-03 Gradient Max    1.8e-03
 Iter:   1 Current Energy =  -2.1663827924545549 Gradient Norm    1.6e-03 Gradient Max    1.5e-03
 Iter:   2 Current Energy =  -2.1663836486026677 Gradient Norm    2.6e-03 Gradient Max    1.8e-03
 Iter:   3 Current Energy =  -2.1663843178342419 Gradient Norm    2.0e-03 Gradient Max    1.2e-03
 Iter:   4 Current Energy =  -2.1663845463581484 Gradient Norm    9.7e-04 Gradient Max    8.0e-04
 Iter:   5 Current Energy =  -2.1663846282850754 Gradient Norm    4.4e-04 Gradient Max    2.4e-04
 Iter:   6 Current Energy =  -2.1663846481427318 Gradient Norm    2.5e-04 Gradient Max    1.5e-04
 Iter:   7 Current Energy =  -2.1663846545882475 Gradient Norm    1.9e-04 Gradient Max    1.5e-04
 Iter:   8 Current Energy =  -2.1663846579088593 Gradient Norm    1.1e-04 Gradient Max    6.0e-05
 Iter:   9 Current Energy =  -2.1663846608277684 Gradient Norm    1.3e-04 Gradient Max    6.5e-05
 Iter:  10 Current Energy =  -2.1663846620494436 Gradient Norm    1.2e-04 Gradient Max    5.7e-05
 Iter:  11 Current Energy =  -2.1663846636292576 Gradient Norm    6.4e-05 Gradient Max    3.4e-05
 Iter:  12 Current Energy =  -2.1663846642180533 Gradient Norm    2.6e-05 Gradient Max    1.2e-05
 Iter:  13 Current Energy =  -2.1663846642967095 Gradient Norm    1.0e-05 Gradient Max    5.1e-06
 Iter:  14 Current Energy =  -2.1663846643101645 Gradient Norm    4.1e-06 Gradient Max    2.4e-06
 Iter:  15 Current Energy =  -2.1663846643126092 Gradient Norm    1.7e-06 Gradient Max    7.4e-07
 Iter:  16 Current Energy =  -2.1663846643131333 Gradient Norm    8.1e-07 Gradient Max    3.3e-07
 Iter:  17 Current Energy =  -2.1663846643132758 Gradient Norm    5.6e-07 Gradient Max    2.6e-07
 Iter:  18 Current Energy =  -2.1663846643134246 Gradient Norm    5.0e-07 Gradient Max    2.0e-07
 Iter:  19 Current Energy =  -2.1663846643134397 Gradient Norm    6.1e-07 Gradient Max    3.8e-07
 Iter:  20 Current Energy =  -2.1663846643134663 Gradient Norm    4.4e-07 Gradient Max    2.6e-07
 Iter:  21 Current Energy =  -2.1663846643134970 Gradient Norm    2.1e-07 Gradient Max    1.2e-07
 Iter:  22 Current Energy =  -2.1663846643135001 Gradient Norm    7.7e-08 Gradient Max    4.2e-08
 Finished:      -2.166384664313
 -----------New ansatz----------- 
    #        Coeff               Term
    0   0.00306269 (-0-1j) [X0 Y1 Y2 Y7]
    1  -0.00320619 (-0-1j) [Y0 Y1 X2 Y7]
    2   0.00188775 (-0-1j) [Y2 Y4 X5 Y7]
    3  -0.00941955 (-0-1j) [X0 Y5 Y6 Y7]
    4   0.01020927 (-0-1j) [Y0 X5 X6 X7]
    5  -0.00219415 (-0-1j) [X0 X1 X3 Y6]
    6  -0.01046627 (-0-1j) [Y1 X4 X6 X7]
    7  -0.01022719 (-0-1j) [Y1 Y4 Y6 X7]
    8  -0.00054398 (-0-1j) [X0 X2 Y3 X5]
    9   0.00478013 (-0-1j) [Y1 X5]
   10  -0.00521400 (-0-1j) [Y0 X4]
   11  -0.00264465 (-0-1j) [X3 Y7]
   12   0.00259805 (-0-1j) [X2 Y6]
   13   0.01408801 (-0-1j) [X0 X2 Y5 X7]
   14  -0.00336650 (-0-1j) [X4 Y5 X6 X7]
   15   0.01826926 (-0-1j) [X1 X3 Y4 X6]
   16  -0.02074080 (-0-1j) [X0 X2 X4 Y6]
   17   0.02753959 (-0-1j) [X1 Y3 X5 X7]
   18   0.01335990 (-0-1j) [X0 X1 X2 Y3]
   19  -0.05586518 (-0-1j) [X0 X3 Y5 X6]
   20   0.04555591 (-0-1j) [X1 Y2 X4 X7]
   21  -0.04162453 (-0-1j) [X2 X3 X6 Y7]
   22   0.06728861 (-0-1j) [Y0 X1 X4 X5]
   23   0.04801199 (-0-1j) [Y0 X1 X6 X7]
   24  -0.08003844 (-0-1j) [Y1 X2 X5 X6]
   25  -0.07627031 (-0-1j) [Y0 X3 X4 X7]
   26   0.19536578 (-0-1j) [Y2 X3 X4 X5]




 --------------------------------------------------------------------------
                         ADAPT-VQE iteration:  27
 --------------------------------------------------------------------------
 Check each new operator for coupling
 Measure Operator Pool Gradients:
 Variance:      0.00000655
 Uncertainty:   0.00256011
 Norm of <[H,A]> =   0.00464388
 Max  of <[H,A]> =   0.00000000
 Add operator  176
 Iter:   0 Current Energy =  -2.1663849906095485 Gradient Norm    5.2e-04 Gradient Max    3.6e-04
 Iter:   1 Current Energy =  -2.1663850273451590 Gradient Norm    5.5e-04 Gradient Max    2.7e-04
 Iter:   2 Current Energy =  -2.1663850787281294 Gradient Norm    3.1e-04 Gradient Max    2.3e-04
 Iter:   3 Current Energy =  -2.1663850927873476 Gradient Norm    3.2e-04 Gradient Max    1.8e-04
 Iter:   4 Current Energy =  -2.1663850996088887 Gradient Norm    3.1e-04 Gradient Max    1.7e-04
 Iter:   5 Current Energy =  -2.1663851068304987 Gradient Norm    2.0e-04 Gradient Max    8.6e-05
 Iter:   6 Current Energy =  -2.1663851105245402 Gradient Norm    1.2e-04 Gradient Max    6.1e-05
 Iter:   7 Current Energy =  -2.1663851126180589 Gradient Norm    1.2e-04 Gradient Max    5.2e-05
 Iter:   8 Current Energy =  -2.1663851133941980 Gradient Norm    1.3e-04 Gradient Max    8.2e-05
 Iter:   9 Current Energy =  -2.1663851141158261 Gradient Norm    8.0e-05 Gradient Max    3.5e-05
 Iter:  10 Current Energy =  -2.1663851147558040 Gradient Norm    4.4e-05 Gradient Max    2.6e-05
 Iter:  11 Current Energy =  -2.1663851148688940 Gradient Norm    2.7e-05 Gradient Max    1.4e-05
 Iter:  12 Current Energy =  -2.1663851149120554 Gradient Norm    2.2e-05 Gradient Max    1.2e-05
 Iter:  13 Current Energy =  -2.1663851149562698 Gradient Norm    9.8e-06 Gradient Max    4.6e-06
 Iter:  14 Current Energy =  -2.1663851149680178 Gradient Norm    4.9e-06 Gradient Max    2.0e-06
 Iter:  15 Current Energy =  -2.1663851149714368 Gradient Norm    2.1e-06 Gradient Max    8.5e-07
 Iter:  16 Current Energy =  -2.1663851149729356 Gradient Norm    2.7e-06 Gradient Max    1.2e-06
 Iter:  17 Current Energy =  -2.1663851149738527 Gradient Norm    2.2e-06 Gradient Max    1.3e-06
 Iter:  18 Current Energy =  -2.1663851149743727 Gradient Norm    1.0e-06 Gradient Max    4.3e-07
 Iter:  19 Current Energy =  -2.1663851149745152 Gradient Norm    5.2e-07 Gradient Max    2.3e-07
 Iter:  20 Current Energy =  -2.1663851149745339 Gradient Norm    3.4e-07 Gradient Max    1.3e-07
 Iter:  21 Current Energy =  -2.1663851149745548 Gradient Norm    1.3e-07 Gradient Max    5.6e-08
 Iter:  22 Current Energy =  -2.1663851149745565 Gradient Norm    6.0e-08 Gradient Max    3.2e-08
 Iter:  23 Current Energy =  -2.1663851149745565 Gradient Norm    7.6e-08 Gradient Max    3.9e-08
 Finished:      -2.166385114975
 -----------New ansatz----------- 
    #        Coeff               Term
    0   0.00060642 (-0-1j) [Y1 X2 X3 X4]
    1   0.00334231 (-0-1j) [X0 Y1 Y2 Y7]
    2  -0.00352257 (-0-1j) [Y0 Y1 X2 Y7]
    3   0.00197242 (-0-1j) [Y2 Y4 X5 Y7]
    4  -0.00950237 (-0-1j) [X0 Y5 Y6 Y7]
    5   0.01020928 (-0-1j) [Y0 X5 X6 X7]
    6  -0.00222780 (-0-1j) [X0 X1 X3 Y6]
    7  -0.01027890 (-0-1j) [Y1 X4 X6 X7]
    8  -0.01006334 (-0-1j) [Y1 Y4 Y6 X7]
    9  -0.00055382 (-0-1j) [X0 X2 Y3 X5]
   10   0.00515886 (-0-1j) [Y1 X5]
   11  -0.00523096 (-0-1j) [Y0 X4]
   12  -0.00252091 (-0-1j) [X3 Y7]
   13   0.00260516 (-0-1j) [X2 Y6]
   14   0.01410076 (-0-1j) [X0 X2 Y5 X7]
   15  -0.00335815 (-0-1j) [X4 Y5 X6 X7]
   16   0.01825943 (-0-1j) [X1 X3 Y4 X6]
   17  -0.02074102 (-0-1j) [X0 X2 X4 Y6]
   18   0.02755425 (-0-1j) [X1 Y3 X5 X7]
   19   0.01335623 (-0-1j) [X0 X1 X2 Y3]
   20  -0.05585771 (-0-1j) [X0 X3 Y5 X6]
   21   0.04553589 (-0-1j) [X1 Y2 X4 X7]
   22  -0.04160447 (-0-1j) [X2 X3 X6 Y7]
   23   0.06727191 (-0-1j) [Y0 X1 X4 X5]
   24   0.04802096 (-0-1j) [Y0 X1 X6 X7]
   25  -0.08002183 (-0-1j) [Y1 X2 X5 X6]
   26  -0.07629062 (-0-1j) [Y0 X3 X4 X7]
   27   0.19539572 (-0-1j) [Y2 X3 X4 X5]




 --------------------------------------------------------------------------
                         ADAPT-VQE iteration:  28
 --------------------------------------------------------------------------
 Check each new operator for coupling
 Measure Operator Pool Gradients:
 Variance:      0.00000565
 Uncertainty:   0.00237716
 Norm of <[H,A]> =   0.00254448
 Max  of <[H,A]> =   0.00000000
 Add operator   61
 Iter:   0 Current Energy =  -2.1663852172666651 Gradient Norm    9.3e-04 Gradient Max    9.0e-04
 Iter:   1 Current Energy =  -2.1663854030350569 Gradient Norm    8.1e-04 Gradient Max    7.7e-04
 Iter:   2 Current Energy =  -2.1663856603107403 Gradient Norm    1.1e-03 Gradient Max    6.8e-04
 Iter:   3 Current Energy =  -2.1663858794481241 Gradient Norm    1.1e-03 Gradient Max    6.4e-04
 Iter:   4 Current Energy =  -2.1663859591708725 Gradient Norm    6.7e-04 Gradient Max    3.8e-04
 Iter:   5 Current Energy =  -2.1663859810058268 Gradient Norm    6.4e-04 Gradient Max    3.9e-04
 Iter:   6 Current Energy =  -2.1663860051062414 Gradient Norm    4.5e-04 Gradient Max    2.8e-04
 Iter:   7 Current Energy =  -2.1663860267257449 Gradient Norm    2.0e-04 Gradient Max    1.0e-04
 Iter:   8 Current Energy =  -2.1663860328609905 Gradient Norm    1.6e-04 Gradient Max    8.9e-05
 Iter:   9 Current Energy =  -2.1663860360037859 Gradient Norm    1.9e-04 Gradient Max    1.2e-04
 Iter:  10 Current Energy =  -2.1663860403232480 Gradient Norm    1.0e-04 Gradient Max    5.6e-05
 Iter:  11 Current Energy =  -2.1663860413269540 Gradient Norm    1.3e-04 Gradient Max    6.7e-05
 Iter:  12 Current Energy =  -2.1663860422152581 Gradient Norm    7.4e-05 Gradient Max    3.3e-05
 Iter:  13 Current Energy =  -2.1663860425745871 Gradient Norm    6.3e-05 Gradient Max    3.6e-05
 Iter:  14 Current Energy =  -2.1663860429700414 Gradient Norm    2.3e-05 Gradient Max    1.2e-05
 Iter:  15 Current Energy =  -2.1663860430231123 Gradient Norm    1.0e-05 Gradient Max    4.9e-06
 Iter:  16 Current Energy =  -2.1663860430355797 Gradient Norm    3.2e-06 Gradient Max    1.4e-06
 Iter:  17 Current Energy =  -2.1663860430375190 Gradient Norm    1.8e-06 Gradient Max    7.9e-07
 Iter:  18 Current Energy =  -2.1663860430387123 Gradient Norm    2.6e-06 Gradient Max    1.2e-06
 Iter:  19 Current Energy =  -2.1663860430397595 Gradient Norm    1.6e-06 Gradient Max    6.8e-07
 Iter:  20 Current Energy =  -2.1663860430399384 Gradient Norm    1.4e-06 Gradient Max    5.2e-07
 Iter:  21 Current Energy =  -2.1663860430401689 Gradient Norm    6.2e-07 Gradient Max    2.8e-07
 Iter:  22 Current Energy =  -2.1663860430402466 Gradient Norm    2.3e-07 Gradient Max    1.3e-07
 Iter:  23 Current Energy =  -2.1663860430402546 Gradient Norm    1.0e-07 Gradient Max    7.5e-08
 Iter:  24 Current Energy =  -2.1663860430402555 Gradient Norm    3.6e-08 Gradient Max    1.9e-08
 Finished:      -2.166386043040
 -----------New ansatz----------- 
    #        Coeff               Term
    0  -0.00189672 (-0-1j) [Y0 X1 Y3 Y6]
    1   0.00033283 (-0-1j) [Y1 X2 X3 X4]
    2   0.00288321 (-0-1j) [X0 Y1 Y2 Y7]
    3  -0.00320666 (-0-1j) [Y0 Y1 X2 Y7]
    4   0.00187976 (-0-1j) [Y2 Y4 X5 Y7]
    5  -0.00899713 (-0-1j) [X0 Y5 Y6 Y7]
    6   0.00985620 (-0-1j) [Y0 X5 X6 X7]
    7  -0.00396865 (-0-1j) [X0 X1 X3 Y6]
    8  -0.01022322 (-0-1j) [Y1 X4 X6 X7]
    9  -0.00999233 (-0-1j) [Y1 Y4 Y6 X7]
   10  -0.00053466 (-0-1j) [X0 X2 Y3 X5]
   11   0.00504345 (-0-1j) [Y1 X5]
   12  -0.00510278 (-0-1j) [Y0 X4]
   13  -0.00244925 (-0-1j) [X3 Y7]
   14   0.00277228 (-0-1j) [X2 Y6]
   15   0.01410155 (-0-1j) [X0 X2 Y5 X7]
   16  -0.00334825 (-0-1j) [X4 Y5 X6 X7]
   17   0.01829039 (-0-1j) [X1 X3 Y4 X6]
   18  -0.02071460 (-0-1j) [X0 X2 X4 Y6]
   19   0.02755059 (-0-1j) [X1 Y3 X5 X7]
   20   0.01336415 (-0-1j) [X0 X1 X2 Y3]
   21  -0.05587691 (-0-1j) [X0 X3 Y5 X6]
   22   0.04552976 (-0-1j) [X1 Y2 X4 X7]
   23  -0.04159674 (-0-1j) [X2 X3 X6 Y7]
   24   0.06729174 (-0-1j) [Y0 X1 X4 X5]
   25   0.04800798 (-0-1j) [Y0 X1 X6 X7]
   26  -0.08006115 (-0-1j) [Y1 X2 X5 X6]
   27  -0.07626059 (-0-1j) [Y0 X3 X4 X7]
   28   0.19538938 (-0-1j) [Y2 X3 X4 X5]




 --------------------------------------------------------------------------
                         ADAPT-VQE iteration:  29
 --------------------------------------------------------------------------
 Check each new operator for coupling
 Measure Operator Pool Gradients:
 Variance:      0.00000396
 Uncertainty:   0.00198996
 Norm of <[H,A]> =   0.00144668
 Max  of <[H,A]> =   0.00000000
 Add operator  311
 Iter:   0 Current Energy =  -2.1663860662654111 Gradient Norm    1.1e-04 Gradient Max    6.6e-05
 Iter:   1 Current Energy =  -2.1663860675551283 Gradient Norm    8.4e-05 Gradient Max    5.3e-05
 Iter:   2 Current Energy =  -2.1663860684720682 Gradient Norm    8.2e-05 Gradient Max    5.2e-05
 Iter:   3 Current Energy =  -2.1663860690797083 Gradient Norm    1.0e-04 Gradient Max    4.4e-05
 Iter:   4 Current Energy =  -2.1663860698565420 Gradient Norm    5.2e-05 Gradient Max    2.3e-05
 Iter:   5 Current Energy =  -2.1663860700324071 Gradient Norm    1.2e-04 Gradient Max    6.2e-05
 Iter:   6 Current Energy =  -2.1663860703280395 Gradient Norm    9.0e-05 Gradient Max    5.1e-05
 Iter:   7 Current Energy =  -2.1663860707117921 Gradient Norm    4.7e-05 Gradient Max    2.6e-05
 Iter:   8 Current Energy =  -2.1663860708255211 Gradient Norm    2.6e-05 Gradient Max    1.5e-05
 Iter:   9 Current Energy =  -2.1663860708687688 Gradient Norm    1.2e-05 Gradient Max    5.8e-06
 Iter:  10 Current Energy =  -2.1663860708860811 Gradient Norm    1.3e-05 Gradient Max    7.4e-06
 Iter:  11 Current Energy =  -2.1663860709065363 Gradient Norm    8.8e-06 Gradient Max    4.7e-06
 Iter:  12 Current Energy =  -2.1663860709131648 Gradient Norm    1.3e-05 Gradient Max    6.0e-06
 Iter:  13 Current Energy =  -2.1663860709236196 Gradient Norm    8.9e-06 Gradient Max    3.9e-06
 Iter:  14 Current Energy =  -2.1663860709269875 Gradient Norm    1.1e-05 Gradient Max    1.0e-05
 Iter:  15 Current Energy =  -2.1663860709316372 Gradient Norm    7.0e-06 Gradient Max    5.9e-06
 Iter:  16 Current Energy =  -2.1663860709341058 Gradient Norm    3.3e-06 Gradient Max    2.0e-06
 Iter:  17 Current Energy =  -2.1663860709348239 Gradient Norm    2.3e-06 Gradient Max    1.3e-06
 Iter:  18 Current Energy =  -2.1663860709351486 Gradient Norm    1.5e-06 Gradient Max    8.2e-07
 Iter:  19 Current Energy =  -2.1663860709354057 Gradient Norm    6.1e-07 Gradient Max    3.4e-07
 Iter:  20 Current Energy =  -2.1663860709354363 Gradient Norm    5.1e-07 Gradient Max    3.1e-07
 Iter:  21 Current Energy =  -2.1663860709354679 Gradient Norm    2.5e-07 Gradient Max    1.7e-07
 Iter:  22 Current Energy =  -2.1663860709354781 Gradient Norm    1.3e-07 Gradient Max    6.1e-08
 Iter:  23 Current Energy =  -2.1663860709354790 Gradient Norm    1.0e-07 Gradient Max    5.0e-08
 Iter:  24 Current Energy =  -2.1663860709354830 Gradient Norm    6.1e-08 Gradient Max    4.0e-08
 Iter:  25 Current Energy =  -2.1663860709354843 Gradient Norm    5.1e-08 Gradient Max    3.1e-08
 Finished:      -2.166386070935
 -----------New ansatz----------- 
    #        Coeff               Term
    0  -0.00013191 (-0-1j) [Y3 Y4 Y5 X6]
    1  -0.00199693 (-0-1j) [Y0 X1 Y3 Y6]
    2   0.00034621 (-0-1j) [Y1 X2 X3 X4]
    3   0.00289530 (-0-1j) [X0 Y1 Y2 Y7]
    4  -0.00322524 (-0-1j) [Y0 Y1 X2 Y7]
    5   0.00188276 (-0-1j) [Y2 Y4 X5 Y7]
    6  -0.00897356 (-0-1j) [X0 Y5 Y6 Y7]
    7   0.00983356 (-0-1j) [Y0 X5 X6 X7]
    8  -0.00408178 (-0-1j) [X0 X1 X3 Y6]
    9  -0.01022308 (-0-1j) [Y1 X4 X6 X7]
   10  -0.00999916 (-0-1j) [Y1 Y4 Y6 X7]
   11  -0.00053779 (-0-1j) [X0 X2 Y3 X5]
   12   0.00504252 (-0-1j) [Y1 X5]
   13  -0.00511496 (-0-1j) [Y0 X4]
   14  -0.00244292 (-0-1j) [X3 Y7]
   15   0.00274780 (-0-1j) [X2 Y6]
   16   0.01410131 (-0-1j) [X0 X2 Y5 X7]
   17  -0.00334758 (-0-1j) [X4 Y5 X6 X7]
   18   0.01829510 (-0-1j) [X1 X3 Y4 X6]
   19  -0.02071123 (-0-1j) [X0 X2 X4 Y6]
   20   0.02754951 (-0-1j) [X1 Y3 X5 X7]
   21   0.01336440 (-0-1j) [X0 X1 X2 Y3]
   22  -0.05588147 (-0-1j) [X0 X3 Y5 X6]
   23   0.04553144 (-0-1j) [X1 Y2 X4 X7]
   24  -0.04159967 (-0-1j) [X2 X3 X6 Y7]
   25   0.06729497 (-0-1j) [Y0 X1 X4 X5]
   26   0.04800561 (-0-1j) [Y0 X1 X6 X7]
   27  -0.08006657 (-0-1j) [Y1 X2 X5 X6]
   28  -0.07625741 (-0-1j) [Y0 X3 X4 X7]
   29   0.19538315 (-0-1j) [Y2 X3 X4 X5]




 --------------------------------------------------------------------------
                         ADAPT-VQE iteration:  30
 --------------------------------------------------------------------------
 Check each new operator for coupling
 Measure Operator Pool Gradients:
 Variance:      0.00000392
 Uncertainty:   0.00198003
 Norm of <[H,A]> =   0.00081420
 Max  of <[H,A]> =   0.00000000
 Add operator  120
 Iter:   0 Current Energy =  -2.1663860791462466 Gradient Norm    1.8e-04 Gradient Max    1.5e-04
 Iter:   1 Current Energy =  -2.1663860944874607 Gradient Norm    1.9e-04 Gradient Max    1.6e-04
 Iter:   2 Current Energy =  -2.1663861235345379 Gradient Norm    2.0e-04 Gradient Max    1.6e-04
 Iter:   3 Current Energy =  -2.1663863562386991 Gradient Norm    5.3e-04 Gradient Max    3.1e-04
 Iter:   4 Current Energy =  -2.1663866665427318 Gradient Norm    1.1e-03 Gradient Max    7.2e-04
 Iter:   5 Current Energy =  -2.1663869196918561 Gradient Norm    1.5e-03 Gradient Max    7.8e-04
 Iter:   6 Current Energy =  -2.1663870958050180 Gradient Norm    1.7e-03 Gradient Max    6.7e-04
 Iter:   7 Current Energy =  -2.1663872445820367 Gradient Norm    1.0e-03 Gradient Max    5.0e-04
 Iter:   8 Current Energy =  -2.1663873495505577 Gradient Norm    8.0e-04 Gradient Max    3.4e-04
 Iter:   9 Current Energy =  -2.1663873653938719 Gradient Norm    1.0e-03 Gradient Max    5.8e-04
 Iter:  10 Current Energy =  -2.1663873913216856 Gradient Norm    7.8e-04 Gradient Max    4.0e-04
 Iter:  11 Current Energy =  -2.1663874259834937 Gradient Norm    5.4e-04 Gradient Max    2.9e-04
 Iter:  12 Current Energy =  -2.1663874383477233 Gradient Norm    3.4e-04 Gradient Max    1.6e-04
 Iter:  13 Current Energy =  -2.1663874446698803 Gradient Norm    1.4e-04 Gradient Max    7.2e-05
 Iter:  14 Current Energy =  -2.1663874471140825 Gradient Norm    5.4e-05 Gradient Max    2.2e-05
 Iter:  15 Current Energy =  -2.1663874473439191 Gradient Norm    8.6e-05 Gradient Max    4.2e-05
 Iter:  16 Current Energy =  -2.1663874477406728 Gradient Norm    6.9e-05 Gradient Max    3.1e-05
 Iter:  17 Current Energy =  -2.1663874481346057 Gradient Norm    6.6e-05 Gradient Max    3.1e-05
 Iter:  18 Current Energy =  -2.1663874485258128 Gradient Norm    2.1e-05 Gradient Max    1.7e-05
 Iter:  19 Current Energy =  -2.1663874485992922 Gradient Norm    9.9e-06 Gradient Max    5.4e-06
 Iter:  20 Current Energy =  -2.1663874486199566 Gradient Norm    8.4e-06 Gradient Max    4.1e-06
 Iter:  21 Current Energy =  -2.1663874486220718 Gradient Norm    7.9e-06 Gradient Max    4.5e-06
 Iter:  22 Current Energy =  -2.1663874486259052 Gradient Norm    6.4e-06 Gradient Max    3.5e-06
 Iter:  23 Current Energy =  -2.1663874486316392 Gradient Norm    3.1e-06 Gradient Max    1.9e-06
 Iter:  24 Current Energy =  -2.1663874486334009 Gradient Norm    2.4e-06 Gradient Max    1.5e-06
 Iter:  25 Current Energy =  -2.1663874486341048 Gradient Norm    1.4e-06 Gradient Max    7.9e-07
 Iter:  26 Current Energy =  -2.1663874486343042 Gradient Norm    1.2e-06 Gradient Max    6.5e-07
 Iter:  27 Current Energy =  -2.1663874486345640 Gradient Norm    5.3e-07 Gradient Max    2.4e-07
 Iter:  28 Current Energy =  -2.1663874486346937 Gradient Norm    4.7e-07 Gradient Max    2.5e-07
 Iter:  29 Current Energy =  -2.1663874486347288 Gradient Norm    4.5e-07 Gradient Max    3.6e-07
 Iter:  30 Current Energy =  -2.1663874486347572 Gradient Norm    1.8e-07 Gradient Max    8.4e-08
 Iter:  31 Current Energy =  -2.1663874486347652 Gradient Norm    7.5e-08 Gradient Max    3.4e-08
 Iter:  32 Current Energy =  -2.1663874486347665 Gradient Norm    3.3e-08 Gradient Max    1.4e-08
 Iter:  33 Current Energy =  -2.1663874486347683 Gradient Norm    1.9e-08 Gradient Max    9.2e-09
 Iter:  34 Current Energy =  -2.1663874486347683 Gradient Norm    1.5e-08 Gradient Max    7.4e-09
 Finished:      -2.166387448635
 -----------New ansatz----------- 
    #        Coeff               Term
    0  -0.01585082 (-0-1j) [Y0 X2 X5 X7]
    1  -0.00003660 (-0-1j) [Y3 Y4 Y5 X6]
    2  -0.00208158 (-0-1j) [Y0 X1 Y3 Y6]
    3   0.00031672 (-0-1j) [Y1 X2 X3 X4]
    4   0.00283349 (-0-1j) [X0 Y1 Y2 Y7]
    5  -0.00318478 (-0-1j) [Y0 Y1 X2 Y7]
    6   0.00192714 (-0-1j) [Y2 Y4 X5 Y7]
    7  -0.00892589 (-0-1j) [X0 Y5 Y6 Y7]
    8   0.00985907 (-0-1j) [Y0 X5 X6 X7]
    9  -0.00421314 (-0-1j) [X0 X1 X3 Y6]
   10  -0.01058008 (-0-1j) [Y1 X4 X6 X7]
   11  -0.01027988 (-0-1j) [Y1 Y4 Y6 X7]
   12  -0.00059594 (-0-1j) [X0 X2 Y3 X5]
   13   0.00498088 (-0-1j) [Y1 X5]
   14  -0.00503896 (-0-1j) [Y0 X4]
   15  -0.00243028 (-0-1j) [X3 Y7]
   16   0.00297740 (-0-1j) [X2 Y6]
   17  -0.00067369 (-0-1j) [X0 X2 Y5 X7]
   18  -0.00356730 (-0-1j) [X4 Y5 X6 X7]
   19   0.01741286 (-0-1j) [X1 X3 Y4 X6]
   20  -0.02128130 (-0-1j) [X0 X2 X4 Y6]
   21   0.02843091 (-0-1j) [X1 Y3 X5 X7]
   22   0.01193929 (-0-1j) [X0 X1 X2 Y3]
   23  -0.05593292 (-0-1j) [X0 X3 Y5 X6]
   24   0.04529622 (-0-1j) [X1 Y2 X4 X7]
   25  -0.04126369 (-0-1j) [X2 X3 X6 Y7]
   26   0.06780481 (-0-1j) [Y0 X1 X4 X5]
   27   0.05035024 (-0-1j) [Y0 X1 X6 X7]
   28  -0.07852950 (-0-1j) [Y1 X2 X5 X6]
   29  -0.08215720 (-0-1j) [Y0 X3 X4 X7]
   30   0.19275586 (-0-1j) [Y2 X3 X4 X5]




 --------------------------------------------------------------------------
                         ADAPT-VQE iteration:  31
 --------------------------------------------------------------------------
 Check each new operator for coupling
 Measure Operator Pool Gradients:
 Variance:     -0.00000000
 Uncertainty:          nan
 Norm of <[H,A]> =   0.00000004
 Max  of <[H,A]> =   0.00000000
 Ansatz Growth Converged!
 Number of operators in ansatz:  31
 *Finished:      -2.166387448635
 -----------Final ansatz----------- 
    #        Coeff               Term
    0  -0.01585082 (-0-1j) [Y0 X2 X5 X7]
    1  -0.00003660 (-0-1j) [Y3 Y4 Y5 X6]
    2  -0.00208158 (-0-1j) [Y0 X1 Y3 Y6]
    3   0.00031672 (-0-1j) [Y1 X2 X3 X4]
    4   0.00283349 (-0-1j) [X0 Y1 Y2 Y7]
    5  -0.00318478 (-0-1j) [Y0 Y1 X2 Y7]
    6   0.00192714 (-0-1j) [Y2 Y4 X5 Y7]
    7  -0.00892589 (-0-1j) [X0 Y5 Y6 Y7]
    8   0.00985907 (-0-1j) [Y0 X5 X6 X7]
    9  -0.00421314 (-0-1j) [X0 X1 X3 Y6]
   10  -0.01058008 (-0-1j) [Y1 X4 X6 X7]
   11  -0.01027988 (-0-1j) [Y1 Y4 Y6 X7]
   12  -0.00059594 (-0-1j) [X0 X2 Y3 X5]
   13   0.00498088 (-0-1j) [Y1 X5]
   14  -0.00503896 (-0-1j) [Y0 X4]
   15  -0.00243028 (-0-1j) [X3 Y7]
   16   0.00297740 (-0-1j) [X2 Y6]
   17  -0.00067369 (-0-1j) [X0 X2 Y5 X7]
   18  -0.00356730 (-0-1j) [X4 Y5 X6 X7]
   19   0.01741286 (-0-1j) [X1 X3 Y4 X6]
   20  -0.02128130 (-0-1j) [X0 X2 X4 Y6]
   21   0.02843091 (-0-1j) [X1 Y3 X5 X7]
   22   0.01193929 (-0-1j) [X0 X1 X2 Y3]
   23  -0.05593292 (-0-1j) [X0 X3 Y5 X6]
   24   0.04529622 (-0-1j) [X1 Y2 X4 X7]
   25  -0.04126369 (-0-1j) [X2 X3 X6 Y7]
   26   0.06780481 (-0-1j) [Y0 X1 X4 X5]
   27   0.05035024 (-0-1j) [Y0 X1 X6 X7]
   28  -0.07852950 (-0-1j) [Y1 X2 X5 X6]
   29  -0.08215720 (-0-1j) [Y0 X3 X4 X7]
   30   0.19275586 (-0-1j) [Y2 X3 X4 X5]
 Final ADAPT-VQE energy:  -2.16638745
 <S^2> of final state  :   0.00000000
