 ---------------------------------------------------------
                                                          
                      Using Pyscf:
                                                          
 ---------------------------------------------------------
                                                          
converged SCF energy = -2.09854593699776

System and Method:
[('H', (0, 0, 1.0)), ('H', (0, 0, 2.0)), ('H', (0, 0, 3.0)), ('H', (0, 0, 4.0))]
Basis set                                      :      sto-3g
Number of Orbitals                             :         4
Number of electrons                            :         4
Nuclear Repulsion                              :    2.2931012473 
Electronic SCF energy                          :   -4.3916471843 
SCF Energy                                     :   -2.0985459370
 AO->MO
 NElectrons:    2    2
 ecore:   0.00000000
 ERIs in the active-space:
(4, 4, 4, 4)    0.00204800 Mb
 n_orb:    4
 n_a  :    2
 n_b  :    2
 HF Energy:  -2.09854594
 Build reference state with    2 alpha and    2 beta electrons [0, 2, 1, 3]
 State    0:  -2.16638745 au  <S2>:  -0.00000000
 Form Pauli operators
 Number of operators:  328
 Reference Energy:  -2.09854594
 Generate Sparse Matrices for operators in pool
 Start ADAPT-VQE algorithm
 Now start to grow the ansatz




 --------------------------------------------------------------------------
                         ADAPT-VQE iteration:  0
 --------------------------------------------------------------------------
 Check each new operator for coupling
 Measure Operator Pool Gradients:
 Variance:      0.08001674
 Uncertainty:   0.28287231
 Norm of <[H,A]> =   1.60016743
 Max  of <[H,A]> =   0.00000000
 Add operator  256
 Add operator   88
 Iter:   0 Current Energy =  -2.1213312122665373 Gradient Norm    1.7e-01 Gradient Max    1.4e-01
 Iter:   1 Current Energy =  -2.1268663598213546 Gradient Norm    2.1e-03 Gradient Max    1.9e-03
 Iter:   2 Current Energy =  -2.1268669674812983 Gradient Norm    1.9e-05 Gradient Max    1.6e-05
 Iter:   3 Current Energy =  -2.1268669675452410 Gradient Norm    9.9e-09 Gradient Max    7.2e-09
 Iter:   4 Current Energy =  -2.1268669675452410 Gradient Norm    2.2e-11 Gradient Max    1.9e-11
 Finished:      -2.126866967545
 -----------New ansatz----------- 
    #        Coeff               Term
    0   0.04495913 (-0-1j) [Y0 X1 X6 X7]
    1   0.17282719 (-0-1j) [Y2 X3 X4 X5]




 --------------------------------------------------------------------------
                         ADAPT-VQE iteration:  1
 --------------------------------------------------------------------------
 Check each new operator for coupling
 Measure Operator Pool Gradients:
 Variance:      0.06314936
 Uncertainty:   0.25129536
 Norm of <[H,A]> =   1.38261517
 Max  of <[H,A]> =   0.00000000
 Add operator  136
 Add operator  208
 Iter:   0 Current Energy =  -2.1499446487894667 Gradient Norm    6.4e-02 Gradient Max    4.8e-02
 Iter:   1 Current Energy =  -2.1505981247642252 Gradient Norm    2.7e-02 Gradient Max    2.0e-02
 Iter:   2 Current Energy =  -2.1507574167249284 Gradient Norm    1.1e-03 Gradient Max    7.7e-04
 Iter:   3 Current Energy =  -2.1507576302765443 Gradient Norm    4.2e-06 Gradient Max    4.0e-06
 Iter:   4 Current Energy =  -2.1507576302785072 Gradient Norm    1.1e-08 Gradient Max    9.8e-09
 Iter:   5 Current Energy =  -2.1507576302785076 Gradient Norm    5.4e-09 Gradient Max    4.9e-09
 Finished:      -2.150757630279
 -----------New ansatz----------- 
    #        Coeff               Term
    0  -0.09392401 (-0-1j) [Y1 X2 X5 X6]
    1  -0.09392401 (-0-1j) [Y0 X3 X4 X7]
    2   0.05612218 (-0-1j) [Y0 X1 X6 X7]
    3   0.19843534 (-0-1j) [Y2 X3 X4 X5]




 --------------------------------------------------------------------------
                         ADAPT-VQE iteration:  2
 --------------------------------------------------------------------------
 Check each new operator for coupling
 Measure Operator Pool Gradients:
 Variance:      0.01994702
 Uncertainty:   0.14123392
 Norm of <[H,A]> =   0.75615072
 Max  of <[H,A]> =   0.00000000
 Add operator   64
 Add operator  280
 Iter:   0 Current Energy =  -2.1563243720848009 Gradient Norm    5.7e-02 Gradient Max    3.3e-02
 Iter:   1 Current Energy =  -2.1568940762087716 Gradient Norm    2.2e-02 Gradient Max    1.6e-02
 Iter:   2 Current Energy =  -2.1570019567896415 Gradient Norm    8.2e-03 Gradient Max    5.7e-03
 Iter:   3 Current Energy =  -2.1570121628880421 Gradient Norm    1.7e-03 Gradient Max    1.1e-03
 Iter:   4 Current Energy =  -2.1570123504265690 Gradient Norm    1.1e-03 Gradient Max    1.0e-03
 Iter:   5 Current Energy =  -2.1570125265067164 Gradient Norm    3.5e-04 Gradient Max    2.5e-04
 Iter:   6 Current Energy =  -2.1570125415591481 Gradient Norm    9.0e-05 Gradient Max    5.6e-05
 Iter:   7 Current Energy =  -2.1570125420610911 Gradient Norm    6.3e-05 Gradient Max    5.7e-05
 Iter:   8 Current Energy =  -2.1570125426631130 Gradient Norm    2.1e-05 Gradient Max    1.7e-05
 Iter:   9 Current Energy =  -2.1570125427285975 Gradient Norm    4.6e-06 Gradient Max    3.0e-06
 Iter:  10 Current Energy =  -2.1570125427315801 Gradient Norm    1.3e-07 Gradient Max    8.4e-08
 Iter:  11 Current Energy =  -2.1570125427315845 Gradient Norm    4.6e-09 Gradient Max    3.7e-09
 Iter:  12 Current Energy =  -2.1570125427315849 Gradient Norm    2.3e-11 Gradient Max    1.7e-11
 Finished:      -2.157012542732
 -----------New ansatz----------- 
    #        Coeff               Term
    0   0.03510749 (-0-1j) [Y2 X3 X6 X7]
    1   0.05420890 (-0-1j) [Y0 X1 X4 X5]
    2  -0.09286547 (-0-1j) [Y1 X2 X5 X6]
    3  -0.09370632 (-0-1j) [Y0 X3 X4 X7]
    4   0.04869854 (-0-1j) [Y0 X1 X6 X7]
    5   0.17605240 (-0-1j) [Y2 X3 X4 X5]




 --------------------------------------------------------------------------
                         ADAPT-VQE iteration:  3
 --------------------------------------------------------------------------
 Check each new operator for coupling
 Measure Operator Pool Gradients:
 Variance:      0.01409224
 Uncertainty:   0.11871073
 Norm of <[H,A]> =   0.65864895
 Max  of <[H,A]> =   0.00000000
 Add operator  201
 Add operator  145
 Iter:   0 Current Energy =  -2.1631939174263346 Gradient Norm    7.9e-02 Gradient Max    4.2e-02
 Iter:   1 Current Energy =  -2.1640542291617346 Gradient Norm    2.0e-02 Gradient Max    1.5e-02
 Iter:   2 Current Energy =  -2.1641109020989511 Gradient Norm    2.8e-03 Gradient Max    1.5e-03
 Iter:   3 Current Energy =  -2.1641120848093620 Gradient Norm    1.4e-03 Gradient Max    7.3e-04
 Iter:   4 Current Energy =  -2.1641122420378394 Gradient Norm    1.0e-03 Gradient Max    5.9e-04
 Iter:   5 Current Energy =  -2.1641124408574686 Gradient Norm    3.9e-04 Gradient Max    2.3e-04
 Iter:   6 Current Energy =  -2.1641124751839778 Gradient Norm    1.6e-04 Gradient Max    9.2e-05
 Iter:   7 Current Energy =  -2.1641124789531698 Gradient Norm    5.1e-05 Gradient Max    3.3e-05
 Iter:   8 Current Energy =  -2.1641124793271835 Gradient Norm    2.1e-05 Gradient Max    1.1e-05
 Iter:   9 Current Energy =  -2.1641124793935291 Gradient Norm    6.8e-06 Gradient Max    4.2e-06
 Iter:  10 Current Energy =  -2.1641124793991771 Gradient Norm    3.3e-06 Gradient Max    2.4e-06
 Iter:  11 Current Energy =  -2.1641124794004902 Gradient Norm    1.8e-06 Gradient Max    1.3e-06
 Iter:  12 Current Energy =  -2.1641124794010169 Gradient Norm    3.7e-09 Gradient Max    2.8e-09
 Iter:  13 Current Energy =  -2.1641124794010174 Gradient Norm    1.6e-09 Gradient Max    1.2e-09
 Iter:  14 Current Energy =  -2.1641124794010178 Gradient Norm    7.0e-16 Gradient Max    5.2e-16
 Finished:      -2.164112479401
 -----------New ansatz----------- 
    #        Coeff               Term
    0   0.05123022 (-0-1j) [X0 Y3 X5 X6]
    1   0.05411086 (-0-1j) [X1 Y2 X4 X7]
    2   0.04477626 (-0-1j) [Y2 X3 X6 X7]
    3   0.06651978 (-0-1j) [Y0 X1 X4 X5]
    4  -0.08383585 (-0-1j) [Y1 X2 X5 X6]
    5  -0.08275378 (-0-1j) [Y0 X3 X4 X7]
    6   0.04992734 (-0-1j) [Y0 X1 X6 X7]
    7   0.18711959 (-0-1j) [Y2 X3 X4 X5]




 --------------------------------------------------------------------------
                         ADAPT-VQE iteration:  4
 --------------------------------------------------------------------------
 Check each new operator for coupling
 Measure Operator Pool Gradients:
 Variance:      0.00400528
 Uncertainty:   0.06328730
 Norm of <[H,A]> =   0.34048088
 Max  of <[H,A]> =   0.00000000
 Add operator  235
 Add operator  115
 Iter:   0 Current Energy =  -2.1657149730758380 Gradient Norm    3.1e-02 Gradient Max    1.9e-02
 Iter:   1 Current Energy =  -2.1658608398259243 Gradient Norm    8.9e-03 Gradient Max    5.6e-03
 Iter:   2 Current Energy =  -2.1658771359331142 Gradient Norm    2.4e-03 Gradient Max    1.3e-03
 Iter:   3 Current Energy =  -2.1658779998735382 Gradient Norm    8.0e-04 Gradient Max    3.9e-04
 Iter:   4 Current Energy =  -2.1658780883127799 Gradient Norm    3.5e-04 Gradient Max    2.3e-04
 Iter:   5 Current Energy =  -2.1658781149488147 Gradient Norm    5.5e-05 Gradient Max    3.2e-05
 Iter:   6 Current Energy =  -2.1658781153799547 Gradient Norm    2.2e-05 Gradient Max    1.8e-05
 Iter:   7 Current Energy =  -2.1658781154555324 Gradient Norm    7.1e-06 Gradient Max    3.7e-06
 Iter:   8 Current Energy =  -2.1658781154627467 Gradient Norm    3.2e-06 Gradient Max    2.5e-06
 Iter:   9 Current Energy =  -2.1658781154634883 Gradient Norm    2.5e-06 Gradient Max    1.7e-06
 Iter:  10 Current Energy =  -2.1658781154644293 Gradient Norm    9.9e-07 Gradient Max    6.3e-07
 Iter:  11 Current Energy =  -2.1658781154645279 Gradient Norm    6.7e-07 Gradient Max    3.4e-07
 Iter:  12 Current Energy =  -2.1658781154645830 Gradient Norm    3.7e-07 Gradient Max    1.7e-07
 Iter:  13 Current Energy =  -2.1658781154646003 Gradient Norm    1.6e-07 Gradient Max    1.4e-07
 Iter:  14 Current Energy =  -2.1658781154646052 Gradient Norm    1.7e-08 Gradient Max    1.1e-08
 Iter:  15 Current Energy =  -2.1658781154646070 Gradient Norm    1.7e-09 Gradient Max    8.8e-10
 Finished:      -2.165878115465
 -----------New ansatz----------- 
    #        Coeff               Term
    0  -0.01701654 (-0-1j) [X0 X2 X4 Y6]
    1  -0.03306729 (-0-1j) [X1 X3 X5 Y7]
    2   0.05478947 (-0-1j) [X0 Y3 X5 X6]
    3   0.05805021 (-0-1j) [X1 Y2 X4 X7]
    4   0.03970199 (-0-1j) [Y2 X3 X6 X7]
    5   0.06841998 (-0-1j) [Y0 X1 X4 X5]
    6  -0.08068865 (-0-1j) [Y1 X2 X5 X6]
    7  -0.07900971 (-0-1j) [Y0 X3 X4 X7]
    8   0.05503326 (-0-1j) [Y0 X1 X6 X7]
    9   0.18367458 (-0-1j) [Y2 X3 X4 X5]




 --------------------------------------------------------------------------
                         ADAPT-VQE iteration:  5
 --------------------------------------------------------------------------
 Check each new operator for coupling
 Measure Operator Pool Gradients:
 Variance:      0.00117578
 Uncertainty:   0.03428965
 Norm of <[H,A]> =   0.17207532
 Max  of <[H,A]> =   0.00000000
 Add operator   27
 Add operator  323
 Iter:   0 Current Energy =  -2.1660284085725703 Gradient Norm    1.5e-02 Gradient Max    7.7e-03
 Iter:   1 Current Energy =  -2.1660511112792618 Gradient Norm    7.0e-03 Gradient Max    5.5e-03
 Iter:   2 Current Energy =  -2.1660551047320289 Gradient Norm    2.4e-03 Gradient Max    1.3e-03
 Iter:   3 Current Energy =  -2.1660559467574156 Gradient Norm    6.8e-04 Gradient Max    3.8e-04
 Iter:   4 Current Energy =  -2.1660560337214521 Gradient Norm    1.5e-04 Gradient Max    7.2e-05
 Iter:   5 Current Energy =  -2.1660560375303506 Gradient Norm    6.3e-05 Gradient Max    3.8e-05
 Iter:   6 Current Energy =  -2.1660560381822185 Gradient Norm    1.5e-05 Gradient Max    7.5e-06
 Iter:   7 Current Energy =  -2.1660560382179321 Gradient Norm    5.1e-06 Gradient Max    3.3e-06
 Iter:   8 Current Energy =  -2.1660560382185161 Gradient Norm    3.7e-06 Gradient Max    1.9e-06
 Iter:   9 Current Energy =  -2.1660560382195464 Gradient Norm    2.8e-06 Gradient Max    1.6e-06
 Iter:  10 Current Energy =  -2.1660560382208565 Gradient Norm    1.5e-06 Gradient Max    9.9e-07
 Iter:  11 Current Energy =  -2.1660560382210670 Gradient Norm    9.6e-07 Gradient Max    5.5e-07
 Iter:  12 Current Energy =  -2.1660560382211766 Gradient Norm    4.0e-07 Gradient Max    2.4e-07
 Iter:  13 Current Energy =  -2.1660560382211971 Gradient Norm    2.6e-07 Gradient Max    1.5e-07
 Iter:  14 Current Energy =  -2.1660560382212064 Gradient Norm    6.7e-08 Gradient Max    3.9e-08
 Iter:  15 Current Energy =  -2.1660560382212064 Gradient Norm    2.4e-08 Gradient Max    1.8e-08
 Finished:      -2.166056038221
 -----------New ansatz----------- 
    #        Coeff               Term
    0   0.00244851 (-0-1j) [X4 X5 X6 Y7]
    1   0.00640472 (-0-1j) [X0 X1 X2 Y3]
    2  -0.01625730 (-0-1j) [X0 X2 X4 Y6]
    3  -0.03244312 (-0-1j) [X1 X3 X5 Y7]
    4   0.05285538 (-0-1j) [X0 Y3 X5 X6]
    5   0.05751680 (-0-1j) [X1 Y2 X4 X7]
    6   0.04109648 (-0-1j) [Y2 X3 X6 X7]
    7   0.07100721 (-0-1j) [Y0 X1 X4 X5]
    8  -0.08014901 (-0-1j) [Y1 X2 X5 X6]
    9  -0.07804132 (-0-1j) [Y0 X3 X4 X7]
   10   0.05478008 (-0-1j) [Y0 X1 X6 X7]
   11   0.18492302 (-0-1j) [Y2 X3 X4 X5]




 --------------------------------------------------------------------------
                         ADAPT-VQE iteration:  6
 --------------------------------------------------------------------------
 Check each new operator for coupling
 Measure Operator Pool Gradients:
 Variance:      0.00043586
 Uncertainty:   0.02087716
 Norm of <[H,A]> =   0.07402325
 Max  of <[H,A]> =   0.00000000
 Add operator  225
 Add operator  121
 Iter:   0 Current Energy =  -2.1661907818885804 Gradient Norm    1.3e-02 Gradient Max    6.4e-03
 Iter:   1 Current Energy =  -2.1662035580199155 Gradient Norm    7.8e-03 Gradient Max    4.4e-03
 Iter:   2 Current Energy =  -2.1662102288668290 Gradient Norm    3.2e-03 Gradient Max    2.0e-03
 Iter:   3 Current Energy =  -2.1662121426488428 Gradient Norm    1.6e-03 Gradient Max    1.0e-03
 Iter:   4 Current Energy =  -2.1662124187892546 Gradient Norm    9.1e-04 Gradient Max    4.9e-04
 Iter:   5 Current Energy =  -2.1662125033787762 Gradient Norm    1.4e-04 Gradient Max    8.4e-05
 Iter:   6 Current Energy =  -2.1662125066579048 Gradient Norm    2.1e-05 Gradient Max    1.3e-05
 Iter:   7 Current Energy =  -2.1662125067374656 Gradient Norm    4.4e-06 Gradient Max    2.0e-06
 Iter:   8 Current Energy =  -2.1662125067404352 Gradient Norm    1.5e-06 Gradient Max    9.2e-07
 Iter:   9 Current Energy =  -2.1662125067406728 Gradient Norm    6.9e-07 Gradient Max    4.6e-07
 Iter:  10 Current Energy =  -2.1662125067406932 Gradient Norm    3.0e-07 Gradient Max    1.9e-07
 Iter:  11 Current Energy =  -2.1662125067407101 Gradient Norm    1.4e-07 Gradient Max    8.0e-08
 Iter:  12 Current Energy =  -2.1662125067407145 Gradient Norm    4.4e-08 Gradient Max    2.1e-08
 Finished:      -2.166212506741
 -----------New ansatz----------- 
    #        Coeff               Term
    0  -0.00953513 (-0-1j) [X0 Y2 X5 X7]
    1  -0.00997918 (-0-1j) [X1 Y3 X4 X6]
    2   0.00190078 (-0-1j) [X4 X5 X6 Y7]
    3   0.00619119 (-0-1j) [X0 X1 X2 Y3]
    4  -0.01566166 (-0-1j) [X0 X2 X4 Y6]
    5  -0.03182756 (-0-1j) [X1 X3 X5 Y7]
    6   0.05225384 (-0-1j) [X0 Y3 X5 X6]
    7   0.05682869 (-0-1j) [X1 Y2 X4 X7]
    8   0.04080386 (-0-1j) [Y2 X3 X6 X7]
    9   0.07101073 (-0-1j) [Y0 X1 X4 X5]
   10  -0.07986185 (-0-1j) [Y1 X2 X5 X6]
   11  -0.07777107 (-0-1j) [Y0 X3 X4 X7]
   12   0.05277078 (-0-1j) [Y0 X1 X6 X7]
   13   0.18857549 (-0-1j) [Y2 X3 X4 X5]




 --------------------------------------------------------------------------
                         ADAPT-VQE iteration:  7
 --------------------------------------------------------------------------
 Check each new operator for coupling
 Measure Operator Pool Gradients:
 Variance:      0.00028503
 Uncertainty:   0.01688297
 Norm of <[H,A]> =   0.03457029
 Max  of <[H,A]> =   0.00000000
 Add operator   16
 Add operator   18
 Add operator    4
 Add operator    6
 Iter:   0 Current Energy =  -2.1662900579118172 Gradient Norm    6.2e-03 Gradient Max    3.5e-03
 Iter:   1 Current Energy =  -2.1662980054965009 Gradient Norm    4.9e-03 Gradient Max    2.3e-03
 Iter:   2 Current Energy =  -2.1662997336370702 Gradient Norm    2.4e-03 Gradient Max    1.3e-03
 Iter:   3 Current Energy =  -2.1663001841829765 Gradient Norm    2.6e-03 Gradient Max    2.1e-03
 Iter:   4 Current Energy =  -2.1663005341694008 Gradient Norm    1.8e-03 Gradient Max    1.4e-03
 Iter:   5 Current Energy =  -2.1663008242025446 Gradient Norm    7.9e-04 Gradient Max    4.8e-04
 Iter:   6 Current Energy =  -2.1663008997881326 Gradient Norm    2.9e-04 Gradient Max    1.4e-04
 Iter:   7 Current Energy =  -2.1663009158504476 Gradient Norm    1.3e-04 Gradient Max    6.3e-05
 Iter:   8 Current Energy =  -2.1663009179083108 Gradient Norm    5.9e-05 Gradient Max    3.1e-05
 Iter:   9 Current Energy =  -2.1663009182887647 Gradient Norm    2.4e-05 Gradient Max    1.1e-05
 Iter:  10 Current Energy =  -2.1663009183634836 Gradient Norm    7.1e-06 Gradient Max    3.1e-06
 Iter:  11 Current Energy =  -2.1663009183726465 Gradient Norm    1.4e-06 Gradient Max    9.9e-07
 Iter:  12 Current Energy =  -2.1663009183730524 Gradient Norm    1.7e-07 Gradient Max    8.0e-08
 Iter:  13 Current Energy =  -2.1663009183730573 Gradient Norm    1.6e-07 Gradient Max    8.7e-08
 Iter:  14 Current Energy =  -2.1663009183730599 Gradient Norm    6.7e-08 Gradient Max    4.1e-08
 Iter:  15 Current Energy =  -2.1663009183730608 Gradient Norm    2.5e-08 Gradient Max    1.2e-08
 Iter:  16 Current Energy =  -2.1663009183730626 Gradient Norm    2.6e-09 Gradient Max    1.2e-09
 Finished:      -2.166300918373
 -----------New ansatz----------- 
    #        Coeff               Term
    0  -0.00569067 (-0-1j) [X1 Y5]
    1   0.00569401 (-0-1j) [X0 Y4]
    2  -0.00417515 (-0-1j) [X3 Y7]
    3   0.00417475 (-0-1j) [X2 Y6]
    4  -0.00971257 (-0-1j) [X0 Y2 X5 X7]
    5  -0.01012196 (-0-1j) [X1 Y3 X4 X6]
    6   0.00185585 (-0-1j) [X4 X5 X6 Y7]
    7   0.00617107 (-0-1j) [X0 X1 X2 Y3]
    8  -0.01647418 (-0-1j) [X0 X2 X4 Y6]
    9  -0.03224879 (-0-1j) [X1 X3 X5 Y7]
   10   0.05161066 (-0-1j) [X0 Y3 X5 X6]
   11   0.05611558 (-0-1j) [X1 Y2 X4 X7]
   12   0.03980992 (-0-1j) [Y2 X3 X6 X7]
   13   0.06971810 (-0-1j) [Y0 X1 X4 X5]
   14  -0.07963933 (-0-1j) [Y1 X2 X5 X6]
   15  -0.07762421 (-0-1j) [Y0 X3 X4 X7]
   16   0.05318190 (-0-1j) [Y0 X1 X6 X7]
   17   0.19103006 (-0-1j) [Y2 X3 X4 X5]




 --------------------------------------------------------------------------
                         ADAPT-VQE iteration:  8
 --------------------------------------------------------------------------
 Check each new operator for coupling
 Measure Operator Pool Gradients:
 Variance:      0.00019390
 Uncertainty:   0.01392471
 Norm of <[H,A]> =   0.03131921
 Max  of <[H,A]> =   0.00000000
 Add operator  248
 Add operator  103
 Iter:   0 Current Energy =  -2.1663086093060167 Gradient Norm    1.9e-03 Gradient Max    1.3e-03
 Iter:   1 Current Energy =  -2.1663091759051372 Gradient Norm    7.0e-04 Gradient Max    5.5e-04
 Iter:   2 Current Energy =  -2.1663092770988048 Gradient Norm    7.9e-04 Gradient Max    6.8e-04
 Iter:   3 Current Energy =  -2.1663093028809333 Gradient Norm    7.2e-04 Gradient Max    5.9e-04
 Iter:   4 Current Energy =  -2.1663093149893218 Gradient Norm    6.1e-04 Gradient Max    5.3e-04
 Iter:   5 Current Energy =  -2.1663093330262173 Gradient Norm    3.6e-04 Gradient Max    3.2e-04
 Iter:   6 Current Energy =  -2.1663093398470177 Gradient Norm    1.3e-04 Gradient Max    7.5e-05
 Iter:   7 Current Energy =  -2.1663093403204807 Gradient Norm    1.5e-04 Gradient Max    9.1e-05
 Iter:   8 Current Energy =  -2.1663093411589647 Gradient Norm    1.3e-04 Gradient Max    7.4e-05
 Iter:   9 Current Energy =  -2.1663093423392441 Gradient Norm    6.9e-05 Gradient Max    4.0e-05
 Iter:  10 Current Energy =  -2.1663093427319207 Gradient Norm    2.8e-05 Gradient Max    1.4e-05
 Iter:  11 Current Energy =  -2.1663093428159477 Gradient Norm    1.1e-05 Gradient Max    5.2e-06
 Iter:  12 Current Energy =  -2.1663093428319176 Gradient Norm    3.8e-06 Gradient Max    2.0e-06
 Iter:  13 Current Energy =  -2.1663093428341744 Gradient Norm    1.1e-06 Gradient Max    5.8e-07
 Iter:  14 Current Energy =  -2.1663093428343330 Gradient Norm    3.8e-07 Gradient Max    1.8e-07
 Iter:  15 Current Energy =  -2.1663093428343525 Gradient Norm    1.1e-07 Gradient Max    4.6e-08
 Iter:  16 Current Energy =  -2.1663093428343556 Gradient Norm    1.5e-08 Gradient Max    5.6e-09
 Iter:  17 Current Energy =  -2.1663093428343569 Gradient Norm    4.7e-09 Gradient Max    2.4e-09
 Finished:      -2.166309342834
 -----------New ansatz----------- 
    #        Coeff               Term
    0  -0.00171496 (-0-1j) [Y0 Y2 Y3 X5]
    1  -0.00109535 (-0-1j) [Y1 X4 X6 X7]
    2  -0.00557205 (-0-1j) [X1 Y5]
    3   0.00641222 (-0-1j) [X0 Y4]
    4  -0.00426814 (-0-1j) [X3 Y7]
    5   0.00419300 (-0-1j) [X2 Y6]
    6  -0.00974252 (-0-1j) [X0 Y2 X5 X7]
    7  -0.01017991 (-0-1j) [X1 Y3 X4 X6]
    8   0.00183670 (-0-1j) [X4 X5 X6 Y7]
    9   0.00618024 (-0-1j) [X0 X1 X2 Y3]
   10  -0.01654622 (-0-1j) [X0 X2 X4 Y6]
   11  -0.03223530 (-0-1j) [X1 X3 X5 Y7]
   12   0.05158590 (-0-1j) [X0 Y3 X5 X6]
   13   0.05613774 (-0-1j) [X1 Y2 X4 X7]
   14   0.03977603 (-0-1j) [Y2 X3 X6 X7]
   15   0.06963312 (-0-1j) [Y0 X1 X4 X5]
   16  -0.07967451 (-0-1j) [Y1 X2 X5 X6]
   17  -0.07757849 (-0-1j) [Y0 X3 X4 X7]
   18   0.05320817 (-0-1j) [Y0 X1 X6 X7]
   19   0.19121561 (-0-1j) [Y2 X3 X4 X5]




 --------------------------------------------------------------------------
                         ADAPT-VQE iteration:  9
 --------------------------------------------------------------------------
 Check each new operator for coupling
 Measure Operator Pool Gradients:
 Variance:      0.00017588
 Uncertainty:   0.01326182
 Norm of <[H,A]> =   0.02896295
 Max  of <[H,A]> =   0.00000000
 Add operator  168
 Add operator  183
 Iter:   0 Current Energy =  -2.1663202482069761 Gradient Norm    3.0e-03 Gradient Max    1.6e-03
 Iter:   1 Current Energy =  -2.1663214090404117 Gradient Norm    1.1e-03 Gradient Max    7.0e-04
 Iter:   2 Current Energy =  -2.1663216097643287 Gradient Norm    7.1e-04 Gradient Max    3.8e-04
 Iter:   3 Current Energy =  -2.1663216779936927 Gradient Norm    5.7e-04 Gradient Max    4.1e-04
 Iter:   4 Current Energy =  -2.1663217114492159 Gradient Norm    2.2e-04 Gradient Max    1.5e-04
 Iter:   5 Current Energy =  -2.1663217152338152 Gradient Norm    1.2e-04 Gradient Max    6.2e-05
 Iter:   6 Current Energy =  -2.1663217171579143 Gradient Norm    3.3e-05 Gradient Max    2.3e-05
 Iter:   7 Current Energy =  -2.1663217173653622 Gradient Norm    9.4e-06 Gradient Max    4.1e-06
 Iter:   8 Current Energy =  -2.1663217173706180 Gradient Norm    1.0e-05 Gradient Max    6.4e-06
 Iter:   9 Current Energy =  -2.1663217173796139 Gradient Norm    7.5e-06 Gradient Max    4.4e-06
 Iter:  10 Current Energy =  -2.1663217173878868 Gradient Norm    6.0e-06 Gradient Max    4.7e-06
 Iter:  11 Current Energy =  -2.1663217173898750 Gradient Norm    3.8e-06 Gradient Max    2.9e-06
 Iter:  12 Current Energy =  -2.1663217173913440 Gradient Norm    1.8e-06 Gradient Max    1.0e-06
 Iter:  13 Current Energy =  -2.1663217173916749 Gradient Norm    6.4e-07 Gradient Max    2.6e-07
 Iter:  14 Current Energy =  -2.1663217173917411 Gradient Norm    3.1e-07 Gradient Max    2.1e-07
 Iter:  15 Current Energy =  -2.1663217173917522 Gradient Norm    1.2e-07 Gradient Max    8.2e-08
 Iter:  16 Current Energy =  -2.1663217173917548 Gradient Norm    3.2e-08 Gradient Max    1.9e-08
 Finished:      -2.166321717392
 -----------New ansatz----------- 
    #        Coeff               Term
    0   0.00208703 (-0-1j) [Y1 Y2 Y3 X4]
    1   0.00137936 (-0-1j) [Y0 X5 X6 X7]
    2  -0.00208750 (-0-1j) [Y0 Y2 Y3 X5]
    3  -0.00137980 (-0-1j) [Y1 X4 X6 X7]
    4  -0.00642249 (-0-1j) [X1 Y5]
    5   0.00642610 (-0-1j) [X0 Y4]
    6  -0.00431084 (-0-1j) [X3 Y7]
    7   0.00431042 (-0-1j) [X2 Y6]
    8  -0.00981981 (-0-1j) [X0 Y2 X5 X7]
    9  -0.01022824 (-0-1j) [X1 Y3 X4 X6]
   10   0.00180780 (-0-1j) [X4 X5 X6 Y7]
   11   0.00620085 (-0-1j) [X0 X1 X2 Y3]
   12  -0.01656592 (-0-1j) [X0 X2 X4 Y6]
   13  -0.03229738 (-0-1j) [X1 X3 X5 Y7]
   14   0.05161257 (-0-1j) [X0 Y3 X5 X6]
   15   0.05611282 (-0-1j) [X1 Y2 X4 X7]
   16   0.03974015 (-0-1j) [Y2 X3 X6 X7]
   17   0.06952666 (-0-1j) [Y0 X1 X4 X5]
   18  -0.07962619 (-0-1j) [Y1 X2 X5 X6]
   19  -0.07761233 (-0-1j) [Y0 X3 X4 X7]
   20   0.05324473 (-0-1j) [Y0 X1 X6 X7]
   21   0.19147617 (-0-1j) [Y2 X3 X4 X5]




 --------------------------------------------------------------------------
                         ADAPT-VQE iteration:  10
 --------------------------------------------------------------------------
 Check each new operator for coupling
 Measure Operator Pool Gradients:
 Variance:      0.00014855
 Uncertainty:   0.01218817
 Norm of <[H,A]> =   0.02409780
 Max  of <[H,A]> =   0.00000000
 Add operator  255
 Add operator   98
 Iter:   0 Current Energy =  -2.1663272133998990 Gradient Norm    6.8e-03 Gradient Max    6.4e-03
 Iter:   1 Current Energy =  -2.1663365059280100 Gradient Norm    5.0e-03 Gradient Max    4.1e-03
 Iter:   2 Current Energy =  -2.1663443370582218 Gradient Norm    7.3e-03 Gradient Max    3.6e-03
 Iter:   3 Current Energy =  -2.1663478802278195 Gradient Norm    4.7e-03 Gradient Max    2.7e-03
 Iter:   4 Current Energy =  -2.1663492402891871 Gradient Norm    2.1e-03 Gradient Max    1.3e-03
 Iter:   5 Current Energy =  -2.1663496488042582 Gradient Norm    9.2e-04 Gradient Max    4.9e-04
 Iter:   6 Current Energy =  -2.1663497651505823 Gradient Norm    5.5e-04 Gradient Max    2.8e-04
 Iter:   7 Current Energy =  -2.1663498174275460 Gradient Norm    6.4e-04 Gradient Max    3.8e-04
 Iter:   8 Current Energy =  -2.1663499011501473 Gradient Norm    5.0e-04 Gradient Max    3.5e-04
 Iter:   9 Current Energy =  -2.1663500597536411 Gradient Norm    5.0e-04 Gradient Max    3.6e-04
 Iter:  10 Current Energy =  -2.1663503490003104 Gradient Norm    5.4e-04 Gradient Max    3.2e-04
 Iter:  11 Current Energy =  -2.1663507823063295 Gradient Norm    7.0e-04 Gradient Max    3.9e-04
 Iter:  12 Current Energy =  -2.1663510474455792 Gradient Norm    1.1e-03 Gradient Max    7.4e-04
 Iter:  13 Current Energy =  -2.1663511479883204 Gradient Norm    4.5e-04 Gradient Max    2.4e-04
 Iter:  14 Current Energy =  -2.1663511615172673 Gradient Norm    3.7e-04 Gradient Max    2.2e-04
 Iter:  15 Current Energy =  -2.1663511759148024 Gradient Norm    1.9e-04 Gradient Max    1.2e-04
 Iter:  16 Current Energy =  -2.1663511800889252 Gradient Norm    7.9e-05 Gradient Max    5.7e-05
 Iter:  17 Current Energy =  -2.1663511808925260 Gradient Norm    2.4e-05 Gradient Max    1.4e-05
 Iter:  18 Current Energy =  -2.1663511809484124 Gradient Norm    1.5e-05 Gradient Max    7.8e-06
 Iter:  19 Current Energy =  -2.1663511809790976 Gradient Norm    3.9e-06 Gradient Max    2.2e-06
 Iter:  20 Current Energy =  -2.1663511809802074 Gradient Norm    3.2e-06 Gradient Max    1.8e-06
 Iter:  21 Current Energy =  -2.1663511809817484 Gradient Norm    1.4e-06 Gradient Max    6.6e-07
 Iter:  22 Current Energy =  -2.1663511809819092 Gradient Norm    1.1e-06 Gradient Max    6.3e-07
 Iter:  23 Current Energy =  -2.1663511809821308 Gradient Norm    4.3e-07 Gradient Max    2.6e-07
 Iter:  24 Current Energy =  -2.1663511809821445 Gradient Norm    4.2e-07 Gradient Max    2.3e-07
 Iter:  25 Current Energy =  -2.1663511809821654 Gradient Norm    2.2e-07 Gradient Max    1.2e-07
 Iter:  26 Current Energy =  -2.1663511809821725 Gradient Norm    7.8e-08 Gradient Max    5.3e-08
 Iter:  27 Current Energy =  -2.1663511809821743 Gradient Norm    4.9e-08 Gradient Max    3.5e-08
 Iter:  28 Current Energy =  -2.1663511809821756 Gradient Norm    1.3e-08 Gradient Max    6.1e-09
 Iter:  29 Current Energy =  -2.1663511809821761 Gradient Norm    8.4e-09 Gradient Max    4.4e-09
 Finished:      -2.166351180982
 -----------New ansatz----------- 
    #        Coeff               Term
    0   0.00316343 (-0-1j) [X0 X2 Y3 X5]
    1  -0.00968034 (-0-1j) [Y1 Y4 Y6 X7]
    2   0.00222965 (-0-1j) [Y1 Y2 Y3 X4]
    3   0.00220510 (-0-1j) [Y0 X5 X6 X7]
    4   0.00154938 (-0-1j) [Y0 Y2 Y3 X5]
    5  -0.01038432 (-0-1j) [Y1 X4 X6 X7]
    6  -0.00636105 (-0-1j) [X1 Y5]
    7   0.00615680 (-0-1j) [X0 Y4]
    8  -0.00433783 (-0-1j) [X3 Y7]
    9   0.00342143 (-0-1j) [X2 Y6]
   10  -0.00977220 (-0-1j) [X0 Y2 X5 X7]
   11  -0.01026261 (-0-1j) [X1 Y3 X4 X6]
   12   0.00180082 (-0-1j) [X4 X5 X6 Y7]
   13   0.00617130 (-0-1j) [X0 X1 X2 Y3]
   14  -0.01643556 (-0-1j) [X0 X2 X4 Y6]
   15  -0.03224192 (-0-1j) [X1 X3 X5 Y7]
   16   0.05178087 (-0-1j) [X0 Y3 X5 X6]
   17   0.05642839 (-0-1j) [X1 Y2 X4 X7]
   18   0.03995929 (-0-1j) [Y2 X3 X6 X7]
   19   0.06970796 (-0-1j) [Y0 X1 X4 X5]
   20  -0.07986709 (-0-1j) [Y1 X2 X5 X6]
   21  -0.07759463 (-0-1j) [Y0 X3 X4 X7]
   22   0.05315653 (-0-1j) [Y0 X1 X6 X7]
   23   0.19118046 (-0-1j) [Y2 X3 X4 X5]




 --------------------------------------------------------------------------
                         ADAPT-VQE iteration:  11
 --------------------------------------------------------------------------
 Check each new operator for coupling
 Measure Operator Pool Gradients:
 Variance:      0.00008086
 Uncertainty:   0.00899217
 Norm of <[H,A]> =   0.01740704
 Max  of <[H,A]> =   0.00000000
 Add operator   59
 Add operator  292
 Iter:   0 Current Energy =  -2.1663552477438723 Gradient Norm    1.9e-03 Gradient Max    1.2e-03
 Iter:   1 Current Energy =  -2.1663557413133390 Gradient Norm    2.1e-03 Gradient Max    1.6e-03
 Iter:   2 Current Energy =  -2.1663565002100884 Gradient Norm    1.4e-03 Gradient Max    9.9e-04
 Iter:   3 Current Energy =  -2.1663573143412327 Gradient Norm    1.8e-03 Gradient Max    1.1e-03
 Iter:   4 Current Energy =  -2.1663579895944749 Gradient Norm    1.9e-03 Gradient Max    1.1e-03
 Iter:   5 Current Energy =  -2.1663583406331055 Gradient Norm    1.5e-03 Gradient Max    8.2e-04
 Iter:   6 Current Energy =  -2.1663584454664888 Gradient Norm    1.9e-03 Gradient Max    9.6e-04
 Iter:   7 Current Energy =  -2.1663586301199547 Gradient Norm    1.6e-03 Gradient Max    8.2e-04
 Iter:   8 Current Energy =  -2.1663589493252586 Gradient Norm    1.1e-03 Gradient Max    5.6e-04
 Iter:   9 Current Energy =  -2.1663594794970407 Gradient Norm    8.1e-04 Gradient Max    4.6e-04
 Iter:  10 Current Energy =  -2.1663603650640080 Gradient Norm    1.4e-03 Gradient Max    8.6e-04
 Iter:  11 Current Energy =  -2.1663617506394393 Gradient Norm    2.6e-03 Gradient Max    1.5e-03
 Iter:  12 Current Energy =  -2.1663637728354965 Gradient Norm    3.8e-03 Gradient Max    2.3e-03
 Iter:  13 Current Energy =  -2.1663656466371295 Gradient Norm    4.3e-03 Gradient Max    2.4e-03
 Iter:  14 Current Energy =  -2.1663658944097195 Gradient Norm    3.5e-03 Gradient Max    1.5e-03
 Iter:  15 Current Energy =  -2.1663663321309610 Gradient Norm    2.9e-03 Gradient Max    1.2e-03
 Iter:  16 Current Energy =  -2.1663669826985723 Gradient Norm    1.8e-03 Gradient Max    9.0e-04
 Iter:  17 Current Energy =  -2.1663672303762342 Gradient Norm    9.4e-04 Gradient Max    5.5e-04
 Iter:  18 Current Energy =  -2.1663673156462906 Gradient Norm    2.7e-04 Gradient Max    1.6e-04
 Iter:  19 Current Energy =  -2.1663673239342769 Gradient Norm    1.1e-04 Gradient Max    5.0e-05
 Iter:  20 Current Energy =  -2.1663673249131095 Gradient Norm    5.6e-05 Gradient Max    2.4e-05
 Iter:  21 Current Energy =  -2.1663673254510707 Gradient Norm    2.8e-05 Gradient Max    2.0e-05
 Iter:  22 Current Energy =  -2.1663673255598517 Gradient Norm    9.7e-06 Gradient Max    4.0e-06
 Iter:  23 Current Energy =  -2.1663673255716263 Gradient Norm    6.1e-06 Gradient Max    3.3e-06
 Iter:  24 Current Energy =  -2.1663673255759028 Gradient Norm    4.0e-06 Gradient Max    2.0e-06
 Iter:  25 Current Energy =  -2.1663673255778808 Gradient Norm    1.9e-06 Gradient Max    1.1e-06
 Iter:  26 Current Energy =  -2.1663673255785949 Gradient Norm    6.6e-07 Gradient Max    3.7e-07
 Iter:  27 Current Energy =  -2.1663673255786522 Gradient Norm    4.4e-07 Gradient Max    2.9e-07
 Iter:  28 Current Energy =  -2.1663673255786704 Gradient Norm    3.3e-07 Gradient Max    2.5e-07
 Iter:  29 Current Energy =  -2.1663673255786873 Gradient Norm    8.6e-08 Gradient Max    5.1e-08
 Iter:  30 Current Energy =  -2.1663673255786877 Gradient Norm    4.5e-08 Gradient Max    2.2e-08
 Iter:  31 Current Energy =  -2.1663673255786882 Gradient Norm    1.2e-08 Gradient Max    6.4e-09
 Finished:      -2.166367325579
 -----------New ansatz----------- 
    #        Coeff               Term
    0  -0.00354597 (-0-1j) [X2 Y4 Y5 Y7]
    1  -0.00428983 (-0-1j) [X0 X1 X3 Y6]
    2  -0.02239942 (-0-1j) [X0 X2 Y3 X5]
    3  -0.00311823 (-0-1j) [Y1 Y4 Y6 X7]
    4   0.00453654 (-0-1j) [Y1 Y2 Y3 X4]
    5   0.00325464 (-0-1j) [Y0 X5 X6 X7]
    6  -0.02301490 (-0-1j) [Y0 Y2 Y3 X5]
    7  -0.00410611 (-0-1j) [Y1 X4 X6 X7]
    8  -0.00428866 (-0-1j) [X1 Y5]
    9  -0.00287107 (-0-1j) [X0 Y4]
   10  -0.00363179 (-0-1j) [X3 Y7]
   11   0.00248435 (-0-1j) [X2 Y6]
   12  -0.00982017 (-0-1j) [X0 Y2 X5 X7]
   13  -0.01028002 (-0-1j) [X1 Y3 X4 X6]
   14   0.00175788 (-0-1j) [X4 X5 X6 Y7]
   15   0.00611909 (-0-1j) [X0 X1 X2 Y3]
   16  -0.01631475 (-0-1j) [X0 X2 X4 Y6]
   17  -0.03214186 (-0-1j) [X1 X3 X5 Y7]
   18   0.05204028 (-0-1j) [X0 Y3 X5 X6]
   19   0.05662025 (-0-1j) [X1 Y2 X4 X7]
   20   0.04001270 (-0-1j) [Y2 X3 X6 X7]
   21   0.06981009 (-0-1j) [Y0 X1 X4 X5]
   22  -0.07994891 (-0-1j) [Y1 X2 X5 X6]
   23  -0.07781247 (-0-1j) [Y0 X3 X4 X7]
   24   0.05303242 (-0-1j) [Y0 X1 X6 X7]
   25   0.19112236 (-0-1j) [Y2 X3 X4 X5]




 --------------------------------------------------------------------------
                         ADAPT-VQE iteration:  12
 --------------------------------------------------------------------------
 Check each new operator for coupling
 Measure Operator Pool Gradients:
 Variance:      0.00004621
 Uncertainty:   0.00679756
 Norm of <[H,A]> =   0.01875617
 Max  of <[H,A]> =   0.00000000
 Add operator   47
 Add operator  304
 Iter:   0 Current Energy =  -2.1663715294125310 Gradient Norm    2.3e-03 Gradient Max    1.4e-03
 Iter:   1 Current Energy =  -2.1663722192180885 Gradient Norm    9.6e-04 Gradient Max    6.3e-04
 Iter:   2 Current Energy =  -2.1663723877794392 Gradient Norm    1.2e-03 Gradient Max    9.6e-04
 Iter:   3 Current Energy =  -2.1663726020140430 Gradient Norm    9.0e-04 Gradient Max    4.3e-04
 Iter:   4 Current Energy =  -2.1663729221579393 Gradient Norm    6.2e-04 Gradient Max    3.3e-04
 Iter:   5 Current Energy =  -2.1663730762542195 Gradient Norm    9.7e-04 Gradient Max    7.0e-04
 Iter:   6 Current Energy =  -2.1663732186246896 Gradient Norm    9.3e-04 Gradient Max    4.9e-04
 Iter:   7 Current Energy =  -2.1663732651420227 Gradient Norm    1.1e-03 Gradient Max    7.9e-04
 Iter:   8 Current Energy =  -2.1663733291899341 Gradient Norm    8.4e-04 Gradient Max    5.1e-04
 Iter:   9 Current Energy =  -2.1663734363867864 Gradient Norm    6.1e-04 Gradient Max    2.8e-04
 Iter:  10 Current Energy =  -2.1663736109192659 Gradient Norm    5.6e-04 Gradient Max    3.1e-04
 Iter:  11 Current Energy =  -2.1663739165193729 Gradient Norm    8.9e-04 Gradient Max    6.0e-04
 Iter:  12 Current Energy =  -2.1663744468566488 Gradient Norm    1.5e-03 Gradient Max    1.0e-03
 Iter:  13 Current Energy =  -2.1663753551710738 Gradient Norm    2.2e-03 Gradient Max    1.4e-03
 Iter:  14 Current Energy =  -2.1663767178206261 Gradient Norm    3.1e-03 Gradient Max    1.8e-03
 Iter:  15 Current Energy =  -2.1663780394846097 Gradient Norm    3.7e-03 Gradient Max    2.1e-03
 Iter:  16 Current Energy =  -2.1663785714486754 Gradient Norm    3.1e-03 Gradient Max    1.8e-03
 Iter:  17 Current Energy =  -2.1663791435575419 Gradient Norm    1.8e-03 Gradient Max    8.9e-04
 Iter:  18 Current Energy =  -2.1663792061200207 Gradient Norm    1.4e-03 Gradient Max    7.0e-04
 Iter:  19 Current Energy =  -2.1663793181361894 Gradient Norm    1.1e-03 Gradient Max    5.7e-04
 Iter:  20 Current Energy =  -2.1663794656582418 Gradient Norm    7.1e-04 Gradient Max    4.3e-04
 Iter:  21 Current Energy =  -2.1663795242651753 Gradient Norm    2.7e-04 Gradient Max    1.3e-04
 Iter:  22 Current Energy =  -2.1663795336045850 Gradient Norm    9.2e-05 Gradient Max    4.9e-05
 Iter:  23 Current Energy =  -2.1663795342713259 Gradient Norm    6.6e-05 Gradient Max    3.0e-05
 Iter:  24 Current Energy =  -2.1663795350676542 Gradient Norm    2.0e-05 Gradient Max    1.2e-05
 Iter:  25 Current Energy =  -2.1663795351350812 Gradient Norm    8.9e-06 Gradient Max    5.3e-06
 Iter:  26 Current Energy =  -2.1663795351393915 Gradient Norm    7.4e-06 Gradient Max    5.0e-06
 Iter:  27 Current Energy =  -2.1663795351455830 Gradient Norm    3.9e-06 Gradient Max    2.9e-06
 Iter:  28 Current Energy =  -2.1663795351467048 Gradient Norm    2.8e-06 Gradient Max    1.5e-06
 Iter:  29 Current Energy =  -2.1663795351480251 Gradient Norm    9.1e-07 Gradient Max    5.2e-07
 Iter:  30 Current Energy =  -2.1663795351480588 Gradient Norm    7.9e-07 Gradient Max    4.2e-07
 Iter:  31 Current Energy =  -2.1663795351481143 Gradient Norm    5.5e-07 Gradient Max    2.8e-07
 Iter:  32 Current Energy =  -2.1663795351481587 Gradient Norm    2.7e-07 Gradient Max    1.2e-07
 Iter:  33 Current Energy =  -2.1663795351481663 Gradient Norm    2.0e-07 Gradient Max    8.9e-08
 Iter:  34 Current Energy =  -2.1663795351481738 Gradient Norm    8.7e-09 Gradient Max    6.1e-09
 Iter:  35 Current Energy =  -2.1663795351481738 Gradient Norm    5.6e-09 Gradient Max    3.8e-09
 Finished:      -2.166379535148
 -----------New ansatz----------- 
    #        Coeff               Term
    0   0.00269375 (-0-1j) [Y3 X4 X5 X6]
    1   0.00288346 (-0-1j) [Y0 Y1 Y2 X7]
    2  -0.00799520 (-0-1j) [X2 Y4 Y5 Y7]
    3  -0.00853631 (-0-1j) [X0 X1 X3 Y6]
    4  -0.05327296 (-0-1j) [X0 X2 Y3 X5]
    5   0.00457402 (-0-1j) [Y1 Y4 Y6 X7]
    6   0.00836955 (-0-1j) [Y1 Y2 Y3 X4]
    7   0.00530247 (-0-1j) [Y0 X5 X6 X7]
    8  -0.05285928 (-0-1j) [Y0 Y2 Y3 X5]
    9   0.00304990 (-0-1j) [Y1 X4 X6 X7]
   10  -0.00220472 (-0-1j) [X1 Y5]
   11  -0.01405824 (-0-1j) [X0 Y4]
   12  -0.00304967 (-0-1j) [X3 Y7]
   13   0.00063181 (-0-1j) [X2 Y6]
   14  -0.00978736 (-0-1j) [X0 Y2 X5 X7]
   15  -0.01023545 (-0-1j) [X1 Y3 X4 X6]
   16   0.00169556 (-0-1j) [X4 X5 X6 Y7]
   17   0.00588602 (-0-1j) [X0 X1 X2 Y3]
   18  -0.01616233 (-0-1j) [X0 X2 X4 Y6]
   19  -0.03216033 (-0-1j) [X1 X3 X5 Y7]
   20   0.05234554 (-0-1j) [X0 Y3 X5 X6]
   21   0.05670117 (-0-1j) [X1 Y2 X4 X7]
   22   0.03998630 (-0-1j) [Y2 X3 X6 X7]
   23   0.06975460 (-0-1j) [Y0 X1 X4 X5]
   24  -0.08033385 (-0-1j) [Y1 X2 X5 X6]
   25  -0.07830362 (-0-1j) [Y0 X3 X4 X7]
   26   0.05302811 (-0-1j) [Y0 X1 X6 X7]
   27   0.19032197 (-0-1j) [Y2 X3 X4 X5]




 --------------------------------------------------------------------------
                         ADAPT-VQE iteration:  13
 --------------------------------------------------------------------------
 Check each new operator for coupling
 Measure Operator Pool Gradients:
 Variance:      0.00001845
 Uncertainty:   0.00429531
 Norm of <[H,A]> =   0.00685157
 Max  of <[H,A]> =   0.00000000
 Add operator  174
 Add operator  177
 Iter:   0 Current Energy =  -2.1663799974097611 Gradient Norm    2.0e-03 Gradient Max    1.8e-03
 Iter:   1 Current Energy =  -2.1663807978972121 Gradient Norm    1.6e-03 Gradient Max    1.2e-03
 Iter:   2 Current Energy =  -2.1663819836957452 Gradient Norm    1.5e-03 Gradient Max    1.1e-03
 Iter:   3 Current Energy =  -2.1663825366620069 Gradient Norm    1.8e-03 Gradient Max    1.0e-03
 Iter:   4 Current Energy =  -2.1663827894491630 Gradient Norm    1.2e-03 Gradient Max    5.9e-04
 Iter:   5 Current Energy =  -2.1663829743068339 Gradient Norm    8.2e-04 Gradient Max    4.6e-04
 Iter:   6 Current Energy =  -2.1663830147607821 Gradient Norm    5.4e-04 Gradient Max    2.2e-04
 Iter:   7 Current Energy =  -2.1663830556489772 Gradient Norm    6.0e-04 Gradient Max    2.4e-04
 Iter:   8 Current Energy =  -2.1663831169253047 Gradient Norm    4.8e-04 Gradient Max    2.4e-04
 Iter:   9 Current Energy =  -2.1663832041585809 Gradient Norm    6.4e-04 Gradient Max    3.3e-04
 Iter:  10 Current Energy =  -2.1663833463141433 Gradient Norm    7.8e-04 Gradient Max    4.3e-04
 Iter:  11 Current Energy =  -2.1663836041294018 Gradient Norm    1.0e-03 Gradient Max    4.3e-04
 Iter:  12 Current Energy =  -2.1663840581569915 Gradient Norm    1.3e-03 Gradient Max    5.6e-04
 Iter:  13 Current Energy =  -2.1663847278260508 Gradient Norm    1.6e-03 Gradient Max    7.3e-04
 Iter:  14 Current Energy =  -2.1663851553044817 Gradient Norm    2.1e-03 Gradient Max    1.3e-03
 Iter:  15 Current Energy =  -2.1663854731609149 Gradient Norm    1.1e-03 Gradient Max    6.2e-04
 Iter:  16 Current Energy =  -2.1663855232776736 Gradient Norm    9.7e-04 Gradient Max    4.5e-04
 Iter:  17 Current Energy =  -2.1663855993287799 Gradient Norm    6.3e-04 Gradient Max    2.9e-04
 Iter:  18 Current Energy =  -2.1663856106779793 Gradient Norm    5.6e-04 Gradient Max    3.6e-04
 Iter:  19 Current Energy =  -2.1663856299245472 Gradient Norm    4.1e-04 Gradient Max    2.4e-04
 Iter:  20 Current Energy =  -2.1663856510086132 Gradient Norm    2.0e-04 Gradient Max    9.3e-05
 Iter:  21 Current Energy =  -2.1663856557737162 Gradient Norm    7.8e-05 Gradient Max    5.0e-05
 Iter:  22 Current Energy =  -2.1663856566265327 Gradient Norm    3.2e-05 Gradient Max    1.4e-05
 Iter:  23 Current Energy =  -2.1663856569229170 Gradient Norm    4.1e-05 Gradient Max    2.3e-05
 Iter:  24 Current Energy =  -2.1663856572163858 Gradient Norm    2.7e-05 Gradient Max    1.4e-05
 Iter:  25 Current Energy =  -2.1663856572845992 Gradient Norm    2.2e-05 Gradient Max    9.3e-06
 Iter:  26 Current Energy =  -2.1663856573699616 Gradient Norm    8.5e-06 Gradient Max    3.2e-06
 Iter:  27 Current Energy =  -2.1663856573815949 Gradient Norm    9.9e-06 Gradient Max    4.8e-06
 Iter:  28 Current Energy =  -2.1663856574003124 Gradient Norm    6.4e-06 Gradient Max    3.0e-06
 Iter:  29 Current Energy =  -2.1663856574299514 Gradient Norm    5.6e-06 Gradient Max    2.4e-06
 Iter:  30 Current Energy =  -2.1663856574772864 Gradient Norm    1.1e-05 Gradient Max    6.1e-06
 Iter:  31 Current Energy =  -2.1663856575602498 Gradient Norm    1.8e-05 Gradient Max    1.0e-05
 Iter:  32 Current Energy =  -2.1663856577116123 Gradient Norm    2.6e-05 Gradient Max    1.5e-05
 Iter:  33 Current Energy =  -2.1663856579868952 Gradient Norm    3.5e-05 Gradient Max    2.0e-05
 Iter:  34 Current Energy =  -2.1663856584665657 Gradient Norm    4.4e-05 Gradient Max    2.6e-05
 Iter:  35 Current Energy =  -2.1663856591919006 Gradient Norm    5.1e-05 Gradient Max    2.8e-05
 Iter:  36 Current Energy =  -2.1663856596983595 Gradient Norm    4.3e-05 Gradient Max    2.6e-05
 Iter:  37 Current Energy =  -2.1663856598840452 Gradient Norm    2.6e-05 Gradient Max    1.8e-05
 Iter:  38 Current Energy =  -2.1663856599999716 Gradient Norm    7.6e-06 Gradient Max    4.7e-06
 Iter:  39 Current Energy =  -2.1663856600157434 Gradient Norm    1.8e-06 Gradient Max    9.2e-07
 Iter:  40 Current Energy =  -2.1663856600164655 Gradient Norm    7.9e-07 Gradient Max    4.8e-07
 Iter:  41 Current Energy =  -2.1663856600166436 Gradient Norm    3.1e-08 Gradient Max    2.2e-08
 Iter:  42 Current Energy =  -2.1663856600166449 Gradient Norm    1.2e-08 Gradient Max    5.8e-09
 Iter:  43 Current Energy =  -2.1663856600166458 Gradient Norm    2.4e-09 Gradient Max    1.3e-09
 Iter:  44 Current Energy =  -2.1663856600166462 Gradient Norm    1.0e-09 Gradient Max    5.0e-10
 Iter:  45 Current Energy =  -2.1663856600166485 Gradient Norm    1.1e-10 Gradient Max    4.4e-11
 Finished:      -2.166385660017
 -----------New ansatz----------- 
    #        Coeff               Term
    0   0.01495512 (-0-1j) [X1 Y2 X3 X4]
    1  -0.00121290 (-0-1j) [Y0 Y5 X6 Y7]
    2   0.00433515 (-0-1j) [Y3 X4 X5 X6]
    3   0.00458172 (-0-1j) [Y0 Y1 Y2 X7]
    4  -0.00776022 (-0-1j) [X2 Y4 Y5 Y7]
    5  -0.00801068 (-0-1j) [X0 X1 X3 Y6]
    6  -0.04579615 (-0-1j) [X0 X2 Y3 X5]
    7   0.00337609 (-0-1j) [Y1 Y4 Y6 X7]
    8   0.02159794 (-0-1j) [Y1 Y2 Y3 X4]
    9   0.00353843 (-0-1j) [Y0 X5 X6 X7]
   10  -0.04760642 (-0-1j) [Y0 Y2 Y3 X5]
   11   0.00067801 (-0-1j) [Y1 X4 X6 X7]
   12   0.00304541 (-0-1j) [X1 Y5]
   13  -0.01190751 (-0-1j) [X0 Y4]
   14  -0.00180109 (-0-1j) [X3 Y7]
   15   0.00182626 (-0-1j) [X2 Y6]
   16  -0.00983387 (-0-1j) [X0 Y2 X5 X7]
   17  -0.01028069 (-0-1j) [X1 Y3 X4 X6]
   18   0.00167366 (-0-1j) [X4 X5 X6 Y7]
   19   0.00543253 (-0-1j) [X0 X1 X2 Y3]
   20  -0.01610566 (-0-1j) [X0 X2 X4 Y6]
   21  -0.03194082 (-0-1j) [X1 X3 X5 Y7]
   22   0.05244224 (-0-1j) [X0 Y3 X5 X6]
   23   0.05673835 (-0-1j) [X1 Y2 X4 X7]
   24   0.04016774 (-0-1j) [Y2 X3 X6 X7]
   25   0.06844001 (-0-1j) [Y0 X1 X4 X5]
   26  -0.08029964 (-0-1j) [Y1 X2 X5 X6]
   27  -0.07830601 (-0-1j) [Y0 X3 X4 X7]
   28   0.05300186 (-0-1j) [Y0 X1 X6 X7]
   29   0.19038845 (-0-1j) [Y2 X3 X4 X5]




 --------------------------------------------------------------------------
                         ADAPT-VQE iteration:  14
 --------------------------------------------------------------------------
 Check each new operator for coupling
 Measure Operator Pool Gradients:
 Variance:      0.00000507
 Uncertainty:   0.00225274
 Norm of <[H,A]> =   0.00089963
 Max  of <[H,A]> =   0.00000000
 Add operator  228
 Add operator  124
 Iter:   0 Current Energy =  -2.1663856851175427 Gradient Norm    3.0e-04 Gradient Max    1.8e-04
 Iter:   1 Current Energy =  -2.1663857229782209 Gradient Norm    4.8e-04 Gradient Max    2.7e-04
 Iter:   2 Current Energy =  -2.1663857952059704 Gradient Norm    4.4e-04 Gradient Max    2.0e-04
 Iter:   3 Current Energy =  -2.1663859330371875 Gradient Norm    4.8e-04 Gradient Max    3.1e-04
 Iter:   4 Current Energy =  -2.1663861839662184 Gradient Norm    6.1e-04 Gradient Max    4.4e-04
 Iter:   5 Current Energy =  -2.1663866050215344 Gradient Norm    6.7e-04 Gradient Max    3.0e-04
 Iter:   6 Current Energy =  -2.1663870219880548 Gradient Norm    1.8e-03 Gradient Max    9.9e-04
 Iter:   7 Current Energy =  -2.1663872525986787 Gradient Norm    1.3e-03 Gradient Max    7.1e-04
 Iter:   8 Current Energy =  -2.1663873593255509 Gradient Norm    7.0e-04 Gradient Max    3.0e-04
 Iter:   9 Current Energy =  -2.1663873941081118 Gradient Norm    4.3e-04 Gradient Max    1.9e-04
 Iter:  10 Current Energy =  -2.1663874084242711 Gradient Norm    3.0e-04 Gradient Max    1.3e-04
 Iter:  11 Current Energy =  -2.1663874157422525 Gradient Norm    1.2e-04 Gradient Max    5.3e-05
 Iter:  12 Current Energy =  -2.1663874174906774 Gradient Norm    7.6e-05 Gradient Max    3.9e-05
 Iter:  13 Current Energy =  -2.1663874185062526 Gradient Norm    7.4e-05 Gradient Max    3.0e-05
 Iter:  14 Current Energy =  -2.1663874188908832 Gradient Norm    8.3e-05 Gradient Max    3.8e-05
 Iter:  15 Current Energy =  -2.1663874194281241 Gradient Norm    5.3e-05 Gradient Max    2.3e-05
 Iter:  16 Current Energy =  -2.1663874199221187 Gradient Norm    3.9e-05 Gradient Max    1.7e-05
 Iter:  17 Current Energy =  -2.1663874201792801 Gradient Norm    7.4e-05 Gradient Max    3.7e-05
 Iter:  18 Current Energy =  -2.1663874205817266 Gradient Norm    6.3e-05 Gradient Max    3.3e-05
 Iter:  19 Current Energy =  -2.1663874212620557 Gradient Norm    5.1e-05 Gradient Max    2.5e-05
 Iter:  20 Current Energy =  -2.1663874223859843 Gradient Norm    4.4e-05 Gradient Max    2.6e-05
 Iter:  21 Current Energy =  -2.1663874241680410 Gradient Norm    6.3e-05 Gradient Max    2.7e-05
 Iter:  22 Current Energy =  -2.1663874266140435 Gradient Norm    9.5e-05 Gradient Max    4.0e-05
 Iter:  23 Current Energy =  -2.1663874293491467 Gradient Norm    1.2e-04 Gradient Max    5.1e-05
 Iter:  24 Current Energy =  -2.1663874324837393 Gradient Norm    1.1e-04 Gradient Max    5.1e-05
 Iter:  25 Current Energy =  -2.1663874351759946 Gradient Norm    5.6e-05 Gradient Max    2.7e-05
 Iter:  26 Current Energy =  -2.1663874359191331 Gradient Norm    3.0e-05 Gradient Max    1.7e-05
 Iter:  27 Current Energy =  -2.1663874360896775 Gradient Norm    3.2e-05 Gradient Max    1.6e-05
 Iter:  28 Current Energy =  -2.1663874362715454 Gradient Norm    2.0e-05 Gradient Max    1.1e-05
 Iter:  29 Current Energy =  -2.1663874363938436 Gradient Norm    2.7e-05 Gradient Max    1.1e-05
 Iter:  30 Current Energy =  -2.1663874366060960 Gradient Norm    2.2e-05 Gradient Max    1.0e-05
 Iter:  31 Current Energy =  -2.1663874370005312 Gradient Norm    2.3e-05 Gradient Max    1.1e-05
 Iter:  32 Current Energy =  -2.1663874377337180 Gradient Norm    3.1e-05 Gradient Max    1.7e-05
 Iter:  33 Current Energy =  -2.1663874390751294 Gradient Norm    4.3e-05 Gradient Max    2.4e-05
 Iter:  34 Current Energy =  -2.1663874413720139 Gradient Norm    6.1e-05 Gradient Max    3.3e-05
 Iter:  35 Current Energy =  -2.1663874444653803 Gradient Norm    8.5e-05 Gradient Max    3.9e-05
 Iter:  36 Current Energy =  -2.1663874462887365 Gradient Norm    8.4e-05 Gradient Max    3.9e-05
 Iter:  37 Current Energy =  -2.1663874475853850 Gradient Norm    5.1e-05 Gradient Max    2.3e-05
 Iter:  38 Current Energy =  -2.1663874485573338 Gradient Norm    1.4e-05 Gradient Max    6.0e-06
 Iter:  39 Current Energy =  -2.1663874486293153 Gradient Norm    4.9e-06 Gradient Max    2.1e-06
 Iter:  40 Current Energy =  -2.1663874486337327 Gradient Norm    2.4e-06 Gradient Max    1.1e-06
 Iter:  41 Current Energy =  -2.1663874486346488 Gradient Norm    8.4e-07 Gradient Max    3.9e-07
 Iter:  42 Current Energy =  -2.1663874486347590 Gradient Norm    1.5e-07 Gradient Max    8.8e-08
 Iter:  43 Current Energy =  -2.1663874486347598 Gradient Norm    2.1e-08 Gradient Max    7.1e-09
 Iter:  44 Current Energy =  -2.1663874486347621 Gradient Norm    3.8e-09 Gradient Max    1.8e-09
 Iter:  45 Current Energy =  -2.1663874486347643 Gradient Norm    2.3e-09 Gradient Max    1.1e-09
 Iter:  46 Current Energy =  -2.1663874486347661 Gradient Norm    1.9e-09 Gradient Max    9.2e-10
 Finished:      -2.166387448635
 -----------New ansatz----------- 
    #        Coeff               Term
    0  -0.00808908 (-0-1j) [X0 Y2 Y5 Y7]
    1  -0.00815343 (-0-1j) [X1 Y3 Y4 Y6]
    2   0.01312310 (-0-1j) [X1 Y2 X3 X4]
    3  -0.00027557 (-0-1j) [Y0 Y5 X6 Y7]
    4   0.00409624 (-0-1j) [Y3 X4 X5 X6]
    5   0.00434758 (-0-1j) [Y0 Y1 Y2 X7]
    6  -0.00741930 (-0-1j) [X2 Y4 Y5 Y7]
    7  -0.00768718 (-0-1j) [X0 X1 X3 Y6]
    8  -0.04366161 (-0-1j) [X0 X2 Y3 X5]
    9   0.00284652 (-0-1j) [Y1 Y4 Y6 X7]
   10   0.01962737 (-0-1j) [Y1 Y2 Y3 X4]
   11   0.00433478 (-0-1j) [Y0 X5 X6 X7]
   12  -0.04528536 (-0-1j) [Y0 Y2 Y3 X5]
   13   0.00018492 (-0-1j) [Y1 X4 X6 X7]
   14   0.00230093 (-0-1j) [X1 Y5]
   15  -0.01132045 (-0-1j) [X0 Y4]
   16  -0.00188280 (-0-1j) [X3 Y7]
   17   0.00179780 (-0-1j) [X2 Y6]
   18  -0.01779855 (-0-1j) [X0 Y2 X5 X7]
   19  -0.01824355 (-0-1j) [X1 Y3 X4 X6]
   20   0.00170521 (-0-1j) [X4 X5 X6 Y7]
   21   0.00610319 (-0-1j) [X0 X1 X2 Y3]
   22  -0.01614724 (-0-1j) [X0 X2 X4 Y6]
   23  -0.03151005 (-0-1j) [X1 X3 X5 Y7]
   24   0.05218262 (-0-1j) [X0 Y3 X5 X6]
   25   0.05635824 (-0-1j) [X1 Y2 X4 X7]
   26   0.03861699 (-0-1j) [Y2 X3 X6 X7]
   27   0.06995728 (-0-1j) [Y0 X1 X4 X5]
   28  -0.07786768 (-0-1j) [Y1 X2 X5 X6]
   29  -0.07588980 (-0-1j) [Y0 X3 X4 X7]
   30   0.05061469 (-0-1j) [Y0 X1 X6 X7]
   31   0.19308014 (-0-1j) [Y2 X3 X4 X5]




 --------------------------------------------------------------------------
                         ADAPT-VQE iteration:  15
 --------------------------------------------------------------------------
 Check each new operator for coupling
 Measure Operator Pool Gradients:
 Variance:     -0.00000000
 Uncertainty:          nan
 Norm of <[H,A]> =   0.00000000
 Max  of <[H,A]> =   0.00000000
 Ansatz Growth Converged!
 Number of operators in ansatz:  32
 *Finished:      -2.166387448635
 -----------Final ansatz----------- 
    #        Coeff               Term
    0  -0.00808908 (-0-1j) [X0 Y2 Y5 Y7]
    1  -0.00815343 (-0-1j) [X1 Y3 Y4 Y6]
    2   0.01312310 (-0-1j) [X1 Y2 X3 X4]
    3  -0.00027557 (-0-1j) [Y0 Y5 X6 Y7]
    4   0.00409624 (-0-1j) [Y3 X4 X5 X6]
    5   0.00434758 (-0-1j) [Y0 Y1 Y2 X7]
    6  -0.00741930 (-0-1j) [X2 Y4 Y5 Y7]
    7  -0.00768718 (-0-1j) [X0 X1 X3 Y6]
    8  -0.04366161 (-0-1j) [X0 X2 Y3 X5]
    9   0.00284652 (-0-1j) [Y1 Y4 Y6 X7]
   10   0.01962737 (-0-1j) [Y1 Y2 Y3 X4]
   11   0.00433478 (-0-1j) [Y0 X5 X6 X7]
   12  -0.04528536 (-0-1j) [Y0 Y2 Y3 X5]
   13   0.00018492 (-0-1j) [Y1 X4 X6 X7]
   14   0.00230093 (-0-1j) [X1 Y5]
   15  -0.01132045 (-0-1j) [X0 Y4]
   16  -0.00188280 (-0-1j) [X3 Y7]
   17   0.00179780 (-0-1j) [X2 Y6]
   18  -0.01779855 (-0-1j) [X0 Y2 X5 X7]
   19  -0.01824355 (-0-1j) [X1 Y3 X4 X6]
   20   0.00170521 (-0-1j) [X4 X5 X6 Y7]
   21   0.00610319 (-0-1j) [X0 X1 X2 Y3]
   22  -0.01614724 (-0-1j) [X0 X2 X4 Y6]
   23  -0.03151005 (-0-1j) [X1 X3 X5 Y7]
   24   0.05218262 (-0-1j) [X0 Y3 X5 X6]
   25   0.05635824 (-0-1j) [X1 Y2 X4 X7]
   26   0.03861699 (-0-1j) [Y2 X3 X6 X7]
   27   0.06995728 (-0-1j) [Y0 X1 X4 X5]
   28  -0.07786768 (-0-1j) [Y1 X2 X5 X6]
   29  -0.07588980 (-0-1j) [Y0 X3 X4 X7]
   30   0.05061469 (-0-1j) [Y0 X1 X6 X7]
   31   0.19308014 (-0-1j) [Y2 X3 X4 X5]
 Final ADAPT-VQE energy:  -2.16638745
 <S^2> of final state  :   0.00000000
