 ---------------------------------------------------------
                                                          
                      Using Pyscf:
                                                          
 ---------------------------------------------------------
                                                          
converged SCF energy = -1.31331178622042

System and Method:
[('H', (0, 0, 3.0)), ('H', (0, 0, 6.0)), ('H', (0, 0, 9.0)), ('H', (0, 0, 12.0))]
Basis set                                      :      sto-3g
Number of Orbitals                             :         4
Number of electrons                            :         4
Nuclear Repulsion                              :    0.7643670824 
Electronic SCF energy                          :   -2.0776788687 
SCF Energy                                     :   -1.3133117862
 AO->MO
 NElectrons:    2    2
 ecore:   0.00000000
 ERIs in the active-space:
(4, 4, 4, 4)    0.00204800 Mb
 n_orb:    4
 n_a  :    2
 n_b  :    2
 HF Energy:  -1.31331179
 Build reference state with    2 alpha and    2 beta electrons [0, 2, 1, 3]
 State    0:  -1.86729137 au  <S2>:   0.00000000
 Form Pauli operators
 Number of operators:  328
 Reference Energy:  -1.31331179
 Generate Sparse Matrices for operators in pool
 Start ADAPT-VQE algorithm
 Now start to grow the ansatz




 --------------------------------------------------------------------------
                         ADAPT-VQE iteration:  0
 --------------------------------------------------------------------------
 Check each new operator for coupling
 Measure Operator Pool Gradients:
 Variance:      0.17637448
 Uncertainty:   0.41996961
 Norm of <[H,A]> =   2.37570689
 Max  of <[H,A]> =   0.00000000
 Add operator  280
 Iter:   0 Current Energy =  -1.3897467290921521 Gradient Norm    1.7e-01 Gradient Max    1.7e-01
 Iter:   1 Current Energy =  -1.4075494465629705 Gradient Norm    7.4e-02 Gradient Max    7.4e-02
 Iter:   2 Current Energy =  -1.4115898778083062 Gradient Norm    1.9e-03 Gradient Max    1.9e-03
 Iter:   3 Current Energy =  -1.4115924881884030 Gradient Norm    1.5e-05 Gradient Max    1.5e-05
 Iter:   4 Current Energy =  -1.4115924883447550 Gradient Norm    7.4e-11 Gradient Max    7.4e-11
 Finished:      -1.411592488345
 -----------New ansatz----------- 
    #        Coeff               Term
    0   0.56520034 (-0-1j) [Y2 X3 X6 X7]




 --------------------------------------------------------------------------
                         ADAPT-VQE iteration:  1
 --------------------------------------------------------------------------
 Check each new operator for coupling
 Measure Operator Pool Gradients:
 Variance:      0.17096906
 Uncertainty:   0.41348405
 Norm of <[H,A]> =   2.32749689
 Max  of <[H,A]> =   0.00000000
 Add operator  144
 Iter:   0 Current Energy =  -1.5303625658522237 Gradient Norm    2.7e-01 Gradient Max    2.6e-01
 Iter:   1 Current Energy =  -1.5763892903736294 Gradient Norm    5.6e-01 Gradient Max    5.1e-01
 Iter:   2 Current Energy =  -1.8331919679380930 Gradient Norm    3.3e-01 Gradient Max    2.7e-01
 Iter:   3 Current Energy =  -1.8512684339781154 Gradient Norm    2.0e-01 Gradient Max    1.9e-01
 Iter:   4 Current Energy =  -1.8644954417465966 Gradient Norm    5.7e-02 Gradient Max    5.5e-02
 Iter:   5 Current Energy =  -1.8656442895730247 Gradient Norm    1.9e-03 Gradient Max    1.8e-03
 Iter:   6 Current Energy =  -1.8656454877186919 Gradient Norm    5.6e-05 Gradient Max    5.4e-05
 Iter:   7 Current Energy =  -1.8656454887722740 Gradient Norm    3.6e-08 Gradient Max    3.6e-08
 Iter:   8 Current Energy =  -1.8656454887722744 Gradient Norm    1.4e-10 Gradient Max    1.4e-10
 Iter:   9 Current Energy =  -1.8656454887722762 Gradient Norm    1.5e-16 Gradient Max    1.4e-16
 Finished:      -1.865645488772
 -----------New ansatz----------- 
    #        Coeff               Term
    0   1.57079633 (-0-1j) [Y0 X3 X5 X6]
    1   1.57079633 (-0-1j) [Y2 X3 X6 X7]




 --------------------------------------------------------------------------
                         ADAPT-VQE iteration:  2
 --------------------------------------------------------------------------
 Check each new operator for coupling
 Measure Operator Pool Gradients:
 Variance:     -0.00000000
 Uncertainty:          nan
 Norm of <[H,A]> =   0.00000000
 Max  of <[H,A]> =   0.00000000
 Ansatz Growth Converged!
 Number of operators in ansatz:  2
 *Finished:      -1.865645488772
 -----------Final ansatz----------- 
    #        Coeff               Term
    0   1.57079633 (-0-1j) [Y0 X3 X5 X6]
    1   1.57079633 (-0-1j) [Y2 X3 X6 X7]
 Final ADAPT-VQE energy:  -1.86564549
 <S^2> of final state  :   6.00000000
